Warning: you requested the nanomsg event logger, but bmv2 was compiled without -DBMELOG, and the event logger cannot be activated
Calling target program-options parser
[22:18:56.134] [bmv2] [D] [thread 3566] Set default default entry for table 'MyIngress.ipv4_lpm': MyIngress.drop - 
[22:18:56.134] [bmv2] [D] [thread 3566] Set default default entry for table 'tbl_get_registers_index': MyIngress.get_registers_index - 
[22:18:56.134] [bmv2] [D] [thread 3566] Set default default entry for table 'tbl_main152': main152 - 
[22:18:56.134] [bmv2] [D] [thread 3566] Set default default entry for table 'tbl_elect_attribute': MyIngress.elect_attribute - 
[22:18:56.134] [bmv2] [D] [thread 3566] Set default default entry for table 'MyIngress.broadcast_elected_attr': MyIngress.drop - 
[22:18:56.134] [bmv2] [D] [thread 3566] Set default default entry for table 'tbl_main165': main165 - 
[22:18:56.134] [bmv2] [D] [thread 3566] Set default default entry for table 'tbl_elect_attribute_0': MyIngress.elect_attribute - 
[22:18:56.134] [bmv2] [D] [thread 3566] Set default default entry for table 'tbl_update_table': MyIngress.update_table - 
[22:18:56.134] [bmv2] [D] [thread 3566] Set default default entry for table 'tbl_get_info': MyIngress.get_info - 
[22:18:56.134] [bmv2] [D] [thread 3566] Set default default entry for table 'tbl_elect_attribute_1': MyIngress.elect_attribute - 
[22:18:56.134] [bmv2] [D] [thread 3566] Set default default entry for table 'tbl_elect_attribute_2': MyIngress.elect_attribute - 
[22:18:56.134] [bmv2] [D] [thread 3566] Set default default entry for table 'tbl_elect_attribute_3': MyIngress.elect_attribute - 
[22:18:56.135] [bmv2] [D] [thread 3566] Set default default entry for table 'tbl_elect_promise': MyIngress.elect_promise - 
[22:18:56.135] [bmv2] [D] [thread 3566] Set default default entry for table 'tbl_elect_attribute_4': MyIngress.elect_attribute - 
[22:18:56.135] [bmv2] [D] [thread 3566] Set default default entry for table 'tbl_main203': main203 - 
[22:18:56.135] [bmv2] [D] [thread 3566] Set default default entry for table 'tbl_update_table_0': MyIngress.update_table - 
[22:18:56.135] [bmv2] [D] [thread 3566] Set default default entry for table 'tbl_change_promise': MyIngress.change_promise - 
[22:18:56.135] [bmv2] [D] [thread 3566] Set default default entry for table 'tbl_elect_attribute_5': MyIngress.elect_attribute - 
[22:18:56.135] [bmv2] [D] [thread 3566] Set default default entry for table 'tbl_main217': main217 - 
[22:18:56.135] [bmv2] [D] [thread 3566] Set default default entry for table 'tbl_update_table_1': MyIngress.update_table - 
[22:18:56.135] [bmv2] [D] [thread 3566] Set default default entry for table 'tbl_change_promise_0': MyIngress.change_promise - 
[22:18:56.135] [bmv2] [D] [thread 3566] Set default default entry for table 'tbl_elect_attribute_6': MyIngress.elect_attribute - 
[22:18:56.135] [bmv2] [D] [thread 3566] Set default default entry for table 'tbl_main228': main228 - 
[22:18:56.135] [bmv2] [D] [thread 3566] Set default default entry for table 'tbl_update_table_2': MyIngress.update_table - 
[22:18:56.135] [bmv2] [D] [thread 3566] Set default default entry for table 'tbl_change_promise_1': MyIngress.change_promise - 
[22:18:56.140] [bmv2] [D] [thread 3566] Set default default entry for table 'tbl_main254': main254 - 
[22:18:56.140] [bmv2] [D] [thread 3566] Set default default entry for table 'tbl_main261': main261 - 
[22:18:56.140] [bmv2] [D] [thread 3566] Set default default entry for table 'tbl_main264': main264 - 
[22:18:56.140] [bmv2] [D] [thread 3566] Set default default entry for table 'tbl_main266': main266 - 
Adding interface s3-eth1 as port 1
[22:18:56.150] [bmv2] [D] [thread 3566] Adding interface s3-eth1 as port 1
Adding interface s3-eth2 as port 2
[22:18:56.466] [bmv2] [D] [thread 3566] Adding interface s3-eth2 as port 2
Adding interface s3-eth3 as port 3
[22:18:56.608] [bmv2] [D] [thread 3566] Adding interface s3-eth3 as port 3
Adding interface s3-cpu-eth0 as port 4
[22:18:56.714] [bmv2] [D] [thread 3566] Adding interface s3-cpu-eth0 as port 4
Server listening on 0.0.0.0:9561
[22:18:56.836] [bmv2] [I] [thread 3566] Starting Thrift server on port 9092
[22:18:56.839] [bmv2] [I] [thread 3566] Thrift server was started
[22:18:56.859] [bmv2] [D] [thread 3583] [0.0] [cxt 0] Processing packet received on port 1
[22:18:56.860] [bmv2] [D] [thread 3583] [0.0] [cxt 0] Parser 'parser': start
[22:18:56.860] [bmv2] [D] [thread 3583] [0.0] [cxt 0] Parser 'parser' entering state 'start'
[22:18:56.860] [bmv2] [D] [thread 3583] [0.0] [cxt 0] Extracting header 'ethernet'
[22:18:56.860] [bmv2] [D] [thread 3583] [0.0] [cxt 0] Parser state 'start': key is 86dd
[22:18:56.860] [bmv2] [T] [thread 3583] [0.0] [cxt 0] Bytes parsed: 14
[22:18:56.860] [bmv2] [D] [thread 3583] [0.0] [cxt 0] Parser 'parser': end
[22:18:56.860] [bmv2] [D] [thread 3583] [0.0] [cxt 0] Pipeline 'ingress': start
[22:18:56.860] [bmv2] [T] [thread 3583] [0.0] [cxt 0] /home/p4/Desktop/DDV_protocol/proto_versions/one_attribute/Data_Plane_Impl/clone_version/p4src/main.p4(145) Condition "hdr.ipv4.isValid()" (node_2) is false
[22:18:56.860] [bmv2] [D] [thread 3583] [0.0] [cxt 0] Pipeline 'ingress': end
[22:18:56.860] [bmv2] [D] [thread 3583] [0.0] [cxt 0] Egress port is 0
[22:18:56.863] [bmv2] [D] [thread 3584] [0.0] [cxt 0] Pipeline 'egress': start
[22:18:56.864] [bmv2] [T] [thread 3584] [0.0] [cxt 0] /home/p4/Desktop/DDV_protocol/proto_versions/one_attribute/Data_Plane_Impl/clone_version/p4src/main.p4(253) Condition "standard_metadata.instance_type == 1" (node_54) is false
[22:18:56.864] [bmv2] [D] [thread 3584] [0.0] [cxt 0] Pipeline 'egress': end
[22:18:56.864] [bmv2] [D] [thread 3584] [0.0] [cxt 0] Deparser 'deparser': start
[22:18:56.864] [bmv2] [T] [thread 3584] [0.0] [cxt 0] Skipping checksum 'cksum' update because condition not met
[22:18:56.864] [bmv2] [D] [thread 3584] [0.0] [cxt 0] Deparsing header 'ethernet'
[22:18:56.864] [bmv2] [D] [thread 3584] [0.0] [cxt 0] Deparser 'deparser': end
[22:18:56.869] [bmv2] [D] [thread 3588] [0.0] [cxt 0] Transmitting packet of size 196 out of port 0
[22:18:56.994] [bmv2] [D] [thread 3583] [1.0] [cxt 0] Processing packet received on port 3
[22:18:56.994] [bmv2] [D] [thread 3583] [1.0] [cxt 0] Parser 'parser': start
[22:18:56.994] [bmv2] [D] [thread 3583] [1.0] [cxt 0] Parser 'parser' entering state 'start'
[22:18:56.994] [bmv2] [D] [thread 3583] [1.0] [cxt 0] Extracting header 'ethernet'
[22:18:56.994] [bmv2] [D] [thread 3583] [1.0] [cxt 0] Parser state 'start': key is 86dd
[22:18:56.994] [bmv2] [T] [thread 3583] [1.0] [cxt 0] Bytes parsed: 14
[22:18:56.994] [bmv2] [D] [thread 3583] [1.0] [cxt 0] Parser 'parser': end
[22:18:56.994] [bmv2] [D] [thread 3583] [1.0] [cxt 0] Pipeline 'ingress': start
[22:18:56.994] [bmv2] [T] [thread 3583] [1.0] [cxt 0] /home/p4/Desktop/DDV_protocol/proto_versions/one_attribute/Data_Plane_Impl/clone_version/p4src/main.p4(145) Condition "hdr.ipv4.isValid()" (node_2) is false
[22:18:56.994] [bmv2] [D] [thread 3583] [1.0] [cxt 0] Pipeline 'ingress': end
[22:18:56.994] [bmv2] [D] [thread 3583] [1.0] [cxt 0] Egress port is 0
[22:18:56.995] [bmv2] [D] [thread 3584] [1.0] [cxt 0] Pipeline 'egress': start
[22:18:56.995] [bmv2] [T] [thread 3584] [1.0] [cxt 0] /home/p4/Desktop/DDV_protocol/proto_versions/one_attribute/Data_Plane_Impl/clone_version/p4src/main.p4(253) Condition "standard_metadata.instance_type == 1" (node_54) is false
[22:18:56.995] [bmv2] [D] [thread 3584] [1.0] [cxt 0] Pipeline 'egress': end
[22:18:56.995] [bmv2] [D] [thread 3584] [1.0] [cxt 0] Deparser 'deparser': start
[22:18:56.995] [bmv2] [T] [thread 3584] [1.0] [cxt 0] Skipping checksum 'cksum' update because condition not met
[22:18:56.995] [bmv2] [D] [thread 3584] [1.0] [cxt 0] Deparsing header 'ethernet'
[22:18:56.995] [bmv2] [D] [thread 3584] [1.0] [cxt 0] Deparser 'deparser': end
[22:18:56.995] [bmv2] [D] [thread 3588] [1.0] [cxt 0] Transmitting packet of size 107 out of port 0
[22:18:57.007] [bmv2] [D] [thread 3583] [2.0] [cxt 0] Processing packet received on port 3
[22:18:57.007] [bmv2] [D] [thread 3583] [2.0] [cxt 0] Parser 'parser': start
[22:18:57.007] [bmv2] [D] [thread 3583] [2.0] [cxt 0] Parser 'parser' entering state 'start'
[22:18:57.008] [bmv2] [D] [thread 3583] [2.0] [cxt 0] Extracting header 'ethernet'
[22:18:57.008] [bmv2] [D] [thread 3583] [2.0] [cxt 0] Parser state 'start': key is 86dd
[22:18:57.008] [bmv2] [T] [thread 3583] [2.0] [cxt 0] Bytes parsed: 14
[22:18:57.008] [bmv2] [D] [thread 3583] [2.0] [cxt 0] Parser 'parser': end
[22:18:57.008] [bmv2] [D] [thread 3583] [2.0] [cxt 0] Pipeline 'ingress': start
[22:18:57.008] [bmv2] [T] [thread 3583] [2.0] [cxt 0] /home/p4/Desktop/DDV_protocol/proto_versions/one_attribute/Data_Plane_Impl/clone_version/p4src/main.p4(145) Condition "hdr.ipv4.isValid()" (node_2) is false
[22:18:57.008] [bmv2] [D] [thread 3583] [2.0] [cxt 0] Pipeline 'ingress': end
[22:18:57.008] [bmv2] [D] [thread 3583] [2.0] [cxt 0] Egress port is 0
[22:18:57.008] [bmv2] [D] [thread 3584] [2.0] [cxt 0] Pipeline 'egress': start
[22:18:57.008] [bmv2] [T] [thread 3584] [2.0] [cxt 0] /home/p4/Desktop/DDV_protocol/proto_versions/one_attribute/Data_Plane_Impl/clone_version/p4src/main.p4(253) Condition "standard_metadata.instance_type == 1" (node_54) is false
[22:18:57.008] [bmv2] [D] [thread 3584] [2.0] [cxt 0] Pipeline 'egress': end
[22:18:57.008] [bmv2] [D] [thread 3584] [2.0] [cxt 0] Deparser 'deparser': start
[22:18:57.008] [bmv2] [T] [thread 3584] [2.0] [cxt 0] Skipping checksum 'cksum' update because condition not met
[22:18:57.008] [bmv2] [D] [thread 3584] [2.0] [cxt 0] Deparsing header 'ethernet'
[22:18:57.008] [bmv2] [D] [thread 3584] [2.0] [cxt 0] Deparser 'deparser': end
[22:18:57.008] [bmv2] [D] [thread 3588] [2.0] [cxt 0] Transmitting packet of size 196 out of port 0
[22:18:57.224] [bmv2] [D] [thread 3583] [3.0] [cxt 0] Processing packet received on port 2
[22:18:57.224] [bmv2] [D] [thread 3583] [3.0] [cxt 0] Parser 'parser': start
[22:18:57.224] [bmv2] [D] [thread 3583] [3.0] [cxt 0] Parser 'parser' entering state 'start'
[22:18:57.224] [bmv2] [D] [thread 3583] [3.0] [cxt 0] Extracting header 'ethernet'
[22:18:57.224] [bmv2] [D] [thread 3583] [3.0] [cxt 0] Parser state 'start': key is 86dd
[22:18:57.224] [bmv2] [T] [thread 3583] [3.0] [cxt 0] Bytes parsed: 14
[22:18:57.224] [bmv2] [D] [thread 3583] [3.0] [cxt 0] Parser 'parser': end
[22:18:57.224] [bmv2] [D] [thread 3583] [3.0] [cxt 0] Pipeline 'ingress': start
[22:18:57.224] [bmv2] [T] [thread 3583] [3.0] [cxt 0] /home/p4/Desktop/DDV_protocol/proto_versions/one_attribute/Data_Plane_Impl/clone_version/p4src/main.p4(145) Condition "hdr.ipv4.isValid()" (node_2) is false
[22:18:57.224] [bmv2] [D] [thread 3583] [3.0] [cxt 0] Pipeline 'ingress': end
[22:18:57.224] [bmv2] [D] [thread 3583] [3.0] [cxt 0] Egress port is 0
[22:18:57.225] [bmv2] [D] [thread 3584] [3.0] [cxt 0] Pipeline 'egress': start
[22:18:57.225] [bmv2] [T] [thread 3584] [3.0] [cxt 0] /home/p4/Desktop/DDV_protocol/proto_versions/one_attribute/Data_Plane_Impl/clone_version/p4src/main.p4(253) Condition "standard_metadata.instance_type == 1" (node_54) is false
[22:18:57.225] [bmv2] [D] [thread 3584] [3.0] [cxt 0] Pipeline 'egress': end
[22:18:57.225] [bmv2] [D] [thread 3584] [3.0] [cxt 0] Deparser 'deparser': start
[22:18:57.225] [bmv2] [T] [thread 3584] [3.0] [cxt 0] Skipping checksum 'cksum' update because condition not met
[22:18:57.225] [bmv2] [D] [thread 3584] [3.0] [cxt 0] Deparsing header 'ethernet'
[22:18:57.225] [bmv2] [D] [thread 3584] [3.0] [cxt 0] Deparser 'deparser': end
[22:18:57.225] [bmv2] [D] [thread 3588] [3.0] [cxt 0] Transmitting packet of size 107 out of port 0
[22:18:57.461] [bmv2] [D] [thread 3583] [4.0] [cxt 0] Processing packet received on port 1
[22:18:57.461] [bmv2] [D] [thread 3583] [4.0] [cxt 0] Parser 'parser': start
[22:18:57.461] [bmv2] [D] [thread 3583] [4.0] [cxt 0] Parser 'parser' entering state 'start'
[22:18:57.461] [bmv2] [D] [thread 3583] [4.0] [cxt 0] Extracting header 'ethernet'
[22:18:57.461] [bmv2] [D] [thread 3583] [4.0] [cxt 0] Parser state 'start': key is 86dd
[22:18:57.461] [bmv2] [T] [thread 3583] [4.0] [cxt 0] Bytes parsed: 14
[22:18:57.461] [bmv2] [D] [thread 3583] [4.0] [cxt 0] Parser 'parser': end
[22:18:57.466] [bmv2] [D] [thread 3583] [4.0] [cxt 0] Pipeline 'ingress': start
[22:18:57.466] [bmv2] [T] [thread 3583] [4.0] [cxt 0] /home/p4/Desktop/DDV_protocol/proto_versions/one_attribute/Data_Plane_Impl/clone_version/p4src/main.p4(145) Condition "hdr.ipv4.isValid()" (node_2) is false
[22:18:57.466] [bmv2] [D] [thread 3583] [4.0] [cxt 0] Pipeline 'ingress': end
[22:18:57.466] [bmv2] [D] [thread 3583] [4.0] [cxt 0] Egress port is 0
[22:18:57.467] [bmv2] [D] [thread 3584] [4.0] [cxt 0] Pipeline 'egress': start
[22:18:57.467] [bmv2] [T] [thread 3584] [4.0] [cxt 0] /home/p4/Desktop/DDV_protocol/proto_versions/one_attribute/Data_Plane_Impl/clone_version/p4src/main.p4(253) Condition "standard_metadata.instance_type == 1" (node_54) is false
[22:18:57.467] [bmv2] [D] [thread 3584] [4.0] [cxt 0] Pipeline 'egress': end
[22:18:57.467] [bmv2] [D] [thread 3584] [4.0] [cxt 0] Deparser 'deparser': start
[22:18:57.467] [bmv2] [T] [thread 3584] [4.0] [cxt 0] Skipping checksum 'cksum' update because condition not met
[22:18:57.467] [bmv2] [D] [thread 3584] [4.0] [cxt 0] Deparsing header 'ethernet'
[22:18:57.467] [bmv2] [D] [thread 3584] [4.0] [cxt 0] Deparser 'deparser': end
[22:18:57.467] [bmv2] [D] [thread 3588] [4.0] [cxt 0] Transmitting packet of size 107 out of port 0
[22:18:57.555] [bmv2] [D] [thread 3583] [5.0] [cxt 0] Processing packet received on port 2
[22:18:57.555] [bmv2] [D] [thread 3583] [5.0] [cxt 0] Parser 'parser': start
[22:18:57.555] [bmv2] [D] [thread 3583] [5.0] [cxt 0] Parser 'parser' entering state 'start'
[22:18:57.555] [bmv2] [D] [thread 3583] [5.0] [cxt 0] Extracting header 'ethernet'
[22:18:57.556] [bmv2] [D] [thread 3583] [5.0] [cxt 0] Parser state 'start': key is 86dd
[22:18:57.556] [bmv2] [T] [thread 3583] [5.0] [cxt 0] Bytes parsed: 14
[22:18:57.556] [bmv2] [D] [thread 3583] [5.0] [cxt 0] Parser 'parser': end
[22:18:57.556] [bmv2] [D] [thread 3583] [5.0] [cxt 0] Pipeline 'ingress': start
[22:18:57.556] [bmv2] [T] [thread 3583] [5.0] [cxt 0] /home/p4/Desktop/DDV_protocol/proto_versions/one_attribute/Data_Plane_Impl/clone_version/p4src/main.p4(145) Condition "hdr.ipv4.isValid()" (node_2) is false
[22:18:57.556] [bmv2] [D] [thread 3583] [5.0] [cxt 0] Pipeline 'ingress': end
[22:18:57.556] [bmv2] [D] [thread 3583] [5.0] [cxt 0] Egress port is 0
[22:18:57.556] [bmv2] [D] [thread 3584] [5.0] [cxt 0] Pipeline 'egress': start
[22:18:57.556] [bmv2] [T] [thread 3584] [5.0] [cxt 0] /home/p4/Desktop/DDV_protocol/proto_versions/one_attribute/Data_Plane_Impl/clone_version/p4src/main.p4(253) Condition "standard_metadata.instance_type == 1" (node_54) is false
[22:18:57.556] [bmv2] [D] [thread 3584] [5.0] [cxt 0] Pipeline 'egress': end
[22:18:57.556] [bmv2] [D] [thread 3584] [5.0] [cxt 0] Deparser 'deparser': start
[22:18:57.556] [bmv2] [T] [thread 3584] [5.0] [cxt 0] Skipping checksum 'cksum' update because condition not met
[22:18:57.556] [bmv2] [D] [thread 3584] [5.0] [cxt 0] Deparsing header 'ethernet'
[22:18:57.556] [bmv2] [D] [thread 3584] [5.0] [cxt 0] Deparser 'deparser': end
[22:18:57.559] [bmv2] [D] [thread 3588] [5.0] [cxt 0] Transmitting packet of size 107 out of port 0
[22:18:57.588] [bmv2] [D] [thread 3583] [6.0] [cxt 0] Processing packet received on port 4
[22:18:57.588] [bmv2] [D] [thread 3583] [6.0] [cxt 0] Parser 'parser': start
[22:18:57.588] [bmv2] [D] [thread 3583] [6.0] [cxt 0] Parser 'parser' entering state 'start'
[22:18:57.588] [bmv2] [D] [thread 3583] [6.0] [cxt 0] Extracting header 'ethernet'
[22:18:57.588] [bmv2] [D] [thread 3583] [6.0] [cxt 0] Parser state 'start': key is 86dd
[22:18:57.588] [bmv2] [T] [thread 3583] [6.0] [cxt 0] Bytes parsed: 14
[22:18:57.588] [bmv2] [D] [thread 3583] [6.0] [cxt 0] Parser 'parser': end
[22:18:57.588] [bmv2] [D] [thread 3583] [6.0] [cxt 0] Pipeline 'ingress': start
[22:18:57.588] [bmv2] [T] [thread 3583] [6.0] [cxt 0] /home/p4/Desktop/DDV_protocol/proto_versions/one_attribute/Data_Plane_Impl/clone_version/p4src/main.p4(145) Condition "hdr.ipv4.isValid()" (node_2) is false
[22:18:57.605] [bmv2] [D] [thread 3583] [6.0] [cxt 0] Pipeline 'ingress': end
[22:18:57.605] [bmv2] [D] [thread 3583] [6.0] [cxt 0] Egress port is 0
[22:18:57.606] [bmv2] [D] [thread 3584] [6.0] [cxt 0] Pipeline 'egress': start
[22:18:57.606] [bmv2] [T] [thread 3584] [6.0] [cxt 0] /home/p4/Desktop/DDV_protocol/proto_versions/one_attribute/Data_Plane_Impl/clone_version/p4src/main.p4(253) Condition "standard_metadata.instance_type == 1" (node_54) is false
[22:18:57.606] [bmv2] [D] [thread 3584] [6.0] [cxt 0] Pipeline 'egress': end
[22:18:57.606] [bmv2] [D] [thread 3584] [6.0] [cxt 0] Deparser 'deparser': start
[22:18:57.606] [bmv2] [T] [thread 3584] [6.0] [cxt 0] Skipping checksum 'cksum' update because condition not met
[22:18:57.606] [bmv2] [D] [thread 3584] [6.0] [cxt 0] Deparsing header 'ethernet'
[22:18:57.606] [bmv2] [D] [thread 3584] [6.0] [cxt 0] Deparser 'deparser': end
[22:18:57.606] [bmv2] [D] [thread 3588] [6.0] [cxt 0] Transmitting packet of size 107 out of port 0
[22:18:57.878] [bmv2] [D] [thread 3583] [7.0] [cxt 0] Processing packet received on port 3
[22:18:57.878] [bmv2] [D] [thread 3583] [7.0] [cxt 0] Parser 'parser': start
[22:18:57.878] [bmv2] [D] [thread 3583] [7.0] [cxt 0] Parser 'parser' entering state 'start'
[22:18:57.878] [bmv2] [D] [thread 3583] [7.0] [cxt 0] Extracting header 'ethernet'
[22:18:57.878] [bmv2] [D] [thread 3583] [7.0] [cxt 0] Parser state 'start': key is 86dd
[22:18:57.878] [bmv2] [T] [thread 3583] [7.0] [cxt 0] Bytes parsed: 14
[22:18:57.878] [bmv2] [D] [thread 3583] [7.0] [cxt 0] Parser 'parser': end
[22:18:57.878] [bmv2] [D] [thread 3583] [7.0] [cxt 0] Pipeline 'ingress': start
[22:18:57.878] [bmv2] [T] [thread 3583] [7.0] [cxt 0] /home/p4/Desktop/DDV_protocol/proto_versions/one_attribute/Data_Plane_Impl/clone_version/p4src/main.p4(145) Condition "hdr.ipv4.isValid()" (node_2) is false
[22:18:57.879] [bmv2] [D] [thread 3583] [7.0] [cxt 0] Pipeline 'ingress': end
[22:18:57.879] [bmv2] [D] [thread 3583] [7.0] [cxt 0] Egress port is 0
[22:18:57.879] [bmv2] [D] [thread 3584] [7.0] [cxt 0] Pipeline 'egress': start
[22:18:57.879] [bmv2] [T] [thread 3584] [7.0] [cxt 0] /home/p4/Desktop/DDV_protocol/proto_versions/one_attribute/Data_Plane_Impl/clone_version/p4src/main.p4(253) Condition "standard_metadata.instance_type == 1" (node_54) is false
[22:18:57.879] [bmv2] [D] [thread 3584] [7.0] [cxt 0] Pipeline 'egress': end
[22:18:57.879] [bmv2] [D] [thread 3584] [7.0] [cxt 0] Deparser 'deparser': start
[22:18:57.879] [bmv2] [T] [thread 3584] [7.0] [cxt 0] Skipping checksum 'cksum' update because condition not met
[22:18:57.879] [bmv2] [D] [thread 3584] [7.0] [cxt 0] Deparsing header 'ethernet'
[22:18:57.879] [bmv2] [D] [thread 3584] [7.0] [cxt 0] Deparser 'deparser': end
[22:18:57.879] [bmv2] [D] [thread 3588] [7.0] [cxt 0] Transmitting packet of size 70 out of port 0
[22:18:57.981] [bmv2] [D] [thread 3583] [8.0] [cxt 0] Processing packet received on port 3
[22:18:57.981] [bmv2] [D] [thread 3583] [8.0] [cxt 0] Parser 'parser': start
[22:18:57.981] [bmv2] [D] [thread 3583] [8.0] [cxt 0] Parser 'parser' entering state 'start'
[22:18:57.981] [bmv2] [D] [thread 3583] [8.0] [cxt 0] Extracting header 'ethernet'
[22:18:57.981] [bmv2] [D] [thread 3583] [8.0] [cxt 0] Parser state 'start': key is 86dd
[22:18:57.981] [bmv2] [T] [thread 3583] [8.0] [cxt 0] Bytes parsed: 14
[22:18:57.981] [bmv2] [D] [thread 3583] [8.0] [cxt 0] Parser 'parser': end
[22:18:57.981] [bmv2] [D] [thread 3583] [8.0] [cxt 0] Pipeline 'ingress': start
[22:18:57.981] [bmv2] [T] [thread 3583] [8.0] [cxt 0] /home/p4/Desktop/DDV_protocol/proto_versions/one_attribute/Data_Plane_Impl/clone_version/p4src/main.p4(145) Condition "hdr.ipv4.isValid()" (node_2) is false
[22:18:57.981] [bmv2] [D] [thread 3583] [8.0] [cxt 0] Pipeline 'ingress': end
[22:18:57.981] [bmv2] [D] [thread 3583] [8.0] [cxt 0] Egress port is 0
[22:18:57.981] [bmv2] [D] [thread 3584] [8.0] [cxt 0] Pipeline 'egress': start
[22:18:57.981] [bmv2] [T] [thread 3584] [8.0] [cxt 0] /home/p4/Desktop/DDV_protocol/proto_versions/one_attribute/Data_Plane_Impl/clone_version/p4src/main.p4(253) Condition "standard_metadata.instance_type == 1" (node_54) is false
[22:18:57.981] [bmv2] [D] [thread 3584] [8.0] [cxt 0] Pipeline 'egress': end
[22:18:57.981] [bmv2] [D] [thread 3584] [8.0] [cxt 0] Deparser 'deparser': start
[22:18:57.981] [bmv2] [T] [thread 3584] [8.0] [cxt 0] Skipping checksum 'cksum' update because condition not met
[22:18:57.981] [bmv2] [D] [thread 3584] [8.0] [cxt 0] Deparsing header 'ethernet'
[22:18:57.981] [bmv2] [D] [thread 3584] [8.0] [cxt 0] Deparser 'deparser': end
[22:18:57.982] [bmv2] [D] [thread 3588] [8.0] [cxt 0] Transmitting packet of size 107 out of port 0
[22:18:58.110] [bmv2] [D] [thread 3583] [9.0] [cxt 0] Processing packet received on port 1
[22:18:58.110] [bmv2] [D] [thread 3583] [9.0] [cxt 0] Parser 'parser': start
[22:18:58.110] [bmv2] [D] [thread 3583] [9.0] [cxt 0] Parser 'parser' entering state 'start'
[22:18:58.110] [bmv2] [D] [thread 3583] [9.0] [cxt 0] Extracting header 'ethernet'
[22:18:58.110] [bmv2] [D] [thread 3583] [9.0] [cxt 0] Parser state 'start': key is 86dd
[22:18:58.110] [bmv2] [T] [thread 3583] [9.0] [cxt 0] Bytes parsed: 14
[22:18:58.110] [bmv2] [D] [thread 3583] [9.0] [cxt 0] Parser 'parser': end
[22:18:58.110] [bmv2] [D] [thread 3583] [9.0] [cxt 0] Pipeline 'ingress': start
[22:18:58.110] [bmv2] [T] [thread 3583] [9.0] [cxt 0] /home/p4/Desktop/DDV_protocol/proto_versions/one_attribute/Data_Plane_Impl/clone_version/p4src/main.p4(145) Condition "hdr.ipv4.isValid()" (node_2) is false
[22:18:58.110] [bmv2] [D] [thread 3583] [9.0] [cxt 0] Pipeline 'ingress': end
[22:18:58.110] [bmv2] [D] [thread 3583] [9.0] [cxt 0] Egress port is 0
[22:18:58.110] [bmv2] [D] [thread 3584] [9.0] [cxt 0] Pipeline 'egress': start
[22:18:58.110] [bmv2] [T] [thread 3584] [9.0] [cxt 0] /home/p4/Desktop/DDV_protocol/proto_versions/one_attribute/Data_Plane_Impl/clone_version/p4src/main.p4(253) Condition "standard_metadata.instance_type == 1" (node_54) is false
[22:18:58.110] [bmv2] [D] [thread 3584] [9.0] [cxt 0] Pipeline 'egress': end
[22:18:58.110] [bmv2] [D] [thread 3584] [9.0] [cxt 0] Deparser 'deparser': start
[22:18:58.110] [bmv2] [T] [thread 3584] [9.0] [cxt 0] Skipping checksum 'cksum' update because condition not met
[22:18:58.110] [bmv2] [D] [thread 3584] [9.0] [cxt 0] Deparsing header 'ethernet'
[22:18:58.110] [bmv2] [D] [thread 3584] [9.0] [cxt 0] Deparser 'deparser': end
[22:18:58.111] [bmv2] [D] [thread 3588] [9.0] [cxt 0] Transmitting packet of size 70 out of port 0
[22:18:58.116] [bmv2] [D] [thread 3583] [10.0] [cxt 0] Processing packet received on port 2
[22:18:58.116] [bmv2] [D] [thread 3583] [10.0] [cxt 0] Parser 'parser': start
[22:18:58.116] [bmv2] [D] [thread 3583] [10.0] [cxt 0] Parser 'parser' entering state 'start'
[22:18:58.116] [bmv2] [D] [thread 3583] [10.0] [cxt 0] Extracting header 'ethernet'
[22:18:58.116] [bmv2] [D] [thread 3583] [10.0] [cxt 0] Parser state 'start': key is 86dd
[22:18:58.116] [bmv2] [T] [thread 3583] [10.0] [cxt 0] Bytes parsed: 14
[22:18:58.116] [bmv2] [D] [thread 3583] [10.0] [cxt 0] Parser 'parser': end
[22:18:58.116] [bmv2] [D] [thread 3583] [10.0] [cxt 0] Pipeline 'ingress': start
[22:18:58.116] [bmv2] [T] [thread 3583] [10.0] [cxt 0] /home/p4/Desktop/DDV_protocol/proto_versions/one_attribute/Data_Plane_Impl/clone_version/p4src/main.p4(145) Condition "hdr.ipv4.isValid()" (node_2) is false
[22:18:58.116] [bmv2] [D] [thread 3583] [10.0] [cxt 0] Pipeline 'ingress': end
[22:18:58.116] [bmv2] [D] [thread 3583] [10.0] [cxt 0] Egress port is 0
[22:18:58.116] [bmv2] [D] [thread 3583] [11.0] [cxt 0] Processing packet received on port 2
[22:18:58.116] [bmv2] [D] [thread 3583] [11.0] [cxt 0] Parser 'parser': start
[22:18:58.116] [bmv2] [D] [thread 3583] [11.0] [cxt 0] Parser 'parser' entering state 'start'
[22:18:58.116] [bmv2] [D] [thread 3583] [11.0] [cxt 0] Extracting header 'ethernet'
[22:18:58.116] [bmv2] [D] [thread 3583] [11.0] [cxt 0] Parser state 'start': key is 86dd
[22:18:58.116] [bmv2] [T] [thread 3583] [11.0] [cxt 0] Bytes parsed: 14
[22:18:58.116] [bmv2] [D] [thread 3583] [11.0] [cxt 0] Parser 'parser': end
[22:18:58.116] [bmv2] [D] [thread 3583] [11.0] [cxt 0] Pipeline 'ingress': start
[22:18:58.116] [bmv2] [T] [thread 3583] [11.0] [cxt 0] /home/p4/Desktop/DDV_protocol/proto_versions/one_attribute/Data_Plane_Impl/clone_version/p4src/main.p4(145) Condition "hdr.ipv4.isValid()" (node_2) is false
[22:18:58.116] [bmv2] [D] [thread 3583] [11.0] [cxt 0] Pipeline 'ingress': end
[22:18:58.116] [bmv2] [D] [thread 3583] [11.0] [cxt 0] Egress port is 0
[22:18:58.116] [bmv2] [D] [thread 3584] [10.0] [cxt 0] Pipeline 'egress': start
[22:18:58.116] [bmv2] [T] [thread 3584] [10.0] [cxt 0] /home/p4/Desktop/DDV_protocol/proto_versions/one_attribute/Data_Plane_Impl/clone_version/p4src/main.p4(253) Condition "standard_metadata.instance_type == 1" (node_54) is false
[22:18:58.116] [bmv2] [D] [thread 3584] [10.0] [cxt 0] Pipeline 'egress': end
[22:18:58.116] [bmv2] [D] [thread 3584] [10.0] [cxt 0] Deparser 'deparser': start
[22:18:58.116] [bmv2] [T] [thread 3584] [10.0] [cxt 0] Skipping checksum 'cksum' update because condition not met
[22:18:58.116] [bmv2] [D] [thread 3584] [10.0] [cxt 0] Deparsing header 'ethernet'
[22:18:58.116] [bmv2] [D] [thread 3584] [10.0] [cxt 0] Deparser 'deparser': end
[22:18:58.116] [bmv2] [D] [thread 3584] [11.0] [cxt 0] Pipeline 'egress': start
[22:18:58.116] [bmv2] [T] [thread 3584] [11.0] [cxt 0] /home/p4/Desktop/DDV_protocol/proto_versions/one_attribute/Data_Plane_Impl/clone_version/p4src/main.p4(253) Condition "standard_metadata.instance_type == 1" (node_54) is false
[22:18:58.116] [bmv2] [D] [thread 3584] [11.0] [cxt 0] Pipeline 'egress': end
[22:18:58.116] [bmv2] [D] [thread 3584] [11.0] [cxt 0] Deparser 'deparser': start
[22:18:58.116] [bmv2] [T] [thread 3584] [11.0] [cxt 0] Skipping checksum 'cksum' update because condition not met
[22:18:58.116] [bmv2] [D] [thread 3584] [11.0] [cxt 0] Deparsing header 'ethernet'
[22:18:58.116] [bmv2] [D] [thread 3584] [11.0] [cxt 0] Deparser 'deparser': end
[22:18:58.116] [bmv2] [D] [thread 3588] [10.0] [cxt 0] Transmitting packet of size 70 out of port 0
[22:18:58.116] [bmv2] [D] [thread 3588] [11.0] [cxt 0] Transmitting packet of size 70 out of port 0
[22:18:58.275] [bmv2] [D] [thread 3583] [12.0] [cxt 0] Processing packet received on port 3
[22:18:58.275] [bmv2] [D] [thread 3583] [12.0] [cxt 0] Parser 'parser': start
[22:18:58.275] [bmv2] [D] [thread 3583] [12.0] [cxt 0] Parser 'parser' entering state 'start'
[22:18:58.275] [bmv2] [D] [thread 3583] [12.0] [cxt 0] Extracting header 'ethernet'
[22:18:58.275] [bmv2] [D] [thread 3583] [12.0] [cxt 0] Parser state 'start': key is 86dd
[22:18:58.275] [bmv2] [T] [thread 3583] [12.0] [cxt 0] Bytes parsed: 14
[22:18:58.275] [bmv2] [D] [thread 3583] [12.0] [cxt 0] Parser 'parser': end
[22:18:58.275] [bmv2] [D] [thread 3583] [12.0] [cxt 0] Pipeline 'ingress': start
[22:18:58.275] [bmv2] [T] [thread 3583] [12.0] [cxt 0] /home/p4/Desktop/DDV_protocol/proto_versions/one_attribute/Data_Plane_Impl/clone_version/p4src/main.p4(145) Condition "hdr.ipv4.isValid()" (node_2) is false
[22:18:58.275] [bmv2] [D] [thread 3583] [12.0] [cxt 0] Pipeline 'ingress': end
[22:18:58.275] [bmv2] [D] [thread 3583] [12.0] [cxt 0] Egress port is 0
[22:18:58.275] [bmv2] [D] [thread 3584] [12.0] [cxt 0] Pipeline 'egress': start
[22:18:58.275] [bmv2] [T] [thread 3584] [12.0] [cxt 0] /home/p4/Desktop/DDV_protocol/proto_versions/one_attribute/Data_Plane_Impl/clone_version/p4src/main.p4(253) Condition "standard_metadata.instance_type == 1" (node_54) is false
[22:18:58.275] [bmv2] [D] [thread 3584] [12.0] [cxt 0] Pipeline 'egress': end
[22:18:58.275] [bmv2] [D] [thread 3584] [12.0] [cxt 0] Deparser 'deparser': start
[22:18:58.275] [bmv2] [T] [thread 3584] [12.0] [cxt 0] Skipping checksum 'cksum' update because condition not met
[22:18:58.275] [bmv2] [D] [thread 3584] [12.0] [cxt 0] Deparsing header 'ethernet'
[22:18:58.275] [bmv2] [D] [thread 3584] [12.0] [cxt 0] Deparser 'deparser': end
[22:18:58.275] [bmv2] [D] [thread 3588] [12.0] [cxt 0] Transmitting packet of size 196 out of port 0
open: No such file or directory
open: No such file or directory
open: No such file or directory
open: No such file or directory
open: No such file or directory
open: No such file or directory
open: No such file or directory
