Warning: you requested the nanomsg event logger, but bmv2 was compiled without -DBMELOG, and the event logger cannot be activated
Calling target program-options parser
[22:18:55.233] [bmv2] [D] [thread 3545] Set default default entry for table 'MyIngress.ipv4_lpm': MyIngress.drop - 
[22:18:55.234] [bmv2] [D] [thread 3545] Set default default entry for table 'tbl_get_registers_index': MyIngress.get_registers_index - 
[22:18:55.234] [bmv2] [D] [thread 3545] Set default default entry for table 'tbl_main152': main152 - 
[22:18:55.234] [bmv2] [D] [thread 3545] Set default default entry for table 'tbl_elect_attribute': MyIngress.elect_attribute - 
[22:18:55.234] [bmv2] [D] [thread 3545] Set default default entry for table 'MyIngress.broadcast_elected_attr': MyIngress.drop - 
[22:18:55.234] [bmv2] [D] [thread 3545] Set default default entry for table 'tbl_main165': main165 - 
[22:18:55.234] [bmv2] [D] [thread 3545] Set default default entry for table 'tbl_elect_attribute_0': MyIngress.elect_attribute - 
[22:18:55.234] [bmv2] [D] [thread 3545] Set default default entry for table 'tbl_update_table': MyIngress.update_table - 
[22:18:55.234] [bmv2] [D] [thread 3545] Set default default entry for table 'tbl_get_info': MyIngress.get_info - 
[22:18:55.234] [bmv2] [D] [thread 3545] Set default default entry for table 'tbl_elect_attribute_1': MyIngress.elect_attribute - 
[22:18:55.234] [bmv2] [D] [thread 3545] Set default default entry for table 'tbl_elect_attribute_2': MyIngress.elect_attribute - 
[22:18:55.234] [bmv2] [D] [thread 3545] Set default default entry for table 'tbl_elect_attribute_3': MyIngress.elect_attribute - 
[22:18:55.234] [bmv2] [D] [thread 3545] Set default default entry for table 'tbl_elect_promise': MyIngress.elect_promise - 
[22:18:55.234] [bmv2] [D] [thread 3545] Set default default entry for table 'tbl_elect_attribute_4': MyIngress.elect_attribute - 
[22:18:55.234] [bmv2] [D] [thread 3545] Set default default entry for table 'tbl_main203': main203 - 
[22:18:55.234] [bmv2] [D] [thread 3545] Set default default entry for table 'tbl_update_table_0': MyIngress.update_table - 
[22:18:55.234] [bmv2] [D] [thread 3545] Set default default entry for table 'tbl_change_promise': MyIngress.change_promise - 
[22:18:55.234] [bmv2] [D] [thread 3545] Set default default entry for table 'tbl_elect_attribute_5': MyIngress.elect_attribute - 
[22:18:55.234] [bmv2] [D] [thread 3545] Set default default entry for table 'tbl_main217': main217 - 
[22:18:55.234] [bmv2] [D] [thread 3545] Set default default entry for table 'tbl_update_table_1': MyIngress.update_table - 
[22:18:55.234] [bmv2] [D] [thread 3545] Set default default entry for table 'tbl_change_promise_0': MyIngress.change_promise - 
[22:18:55.234] [bmv2] [D] [thread 3545] Set default default entry for table 'tbl_elect_attribute_6': MyIngress.elect_attribute - 
[22:18:55.234] [bmv2] [D] [thread 3545] Set default default entry for table 'tbl_main228': main228 - 
[22:18:55.235] [bmv2] [D] [thread 3545] Set default default entry for table 'tbl_update_table_2': MyIngress.update_table - 
[22:18:55.235] [bmv2] [D] [thread 3545] Set default default entry for table 'tbl_change_promise_1': MyIngress.change_promise - 
[22:18:55.243] [bmv2] [D] [thread 3545] Set default default entry for table 'tbl_main254': main254 - 
[22:18:55.243] [bmv2] [D] [thread 3545] Set default default entry for table 'tbl_main261': main261 - 
[22:18:55.243] [bmv2] [D] [thread 3545] Set default default entry for table 'tbl_main264': main264 - 
[22:18:55.243] [bmv2] [D] [thread 3545] Set default default entry for table 'tbl_main266': main266 - 
Adding interface s2-eth1 as port 1
[22:18:55.253] [bmv2] [D] [thread 3545] Adding interface s2-eth1 as port 1
Adding interface s2-eth2 as port 2
[22:18:55.482] [bmv2] [D] [thread 3545] Adding interface s2-eth2 as port 2
Adding interface s2-eth3 as port 3
[22:18:55.769] [bmv2] [D] [thread 3545] Adding interface s2-eth3 as port 3
Adding interface s2-cpu-eth0 as port 4
[22:18:55.858] [bmv2] [D] [thread 3545] Adding interface s2-cpu-eth0 as port 4
Server listening on 0.0.0.0:9560
[22:18:55.963] [bmv2] [I] [thread 3545] Starting Thrift server on port 9091
[22:18:55.972] [bmv2] [I] [thread 3545] Thrift server was started
[22:18:56.096] [bmv2] [D] [thread 3559] [0.0] [cxt 0] Processing packet received on port 3
[22:18:56.096] [bmv2] [D] [thread 3559] [0.0] [cxt 0] Parser 'parser': start
[22:18:56.096] [bmv2] [D] [thread 3559] [0.0] [cxt 0] Parser 'parser' entering state 'start'
[22:18:56.096] [bmv2] [D] [thread 3559] [0.0] [cxt 0] Extracting header 'ethernet'
[22:18:56.096] [bmv2] [D] [thread 3559] [0.0] [cxt 0] Parser state 'start': key is 86dd
[22:18:56.096] [bmv2] [T] [thread 3559] [0.0] [cxt 0] Bytes parsed: 14
[22:18:56.096] [bmv2] [D] [thread 3559] [0.0] [cxt 0] Parser 'parser': end
[22:18:56.096] [bmv2] [D] [thread 3559] [0.0] [cxt 0] Pipeline 'ingress': start
[22:18:56.096] [bmv2] [T] [thread 3559] [0.0] [cxt 0] /home/p4/Desktop/DDV_protocol/proto_versions/one_attribute/Data_Plane_Impl/clone_version/p4src/main.p4(145) Condition "hdr.ipv4.isValid()" (node_2) is false
[22:18:56.096] [bmv2] [D] [thread 3559] [0.0] [cxt 0] Pipeline 'ingress': end
[22:18:56.096] [bmv2] [D] [thread 3559] [0.0] [cxt 0] Egress port is 0
[22:18:56.097] [bmv2] [D] [thread 3560] [0.0] [cxt 0] Pipeline 'egress': start
[22:18:56.097] [bmv2] [T] [thread 3560] [0.0] [cxt 0] /home/p4/Desktop/DDV_protocol/proto_versions/one_attribute/Data_Plane_Impl/clone_version/p4src/main.p4(253) Condition "standard_metadata.instance_type == 1" (node_54) is false
[22:18:56.097] [bmv2] [D] [thread 3560] [0.0] [cxt 0] Pipeline 'egress': end
[22:18:56.097] [bmv2] [D] [thread 3560] [0.0] [cxt 0] Deparser 'deparser': start
[22:18:56.097] [bmv2] [T] [thread 3560] [0.0] [cxt 0] Skipping checksum 'cksum' update because condition not met
[22:18:56.097] [bmv2] [D] [thread 3560] [0.0] [cxt 0] Deparsing header 'ethernet'
[22:18:56.097] [bmv2] [D] [thread 3560] [0.0] [cxt 0] Deparser 'deparser': end
[22:18:56.098] [bmv2] [D] [thread 3564] [0.0] [cxt 0] Transmitting packet of size 196 out of port 0
[22:18:56.099] [bmv2] [D] [thread 3559] [1.0] [cxt 0] Processing packet received on port 4
[22:18:56.099] [bmv2] [D] [thread 3559] [1.0] [cxt 0] Parser 'parser': start
[22:18:56.099] [bmv2] [D] [thread 3559] [1.0] [cxt 0] Parser 'parser' entering state 'start'
[22:18:56.099] [bmv2] [D] [thread 3559] [1.0] [cxt 0] Extracting header 'ethernet'
[22:18:56.099] [bmv2] [D] [thread 3559] [1.0] [cxt 0] Parser state 'start': key is 86dd
[22:18:56.099] [bmv2] [T] [thread 3559] [1.0] [cxt 0] Bytes parsed: 14
[22:18:56.099] [bmv2] [D] [thread 3559] [1.0] [cxt 0] Parser 'parser': end
[22:18:56.099] [bmv2] [D] [thread 3559] [1.0] [cxt 0] Pipeline 'ingress': start
[22:18:56.099] [bmv2] [T] [thread 3559] [1.0] [cxt 0] /home/p4/Desktop/DDV_protocol/proto_versions/one_attribute/Data_Plane_Impl/clone_version/p4src/main.p4(145) Condition "hdr.ipv4.isValid()" (node_2) is false
[22:18:56.099] [bmv2] [D] [thread 3559] [1.0] [cxt 0] Pipeline 'ingress': end
[22:18:56.099] [bmv2] [D] [thread 3559] [1.0] [cxt 0] Egress port is 0
[22:18:56.099] [bmv2] [D] [thread 3560] [1.0] [cxt 0] Pipeline 'egress': start
[22:18:56.099] [bmv2] [T] [thread 3560] [1.0] [cxt 0] /home/p4/Desktop/DDV_protocol/proto_versions/one_attribute/Data_Plane_Impl/clone_version/p4src/main.p4(253) Condition "standard_metadata.instance_type == 1" (node_54) is false
[22:18:56.099] [bmv2] [D] [thread 3560] [1.0] [cxt 0] Pipeline 'egress': end
[22:18:56.099] [bmv2] [D] [thread 3560] [1.0] [cxt 0] Deparser 'deparser': start
[22:18:56.099] [bmv2] [T] [thread 3560] [1.0] [cxt 0] Skipping checksum 'cksum' update because condition not met
[22:18:56.099] [bmv2] [D] [thread 3560] [1.0] [cxt 0] Deparsing header 'ethernet'
[22:18:56.100] [bmv2] [D] [thread 3560] [1.0] [cxt 0] Deparser 'deparser': end
[22:18:56.100] [bmv2] [D] [thread 3564] [1.0] [cxt 0] Transmitting packet of size 196 out of port 0
[22:18:56.212] [bmv2] [D] [thread 3559] [2.0] [cxt 0] Processing packet received on port 4
[22:18:56.212] [bmv2] [D] [thread 3559] [2.0] [cxt 0] Parser 'parser': start
[22:18:56.212] [bmv2] [D] [thread 3559] [2.0] [cxt 0] Parser 'parser' entering state 'start'
[22:18:56.212] [bmv2] [D] [thread 3559] [2.0] [cxt 0] Extracting header 'ethernet'
[22:18:56.212] [bmv2] [D] [thread 3559] [2.0] [cxt 0] Parser state 'start': key is 86dd
[22:18:56.212] [bmv2] [T] [thread 3559] [2.0] [cxt 0] Bytes parsed: 14
[22:18:56.212] [bmv2] [D] [thread 3559] [2.0] [cxt 0] Parser 'parser': end
[22:18:56.212] [bmv2] [D] [thread 3559] [2.0] [cxt 0] Pipeline 'ingress': start
[22:18:56.212] [bmv2] [T] [thread 3559] [2.0] [cxt 0] /home/p4/Desktop/DDV_protocol/proto_versions/one_attribute/Data_Plane_Impl/clone_version/p4src/main.p4(145) Condition "hdr.ipv4.isValid()" (node_2) is false
[22:18:56.212] [bmv2] [D] [thread 3559] [2.0] [cxt 0] Pipeline 'ingress': end
[22:18:56.212] [bmv2] [D] [thread 3559] [2.0] [cxt 0] Egress port is 0
[22:18:56.212] [bmv2] [D] [thread 3560] [2.0] [cxt 0] Pipeline 'egress': start
[22:18:56.212] [bmv2] [T] [thread 3560] [2.0] [cxt 0] /home/p4/Desktop/DDV_protocol/proto_versions/one_attribute/Data_Plane_Impl/clone_version/p4src/main.p4(253) Condition "standard_metadata.instance_type == 1" (node_54) is false
[22:18:56.212] [bmv2] [D] [thread 3560] [2.0] [cxt 0] Pipeline 'egress': end
[22:18:56.212] [bmv2] [D] [thread 3560] [2.0] [cxt 0] Deparser 'deparser': start
[22:18:56.212] [bmv2] [T] [thread 3560] [2.0] [cxt 0] Skipping checksum 'cksum' update because condition not met
[22:18:56.212] [bmv2] [D] [thread 3560] [2.0] [cxt 0] Deparsing header 'ethernet'
[22:18:56.212] [bmv2] [D] [thread 3560] [2.0] [cxt 0] Deparser 'deparser': end
[22:18:56.213] [bmv2] [D] [thread 3564] [2.0] [cxt 0] Transmitting packet of size 196 out of port 0
[22:18:56.278] [bmv2] [D] [thread 3559] [3.0] [cxt 0] Processing packet received on port 1
[22:18:56.278] [bmv2] [D] [thread 3559] [3.0] [cxt 0] Parser 'parser': start
[22:18:56.278] [bmv2] [D] [thread 3559] [3.0] [cxt 0] Parser 'parser' entering state 'start'
[22:18:56.278] [bmv2] [D] [thread 3559] [3.0] [cxt 0] Extracting header 'ethernet'
[22:18:56.278] [bmv2] [D] [thread 3559] [3.0] [cxt 0] Parser state 'start': key is 86dd
[22:18:56.278] [bmv2] [T] [thread 3559] [3.0] [cxt 0] Bytes parsed: 14
[22:18:56.278] [bmv2] [D] [thread 3559] [3.0] [cxt 0] Parser 'parser': end
[22:18:56.278] [bmv2] [D] [thread 3559] [3.0] [cxt 0] Pipeline 'ingress': start
[22:18:56.278] [bmv2] [T] [thread 3559] [3.0] [cxt 0] /home/p4/Desktop/DDV_protocol/proto_versions/one_attribute/Data_Plane_Impl/clone_version/p4src/main.p4(145) Condition "hdr.ipv4.isValid()" (node_2) is false
[22:18:56.278] [bmv2] [D] [thread 3559] [3.0] [cxt 0] Pipeline 'ingress': end
[22:18:56.278] [bmv2] [D] [thread 3559] [3.0] [cxt 0] Egress port is 0
[22:18:56.279] [bmv2] [D] [thread 3560] [3.0] [cxt 0] Pipeline 'egress': start
[22:18:56.279] [bmv2] [T] [thread 3560] [3.0] [cxt 0] /home/p4/Desktop/DDV_protocol/proto_versions/one_attribute/Data_Plane_Impl/clone_version/p4src/main.p4(253) Condition "standard_metadata.instance_type == 1" (node_54) is false
[22:18:56.279] [bmv2] [D] [thread 3560] [3.0] [cxt 0] Pipeline 'egress': end
[22:18:56.279] [bmv2] [D] [thread 3560] [3.0] [cxt 0] Deparser 'deparser': start
[22:18:56.279] [bmv2] [T] [thread 3560] [3.0] [cxt 0] Skipping checksum 'cksum' update because condition not met
[22:18:56.279] [bmv2] [D] [thread 3560] [3.0] [cxt 0] Deparsing header 'ethernet'
[22:18:56.279] [bmv2] [D] [thread 3560] [3.0] [cxt 0] Deparser 'deparser': end
[22:18:56.283] [bmv2] [D] [thread 3564] [3.0] [cxt 0] Transmitting packet of size 196 out of port 0
[22:18:56.335] [bmv2] [D] [thread 3559] [4.0] [cxt 0] Processing packet received on port 2
[22:18:56.335] [bmv2] [D] [thread 3559] [4.0] [cxt 0] Parser 'parser': start
[22:18:56.335] [bmv2] [D] [thread 3559] [4.0] [cxt 0] Parser 'parser' entering state 'start'
[22:18:56.335] [bmv2] [D] [thread 3559] [4.0] [cxt 0] Extracting header 'ethernet'
[22:18:56.335] [bmv2] [D] [thread 3559] [4.0] [cxt 0] Parser state 'start': key is 86dd
[22:18:56.335] [bmv2] [T] [thread 3559] [4.0] [cxt 0] Bytes parsed: 14
[22:18:56.335] [bmv2] [D] [thread 3559] [4.0] [cxt 0] Parser 'parser': end
[22:18:56.335] [bmv2] [D] [thread 3559] [4.0] [cxt 0] Pipeline 'ingress': start
[22:18:56.336] [bmv2] [T] [thread 3559] [4.0] [cxt 0] /home/p4/Desktop/DDV_protocol/proto_versions/one_attribute/Data_Plane_Impl/clone_version/p4src/main.p4(145) Condition "hdr.ipv4.isValid()" (node_2) is false
[22:18:56.336] [bmv2] [D] [thread 3559] [4.0] [cxt 0] Pipeline 'ingress': end
[22:18:56.336] [bmv2] [D] [thread 3559] [4.0] [cxt 0] Egress port is 0
[22:18:56.336] [bmv2] [D] [thread 3560] [4.0] [cxt 0] Pipeline 'egress': start
[22:18:56.336] [bmv2] [T] [thread 3560] [4.0] [cxt 0] /home/p4/Desktop/DDV_protocol/proto_versions/one_attribute/Data_Plane_Impl/clone_version/p4src/main.p4(253) Condition "standard_metadata.instance_type == 1" (node_54) is false
[22:18:56.336] [bmv2] [D] [thread 3560] [4.0] [cxt 0] Pipeline 'egress': end
[22:18:56.336] [bmv2] [D] [thread 3560] [4.0] [cxt 0] Deparser 'deparser': start
[22:18:56.336] [bmv2] [T] [thread 3560] [4.0] [cxt 0] Skipping checksum 'cksum' update because condition not met
[22:18:56.336] [bmv2] [D] [thread 3560] [4.0] [cxt 0] Deparsing header 'ethernet'
[22:18:56.336] [bmv2] [D] [thread 3560] [4.0] [cxt 0] Deparser 'deparser': end
[22:18:56.337] [bmv2] [D] [thread 3564] [4.0] [cxt 0] Transmitting packet of size 196 out of port 0
[22:18:56.483] [bmv2] [D] [thread 3559] [5.0] [cxt 0] Processing packet received on port 3
[22:18:56.483] [bmv2] [D] [thread 3559] [5.0] [cxt 0] Parser 'parser': start
[22:18:56.483] [bmv2] [D] [thread 3559] [5.0] [cxt 0] Parser 'parser' entering state 'start'
[22:18:56.483] [bmv2] [D] [thread 3559] [5.0] [cxt 0] Extracting header 'ethernet'
[22:18:56.483] [bmv2] [D] [thread 3559] [5.0] [cxt 0] Parser state 'start': key is 86dd
[22:18:56.483] [bmv2] [T] [thread 3559] [5.0] [cxt 0] Bytes parsed: 14
[22:18:56.483] [bmv2] [D] [thread 3559] [5.0] [cxt 0] Parser 'parser': end
[22:18:56.483] [bmv2] [D] [thread 3559] [5.0] [cxt 0] Pipeline 'ingress': start
[22:18:56.483] [bmv2] [T] [thread 3559] [5.0] [cxt 0] /home/p4/Desktop/DDV_protocol/proto_versions/one_attribute/Data_Plane_Impl/clone_version/p4src/main.p4(145) Condition "hdr.ipv4.isValid()" (node_2) is false
[22:18:56.483] [bmv2] [D] [thread 3559] [5.0] [cxt 0] Pipeline 'ingress': end
[22:18:56.483] [bmv2] [D] [thread 3559] [5.0] [cxt 0] Egress port is 0
[22:18:56.483] [bmv2] [D] [thread 3560] [5.0] [cxt 0] Pipeline 'egress': start
[22:18:56.483] [bmv2] [T] [thread 3560] [5.0] [cxt 0] /home/p4/Desktop/DDV_protocol/proto_versions/one_attribute/Data_Plane_Impl/clone_version/p4src/main.p4(253) Condition "standard_metadata.instance_type == 1" (node_54) is false
[22:18:56.483] [bmv2] [D] [thread 3560] [5.0] [cxt 0] Pipeline 'egress': end
[22:18:56.483] [bmv2] [D] [thread 3560] [5.0] [cxt 0] Deparser 'deparser': start
[22:18:56.484] [bmv2] [T] [thread 3560] [5.0] [cxt 0] Skipping checksum 'cksum' update because condition not met
[22:18:56.484] [bmv2] [D] [thread 3560] [5.0] [cxt 0] Deparsing header 'ethernet'
[22:18:56.484] [bmv2] [D] [thread 3560] [5.0] [cxt 0] Deparser 'deparser': end
[22:18:56.484] [bmv2] [D] [thread 3564] [5.0] [cxt 0] Transmitting packet of size 196 out of port 0
[22:18:56.788] [bmv2] [D] [thread 3559] [6.0] [cxt 0] Processing packet received on port 2
[22:18:56.788] [bmv2] [D] [thread 3559] [6.0] [cxt 0] Parser 'parser': start
[22:18:56.788] [bmv2] [D] [thread 3559] [6.0] [cxt 0] Parser 'parser' entering state 'start'
[22:18:56.788] [bmv2] [D] [thread 3559] [6.0] [cxt 0] Extracting header 'ethernet'
[22:18:56.788] [bmv2] [D] [thread 3559] [6.0] [cxt 0] Parser state 'start': key is 86dd
[22:18:56.788] [bmv2] [T] [thread 3559] [6.0] [cxt 0] Bytes parsed: 14
[22:18:56.788] [bmv2] [D] [thread 3559] [6.0] [cxt 0] Parser 'parser': end
[22:18:56.788] [bmv2] [D] [thread 3559] [6.0] [cxt 0] Pipeline 'ingress': start
[22:18:56.788] [bmv2] [T] [thread 3559] [6.0] [cxt 0] /home/p4/Desktop/DDV_protocol/proto_versions/one_attribute/Data_Plane_Impl/clone_version/p4src/main.p4(145) Condition "hdr.ipv4.isValid()" (node_2) is false
[22:18:56.788] [bmv2] [D] [thread 3559] [6.0] [cxt 0] Pipeline 'ingress': end
[22:18:56.788] [bmv2] [D] [thread 3559] [6.0] [cxt 0] Egress port is 0
[22:18:56.788] [bmv2] [D] [thread 3560] [6.0] [cxt 0] Pipeline 'egress': start
[22:18:56.788] [bmv2] [T] [thread 3560] [6.0] [cxt 0] /home/p4/Desktop/DDV_protocol/proto_versions/one_attribute/Data_Plane_Impl/clone_version/p4src/main.p4(253) Condition "standard_metadata.instance_type == 1" (node_54) is false
[22:18:56.788] [bmv2] [D] [thread 3560] [6.0] [cxt 0] Pipeline 'egress': end
[22:18:56.788] [bmv2] [D] [thread 3560] [6.0] [cxt 0] Deparser 'deparser': start
[22:18:56.788] [bmv2] [T] [thread 3560] [6.0] [cxt 0] Skipping checksum 'cksum' update because condition not met
[22:18:56.788] [bmv2] [D] [thread 3560] [6.0] [cxt 0] Deparsing header 'ethernet'
[22:18:56.788] [bmv2] [D] [thread 3560] [6.0] [cxt 0] Deparser 'deparser': end
[22:18:56.789] [bmv2] [D] [thread 3564] [6.0] [cxt 0] Transmitting packet of size 107 out of port 0
[22:18:56.994] [bmv2] [D] [thread 3559] [7.0] [cxt 0] Processing packet received on port 3
[22:18:56.994] [bmv2] [D] [thread 3559] [7.0] [cxt 0] Parser 'parser': start
[22:18:56.994] [bmv2] [D] [thread 3559] [7.0] [cxt 0] Parser 'parser' entering state 'start'
[22:18:56.994] [bmv2] [D] [thread 3559] [7.0] [cxt 0] Extracting header 'ethernet'
[22:18:56.995] [bmv2] [D] [thread 3559] [7.0] [cxt 0] Parser state 'start': key is 86dd
[22:18:56.995] [bmv2] [T] [thread 3559] [7.0] [cxt 0] Bytes parsed: 14
[22:18:56.995] [bmv2] [D] [thread 3559] [7.0] [cxt 0] Parser 'parser': end
[22:18:56.995] [bmv2] [D] [thread 3559] [7.0] [cxt 0] Pipeline 'ingress': start
[22:18:56.995] [bmv2] [T] [thread 3559] [7.0] [cxt 0] /home/p4/Desktop/DDV_protocol/proto_versions/one_attribute/Data_Plane_Impl/clone_version/p4src/main.p4(145) Condition "hdr.ipv4.isValid()" (node_2) is false
[22:18:56.995] [bmv2] [D] [thread 3559] [7.0] [cxt 0] Pipeline 'ingress': end
[22:18:56.995] [bmv2] [D] [thread 3559] [7.0] [cxt 0] Egress port is 0
[22:18:56.995] [bmv2] [D] [thread 3559] [8.0] [cxt 0] Processing packet received on port 4
[22:18:56.995] [bmv2] [D] [thread 3559] [8.0] [cxt 0] Parser 'parser': start
[22:18:56.995] [bmv2] [D] [thread 3559] [8.0] [cxt 0] Parser 'parser' entering state 'start'
[22:18:56.995] [bmv2] [D] [thread 3559] [8.0] [cxt 0] Extracting header 'ethernet'
[22:18:56.995] [bmv2] [D] [thread 3559] [8.0] [cxt 0] Parser state 'start': key is 86dd
[22:18:56.995] [bmv2] [T] [thread 3559] [8.0] [cxt 0] Bytes parsed: 14
[22:18:56.995] [bmv2] [D] [thread 3559] [8.0] [cxt 0] Parser 'parser': end
[22:18:56.995] [bmv2] [D] [thread 3559] [8.0] [cxt 0] Pipeline 'ingress': start
[22:18:56.995] [bmv2] [T] [thread 3559] [8.0] [cxt 0] /home/p4/Desktop/DDV_protocol/proto_versions/one_attribute/Data_Plane_Impl/clone_version/p4src/main.p4(145) Condition "hdr.ipv4.isValid()" (node_2) is false
[22:18:56.995] [bmv2] [D] [thread 3559] [8.0] [cxt 0] Pipeline 'ingress': end
[22:18:56.995] [bmv2] [D] [thread 3559] [8.0] [cxt 0] Egress port is 0
[22:18:56.995] [bmv2] [D] [thread 3560] [7.0] [cxt 0] Pipeline 'egress': start
[22:18:56.995] [bmv2] [T] [thread 3560] [7.0] [cxt 0] /home/p4/Desktop/DDV_protocol/proto_versions/one_attribute/Data_Plane_Impl/clone_version/p4src/main.p4(253) Condition "standard_metadata.instance_type == 1" (node_54) is false
[22:18:56.995] [bmv2] [D] [thread 3560] [7.0] [cxt 0] Pipeline 'egress': end
[22:18:56.995] [bmv2] [D] [thread 3560] [7.0] [cxt 0] Deparser 'deparser': start
[22:18:56.995] [bmv2] [T] [thread 3560] [7.0] [cxt 0] Skipping checksum 'cksum' update because condition not met
[22:18:56.995] [bmv2] [D] [thread 3560] [7.0] [cxt 0] Deparsing header 'ethernet'
[22:18:56.995] [bmv2] [D] [thread 3560] [7.0] [cxt 0] Deparser 'deparser': end
[22:18:56.995] [bmv2] [D] [thread 3560] [8.0] [cxt 0] Pipeline 'egress': start
[22:18:56.995] [bmv2] [T] [thread 3560] [8.0] [cxt 0] /home/p4/Desktop/DDV_protocol/proto_versions/one_attribute/Data_Plane_Impl/clone_version/p4src/main.p4(253) Condition "standard_metadata.instance_type == 1" (node_54) is false
[22:18:56.995] [bmv2] [D] [thread 3560] [8.0] [cxt 0] Pipeline 'egress': end
[22:18:56.995] [bmv2] [D] [thread 3564] [7.0] [cxt 0] Transmitting packet of size 107 out of port 0
[22:18:56.995] [bmv2] [D] [thread 3560] [8.0] [cxt 0] Deparser 'deparser': start
[22:18:56.996] [bmv2] [T] [thread 3560] [8.0] [cxt 0] Skipping checksum 'cksum' update because condition not met
[22:18:56.996] [bmv2] [D] [thread 3560] [8.0] [cxt 0] Deparsing header 'ethernet'
[22:18:56.996] [bmv2] [D] [thread 3560] [8.0] [cxt 0] Deparser 'deparser': end
[22:18:56.996] [bmv2] [D] [thread 3564] [8.0] [cxt 0] Transmitting packet of size 107 out of port 0
[22:18:57.161] [bmv2] [D] [thread 3559] [9.0] [cxt 0] Processing packet received on port 1
[22:18:57.161] [bmv2] [D] [thread 3559] [9.0] [cxt 0] Parser 'parser': start
[22:18:57.161] [bmv2] [D] [thread 3559] [9.0] [cxt 0] Parser 'parser' entering state 'start'
[22:18:57.161] [bmv2] [D] [thread 3559] [9.0] [cxt 0] Extracting header 'ethernet'
[22:18:57.161] [bmv2] [D] [thread 3559] [9.0] [cxt 0] Parser state 'start': key is 86dd
[22:18:57.161] [bmv2] [T] [thread 3559] [9.0] [cxt 0] Bytes parsed: 14
[22:18:57.161] [bmv2] [D] [thread 3559] [9.0] [cxt 0] Parser 'parser': end
[22:18:57.161] [bmv2] [D] [thread 3559] [9.0] [cxt 0] Pipeline 'ingress': start
[22:18:57.161] [bmv2] [T] [thread 3559] [9.0] [cxt 0] /home/p4/Desktop/DDV_protocol/proto_versions/one_attribute/Data_Plane_Impl/clone_version/p4src/main.p4(145) Condition "hdr.ipv4.isValid()" (node_2) is false
[22:18:57.161] [bmv2] [D] [thread 3559] [9.0] [cxt 0] Pipeline 'ingress': end
[22:18:57.161] [bmv2] [D] [thread 3559] [9.0] [cxt 0] Egress port is 0
[22:18:57.162] [bmv2] [D] [thread 3560] [9.0] [cxt 0] Pipeline 'egress': start
[22:18:57.162] [bmv2] [T] [thread 3560] [9.0] [cxt 0] /home/p4/Desktop/DDV_protocol/proto_versions/one_attribute/Data_Plane_Impl/clone_version/p4src/main.p4(253) Condition "standard_metadata.instance_type == 1" (node_54) is false
[22:18:57.162] [bmv2] [D] [thread 3560] [9.0] [cxt 0] Pipeline 'egress': end
[22:18:57.162] [bmv2] [D] [thread 3560] [9.0] [cxt 0] Deparser 'deparser': start
[22:18:57.162] [bmv2] [T] [thread 3560] [9.0] [cxt 0] Skipping checksum 'cksum' update because condition not met
[22:18:57.162] [bmv2] [D] [thread 3560] [9.0] [cxt 0] Deparsing header 'ethernet'
[22:18:57.162] [bmv2] [D] [thread 3560] [9.0] [cxt 0] Deparser 'deparser': end
[22:18:57.162] [bmv2] [D] [thread 3564] [9.0] [cxt 0] Transmitting packet of size 107 out of port 0
[22:18:57.224] [bmv2] [D] [thread 3559] [10.0] [cxt 0] Processing packet received on port 2
[22:18:57.224] [bmv2] [D] [thread 3559] [10.0] [cxt 0] Parser 'parser': start
[22:18:57.224] [bmv2] [D] [thread 3559] [10.0] [cxt 0] Parser 'parser' entering state 'start'
[22:18:57.224] [bmv2] [D] [thread 3559] [10.0] [cxt 0] Extracting header 'ethernet'
[22:18:57.224] [bmv2] [D] [thread 3559] [10.0] [cxt 0] Parser state 'start': key is 86dd
[22:18:57.224] [bmv2] [T] [thread 3559] [10.0] [cxt 0] Bytes parsed: 14
[22:18:57.224] [bmv2] [D] [thread 3559] [10.0] [cxt 0] Parser 'parser': end
[22:18:57.224] [bmv2] [D] [thread 3559] [10.0] [cxt 0] Pipeline 'ingress': start
[22:18:57.225] [bmv2] [T] [thread 3559] [10.0] [cxt 0] /home/p4/Desktop/DDV_protocol/proto_versions/one_attribute/Data_Plane_Impl/clone_version/p4src/main.p4(145) Condition "hdr.ipv4.isValid()" (node_2) is false
[22:18:57.225] [bmv2] [D] [thread 3559] [10.0] [cxt 0] Pipeline 'ingress': end
[22:18:57.225] [bmv2] [D] [thread 3559] [10.0] [cxt 0] Egress port is 0
[22:18:57.226] [bmv2] [D] [thread 3560] [10.0] [cxt 0] Pipeline 'egress': start
[22:18:57.226] [bmv2] [T] [thread 3560] [10.0] [cxt 0] /home/p4/Desktop/DDV_protocol/proto_versions/one_attribute/Data_Plane_Impl/clone_version/p4src/main.p4(253) Condition "standard_metadata.instance_type == 1" (node_54) is false
[22:18:57.226] [bmv2] [D] [thread 3560] [10.0] [cxt 0] Pipeline 'egress': end
[22:18:57.226] [bmv2] [D] [thread 3560] [10.0] [cxt 0] Deparser 'deparser': start
[22:18:57.226] [bmv2] [T] [thread 3560] [10.0] [cxt 0] Skipping checksum 'cksum' update because condition not met
[22:18:57.226] [bmv2] [D] [thread 3560] [10.0] [cxt 0] Deparsing header 'ethernet'
[22:18:57.226] [bmv2] [D] [thread 3560] [10.0] [cxt 0] Deparser 'deparser': end
[22:18:57.226] [bmv2] [D] [thread 3564] [10.0] [cxt 0] Transmitting packet of size 107 out of port 0
[22:18:57.448] [bmv2] [D] [thread 3559] [11.0] [cxt 0] Processing packet received on port 3
[22:18:57.448] [bmv2] [D] [thread 3559] [11.0] [cxt 0] Parser 'parser': start
[22:18:57.448] [bmv2] [D] [thread 3559] [11.0] [cxt 0] Parser 'parser' entering state 'start'
[22:18:57.448] [bmv2] [D] [thread 3559] [11.0] [cxt 0] Extracting header 'ethernet'
[22:18:57.448] [bmv2] [D] [thread 3559] [11.0] [cxt 0] Parser state 'start': key is 86dd
[22:18:57.448] [bmv2] [T] [thread 3559] [11.0] [cxt 0] Bytes parsed: 14
[22:18:57.448] [bmv2] [D] [thread 3559] [11.0] [cxt 0] Parser 'parser': end
[22:18:57.449] [bmv2] [D] [thread 3559] [11.0] [cxt 0] Pipeline 'ingress': start
[22:18:57.449] [bmv2] [T] [thread 3559] [11.0] [cxt 0] /home/p4/Desktop/DDV_protocol/proto_versions/one_attribute/Data_Plane_Impl/clone_version/p4src/main.p4(145) Condition "hdr.ipv4.isValid()" (node_2) is false
[22:18:57.449] [bmv2] [D] [thread 3559] [11.0] [cxt 0] Pipeline 'ingress': end
[22:18:57.449] [bmv2] [D] [thread 3559] [11.0] [cxt 0] Egress port is 0
[22:18:57.449] [bmv2] [D] [thread 3560] [11.0] [cxt 0] Pipeline 'egress': start
[22:18:57.449] [bmv2] [T] [thread 3560] [11.0] [cxt 0] /home/p4/Desktop/DDV_protocol/proto_versions/one_attribute/Data_Plane_Impl/clone_version/p4src/main.p4(253) Condition "standard_metadata.instance_type == 1" (node_54) is false
[22:18:57.449] [bmv2] [D] [thread 3560] [11.0] [cxt 0] Pipeline 'egress': end
[22:18:57.449] [bmv2] [D] [thread 3560] [11.0] [cxt 0] Deparser 'deparser': start
[22:18:57.449] [bmv2] [T] [thread 3560] [11.0] [cxt 0] Skipping checksum 'cksum' update because condition not met
[22:18:57.449] [bmv2] [D] [thread 3560] [11.0] [cxt 0] Deparsing header 'ethernet'
[22:18:57.449] [bmv2] [D] [thread 3560] [11.0] [cxt 0] Deparser 'deparser': end
[22:18:57.449] [bmv2] [D] [thread 3564] [11.0] [cxt 0] Transmitting packet of size 107 out of port 0
[22:18:57.592] [bmv2] [D] [thread 3559] [12.0] [cxt 0] Processing packet received on port 3
[22:18:57.593] [bmv2] [D] [thread 3559] [12.0] [cxt 0] Parser 'parser': start
[22:18:57.593] [bmv2] [D] [thread 3559] [12.0] [cxt 0] Parser 'parser' entering state 'start'
[22:18:57.593] [bmv2] [D] [thread 3559] [12.0] [cxt 0] Extracting header 'ethernet'
[22:18:57.593] [bmv2] [D] [thread 3559] [12.0] [cxt 0] Parser state 'start': key is 86dd
[22:18:57.593] [bmv2] [T] [thread 3559] [12.0] [cxt 0] Bytes parsed: 14
[22:18:57.593] [bmv2] [D] [thread 3559] [12.0] [cxt 0] Parser 'parser': end
[22:18:57.593] [bmv2] [D] [thread 3559] [12.0] [cxt 0] Pipeline 'ingress': start
[22:18:57.593] [bmv2] [T] [thread 3559] [12.0] [cxt 0] /home/p4/Desktop/DDV_protocol/proto_versions/one_attribute/Data_Plane_Impl/clone_version/p4src/main.p4(145) Condition "hdr.ipv4.isValid()" (node_2) is false
[22:18:57.593] [bmv2] [D] [thread 3559] [12.0] [cxt 0] Pipeline 'ingress': end
[22:18:57.593] [bmv2] [D] [thread 3559] [12.0] [cxt 0] Egress port is 0
[22:18:57.597] [bmv2] [D] [thread 3560] [12.0] [cxt 0] Pipeline 'egress': start
[22:18:57.597] [bmv2] [T] [thread 3560] [12.0] [cxt 0] /home/p4/Desktop/DDV_protocol/proto_versions/one_attribute/Data_Plane_Impl/clone_version/p4src/main.p4(253) Condition "standard_metadata.instance_type == 1" (node_54) is false
[22:18:57.597] [bmv2] [D] [thread 3560] [12.0] [cxt 0] Pipeline 'egress': end
[22:18:57.597] [bmv2] [D] [thread 3560] [12.0] [cxt 0] Deparser 'deparser': start
[22:18:57.597] [bmv2] [T] [thread 3560] [12.0] [cxt 0] Skipping checksum 'cksum' update because condition not met
[22:18:57.597] [bmv2] [D] [thread 3560] [12.0] [cxt 0] Deparsing header 'ethernet'
[22:18:57.597] [bmv2] [D] [thread 3560] [12.0] [cxt 0] Deparser 'deparser': end
[22:18:57.604] [bmv2] [D] [thread 3564] [12.0] [cxt 0] Transmitting packet of size 70 out of port 0
[22:18:57.882] [bmv2] [D] [thread 3559] [13.0] [cxt 0] Processing packet received on port 4
[22:18:57.882] [bmv2] [D] [thread 3559] [13.0] [cxt 0] Parser 'parser': start
[22:18:57.882] [bmv2] [D] [thread 3559] [13.0] [cxt 0] Parser 'parser' entering state 'start'
[22:18:57.882] [bmv2] [D] [thread 3559] [13.0] [cxt 0] Extracting header 'ethernet'
[22:18:57.882] [bmv2] [D] [thread 3559] [13.0] [cxt 0] Parser state 'start': key is 86dd
[22:18:57.882] [bmv2] [T] [thread 3559] [13.0] [cxt 0] Bytes parsed: 14
[22:18:57.882] [bmv2] [D] [thread 3559] [13.0] [cxt 0] Parser 'parser': end
[22:18:57.882] [bmv2] [D] [thread 3559] [13.0] [cxt 0] Pipeline 'ingress': start
[22:18:57.882] [bmv2] [T] [thread 3559] [13.0] [cxt 0] /home/p4/Desktop/DDV_protocol/proto_versions/one_attribute/Data_Plane_Impl/clone_version/p4src/main.p4(145) Condition "hdr.ipv4.isValid()" (node_2) is false
[22:18:57.882] [bmv2] [D] [thread 3559] [13.0] [cxt 0] Pipeline 'ingress': end
[22:18:57.882] [bmv2] [D] [thread 3559] [13.0] [cxt 0] Egress port is 0
[22:18:57.882] [bmv2] [D] [thread 3559] [14.0] [cxt 0] Processing packet received on port 4
[22:18:57.882] [bmv2] [D] [thread 3559] [14.0] [cxt 0] Parser 'parser': start
[22:18:57.882] [bmv2] [D] [thread 3559] [14.0] [cxt 0] Parser 'parser' entering state 'start'
[22:18:57.883] [bmv2] [D] [thread 3559] [14.0] [cxt 0] Extracting header 'ethernet'
[22:18:57.883] [bmv2] [D] [thread 3559] [14.0] [cxt 0] Parser state 'start': key is 86dd
[22:18:57.883] [bmv2] [T] [thread 3559] [14.0] [cxt 0] Bytes parsed: 14
[22:18:57.883] [bmv2] [D] [thread 3559] [14.0] [cxt 0] Parser 'parser': end
[22:18:57.883] [bmv2] [D] [thread 3559] [14.0] [cxt 0] Pipeline 'ingress': start
[22:18:57.883] [bmv2] [T] [thread 3559] [14.0] [cxt 0] /home/p4/Desktop/DDV_protocol/proto_versions/one_attribute/Data_Plane_Impl/clone_version/p4src/main.p4(145) Condition "hdr.ipv4.isValid()" (node_2) is false
[22:18:57.883] [bmv2] [D] [thread 3559] [14.0] [cxt 0] Pipeline 'ingress': end
[22:18:57.883] [bmv2] [D] [thread 3559] [14.0] [cxt 0] Egress port is 0
[22:18:57.883] [bmv2] [D] [thread 3560] [13.0] [cxt 0] Pipeline 'egress': start
[22:18:57.883] [bmv2] [T] [thread 3560] [13.0] [cxt 0] /home/p4/Desktop/DDV_protocol/proto_versions/one_attribute/Data_Plane_Impl/clone_version/p4src/main.p4(253) Condition "standard_metadata.instance_type == 1" (node_54) is false
[22:18:57.883] [bmv2] [D] [thread 3560] [13.0] [cxt 0] Pipeline 'egress': end
[22:18:57.883] [bmv2] [D] [thread 3560] [13.0] [cxt 0] Deparser 'deparser': start
[22:18:57.883] [bmv2] [T] [thread 3560] [13.0] [cxt 0] Skipping checksum 'cksum' update because condition not met
[22:18:57.883] [bmv2] [D] [thread 3560] [13.0] [cxt 0] Deparsing header 'ethernet'
[22:18:57.883] [bmv2] [D] [thread 3560] [13.0] [cxt 0] Deparser 'deparser': end
[22:18:57.884] [bmv2] [D] [thread 3560] [14.0] [cxt 0] Pipeline 'egress': start
[22:18:57.885] [bmv2] [T] [thread 3560] [14.0] [cxt 0] /home/p4/Desktop/DDV_protocol/proto_versions/one_attribute/Data_Plane_Impl/clone_version/p4src/main.p4(253) Condition "standard_metadata.instance_type == 1" (node_54) is false
[22:18:57.885] [bmv2] [D] [thread 3560] [14.0] [cxt 0] Pipeline 'egress': end
[22:18:57.885] [bmv2] [D] [thread 3560] [14.0] [cxt 0] Deparser 'deparser': start
[22:18:57.885] [bmv2] [T] [thread 3560] [14.0] [cxt 0] Skipping checksum 'cksum' update because condition not met
[22:18:57.885] [bmv2] [D] [thread 3560] [14.0] [cxt 0] Deparsing header 'ethernet'
[22:18:57.885] [bmv2] [D] [thread 3560] [14.0] [cxt 0] Deparser 'deparser': end
[22:18:57.884] [bmv2] [D] [thread 3564] [13.0] [cxt 0] Transmitting packet of size 70 out of port 0
[22:18:57.885] [bmv2] [D] [thread 3564] [14.0] [cxt 0] Transmitting packet of size 70 out of port 0
[22:18:57.974] [bmv2] [D] [thread 3559] [15.0] [cxt 0] Processing packet received on port 2
[22:18:57.974] [bmv2] [D] [thread 3559] [15.0] [cxt 0] Parser 'parser': start
[22:18:57.974] [bmv2] [D] [thread 3559] [15.0] [cxt 0] Parser 'parser' entering state 'start'
[22:18:57.974] [bmv2] [D] [thread 3559] [15.0] [cxt 0] Extracting header 'ethernet'
[22:18:57.974] [bmv2] [D] [thread 3559] [15.0] [cxt 0] Parser state 'start': key is 86dd
[22:18:57.974] [bmv2] [T] [thread 3559] [15.0] [cxt 0] Bytes parsed: 14
[22:18:57.974] [bmv2] [D] [thread 3559] [15.0] [cxt 0] Parser 'parser': end
[22:18:57.974] [bmv2] [D] [thread 3559] [15.0] [cxt 0] Pipeline 'ingress': start
[22:18:57.974] [bmv2] [T] [thread 3559] [15.0] [cxt 0] /home/p4/Desktop/DDV_protocol/proto_versions/one_attribute/Data_Plane_Impl/clone_version/p4src/main.p4(145) Condition "hdr.ipv4.isValid()" (node_2) is false
[22:18:57.974] [bmv2] [D] [thread 3559] [15.0] [cxt 0] Pipeline 'ingress': end
[22:18:57.974] [bmv2] [D] [thread 3559] [15.0] [cxt 0] Egress port is 0
[22:18:57.975] [bmv2] [D] [thread 3560] [15.0] [cxt 0] Pipeline 'egress': start
[22:18:57.975] [bmv2] [T] [thread 3560] [15.0] [cxt 0] /home/p4/Desktop/DDV_protocol/proto_versions/one_attribute/Data_Plane_Impl/clone_version/p4src/main.p4(253) Condition "standard_metadata.instance_type == 1" (node_54) is false
[22:18:57.975] [bmv2] [D] [thread 3560] [15.0] [cxt 0] Pipeline 'egress': end
[22:18:57.975] [bmv2] [D] [thread 3560] [15.0] [cxt 0] Deparser 'deparser': start
[22:18:57.975] [bmv2] [T] [thread 3560] [15.0] [cxt 0] Skipping checksum 'cksum' update because condition not met
[22:18:57.975] [bmv2] [D] [thread 3560] [15.0] [cxt 0] Deparsing header 'ethernet'
[22:18:57.975] [bmv2] [D] [thread 3560] [15.0] [cxt 0] Deparser 'deparser': end
[22:18:57.975] [bmv2] [D] [thread 3564] [15.0] [cxt 0] Transmitting packet of size 196 out of port 0
[22:18:58.110] [bmv2] [D] [thread 3559] [16.0] [cxt 0] Processing packet received on port 2
[22:18:58.110] [bmv2] [D] [thread 3559] [16.0] [cxt 0] Parser 'parser': start
[22:18:58.110] [bmv2] [D] [thread 3559] [16.0] [cxt 0] Parser 'parser' entering state 'start'
[22:18:58.110] [bmv2] [D] [thread 3559] [16.0] [cxt 0] Extracting header 'ethernet'
[22:18:58.110] [bmv2] [D] [thread 3559] [16.0] [cxt 0] Parser state 'start': key is 86dd
[22:18:58.110] [bmv2] [T] [thread 3559] [16.0] [cxt 0] Bytes parsed: 14
[22:18:58.110] [bmv2] [D] [thread 3559] [16.0] [cxt 0] Parser 'parser': end
[22:18:58.110] [bmv2] [D] [thread 3559] [16.0] [cxt 0] Pipeline 'ingress': start
[22:18:58.110] [bmv2] [T] [thread 3559] [16.0] [cxt 0] /home/p4/Desktop/DDV_protocol/proto_versions/one_attribute/Data_Plane_Impl/clone_version/p4src/main.p4(145) Condition "hdr.ipv4.isValid()" (node_2) is false
[22:18:58.110] [bmv2] [D] [thread 3559] [16.0] [cxt 0] Pipeline 'ingress': end
[22:18:58.110] [bmv2] [D] [thread 3559] [16.0] [cxt 0] Egress port is 0
[22:18:58.111] [bmv2] [D] [thread 3559] [17.0] [cxt 0] Processing packet received on port 2
[22:18:58.111] [bmv2] [D] [thread 3559] [17.0] [cxt 0] Parser 'parser': start
[22:18:58.111] [bmv2] [D] [thread 3559] [17.0] [cxt 0] Parser 'parser' entering state 'start'
[22:18:58.111] [bmv2] [D] [thread 3559] [17.0] [cxt 0] Extracting header 'ethernet'
[22:18:58.111] [bmv2] [D] [thread 3559] [17.0] [cxt 0] Parser state 'start': key is 86dd
[22:18:58.111] [bmv2] [T] [thread 3559] [17.0] [cxt 0] Bytes parsed: 14
[22:18:58.111] [bmv2] [D] [thread 3559] [17.0] [cxt 0] Parser 'parser': end
[22:18:58.111] [bmv2] [D] [thread 3559] [17.0] [cxt 0] Pipeline 'ingress': start
[22:18:58.111] [bmv2] [T] [thread 3559] [17.0] [cxt 0] /home/p4/Desktop/DDV_protocol/proto_versions/one_attribute/Data_Plane_Impl/clone_version/p4src/main.p4(145) Condition "hdr.ipv4.isValid()" (node_2) is false
[22:18:58.111] [bmv2] [D] [thread 3559] [17.0] [cxt 0] Pipeline 'ingress': end
[22:18:58.111] [bmv2] [D] [thread 3559] [17.0] [cxt 0] Egress port is 0
[22:18:58.112] [bmv2] [D] [thread 3560] [16.0] [cxt 0] Pipeline 'egress': start
[22:18:58.112] [bmv2] [T] [thread 3560] [16.0] [cxt 0] /home/p4/Desktop/DDV_protocol/proto_versions/one_attribute/Data_Plane_Impl/clone_version/p4src/main.p4(253) Condition "standard_metadata.instance_type == 1" (node_54) is false
[22:18:58.112] [bmv2] [D] [thread 3560] [16.0] [cxt 0] Pipeline 'egress': end
[22:18:58.112] [bmv2] [D] [thread 3560] [16.0] [cxt 0] Deparser 'deparser': start
[22:18:58.112] [bmv2] [T] [thread 3560] [16.0] [cxt 0] Skipping checksum 'cksum' update because condition not met
[22:18:58.112] [bmv2] [D] [thread 3560] [16.0] [cxt 0] Deparsing header 'ethernet'
[22:18:58.112] [bmv2] [D] [thread 3560] [16.0] [cxt 0] Deparser 'deparser': end
[22:18:58.112] [bmv2] [D] [thread 3560] [17.0] [cxt 0] Pipeline 'egress': start
[22:18:58.112] [bmv2] [T] [thread 3560] [17.0] [cxt 0] /home/p4/Desktop/DDV_protocol/proto_versions/one_attribute/Data_Plane_Impl/clone_version/p4src/main.p4(253) Condition "standard_metadata.instance_type == 1" (node_54) is false
[22:18:58.112] [bmv2] [D] [thread 3560] [17.0] [cxt 0] Pipeline 'egress': end
[22:18:58.112] [bmv2] [D] [thread 3560] [17.0] [cxt 0] Deparser 'deparser': start
[22:18:58.112] [bmv2] [T] [thread 3560] [17.0] [cxt 0] Skipping checksum 'cksum' update because condition not met
[22:18:58.112] [bmv2] [D] [thread 3560] [17.0] [cxt 0] Deparsing header 'ethernet'
[22:18:58.112] [bmv2] [D] [thread 3560] [17.0] [cxt 0] Deparser 'deparser': end
[22:18:58.112] [bmv2] [D] [thread 3564] [16.0] [cxt 0] Transmitting packet of size 70 out of port 0
[22:18:58.112] [bmv2] [D] [thread 3564] [17.0] [cxt 0] Transmitting packet of size 70 out of port 0
[22:18:58.275] [bmv2] [D] [thread 3559] [18.0] [cxt 0] Processing packet received on port 3
[22:18:58.275] [bmv2] [D] [thread 3559] [18.0] [cxt 0] Parser 'parser': start
[22:18:58.275] [bmv2] [D] [thread 3559] [18.0] [cxt 0] Parser 'parser' entering state 'start'
[22:18:58.275] [bmv2] [D] [thread 3559] [18.0] [cxt 0] Extracting header 'ethernet'
[22:18:58.275] [bmv2] [D] [thread 3559] [18.0] [cxt 0] Parser state 'start': key is 86dd
[22:18:58.275] [bmv2] [T] [thread 3559] [18.0] [cxt 0] Bytes parsed: 14
[22:18:58.275] [bmv2] [D] [thread 3559] [18.0] [cxt 0] Parser 'parser': end
[22:18:58.275] [bmv2] [D] [thread 3559] [18.0] [cxt 0] Pipeline 'ingress': start
[22:18:58.275] [bmv2] [T] [thread 3559] [18.0] [cxt 0] /home/p4/Desktop/DDV_protocol/proto_versions/one_attribute/Data_Plane_Impl/clone_version/p4src/main.p4(145) Condition "hdr.ipv4.isValid()" (node_2) is false
[22:18:58.275] [bmv2] [D] [thread 3559] [18.0] [cxt 0] Pipeline 'ingress': end
[22:18:58.276] [bmv2] [D] [thread 3559] [18.0] [cxt 0] Egress port is 0
[22:18:58.276] [bmv2] [D] [thread 3559] [19.0] [cxt 0] Processing packet received on port 4
[22:18:58.276] [bmv2] [D] [thread 3559] [19.0] [cxt 0] Parser 'parser': start
[22:18:58.276] [bmv2] [D] [thread 3559] [19.0] [cxt 0] Parser 'parser' entering state 'start'
[22:18:58.276] [bmv2] [D] [thread 3559] [19.0] [cxt 0] Extracting header 'ethernet'
[22:18:58.276] [bmv2] [D] [thread 3559] [19.0] [cxt 0] Parser state 'start': key is 86dd
[22:18:58.276] [bmv2] [T] [thread 3559] [19.0] [cxt 0] Bytes parsed: 14
[22:18:58.276] [bmv2] [D] [thread 3559] [19.0] [cxt 0] Parser 'parser': end
[22:18:58.276] [bmv2] [D] [thread 3559] [19.0] [cxt 0] Pipeline 'ingress': start
[22:18:58.276] [bmv2] [T] [thread 3559] [19.0] [cxt 0] /home/p4/Desktop/DDV_protocol/proto_versions/one_attribute/Data_Plane_Impl/clone_version/p4src/main.p4(145) Condition "hdr.ipv4.isValid()" (node_2) is false
[22:18:58.276] [bmv2] [D] [thread 3559] [19.0] [cxt 0] Pipeline 'ingress': end
[22:18:58.276] [bmv2] [D] [thread 3559] [19.0] [cxt 0] Egress port is 0
[22:18:58.276] [bmv2] [D] [thread 3560] [18.0] [cxt 0] Pipeline 'egress': start
[22:18:58.277] [bmv2] [T] [thread 3560] [18.0] [cxt 0] /home/p4/Desktop/DDV_protocol/proto_versions/one_attribute/Data_Plane_Impl/clone_version/p4src/main.p4(253) Condition "standard_metadata.instance_type == 1" (node_54) is false
[22:18:58.277] [bmv2] [D] [thread 3560] [18.0] [cxt 0] Pipeline 'egress': end
[22:18:58.277] [bmv2] [D] [thread 3560] [18.0] [cxt 0] Deparser 'deparser': start
[22:18:58.277] [bmv2] [T] [thread 3560] [18.0] [cxt 0] Skipping checksum 'cksum' update because condition not met
[22:18:58.277] [bmv2] [D] [thread 3560] [18.0] [cxt 0] Deparsing header 'ethernet'
[22:18:58.277] [bmv2] [D] [thread 3560] [18.0] [cxt 0] Deparser 'deparser': end
[22:18:58.277] [bmv2] [D] [thread 3560] [19.0] [cxt 0] Pipeline 'egress': start
[22:18:58.277] [bmv2] [T] [thread 3560] [19.0] [cxt 0] /home/p4/Desktop/DDV_protocol/proto_versions/one_attribute/Data_Plane_Impl/clone_version/p4src/main.p4(253) Condition "standard_metadata.instance_type == 1" (node_54) is false
[22:18:58.277] [bmv2] [D] [thread 3560] [19.0] [cxt 0] Pipeline 'egress': end
[22:18:58.277] [bmv2] [D] [thread 3560] [19.0] [cxt 0] Deparser 'deparser': start
[22:18:58.277] [bmv2] [T] [thread 3560] [19.0] [cxt 0] Skipping checksum 'cksum' update because condition not met
[22:18:58.277] [bmv2] [D] [thread 3560] [19.0] [cxt 0] Deparsing header 'ethernet'
[22:18:58.277] [bmv2] [D] [thread 3560] [19.0] [cxt 0] Deparser 'deparser': end
[22:18:58.277] [bmv2] [D] [thread 3564] [18.0] [cxt 0] Transmitting packet of size 196 out of port 0
[22:18:58.277] [bmv2] [D] [thread 3564] [19.0] [cxt 0] Transmitting packet of size 196 out of port 0
[22:18:58.400] [bmv2] [D] [thread 3559] [20.0] [cxt 0] Processing packet received on port 4
[22:18:58.400] [bmv2] [D] [thread 3559] [20.0] [cxt 0] Parser 'parser': start
[22:18:58.400] [bmv2] [D] [thread 3559] [20.0] [cxt 0] Parser 'parser' entering state 'start'
[22:18:58.400] [bmv2] [D] [thread 3559] [20.0] [cxt 0] Extracting header 'ethernet'
[22:18:58.400] [bmv2] [D] [thread 3559] [20.0] [cxt 0] Parser state 'start': key is 86dd
[22:18:58.400] [bmv2] [T] [thread 3559] [20.0] [cxt 0] Bytes parsed: 14
[22:18:58.400] [bmv2] [D] [thread 3559] [20.0] [cxt 0] Parser 'parser': end
[22:18:58.400] [bmv2] [D] [thread 3559] [20.0] [cxt 0] Pipeline 'ingress': start
[22:18:58.400] [bmv2] [T] [thread 3559] [20.0] [cxt 0] /home/p4/Desktop/DDV_protocol/proto_versions/one_attribute/Data_Plane_Impl/clone_version/p4src/main.p4(145) Condition "hdr.ipv4.isValid()" (node_2) is false
[22:18:58.400] [bmv2] [D] [thread 3559] [20.0] [cxt 0] Pipeline 'ingress': end
[22:18:58.400] [bmv2] [D] [thread 3559] [20.0] [cxt 0] Egress port is 0
[22:18:58.401] [bmv2] [D] [thread 3560] [20.0] [cxt 0] Pipeline 'egress': start
[22:18:58.401] [bmv2] [T] [thread 3560] [20.0] [cxt 0] /home/p4/Desktop/DDV_protocol/proto_versions/one_attribute/Data_Plane_Impl/clone_version/p4src/main.p4(253) Condition "standard_metadata.instance_type == 1" (node_54) is false
[22:18:58.401] [bmv2] [D] [thread 3560] [20.0] [cxt 0] Pipeline 'egress': end
[22:18:58.401] [bmv2] [D] [thread 3560] [20.0] [cxt 0] Deparser 'deparser': start
[22:18:58.401] [bmv2] [T] [thread 3560] [20.0] [cxt 0] Skipping checksum 'cksum' update because condition not met
[22:18:58.401] [bmv2] [D] [thread 3560] [20.0] [cxt 0] Deparsing header 'ethernet'
[22:18:58.401] [bmv2] [D] [thread 3560] [20.0] [cxt 0] Deparser 'deparser': end
[22:18:58.401] [bmv2] [D] [thread 3564] [20.0] [cxt 0] Transmitting packet of size 196 out of port 0
[22:19:22.810] [bmv2] [D] [thread 3822] Set default default entry for table 'MyIngress.ipv4_lpm': MyIngress.drop - 
[22:19:22.810] [bmv2] [D] [thread 3822] Set default default entry for table 'tbl_get_registers_index': MyIngress.get_registers_index - 
[22:19:22.810] [bmv2] [D] [thread 3822] Set default default entry for table 'tbl_main152': main152 - 
[22:19:22.810] [bmv2] [D] [thread 3822] Set default default entry for table 'tbl_elect_attribute': MyIngress.elect_attribute - 
[22:19:22.810] [bmv2] [D] [thread 3822] Set default default entry for table 'MyIngress.broadcast_elected_attr': MyIngress.drop - 
[22:19:22.810] [bmv2] [D] [thread 3822] Set default default entry for table 'tbl_main165': main165 - 
[22:19:22.810] [bmv2] [D] [thread 3822] Set default default entry for table 'tbl_elect_attribute_0': MyIngress.elect_attribute - 
[22:19:22.810] [bmv2] [D] [thread 3822] Set default default entry for table 'tbl_update_table': MyIngress.update_table - 
[22:19:22.810] [bmv2] [D] [thread 3822] Set default default entry for table 'tbl_get_info': MyIngress.get_info - 
[22:19:22.810] [bmv2] [D] [thread 3822] Set default default entry for table 'tbl_elect_attribute_1': MyIngress.elect_attribute - 
[22:19:22.810] [bmv2] [D] [thread 3822] Set default default entry for table 'tbl_elect_attribute_2': MyIngress.elect_attribute - 
[22:19:22.810] [bmv2] [D] [thread 3822] Set default default entry for table 'tbl_elect_attribute_3': MyIngress.elect_attribute - 
[22:19:22.811] [bmv2] [D] [thread 3822] Set default default entry for table 'tbl_elect_promise': MyIngress.elect_promise - 
[22:19:22.811] [bmv2] [D] [thread 3822] Set default default entry for table 'tbl_elect_attribute_4': MyIngress.elect_attribute - 
[22:19:22.811] [bmv2] [D] [thread 3822] Set default default entry for table 'tbl_main203': main203 - 
[22:19:22.811] [bmv2] [D] [thread 3822] Set default default entry for table 'tbl_update_table_0': MyIngress.update_table - 
[22:19:22.811] [bmv2] [D] [thread 3822] Set default default entry for table 'tbl_change_promise': MyIngress.change_promise - 
[22:19:22.811] [bmv2] [D] [thread 3822] Set default default entry for table 'tbl_elect_attribute_5': MyIngress.elect_attribute - 
[22:19:22.811] [bmv2] [D] [thread 3822] Set default default entry for table 'tbl_main217': main217 - 
[22:19:22.811] [bmv2] [D] [thread 3822] Set default default entry for table 'tbl_update_table_1': MyIngress.update_table - 
[22:19:22.811] [bmv2] [D] [thread 3822] Set default default entry for table 'tbl_change_promise_0': MyIngress.change_promise - 
[22:19:22.811] [bmv2] [D] [thread 3822] Set default default entry for table 'tbl_elect_attribute_6': MyIngress.elect_attribute - 
[22:19:22.811] [bmv2] [D] [thread 3822] Set default default entry for table 'tbl_main228': main228 - 
[22:19:22.811] [bmv2] [D] [thread 3822] Set default default entry for table 'tbl_update_table_2': MyIngress.update_table - 
[22:19:22.811] [bmv2] [D] [thread 3822] Set default default entry for table 'tbl_change_promise_1': MyIngress.change_promise - 
[22:19:22.828] [bmv2] [D] [thread 3822] Set default default entry for table 'tbl_main254': main254 - 
[22:19:22.828] [bmv2] [D] [thread 3822] Set default default entry for table 'tbl_main261': main261 - 
[22:19:22.829] [bmv2] [D] [thread 3822] Set default default entry for table 'tbl_main264': main264 - 
[22:19:22.829] [bmv2] [D] [thread 3822] Set default default entry for table 'tbl_main266': main266 - 
[22:19:22.851] [bmv2] [D] [thread 3822] simple_switch target has been notified of a config swap
                                                                                                                                                                                                                                