Warning: you requested the nanomsg event logger, but bmv2 was compiled without -DBMELOG, and the event logger cannot be activated
Calling target program-options parser
[19:14:46.077] [bmv2] [D] [thread 10143] Set default default entry for table 'tbl_main83': main83 - 
[19:14:46.078] [bmv2] [D] [thread 10143] Set default default entry for table 'MyIngress.broadcast_elected_attr': MyIngress.drop - 
[19:14:46.078] [bmv2] [D] [thread 10143] Set default default entry for table 'MyIngress.cpu_table': MyIngress.drop - 
[19:14:46.078] [bmv2] [D] [thread 10143] Set default default entry for table 'MyIngress.ipv4_lpm': MyIngress.drop - 
Adding interface s1-eth1 as port 1
[19:14:46.083] [bmv2] [D] [thread 10143] Adding interface s1-eth1 as port 1
Adding interface s1-eth2 as port 2
[19:14:46.127] [bmv2] [D] [thread 10143] Adding interface s1-eth2 as port 2
Adding interface s1-eth3 as port 3
[19:14:46.163] [bmv2] [D] [thread 10143] Adding interface s1-eth3 as port 3
Adding interface s1-eth4 as port 4
[19:14:46.203] [bmv2] [D] [thread 10143] Adding interface s1-eth4 as port 4
Adding interface s1-cpu-eth0 as port 5
[19:14:46.243] [bmv2] [D] [thread 10143] Adding interface s1-cpu-eth0 as port 5
Server listening on 0.0.0.0:9559
[19:14:46.280] [bmv2] [I] [thread 10143] Starting Thrift server on port 9090
[19:14:46.281] [bmv2] [I] [thread 10143] Thrift server was started
[19:14:46.282] [bmv2] [D] [thread 10155] [0.0] [cxt 0] Processing packet received on port 1
[19:14:46.282] [bmv2] [D] [thread 10155] [0.0] [cxt 0] Parser 'parser': start
[19:14:46.282] [bmv2] [D] [thread 10155] [0.0] [cxt 0] Parser 'parser' entering state 'start'
[19:14:46.282] [bmv2] [D] [thread 10155] [0.0] [cxt 0] Extracting header 'ethernet'
[19:14:46.282] [bmv2] [D] [thread 10155] [0.0] [cxt 0] Parser state 'start': key is 86dd
[19:14:46.282] [bmv2] [T] [thread 10155] [0.0] [cxt 0] Bytes parsed: 14
[19:14:46.282] [bmv2] [D] [thread 10155] [0.0] [cxt 0] Parser 'parser': end
[19:14:46.282] [bmv2] [D] [thread 10155] [0.0] [cxt 0] Pipeline 'ingress': start
[19:14:46.282] [bmv2] [T] [thread 10155] [0.0] [cxt 0] /home/p4/Desktop/DDV_protocol/proto_versions/one_attribute/p4src/main.p4(82) Condition "hdr.cpu.isValid()" (node_2) is false
[19:14:46.282] [bmv2] [T] [thread 10155] [0.0] [cxt 0] /home/p4/Desktop/DDV_protocol/proto_versions/one_attribute/p4src/main.p4(89) Condition "hdr.ipv4.protocol == MY_HEADER_PROTO" (node_5) is false
[19:14:46.282] [bmv2] [T] [thread 10155] [0.0] [cxt 0] /home/p4/Desktop/DDV_protocol/proto_versions/one_attribute/p4src/main.p4(92) Condition "hdr.ipv4.isValid()" (node_7) is false
[19:14:46.282] [bmv2] [D] [thread 10155] [0.0] [cxt 0] Pipeline 'ingress': end
[19:14:46.282] [bmv2] [D] [thread 10155] [0.0] [cxt 0] Egress port is 0
[19:14:46.282] [bmv2] [D] [thread 10155] [1.0] [cxt 0] Processing packet received on port 3
[19:14:46.282] [bmv2] [D] [thread 10155] [1.0] [cxt 0] Parser 'parser': start
[19:14:46.282] [bmv2] [D] [thread 10155] [1.0] [cxt 0] Parser 'parser' entering state 'start'
[19:14:46.282] [bmv2] [D] [thread 10155] [1.0] [cxt 0] Extracting header 'ethernet'
[19:14:46.282] [bmv2] [D] [thread 10155] [1.0] [cxt 0] Parser state 'start': key is 86dd
[19:14:46.282] [bmv2] [T] [thread 10155] [1.0] [cxt 0] Bytes parsed: 14
[19:14:46.282] [bmv2] [D] [thread 10155] [1.0] [cxt 0] Parser 'parser': end
[19:14:46.282] [bmv2] [D] [thread 10155] [1.0] [cxt 0] Pipeline 'ingress': start
[19:14:46.282] [bmv2] [T] [thread 10155] [1.0] [cxt 0] /home/p4/Desktop/DDV_protocol/proto_versions/one_attribute/p4src/main.p4(82) Condition "hdr.cpu.isValid()" (node_2) is false
[19:14:46.282] [bmv2] [T] [thread 10155] [1.0] [cxt 0] /home/p4/Desktop/DDV_protocol/proto_versions/one_attribute/p4src/main.p4(89) Condition "hdr.ipv4.protocol == MY_HEADER_PROTO" (node_5) is false
[19:14:46.282] [bmv2] [T] [thread 10155] [1.0] [cxt 0] /home/p4/Desktop/DDV_protocol/proto_versions/one_attribute/p4src/main.p4(92) Condition "hdr.ipv4.isValid()" (node_7) is false
[19:14:46.282] [bmv2] [D] [thread 10155] [1.0] [cxt 0] Pipeline 'ingress': end
[19:14:46.282] [bmv2] [D] [thread 10155] [1.0] [cxt 0] Egress port is 0
[19:14:46.282] [bmv2] [D] [thread 10155] [2.0] [cxt 0] Processing packet received on port 3
[19:14:46.282] [bmv2] [D] [thread 10155] [2.0] [cxt 0] Parser 'parser': start
[19:14:46.282] [bmv2] [D] [thread 10155] [2.0] [cxt 0] Parser 'parser' entering state 'start'
[19:14:46.282] [bmv2] [D] [thread 10155] [2.0] [cxt 0] Extracting header 'ethernet'
[19:14:46.283] [bmv2] [D] [thread 10155] [2.0] [cxt 0] Parser state 'start': key is 86dd
[19:14:46.283] [bmv2] [T] [thread 10155] [2.0] [cxt 0] Bytes parsed: 14
[19:14:46.283] [bmv2] [D] [thread 10155] [2.0] [cxt 0] Parser 'parser': end
[19:14:46.283] [bmv2] [D] [thread 10155] [2.0] [cxt 0] Pipeline 'ingress': start
[19:14:46.283] [bmv2] [T] [thread 10155] [2.0] [cxt 0] /home/p4/Desktop/DDV_protocol/proto_versions/one_attribute/p4src/main.p4(82) Condition "hdr.cpu.isValid()" (node_2) is false
[19:14:46.283] [bmv2] [T] [thread 10155] [2.0] [cxt 0] /home/p4/Desktop/DDV_protocol/proto_versions/one_attribute/p4src/main.p4(89) Condition "hdr.ipv4.protocol == MY_HEADER_PROTO" (node_5) is false
[19:14:46.283] [bmv2] [D] [thread 10156] [0.0] [cxt 0] Pipeline 'egress': start
[19:14:46.283] [bmv2] [D] [thread 10156] [0.0] [cxt 0] Pipeline 'egress': end
[19:14:46.283] [bmv2] [T] [thread 10155] [2.0] [cxt 0] /home/p4/Desktop/DDV_protocol/proto_versions/one_attribute/p4src/main.p4(92) Condition "hdr.ipv4.isValid()" (node_7) is false
[19:14:46.283] [bmv2] [D] [thread 10155] [2.0] [cxt 0] Pipeline 'ingress': end
[19:14:46.283] [bmv2] [D] [thread 10156] [0.0] [cxt 0] Deparser 'deparser': start
[19:14:46.283] [bmv2] [D] [thread 10155] [2.0] [cxt 0] Egress port is 0
[19:14:46.283] [bmv2] [T] [thread 10156] [0.0] [cxt 0] Skipping checksum 'cksum' update because condition not met
[19:14:46.283] [bmv2] [D] [thread 10156] [0.0] [cxt 0] Deparsing header 'ethernet'
[19:14:46.283] [bmv2] [D] [thread 10156] [0.0] [cxt 0] Deparser 'deparser': end
[19:14:46.283] [bmv2] [D] [thread 10156] [1.0] [cxt 0] Pipeline 'egress': start
[19:14:46.283] [bmv2] [D] [thread 10156] [1.0] [cxt 0] Pipeline 'egress': end
[19:14:46.283] [bmv2] [D] [thread 10156] [1.0] [cxt 0] Deparser 'deparser': start
[19:14:46.283] [bmv2] [T] [thread 10156] [1.0] [cxt 0] Skipping checksum 'cksum' update because condition not met
[19:14:46.283] [bmv2] [D] [thread 10156] [1.0] [cxt 0] Deparsing header 'ethernet'
[19:14:46.283] [bmv2] [D] [thread 10156] [1.0] [cxt 0] Deparser 'deparser': end
[19:14:46.283] [bmv2] [D] [thread 10160] [0.0] [cxt 0] Transmitting packet of size 86 out of port 0
[19:14:46.283] [bmv2] [D] [thread 10156] [2.0] [cxt 0] Pipeline 'egress': start
[19:14:46.283] [bmv2] [D] [thread 10156] [2.0] [cxt 0] Pipeline 'egress': end
[19:14:46.283] [bmv2] [D] [thread 10156] [2.0] [cxt 0] Deparser 'deparser': start
[19:14:46.283] [bmv2] [T] [thread 10156] [2.0] [cxt 0] Skipping checksum 'cksum' update because condition not met
[19:14:46.283] [bmv2] [D] [thread 10156] [2.0] [cxt 0] Deparsing header 'ethernet'
[19:14:46.283] [bmv2] [D] [thread 10156] [2.0] [cxt 0] Deparser 'deparser': end
[19:14:46.283] [bmv2] [D] [thread 10160] [1.0] [cxt 0] Transmitting packet of size 90 out of port 0
[19:14:46.283] [bmv2] [D] [thread 10160] [2.0] [cxt 0] Transmitting packet of size 86 out of port 0
[19:14:46.299] [bmv2] [D] [thread 10155] [3.0] [cxt 0] Processing packet received on port 4
[19:14:46.299] [bmv2] [D] [thread 10155] [3.0] [cxt 0] Parser 'parser': start
[19:14:46.299] [bmv2] [D] [thread 10155] [3.0] [cxt 0] Parser 'parser' entering state 'start'
[19:14:46.299] [bmv2] [D] [thread 10155] [3.0] [cxt 0] Extracting header 'ethernet'
[19:14:46.299] [bmv2] [D] [thread 10155] [3.0] [cxt 0] Parser state 'start': key is 86dd
[19:14:46.299] [bmv2] [T] [thread 10155] [3.0] [cxt 0] Bytes parsed: 14
[19:14:46.299] [bmv2] [D] [thread 10155] [3.0] [cxt 0] Parser 'parser': end
[19:14:46.299] [bmv2] [D] [thread 10155] [3.0] [cxt 0] Pipeline 'ingress': start
[19:14:46.299] [bmv2] [T] [thread 10155] [3.0] [cxt 0] /home/p4/Desktop/DDV_protocol/proto_versions/one_attribute/p4src/main.p4(82) Condition "hdr.cpu.isValid()" (node_2) is false
[19:14:46.299] [bmv2] [T] [thread 10155] [3.0] [cxt 0] /home/p4/Desktop/DDV_protocol/proto_versions/one_attribute/p4src/main.p4(89) Condition "hdr.ipv4.protocol == MY_HEADER_PROTO" (node_5) is false
[19:14:46.299] [bmv2] [T] [thread 10155] [3.0] [cxt 0] /home/p4/Desktop/DDV_protocol/proto_versions/one_attribute/p4src/main.p4(92) Condition "hdr.ipv4.isValid()" (node_7) is false
[19:14:46.299] [bmv2] [D] [thread 10155] [3.0] [cxt 0] Pipeline 'ingress': end
[19:14:46.299] [bmv2] [D] [thread 10155] [3.0] [cxt 0] Egress port is 0
[19:14:46.299] [bmv2] [D] [thread 10156] [3.0] [cxt 0] Pipeline 'egress': start
[19:14:46.299] [bmv2] [D] [thread 10156] [3.0] [cxt 0] Pipeline 'egress': end
[19:14:46.299] [bmv2] [D] [thread 10156] [3.0] [cxt 0] Deparser 'deparser': start
[19:14:46.299] [bmv2] [T] [thread 10156] [3.0] [cxt 0] Skipping checksum 'cksum' update because condition not met
[19:14:46.299] [bmv2] [D] [thread 10156] [3.0] [cxt 0] Deparsing header 'ethernet'
[19:14:46.299] [bmv2] [D] [thread 10156] [3.0] [cxt 0] Deparser 'deparser': end
[19:14:46.299] [bmv2] [D] [thread 10160] [3.0] [cxt 0] Transmitting packet of size 86 out of port 0
[19:14:46.303] [bmv2] [D] [thread 10155] [4.0] [cxt 0] Processing packet received on port 5
[19:14:46.303] [bmv2] [D] [thread 10155] [4.0] [cxt 0] Parser 'parser': start
[19:14:46.303] [bmv2] [D] [thread 10155] [4.0] [cxt 0] Parser 'parser' entering state 'start'
[19:14:46.303] [bmv2] [D] [thread 10155] [4.0] [cxt 0] Extracting header 'ethernet'
[19:14:46.303] [bmv2] [D] [thread 10155] [4.0] [cxt 0] Parser state 'start': key is 86dd
[19:14:46.303] [bmv2] [T] [thread 10155] [4.0] [cxt 0] Bytes parsed: 14
[19:14:46.303] [bmv2] [D] [thread 10155] [4.0] [cxt 0] Parser 'parser': end
[19:14:46.303] [bmv2] [D] [thread 10155] [4.0] [cxt 0] Pipeline 'ingress': start
[19:14:46.303] [bmv2] [T] [thread 10155] [4.0] [cxt 0] /home/p4/Desktop/DDV_protocol/proto_versions/one_attribute/p4src/main.p4(82) Condition "hdr.cpu.isValid()" (node_2) is false
[19:14:46.303] [bmv2] [T] [thread 10155] [4.0] [cxt 0] /home/p4/Desktop/DDV_protocol/proto_versions/one_attribute/p4src/main.p4(89) Condition "hdr.ipv4.protocol == MY_HEADER_PROTO" (node_5) is false
[19:14:46.303] [bmv2] [T] [thread 10155] [4.0] [cxt 0] /home/p4/Desktop/DDV_protocol/proto_versions/one_attribute/p4src/main.p4(92) Condition "hdr.ipv4.isValid()" (node_7) is false
[19:14:46.303] [bmv2] [D] [thread 10155] [4.0] [cxt 0] Pipeline 'ingress': end
[19:14:46.303] [bmv2] [D] [thread 10155] [4.0] [cxt 0] Egress port is 0
[19:14:46.303] [bmv2] [D] [thread 10156] [4.0] [cxt 0] Pipeline 'egress': start
[19:14:46.303] [bmv2] [D] [thread 10156] [4.0] [cxt 0] Pipeline 'egress': end
[19:14:46.303] [bmv2] [D] [thread 10156] [4.0] [cxt 0] Deparser 'deparser': start
[19:14:46.303] [bmv2] [T] [thread 10156] [4.0] [cxt 0] Skipping checksum 'cksum' update because condition not met
[19:14:46.303] [bmv2] [D] [thread 10156] [4.0] [cxt 0] Deparsing header 'ethernet'
[19:14:46.303] [bmv2] [D] [thread 10156] [4.0] [cxt 0] Deparser 'deparser': end
[19:14:46.303] [bmv2] [D] [thread 10160] [4.0] [cxt 0] Transmitting packet of size 86 out of port 0
[19:14:46.363] [bmv2] [D] [thread 10155] [5.0] [cxt 0] Processing packet received on port 3
[19:14:46.363] [bmv2] [D] [thread 10155] [5.0] [cxt 0] Parser 'parser': start
[19:14:46.363] [bmv2] [D] [thread 10155] [5.0] [cxt 0] Parser 'parser' entering state 'start'
[19:14:46.363] [bmv2] [D] [thread 10155] [5.0] [cxt 0] Extracting header 'ethernet'
[19:14:46.363] [bmv2] [D] [thread 10155] [5.0] [cxt 0] Parser state 'start': key is 86dd
[19:14:46.363] [bmv2] [T] [thread 10155] [5.0] [cxt 0] Bytes parsed: 14
[19:14:46.363] [bmv2] [D] [thread 10155] [5.0] [cxt 0] Parser 'parser': end
[19:14:46.363] [bmv2] [D] [thread 10155] [5.0] [cxt 0] Pipeline 'ingress': start
[19:14:46.363] [bmv2] [T] [thread 10155] [5.0] [cxt 0] /home/p4/Desktop/DDV_protocol/proto_versions/one_attribute/p4src/main.p4(82) Condition "hdr.cpu.isValid()" (node_2) is false
[19:14:46.363] [bmv2] [T] [thread 10155] [5.0] [cxt 0] /home/p4/Desktop/DDV_protocol/proto_versions/one_attribute/p4src/main.p4(89) Condition "hdr.ipv4.protocol == MY_HEADER_PROTO" (node_5) is false
[19:14:46.363] [bmv2] [T] [thread 10155] [5.0] [cxt 0] /home/p4/Desktop/DDV_protocol/proto_versions/one_attribute/p4src/main.p4(92) Condition "hdr.ipv4.isValid()" (node_7) is false
[19:14:46.363] [bmv2] [D] [thread 10155] [5.0] [cxt 0] Pipeline 'ingress': end
[19:14:46.363] [bmv2] [D] [thread 10155] [5.0] [cxt 0] Egress port is 0
[19:14:46.363] [bmv2] [D] [thread 10156] [5.0] [cxt 0] Pipeline 'egress': start
[19:14:46.363] [bmv2] [D] [thread 10156] [5.0] [cxt 0] Pipeline 'egress': end
[19:14:46.363] [bmv2] [D] [thread 10156] [5.0] [cxt 0] Deparser 'deparser': start
[19:14:46.363] [bmv2] [T] [thread 10156] [5.0] [cxt 0] Skipping checksum 'cksum' update because condition not met
[19:14:46.363] [bmv2] [D] [thread 10156] [5.0] [cxt 0] Deparsing header 'ethernet'
[19:14:46.363] [bmv2] [D] [thread 10156] [5.0] [cxt 0] Deparser 'deparser': end
[19:14:46.363] [bmv2] [D] [thread 10160] [5.0] [cxt 0] Transmitting packet of size 86 out of port 0
[19:14:46.395] [bmv2] [D] [thread 10155] [6.0] [cxt 0] Processing packet received on port 2
[19:14:46.395] [bmv2] [D] [thread 10155] [6.0] [cxt 0] Parser 'parser': start
[19:14:46.395] [bmv2] [D] [thread 10155] [6.0] [cxt 0] Parser 'parser' entering state 'start'
[19:14:46.395] [bmv2] [D] [thread 10155] [6.0] [cxt 0] Extracting header 'ethernet'
[19:14:46.395] [bmv2] [D] [thread 10155] [6.0] [cxt 0] Parser state 'start': key is 86dd
[19:14:46.395] [bmv2] [T] [thread 10155] [6.0] [cxt 0] Bytes parsed: 14
[19:14:46.395] [bmv2] [D] [thread 10155] [6.0] [cxt 0] Parser 'parser': end
[19:14:46.395] [bmv2] [D] [thread 10155] [6.0] [cxt 0] Pipeline 'ingress': start
[19:14:46.395] [bmv2] [T] [thread 10155] [6.0] [cxt 0] /home/p4/Desktop/DDV_protocol/proto_versions/one_attribute/p4src/main.p4(82) Condition "hdr.cpu.isValid()" (node_2) is false
[19:14:46.395] [bmv2] [T] [thread 10155] [6.0] [cxt 0] /home/p4/Desktop/DDV_protocol/proto_versions/one_attribute/p4src/main.p4(89) Condition "hdr.ipv4.protocol == MY_HEADER_PROTO" (node_5) is false
[19:14:46.395] [bmv2] [T] [thread 10155] [6.0] [cxt 0] /home/p4/Desktop/DDV_protocol/proto_versions/one_attribute/p4src/main.p4(92) Condition "hdr.ipv4.isValid()" (node_7) is false
[19:14:46.395] [bmv2] [D] [thread 10155] [6.0] [cxt 0] Pipeline 'ingress': end
[19:14:46.395] [bmv2] [D] [thread 10155] [6.0] [cxt 0] Egress port is 0
[19:14:46.395] [bmv2] [D] [thread 10155] [7.0] [cxt 0] Processing packet received on port 5
[19:14:46.395] [bmv2] [D] [thread 10155] [7.0] [cxt 0] Parser 'parser': start
[19:14:46.395] [bmv2] [D] [thread 10155] [7.0] [cxt 0] Parser 'parser' entering state 'start'
[19:14:46.395] [bmv2] [D] [thread 10155] [7.0] [cxt 0] Extracting header 'ethernet'
[19:14:46.395] [bmv2] [D] [thread 10156] [6.0] [cxt 0] Pipeline 'egress': start
[19:14:46.395] [bmv2] [D] [thread 10155] [7.0] [cxt 0] Parser state 'start': key is 86dd
[19:14:46.395] [bmv2] [D] [thread 10156] [6.0] [cxt 0] Pipeline 'egress': end
[19:14:46.395] [bmv2] [D] [thread 10156] [6.0] [cxt 0] Deparser 'deparser': start
[19:14:46.395] [bmv2] [T] [thread 10155] [7.0] [cxt 0] Bytes parsed: 14
[19:14:46.395] [bmv2] [T] [thread 10156] [6.0] [cxt 0] Skipping checksum 'cksum' update because condition not met
[19:14:46.395] [bmv2] [D] [thread 10155] [7.0] [cxt 0] Parser 'parser': end
[19:14:46.395] [bmv2] [D] [thread 10156] [6.0] [cxt 0] Deparsing header 'ethernet'
[19:14:46.395] [bmv2] [D] [thread 10155] [7.0] [cxt 0] Pipeline 'ingress': start
[19:14:46.395] [bmv2] [D] [thread 10156] [6.0] [cxt 0] Deparser 'deparser': end
[19:14:46.395] [bmv2] [T] [thread 10155] [7.0] [cxt 0] /home/p4/Desktop/DDV_protocol/proto_versions/one_attribute/p4src/main.p4(82) Condition "hdr.cpu.isValid()" (node_2) is false
[19:14:46.395] [bmv2] [T] [thread 10155] [7.0] [cxt 0] /home/p4/Desktop/DDV_protocol/proto_versions/one_attribute/p4src/main.p4(89) Condition "hdr.ipv4.protocol == MY_HEADER_PROTO" (node_5) is false
[19:14:46.395] [bmv2] [T] [thread 10155] [7.0] [cxt 0] /home/p4/Desktop/DDV_protocol/proto_versions/one_attribute/p4src/main.p4(92) Condition "hdr.ipv4.isValid()" (node_7) is false
[19:14:46.395] [bmv2] [D] [thread 10155] [7.0] [cxt 0] Pipeline 'ingress': end
[19:14:46.395] [bmv2] [D] [thread 10155] [7.0] [cxt 0] Egress port is 0
[19:14:46.395] [bmv2] [D] [thread 10160] [6.0] [cxt 0] Transmitting packet of size 86 out of port 0
[19:14:46.396] [bmv2] [D] [thread 10156] [7.0] [cxt 0] Pipeline 'egress': start
[19:14:46.396] [bmv2] [D] [thread 10156] [7.0] [cxt 0] Pipeline 'egress': end
[19:14:46.396] [bmv2] [D] [thread 10156] [7.0] [cxt 0] Deparser 'deparser': start
[19:14:46.396] [bmv2] [T] [thread 10156] [7.0] [cxt 0] Skipping checksum 'cksum' update because condition not met
[19:14:46.396] [bmv2] [D] [thread 10156] [7.0] [cxt 0] Deparsing header 'ethernet'
[19:14:46.396] [bmv2] [D] [thread 10156] [7.0] [cxt 0] Deparser 'deparser': end
[19:14:46.396] [bmv2] [D] [thread 10160] [7.0] [cxt 0] Transmitting packet of size 90 out of port 0
[19:14:46.459] [bmv2] [D] [thread 10155] [8.0] [cxt 0] Processing packet received on port 4
[19:14:46.459] [bmv2] [D] [thread 10155] [8.0] [cxt 0] Parser 'parser': start
[19:14:46.459] [bmv2] [D] [thread 10155] [8.0] [cxt 0] Parser 'parser' entering state 'start'
[19:14:46.459] [bmv2] [D] [thread 10155] [8.0] [cxt 0] Extracting header 'ethernet'
[19:14:46.459] [bmv2] [D] [thread 10155] [8.0] [cxt 0] Parser state 'start': key is 86dd
[19:14:46.459] [bmv2] [T] [thread 10155] [8.0] [cxt 0] Bytes parsed: 14
[19:14:46.459] [bmv2] [D] [thread 10155] [8.0] [cxt 0] Parser 'parser': end
[19:14:46.459] [bmv2] [D] [thread 10155] [8.0] [cxt 0] Pipeline 'ingress': start
[19:14:46.459] [bmv2] [T] [thread 10155] [8.0] [cxt 0] /home/p4/Desktop/DDV_protocol/proto_versions/one_attribute/p4src/main.p4(82) Condition "hdr.cpu.isValid()" (node_2) is false
[19:14:46.459] [bmv2] [T] [thread 10155] [8.0] [cxt 0] /home/p4/Desktop/DDV_protocol/proto_versions/one_attribute/p4src/main.p4(89) Condition "hdr.ipv4.protocol == MY_HEADER_PROTO" (node_5) is false
[19:14:46.459] [bmv2] [T] [thread 10155] [8.0] [cxt 0] /home/p4/Desktop/DDV_protocol/proto_versions/one_attribute/p4src/main.p4(92) Condition "hdr.ipv4.isValid()" (node_7) is false
[19:14:46.459] [bmv2] [D] [thread 10155] [8.0] [cxt 0] Pipeline 'ingress': end
[19:14:46.459] [bmv2] [D] [thread 10155] [8.0] [cxt 0] Egress port is 0
[19:14:46.459] [bmv2] [D] [thread 10156] [8.0] [cxt 0] Pipeline 'egress': start
[19:14:46.459] [bmv2] [D] [thread 10156] [8.0] [cxt 0] Pipeline 'egress': end
[19:14:46.459] [bmv2] [D] [thread 10156] [8.0] [cxt 0] Deparser 'deparser': start
[19:14:46.459] [bmv2] [T] [thread 10156] [8.0] [cxt 0] Skipping checksum 'cksum' update because condition not met
[19:14:46.459] [bmv2] [D] [thread 10156] [8.0] [cxt 0] Deparsing header 'ethernet'
[19:14:46.459] [bmv2] [D] [thread 10156] [8.0] [cxt 0] Deparser 'deparser': end
[19:14:46.459] [bmv2] [D] [thread 10160] [8.0] [cxt 0] Transmitting packet of size 86 out of port 0
[19:14:46.587] [bmv2] [D] [thread 10155] [9.0] [cxt 0] Processing packet received on port 5
[19:14:46.587] [bmv2] [D] [thread 10155] [9.0] [cxt 0] Parser 'parser': start
[19:14:46.587] [bmv2] [D] [thread 10155] [9.0] [cxt 0] Parser 'parser' entering state 'start'
[19:14:46.587] [bmv2] [D] [thread 10155] [9.0] [cxt 0] Extracting header 'ethernet'
[19:14:46.587] [bmv2] [D] [thread 10155] [9.0] [cxt 0] Parser state 'start': key is 86dd
[19:14:46.587] [bmv2] [T] [thread 10155] [9.0] [cxt 0] Bytes parsed: 14
[19:14:46.587] [bmv2] [D] [thread 10155] [9.0] [cxt 0] Parser 'parser': end
[19:14:46.587] [bmv2] [D] [thread 10155] [9.0] [cxt 0] Pipeline 'ingress': start
[19:14:46.587] [bmv2] [T] [thread 10155] [9.0] [cxt 0] /home/p4/Desktop/DDV_protocol/proto_versions/one_attribute/p4src/main.p4(82) Condition "hdr.cpu.isValid()" (node_2) is false
[19:14:46.587] [bmv2] [T] [thread 10155] [9.0] [cxt 0] /home/p4/Desktop/DDV_protocol/proto_versions/one_attribute/p4src/main.p4(89) Condition "hdr.ipv4.protocol == MY_HEADER_PROTO" (node_5) is false
[19:14:46.587] [bmv2] [T] [thread 10155] [9.0] [cxt 0] /home/p4/Desktop/DDV_protocol/proto_versions/one_attribute/p4src/main.p4(92) Condition "hdr.ipv4.isValid()" (node_7) is false
[19:14:46.587] [bmv2] [D] [thread 10155] [9.0] [cxt 0] Pipeline 'ingress': end
[19:14:46.587] [bmv2] [D] [thread 10155] [9.0] [cxt 0] Egress port is 0
[19:14:46.587] [bmv2] [D] [thread 10156] [9.0] [cxt 0] Pipeline 'egress': start
[19:14:46.587] [bmv2] [D] [thread 10156] [9.0] [cxt 0] Pipeline 'egress': end
[19:14:46.587] [bmv2] [D] [thread 10156] [9.0] [cxt 0] Deparser 'deparser': start
[19:14:46.587] [bmv2] [T] [thread 10156] [9.0] [cxt 0] Skipping checksum 'cksum' update because condition not met
[19:14:46.587] [bmv2] [D] [thread 10156] [9.0] [cxt 0] Deparsing header 'ethernet'
[19:14:46.587] [bmv2] [D] [thread 10156] [9.0] [cxt 0] Deparser 'deparser': end
[19:14:46.588] [bmv2] [D] [thread 10160] [9.0] [cxt 0] Transmitting packet of size 86 out of port 0
[19:14:46.651] [bmv2] [D] [thread 10155] [10.0] [cxt 0] Processing packet received on port 2
[19:14:46.651] [bmv2] [D] [thread 10155] [10.0] [cxt 0] Parser 'parser': start
[19:14:46.651] [bmv2] [D] [thread 10155] [10.0] [cxt 0] Parser 'parser' entering state 'start'
[19:14:46.651] [bmv2] [D] [thread 10155] [10.0] [cxt 0] Extracting header 'ethernet'
[19:14:46.651] [bmv2] [D] [thread 10155] [10.0] [cxt 0] Parser state 'start': key is 86dd
[19:14:46.651] [bmv2] [T] [thread 10155] [10.0] [cxt 0] Bytes parsed: 14
[19:14:46.651] [bmv2] [D] [thread 10155] [10.0] [cxt 0] Parser 'parser': end
[19:14:46.651] [bmv2] [D] [thread 10155] [10.0] [cxt 0] Pipeline 'ingress': start
[19:14:46.651] [bmv2] [T] [thread 10155] [10.0] [cxt 0] /home/p4/Desktop/DDV_protocol/proto_versions/one_attribute/p4src/main.p4(82) Condition "hdr.cpu.isValid()" (node_2) is false
[19:14:46.651] [bmv2] [T] [thread 10155] [10.0] [cxt 0] /home/p4/Desktop/DDV_protocol/proto_versions/one_attribute/p4src/main.p4(89) Condition "hdr.ipv4.protocol == MY_HEADER_PROTO" (node_5) is false
[19:14:46.651] [bmv2] [T] [thread 10155] [10.0] [cxt 0] /home/p4/Desktop/DDV_protocol/proto_versions/one_attribute/p4src/main.p4(92) Condition "hdr.ipv4.isValid()" (node_7) is false
[19:14:46.651] [bmv2] [D] [thread 10155] [10.0] [cxt 0] Pipeline 'ingress': end
[19:14:46.651] [bmv2] [D] [thread 10155] [10.0] [cxt 0] Egress port is 0
[19:14:46.651] [bmv2] [D] [thread 10156] [10.0] [cxt 0] Pipeline 'egress': start
[19:14:46.651] [bmv2] [D] [thread 10156] [10.0] [cxt 0] Pipeline 'egress': end
[19:14:46.651] [bmv2] [D] [thread 10156] [10.0] [cxt 0] Deparser 'deparser': start
[19:14:46.651] [bmv2] [T] [thread 10156] [10.0] [cxt 0] Skipping checksum 'cksum' update because condition not met
[19:14:46.651] [bmv2] [D] [thread 10156] [10.0] [cxt 0] Deparsing header 'ethernet'
[19:14:46.651] [bmv2] [D] [thread 10156] [10.0] [cxt 0] Deparser 'deparser': end
[19:14:46.651] [bmv2] [D] [thread 10160] [10.0] [cxt 0] Transmitting packet of size 90 out of port 0
[19:14:46.715] [bmv2] [D] [thread 10155] [11.0] [cxt 0] Processing packet received on port 1
[19:14:46.715] [bmv2] [D] [thread 10155] [11.0] [cxt 0] Parser 'parser': start
[19:14:46.715] [bmv2] [D] [thread 10155] [11.0] [cxt 0] Parser 'parser' entering state 'start'
[19:14:46.715] [bmv2] [D] [thread 10155] [11.0] [cxt 0] Extracting header 'ethernet'
[19:14:46.715] [bmv2] [D] [thread 10155] [11.0] [cxt 0] Parser state 'start': key is 86dd
[19:14:46.715] [bmv2] [T] [thread 10155] [11.0] [cxt 0] Bytes parsed: 14
[19:14:46.715] [bmv2] [D] [thread 10155] [11.0] [cxt 0] Parser 'parser': end
[19:14:46.715] [bmv2] [D] [thread 10155] [11.0] [cxt 0] Pipeline 'ingress': start
[19:14:46.715] [bmv2] [T] [thread 10155] [11.0] [cxt 0] /home/p4/Desktop/DDV_protocol/proto_versions/one_attribute/p4src/main.p4(82) Condition "hdr.cpu.isValid()" (node_2) is false
[19:14:46.715] [bmv2] [T] [thread 10155] [11.0] [cxt 0] /home/p4/Desktop/DDV_protocol/proto_versions/one_attribute/p4src/main.p4(89) Condition "hdr.ipv4.protocol == MY_HEADER_PROTO" (node_5) is false
[19:14:46.715] [bmv2] [T] [thread 10155] [11.0] [cxt 0] /home/p4/Desktop/DDV_protocol/proto_versions/one_attribute/p4src/main.p4(92) Condition "hdr.ipv4.isValid()" (node_7) is false
[19:14:46.715] [bmv2] [D] [thread 10155] [11.0] [cxt 0] Pipeline 'ingress': end
[19:14:46.715] [bmv2] [D] [thread 10155] [11.0] [cxt 0] Egress port is 0
[19:14:46.715] [bmv2] [D] [thread 10155] [12.0] [cxt 0] Processing packet received on port 3
[19:14:46.715] [bmv2] [D] [thread 10155] [12.0] [cxt 0] Parser 'parser': start
[19:14:46.715] [bmv2] [D] [thread 10155] [12.0] [cxt 0] Parser 'parser' entering state 'start'
[19:14:46.715] [bmv2] [D] [thread 10155] [12.0] [cxt 0] Extracting header 'ethernet'
[19:14:46.715] [bmv2] [D] [thread 10155] [12.0] [cxt 0] Parser state 'start': key is 86dd
[19:14:46.715] [bmv2] [T] [thread 10155] [12.0] [cxt 0] Bytes parsed: 14
[19:14:46.715] [bmv2] [D] [thread 10155] [12.0] [cxt 0] Parser 'parser': end
[19:14:46.715] [bmv2] [D] [thread 10155] [12.0] [cxt 0] Pipeline 'ingress': start
[19:14:46.715] [bmv2] [T] [thread 10155] [12.0] [cxt 0] /home/p4/Desktop/DDV_protocol/proto_versions/one_attribute/p4src/main.p4(82) Condition "hdr.cpu.isValid()" (node_2) is false
[19:14:46.715] [bmv2] [T] [thread 10155] [12.0] [cxt 0] /home/p4/Desktop/DDV_protocol/proto_versions/one_attribute/p4src/main.p4(89) Condition "hdr.ipv4.protocol == MY_HEADER_PROTO" (node_5) is false
[19:14:46.715] [bmv2] [T] [thread 10155] [12.0] [cxt 0] /home/p4/Desktop/DDV_protocol/proto_versions/one_attribute/p4src/main.p4(92) Condition "hdr.ipv4.isValid()" (node_7) is false
[19:14:46.715] [bmv2] [D] [thread 10155] [12.0] [cxt 0] Pipeline 'ingress': end
[19:14:46.715] [bmv2] [D] [thread 10155] [12.0] [cxt 0] Egress port is 0
[19:14:46.716] [bmv2] [D] [thread 10156] [11.0] [cxt 0] Pipeline 'egress': start
[19:14:46.716] [bmv2] [D] [thread 10156] [11.0] [cxt 0] Pipeline 'egress': end
[19:14:46.716] [bmv2] [D] [thread 10156] [11.0] [cxt 0] Deparser 'deparser': start
[19:14:46.716] [bmv2] [T] [thread 10156] [11.0] [cxt 0] Skipping checksum 'cksum' update because condition not met
[19:14:46.716] [bmv2] [D] [thread 10156] [11.0] [cxt 0] Deparsing header 'ethernet'
[19:14:46.716] [bmv2] [D] [thread 10156] [11.0] [cxt 0] Deparser 'deparser': end
[19:14:46.716] [bmv2] [D] [thread 10156] [12.0] [cxt 0] Pipeline 'egress': start
[19:14:46.716] [bmv2] [D] [thread 10156] [12.0] [cxt 0] Pipeline 'egress': end
[19:14:46.716] [bmv2] [D] [thread 10156] [12.0] [cxt 0] Deparser 'deparser': start
[19:14:46.716] [bmv2] [D] [thread 10160] [11.0] [cxt 0] Transmitting packet of size 90 out of port 0
[19:14:46.716] [bmv2] [T] [thread 10156] [12.0] [cxt 0] Skipping checksum 'cksum' update because condition not met
[19:14:46.716] [bmv2] [D] [thread 10156] [12.0] [cxt 0] Deparsing header 'ethernet'
[19:14:46.716] [bmv2] [D] [thread 10156] [12.0] [cxt 0] Deparser 'deparser': end
[19:14:46.716] [bmv2] [D] [thread 10160] [12.0] [cxt 0] Transmitting packet of size 90 out of port 0
[19:14:47.037] [bmv2] [D] [thread 10155] [13.0] [cxt 0] Processing packet received on port 2
[19:14:47.037] [bmv2] [D] [thread 10155] [13.0] [cxt 0] Parser 'parser': start
[19:14:47.037] [bmv2] [D] [thread 10155] [13.0] [cxt 0] Parser 'parser' entering state 'start'
[19:14:47.037] [bmv2] [D] [thread 10155] [13.0] [cxt 0] Extracting header 'ethernet'
[19:14:47.037] [bmv2] [D] [thread 10155] [13.0] [cxt 0] Parser state 'start': key is 86dd
[19:14:47.037] [bmv2] [T] [thread 10155] [13.0] [cxt 0] Bytes parsed: 14
[19:14:47.037] [bmv2] [D] [thread 10155] [13.0] [cxt 0] Parser 'parser': end
[19:14:47.037] [bmv2] [D] [thread 10155] [13.0] [cxt 0] Pipeline 'ingress': start
[19:14:47.037] [bmv2] [T] [thread 10155] [13.0] [cxt 0] /home/p4/Desktop/DDV_protocol/proto_versions/one_attribute/p4src/main.p4(82) Condition "hdr.cpu.isValid()" (node_2) is false
[19:14:47.037] [bmv2] [T] [thread 10155] [13.0] [cxt 0] /home/p4/Desktop/DDV_protocol/proto_versions/one_attribute/p4src/main.p4(89) Condition "hdr.ipv4.protocol == MY_HEADER_PROTO" (node_5) is false
[19:14:47.037] [bmv2] [T] [thread 10155] [13.0] [cxt 0] /home/p4/Desktop/DDV_protocol/proto_versions/one_attribute/p4src/main.p4(92) Condition "hdr.ipv4.isValid()" (node_7) is false
[19:14:47.037] [bmv2] [D] [thread 10155] [13.0] [cxt 0] Pipeline 'ingress': end
[19:14:47.037] [bmv2] [D] [thread 10155] [13.0] [cxt 0] Egress port is 0
[19:14:47.037] [bmv2] [D] [thread 10155] [14.0] [cxt 0] Processing packet received on port 2
[19:14:47.037] [bmv2] [D] [thread 10155] [14.0] [cxt 0] Parser 'parser': start
[19:14:47.037] [bmv2] [D] [thread 10155] [14.0] [cxt 0] Parser 'parser' entering state 'start'
[19:14:47.037] [bmv2] [D] [thread 10155] [14.0] [cxt 0] Extracting header 'ethernet'
[19:14:47.037] [bmv2] [D] [thread 10155] [14.0] [cxt 0] Parser state 'start': key is 86dd
[19:14:47.037] [bmv2] [T] [thread 10155] [14.0] [cxt 0] Bytes parsed: 14
[19:14:47.037] [bmv2] [D] [thread 10155] [14.0] [cxt 0] Parser 'parser': end
[19:14:47.037] [bmv2] [D] [thread 10155] [14.0] [cxt 0] Pipeline 'ingress': start
[19:14:47.037] [bmv2] [T] [thread 10155] [14.0] [cxt 0] /home/p4/Desktop/DDV_protocol/proto_versions/one_attribute/p4src/main.p4(82) Condition "hdr.cpu.isValid()" (node_2) is false
[19:14:47.037] [bmv2] [T] [thread 10155] [14.0] [cxt 0] /home/p4/Desktop/DDV_protocol/proto_versions/one_attribute/p4src/main.p4(89) Condition "hdr.ipv4.protocol == MY_HEADER_PROTO" (node_5) is false
[19:14:47.037] [bmv2] [T] [thread 10155] [14.0] [cxt 0] /home/p4/Desktop/DDV_protocol/proto_versions/one_attribute/p4src/main.p4(92) Condition "hdr.ipv4.isValid()" (node_7) is false
[19:14:47.037] [bmv2] [D] [thread 10155] [14.0] [cxt 0] Pipeline 'ingress': end
[19:14:47.037] [bmv2] [D] [thread 10155] [14.0] [cxt 0] Egress port is 0
[19:14:47.038] [bmv2] [D] [thread 10156] [13.0] [cxt 0] Pipeline 'egress': start
[19:14:47.038] [bmv2] [D] [thread 10156] [13.0] [cxt 0] Pipeline 'egress': end
[19:14:47.038] [bmv2] [D] [thread 10156] [13.0] [cxt 0] Deparser 'deparser': start
[19:14:47.038] [bmv2] [T] [thread 10156] [13.0] [cxt 0] Skipping checksum 'cksum' update because condition not met
[19:14:47.038] [bmv2] [D] [thread 10156] [13.0] [cxt 0] Deparsing header 'ethernet'
[19:14:47.038] [bmv2] [D] [thread 10156] [13.0] [cxt 0] Deparser 'deparser': end
[19:14:47.038] [bmv2] [D] [thread 10156] [14.0] [cxt 0] Pipeline 'egress': start
[19:14:47.038] [bmv2] [D] [thread 10156] [14.0] [cxt 0] Pipeline 'egress': end
[19:14:47.038] [bmv2] [D] [thread 10156] [14.0] [cxt 0] Deparser 'deparser': start
[19:14:47.038] [bmv2] [T] [thread 10156] [14.0] [cxt 0] Skipping checksum 'cksum' update because condition not met
[19:14:47.038] [bmv2] [D] [thread 10156] [14.0] [cxt 0] Deparsing header 'ethernet'
[19:14:47.038] [bmv2] [D] [thread 10156] [14.0] [cxt 0] Deparser 'deparser': end
[19:14:47.038] [bmv2] [D] [thread 10160] [13.0] [cxt 0] Transmitting packet of size 90 out of port 0
[19:14:47.038] [bmv2] [D] [thread 10160] [14.0] [cxt 0] Transmitting packet of size 70 out of port 0
[19:14:47.047] [bmv2] [D] [thread 10155] [15.0] [cxt 0] Processing packet received on port 2
[19:14:47.047] [bmv2] [D] [thread 10155] [15.0] [cxt 0] Parser 'parser': start
[19:14:47.047] [bmv2] [D] [thread 10155] [15.0] [cxt 0] Parser 'parser' entering state 'start'
[19:14:47.047] [bmv2] [D] [thread 10155] [15.0] [cxt 0] Extracting header 'ethernet'
[19:14:47.047] [bmv2] [D] [thread 10155] [15.0] [cxt 0] Parser state 'start': key is 86dd
[19:14:47.047] [bmv2] [T] [thread 10155] [15.0] [cxt 0] Bytes parsed: 14
[19:14:47.047] [bmv2] [D] [thread 10155] [15.0] [cxt 0] Parser 'parser': end
[19:14:47.047] [bmv2] [D] [thread 10155] [15.0] [cxt 0] Pipeline 'ingress': start
[19:14:47.047] [bmv2] [T] [thread 10155] [15.0] [cxt 0] /home/p4/Desktop/DDV_protocol/proto_versions/one_attribute/p4src/main.p4(82) Condition "hdr.cpu.isValid()" (node_2) is false
[19:14:47.047] [bmv2] [T] [thread 10155] [15.0] [cxt 0] /home/p4/Desktop/DDV_protocol/proto_versions/one_attribute/p4src/main.p4(89) Condition "hdr.ipv4.protocol == MY_HEADER_PROTO" (node_5) is false
[19:14:47.048] [bmv2] [T] [thread 10155] [15.0] [cxt 0] /home/p4/Desktop/DDV_protocol/proto_versions/one_attribute/p4src/main.p4(92) Condition "hdr.ipv4.isValid()" (node_7) is false
[19:14:47.048] [bmv2] [D] [thread 10155] [15.0] [cxt 0] Pipeline 'ingress': end
[19:14:47.048] [bmv2] [D] [thread 10155] [15.0] [cxt 0] Egress port is 0
[19:14:47.048] [bmv2] [D] [thread 10156] [15.0] [cxt 0] Pipeline 'egress': start
[19:14:47.048] [bmv2] [D] [thread 10156] [15.0] [cxt 0] Pipeline 'egress': end
[19:14:47.048] [bmv2] [D] [thread 10156] [15.0] [cxt 0] Deparser 'deparser': start
[19:14:47.048] [bmv2] [T] [thread 10156] [15.0] [cxt 0] Skipping checksum 'cksum' update because condition not met
[19:14:47.048] [bmv2] [D] [thread 10156] [15.0] [cxt 0] Deparsing header 'ethernet'
[19:14:47.048] [bmv2] [D] [thread 10156] [15.0] [cxt 0] Deparser 'deparser': end
[19:14:47.048] [bmv2] [D] [thread 10160] [15.0] [cxt 0] Transmitting packet of size 90 out of port 0
[19:14:49.320] [bmv2] [D] [thread 10151] Set default default entry for table 'tbl_main83': main83 - 
[19:14:49.320] [bmv2] [D] [thread 10151] Set default default entry for table 'MyIngress.broadcast_elected_attr': MyIngress.drop - 
[19:14:49.320] [bmv2] [D] [thread 10151] Set default default entry for table 'MyIngress.cpu_table': MyIngress.drop - 
[19:14:49.321] [bmv2] [D] [thread 10151] Set default default entry for table 'MyIngress.ipv4_lpm': MyIngress.drop - 
[19:14:49.326] [bmv2] [D] [thread 10151] simple_switch target has been notified of a config swap
[19:14:49.364] [bmv2] [D] [thread 10151] Set default default entry for table 'tbl_main83': main83 - 
[19:14:49.364] [bmv2] [D] [thread 10151] Set default default entry for table 'MyIngress.broadcast_elected_attr': MyIngress.drop - 
[19:14:49.364] [bmv2] [D] [thread 10151] Set default default entry for table 'MyIngress.cpu_table': MyIngress.drop - 
[19:14:49.364] [bmv2] [D] [thread 10151] Set default default entry for table 'MyIngress.ipv4_lpm': MyIngress.drop - 
[19:14:49.367] [bmv2] [D] [thread 10151] simple_switch target has been notified of a config swap
[19:14:49.373] [bmv2] [T] [thread 10513] bm_get_config
[19:14:49.375] [bmv2] [T] [thread 10513] bm_mt_get_entries
[19:14:49.377] [bmv2] [T] [thread 10513] bm_mt_get_entries
[19:14:49.378] [bmv2] [T] [thread 10513] bm_mt_get_entries
[19:14:49.378] [bmv2] [T] [thread 10513] bm_reset_state
[19:14:49.391] [bmv2] [D] [thread 10513] Resetting simple_switch target-specific state
[19:14:49.392] [bmv2] [D] [thread 10513] resetting PRE state
[19:14:49.396] [bmv2] [D] [thread 10151] mgrp node created for mgid 2
[19:14:49.396] [bmv2] [D] [thread 10151] node created for rid 0
[19:14:49.397] [bmv2] [D] [thread 10151] node associated with mgid 2
[19:14:49.401] [bmv2] [D] [thread 10507] Entry 0 added to table 'MyIngress.broadcast_elected_attr'
[19:14:49.401] [bmv2] [D] [thread 10507] Dumping entry 0
Match key:
* meta.ingress_port   : EXACT     0002
Action entry: MyIngress.set_mcast_grp - 2,

[19:14:49.404] [bmv2] [D] [thread 10151] mgrp node created for mgid 3
[19:14:49.404] [bmv2] [D] [thread 10151] node created for rid 0
[19:14:49.404] [bmv2] [D] [thread 10151] node associated with mgid 3
[19:14:49.409] [bmv2] [D] [thread 10507] Entry 1 added to table 'MyIngress.broadcast_elected_attr'
[19:14:49.409] [bmv2] [D] [thread 10507] Dumping entry 1
Match key:
* meta.ingress_port   : EXACT     0003
Action entry: MyIngress.set_mcast_grp - 3,

[19:14:49.411] [bmv2] [D] [thread 10151] mgrp node created for mgid 4
[19:14:49.411] [bmv2] [D] [thread 10151] node created for rid 0
[19:14:49.411] [bmv2] [D] [thread 10151] node associated with mgid 4
[19:14:49.414] [bmv2] [D] [thread 10507] Entry 2 added to table 'MyIngress.broadcast_elected_attr'
[19:14:49.415] [bmv2] [D] [thread 10507] Dumping entry 2
Match key:
* meta.ingress_port   : EXACT     0004
Action entry: MyIngress.set_mcast_grp - 4,

[19:14:49.416] [bmv2] [D] [thread 10151] mgrp node created for mgid 100
[19:14:49.416] [bmv2] [D] [thread 10151] node created for rid 0
[19:14:49.416] [bmv2] [D] [thread 10151] node associated with mgid 100
[19:14:49.419] [bmv2] [D] [thread 10507] Entry 3 added to table 'MyIngress.broadcast_elected_attr'
[19:14:49.419] [bmv2] [D] [thread 10507] Dumping entry 3
Match key:
* meta.ingress_port   : EXACT     0064
Action entry: MyIngress.set_mcast_grp - 64,

[19:14:49.423] [bmv2] [D] [thread 10151] Entry 0 added to table 'MyIngress.ipv4_lpm'
[19:14:49.423] [bmv2] [D] [thread 10151] Dumping entry 0
Match key:
* hdr.ipv4.dstAddr    : LPM       0a000101/32
Action entry: MyIngress.ipv4_forward - a000101,1,

[19:14:49.426] [bmv2] [D] [thread 10507] Entry 0 added to table 'MyIngress.cpu_table'
[19:14:49.426] [bmv2] [D] [thread 10507] Dumping entry 0
Match key:
* hdr.ipv4.protocol   : EXACT     fe
Action entry: MyIngress.send_to_cpu - 5,

[19:15:13.424] [bmv2] [D] [thread 10155] [16.0] [cxt 0] Processing packet received on port 2
[19:15:13.424] [bmv2] [D] [thread 10155] [16.0] [cxt 0] Parser 'parser': start
[19:15:13.424] [bmv2] [D] [thread 10155] [16.0] [cxt 0] Parser 'parser' entering state 'start'
[19:15:13.424] [bmv2] [D] [thread 10155] [16.0] [cxt 0] Extracting header 'ethernet'
[19:15:13.424] [bmv2] [D] [thread 10155] [16.0] [cxt 0] Parser state 'start': key is 0800
[19:15:13.424] [bmv2] [T] [thread 10155] [16.0] [cxt 0] Bytes parsed: 14
[19:15:13.424] [bmv2] [D] [thread 10155] [16.0] [cxt 0] Parser 'parser' entering state 'parse_ipv4'
[19:15:13.424] [bmv2] [D] [thread 10155] [16.0] [cxt 0] Extracting header 'ipv4'
[19:15:13.424] [bmv2] [D] [thread 10155] [16.0] [cxt 0] Parser state 'parse_ipv4': key is fe
[19:15:13.424] [bmv2] [T] [thread 10155] [16.0] [cxt 0] Bytes parsed: 34
[19:15:13.424] [bmv2] [D] [thread 10155] [16.0] [cxt 0] Parser 'parser': end
[19:15:13.424] [bmv2] [D] [thread 10155] [16.0] [cxt 0] Pipeline 'ingress': start
[19:15:13.424] [bmv2] [T] [thread 10155] [16.0] [cxt 0] /home/p4/Desktop/DDV_protocol/proto_versions/one_attribute/p4src/main.p4(82) Condition "hdr.cpu.isValid()" (node_2) is false
[19:15:13.424] [bmv2] [T] [thread 10155] [16.0] [cxt 0] /home/p4/Desktop/DDV_protocol/proto_versions/one_attribute/p4src/main.p4(89) Condition "hdr.ipv4.protocol == MY_HEADER_PROTO" (node_5) is true
[19:15:13.424] [bmv2] [T] [thread 10155] [16.0] [cxt 0] Applying table 'MyIngress.cpu_table'
[19:15:13.424] [bmv2] [D] [thread 10155] [16.0] [cxt 0] Looking up key:
* hdr.ipv4.protocol   : fe

[19:15:13.424] [bmv2] [D] [thread 10155] [16.0] [cxt 0] Table 'MyIngress.cpu_table': hit with handle 0
[19:15:13.424] [bmv2] [D] [thread 10155] [16.0] [cxt 0] Dumping entry 0
Match key:
* hdr.ipv4.protocol   : EXACT     fe
Action entry: MyIngress.send_to_cpu - 5,

[19:15:13.424] [bmv2] [D] [thread 10155] [16.0] [cxt 0] Action entry is MyIngress.send_to_cpu - 5,
[19:15:13.424] [bmv2] [T] [thread 10155] [16.0] [cxt 0] Action MyIngress.send_to_cpu
[19:15:13.424] [bmv2] [T] [thread 10155] [16.0] [cxt 0] /home/p4/Desktop/DDV_protocol/proto_versions/one_attribute/p4src/include/headers.p4(6) Primitive 253; ...
[19:15:13.424] [bmv2] [T] [thread 10155] [16.0] [cxt 0] /home/p4/Desktop/DDV_protocol/proto_versions/one_attribute/p4src/main.p4(43) Primitive hdr.cpu.setValid()
[19:15:13.424] [bmv2] [T] [thread 10155] [16.0] [cxt 0] /home/p4/Desktop/DDV_protocol/proto_versions/one_attribute/p4src/main.p4(44) Primitive hdr.cpu.ingress_port = (bit<16>)standard_metadata.ingress_port
[19:15:13.424] [bmv2] [T] [thread 10155] [16.0] [cxt 0] /home/p4/Desktop/DDV_protocol/proto_versions/one_attribute/p4src/main.p4(45) Primitive standard_metadata.egress_spec = cpu_port
[19:15:13.424] [bmv2] [D] [thread 10155] [16.0] [cxt 0] Pipeline 'ingress': end
[19:15:13.424] [bmv2] [D] [thread 10155] [16.0] [cxt 0] Egress port is 5
[19:15:13.424] [bmv2] [D] [thread 10157] [16.0] [cxt 0] Pipeline 'egress': start
[19:15:13.424] [bmv2] [D] [thread 10157] [16.0] [cxt 0] Pipeline 'egress': end
[19:15:13.424] [bmv2] [D] [thread 10157] [16.0] [cxt 0] Deparser 'deparser': start
[19:15:13.425] [bmv2] [D] [thread 10157] [16.0] [cxt 0] Updating checksum 'cksum'
[19:15:13.425] [bmv2] [D] [thread 10157] [16.0] [cxt 0] Deparsing header 'ethernet'
[19:15:13.425] [bmv2] [D] [thread 10157] [16.0] [cxt 0] Deparsing header 'ipv4'
[19:15:13.425] [bmv2] [D] [thread 10157] [16.0] [cxt 0] Deparsing header 'cpu'
[19:15:13.425] [bmv2] [D] [thread 10157] [16.0] [cxt 0] Deparser 'deparser': end
[19:15:13.425] [bmv2] [D] [thread 10160] [16.0] [cxt 0] Transmitting packet of size 80 out of port 5
[19:15:13.433] [bmv2] [D] [thread 10507] Entry 1 added to table 'MyIngress.ipv4_lpm'
[19:15:13.433] [bmv2] [D] [thread 10507] Dumping entry 1
Match key:
* hdr.ipv4.dstAddr    : LPM       0a000200/32
Action entry: MyIngress.ipv4_forward - be11853d1740,2,

[19:15:13.440] [bmv2] [D] [thread 10155] [17.0] [cxt 0] Processing packet received on port 5
[19:15:13.440] [bmv2] [D] [thread 10155] [17.0] [cxt 0] Parser 'parser': start
[19:15:13.440] [bmv2] [D] [thread 10155] [17.0] [cxt 0] Parser 'parser' entering state 'start'
[19:15:13.440] [bmv2] [D] [thread 10155] [17.0] [cxt 0] Extracting header 'ethernet'
[19:15:13.440] [bmv2] [D] [thread 10155] [17.0] [cxt 0] Parser state 'start': key is 0800
[19:15:13.440] [bmv2] [T] [thread 10155] [17.0] [cxt 0] Bytes parsed: 14
[19:15:13.440] [bmv2] [D] [thread 10155] [17.0] [cxt 0] Parser 'parser' entering state 'parse_ipv4'
[19:15:13.440] [bmv2] [D] [thread 10155] [17.0] [cxt 0] Extracting header 'ipv4'
[19:15:13.440] [bmv2] [D] [thread 10155] [17.0] [cxt 0] Parser state 'parse_ipv4': key is fd
[19:15:13.440] [bmv2] [T] [thread 10155] [17.0] [cxt 0] Bytes parsed: 34
[19:15:13.440] [bmv2] [D] [thread 10155] [17.0] [cxt 0] Parser 'parser' entering state 'parse_cpu'
[19:15:13.440] [bmv2] [D] [thread 10155] [17.0] [cxt 0] Extracting header 'cpu'
[19:15:13.440] [bmv2] [D] [thread 10155] [17.0] [cxt 0] Parser state 'parse_cpu' has no switch, going to default next state
[19:15:13.440] [bmv2] [T] [thread 10155] [17.0] [cxt 0] Bytes parsed: 36
[19:15:13.440] [bmv2] [D] [thread 10155] [17.0] [cxt 0] Parser 'parser': end
[19:15:13.440] [bmv2] [D] [thread 10155] [17.0] [cxt 0] Pipeline 'ingress': start
[19:15:13.440] [bmv2] [T] [thread 10155] [17.0] [cxt 0] /home/p4/Desktop/DDV_protocol/proto_versions/one_attribute/p4src/main.p4(82) Condition "hdr.cpu.isValid()" (node_2) is true
[19:15:13.441] [bmv2] [T] [thread 10155] [17.0] [cxt 0] Applying table 'tbl_main83'
[19:15:13.441] [bmv2] [D] [thread 10155] [17.0] [cxt 0] Looking up key:

[19:15:13.441] [bmv2] [D] [thread 10155] [17.0] [cxt 0] Table 'tbl_main83': miss
[19:15:13.441] [bmv2] [D] [thread 10155] [17.0] [cxt 0] Action entry is main83 - 
[19:15:13.441] [bmv2] [T] [thread 10155] [17.0] [cxt 0] Action main83
[19:15:13.441] [bmv2] [T] [thread 10155] [17.0] [cxt 0] /home/p4/Desktop/DDV_protocol/proto_versions/one_attribute/p4src/main.p4(83) Primitive meta.ingress_port = (bit<9>)hdr.cpu.ingress_port
[19:15:13.441] [bmv2] [T] [thread 10155] [17.0] [cxt 0] /home/p4/Desktop/DDV_protocol/proto_versions/one_attribute/p4src/main.p4(84) Primitive hdr.cpu.setInvalid()
[19:15:13.441] [bmv2] [T] [thread 10155] [17.0] [cxt 0] /home/p4/Desktop/DDV_protocol/proto_versions/one_attribute/p4src/include/headers.p4(5) Primitive 254; ...
[19:15:13.441] [bmv2] [T] [thread 10155] [17.0] [cxt 0] Applying table 'MyIngress.broadcast_elected_attr'
[19:15:13.441] [bmv2] [D] [thread 10155] [17.0] [cxt 0] Looking up key:
* meta.ingress_port   : 0002

[19:15:13.441] [bmv2] [D] [thread 10155] [17.0] [cxt 0] Table 'MyIngress.broadcast_elected_attr': hit with handle 0
[19:15:13.441] [bmv2] [D] [thread 10155] [17.0] [cxt 0] Dumping entry 0
Match key:
* meta.ingress_port   : EXACT     0002
Action entry: MyIngress.set_mcast_grp - 2,

[19:15:13.441] [bmv2] [D] [thread 10155] [17.0] [cxt 0] Action entry is MyIngress.set_mcast_grp - 2,
[19:15:13.441] [bmv2] [T] [thread 10155] [17.0] [cxt 0] Action MyIngress.set_mcast_grp
[19:15:13.441] [bmv2] [T] [thread 10155] [17.0] [cxt 0] /home/p4/Desktop/DDV_protocol/proto_versions/one_attribute/p4src/main.p4(64) Primitive standard_metadata.mcast_grp = mcast_id
[19:15:13.441] [bmv2] [D] [thread 10155] [17.0] [cxt 0] Pipeline 'ingress': end
[19:15:13.441] [bmv2] [D] [thread 10155] [17.0] [cxt 0] Multicast requested for packet
[19:15:13.441] [bmv2] [D] [thread 10155] number of packets replicated : 2
[19:15:13.441] [bmv2] [D] [thread 10155] [17.0] [cxt 0] Replicating packet on port 3
[19:15:13.441] [bmv2] [D] [thread 10155] [17.0] [cxt 0] Replicating packet on port 4
[19:15:13.442] [bmv2] [D] [thread 10159] [17.1] [cxt 0] Pipeline 'egress': start
[19:15:13.442] [bmv2] [D] [thread 10159] [17.1] [cxt 0] Pipeline 'egress': end
[19:15:13.442] [bmv2] [D] [thread 10159] [17.1] [cxt 0] Deparser 'deparser': start
[19:15:13.442] [bmv2] [D] [thread 10159] [17.1] [cxt 0] Updating checksum 'cksum'
[19:15:13.442] [bmv2] [D] [thread 10159] [17.1] [cxt 0] Deparsing header 'ethernet'
[19:15:13.442] [bmv2] [D] [thread 10159] [17.1] [cxt 0] Deparsing header 'ipv4'
[19:15:13.442] [bmv2] [D] [thread 10159] [17.1] [cxt 0] Deparser 'deparser': end
[19:15:13.442] [bmv2] [D] [thread 10160] [17.1] [cxt 0] Transmitting packet of size 78 out of port 3
[19:15:13.443] [bmv2] [D] [thread 10156] [17.2] [cxt 0] Pipeline 'egress': start
[19:15:13.443] [bmv2] [D] [thread 10156] [17.2] [cxt 0] Pipeline 'egress': end
[19:15:13.443] [bmv2] [D] [thread 10156] [17.2] [cxt 0] Deparser 'deparser': start
[19:15:13.443] [bmv2] [D] [thread 10156] [17.2] [cxt 0] Updating checksum 'cksum'
[19:15:13.443] [bmv2] [D] [thread 10156] [17.2] [cxt 0] Deparsing header 'ethernet'
[19:15:13.443] [bmv2] [D] [thread 10156] [17.2] [cxt 0] Deparsing header 'ipv4'
[19:15:13.443] [bmv2] [D] [thread 10156] [17.2] [cxt 0] Deparser 'deparser': end
[19:15:13.443] [bmv2] [D] [thread 10160] [17.2] [cxt 0] Transmitting packet of size 78 out of port 4
[19:15:13.457] [bmv2] [D] [thread 10155] [18.0] [cxt 0] Processing packet received on port 4
[19:15:13.457] [bmv2] [D] [thread 10155] [18.0] [cxt 0] Parser 'parser': start
[19:15:13.457] [bmv2] [D] [thread 10155] [18.0] [cxt 0] Parser 'parser' entering state 'start'
[19:15:13.457] [bmv2] [D] [thread 10155] [18.0] [cxt 0] Extracting header 'ethernet'
[19:15:13.458] [bmv2] [D] [thread 10155] [18.0] [cxt 0] Parser state 'start': key is 0800
[19:15:13.458] [bmv2] [T] [thread 10155] [18.0] [cxt 0] Bytes parsed: 14
[19:15:13.458] [bmv2] [D] [thread 10155] [18.0] [cxt 0] Parser 'parser' entering state 'parse_ipv4'
[19:15:13.458] [bmv2] [D] [thread 10155] [18.0] [cxt 0] Extracting header 'ipv4'
[19:15:13.458] [bmv2] [D] [thread 10155] [18.0] [cxt 0] Parser state 'parse_ipv4': key is fe
[19:15:13.458] [bmv2] [T] [thread 10155] [18.0] [cxt 0] Bytes parsed: 34
[19:15:13.458] [bmv2] [D] [thread 10155] [18.0] [cxt 0] Parser 'parser': end
[19:15:13.458] [bmv2] [D] [thread 10155] [18.0] [cxt 0] Pipeline 'ingress': start
[19:15:13.458] [bmv2] [T] [thread 10155] [18.0] [cxt 0] /home/p4/Desktop/DDV_protocol/proto_versions/one_attribute/p4src/main.p4(82) Condition "hdr.cpu.isValid()" (node_2) is false
[19:15:13.458] [bmv2] [T] [thread 10155] [18.0] [cxt 0] /home/p4/Desktop/DDV_protocol/proto_versions/one_attribute/p4src/main.p4(89) Condition "hdr.ipv4.protocol == MY_HEADER_PROTO" (node_5) is true
[19:15:13.458] [bmv2] [T] [thread 10155] [18.0] [cxt 0] Applying table 'MyIngress.cpu_table'
[19:15:13.458] [bmv2] [D] [thread 10155] [18.0] [cxt 0] Looking up key:
* hdr.ipv4.protocol   : fe

[19:15:13.458] [bmv2] [D] [thread 10155] [18.0] [cxt 0] Table 'MyIngress.cpu_table': hit with handle 0
[19:15:13.458] [bmv2] [D] [thread 10155] [18.0] [cxt 0] Dumping entry 0
Match key:
* hdr.ipv4.protocol   : EXACT     fe
Action entry: MyIngress.send_to_cpu - 5,

[19:15:13.458] [bmv2] [D] [thread 10155] [18.0] [cxt 0] Action entry is MyIngress.send_to_cpu - 5,
[19:15:13.458] [bmv2] [T] [thread 10155] [18.0] [cxt 0] Action MyIngress.send_to_cpu
[19:15:13.458] [bmv2] [T] [thread 10155] [18.0] [cxt 0] /home/p4/Desktop/DDV_protocol/proto_versions/one_attribute/p4src/include/headers.p4(6) Primitive 253; ...
[19:15:13.458] [bmv2] [T] [thread 10155] [18.0] [cxt 0] /home/p4/Desktop/DDV_protocol/proto_versions/one_attribute/p4src/main.p4(43) Primitive hdr.cpu.setValid()
[19:15:13.458] [bmv2] [T] [thread 10155] [18.0] [cxt 0] /home/p4/Desktop/DDV_protocol/proto_versions/one_attribute/p4src/main.p4(44) Primitive hdr.cpu.ingress_port = (bit<16>)standard_metadata.ingress_port
[19:15:13.458] [bmv2] [T] [thread 10155] [18.0] [cxt 0] /home/p4/Desktop/DDV_protocol/proto_versions/one_attribute/p4src/main.p4(45) Primitive standard_metadata.egress_spec = cpu_port
[19:15:13.458] [bmv2] [D] [thread 10155] [18.0] [cxt 0] Pipeline 'ingress': end
[19:15:13.458] [bmv2] [D] [thread 10155] [18.0] [cxt 0] Egress port is 5
[19:15:13.458] [bmv2] [D] [thread 10157] [18.0] [cxt 0] Pipeline 'egress': start
[19:15:13.458] [bmv2] [D] [thread 10157] [18.0] [cxt 0] Pipeline 'egress': end
[19:15:13.458] [bmv2] [D] [thread 10157] [18.0] [cxt 0] Deparser 'deparser': start
[19:15:13.458] [bmv2] [D] [thread 10157] [18.0] [cxt 0] Updating checksum 'cksum'
[19:15:13.458] [bmv2] [D] [thread 10157] [18.0] [cxt 0] Deparsing header 'ethernet'
[19:15:13.458] [bmv2] [D] [thread 10157] [18.0] [cxt 0] Deparsing header 'ipv4'
[19:15:13.458] [bmv2] [D] [thread 10157] [18.0] [cxt 0] Deparsing header 'cpu'
[19:15:13.458] [bmv2] [D] [thread 10157] [18.0] [cxt 0] Deparser 'deparser': end
[19:15:13.459] [bmv2] [D] [thread 10160] [18.0] [cxt 0] Transmitting packet of size 80 out of port 5
open: No such file or directory
open: No such file or directory
open: No such file or directory
open: No such file or directory
open: No such file or directory
open: No such file or directory
open: No such file or directory
