Warning: you requested the nanomsg event logger, but bmv2 was compiled without -DBMELOG, and the event logger cannot be activated
Calling target program-options parser
[18:22:48.843] [bmv2] [D] [thread 24288] Set default default entry for table 'tbl_main83': main83 - 
[18:22:48.843] [bmv2] [D] [thread 24288] Set default default entry for table 'MyIngress.broadcast_elected_attr': MyIngress.drop - 
[18:22:48.843] [bmv2] [D] [thread 24288] Set default default entry for table 'MyIngress.cpu_table': MyIngress.drop - 
[18:22:48.843] [bmv2] [D] [thread 24288] Set default default entry for table 'MyIngress.ipv4_lpm': MyIngress.drop - 
Adding interface s3-eth1 as port 1
[18:22:48.848] [bmv2] [D] [thread 24288] Adding interface s3-eth1 as port 1
Adding interface s3-eth2 as port 2
[18:22:48.886] [bmv2] [D] [thread 24288] Adding interface s3-eth2 as port 2
Adding interface s3-eth3 as port 3
[18:22:48.918] [bmv2] [D] [thread 24288] Adding interface s3-eth3 as port 3
Adding interface s3-cpu-eth0 as port 4
[18:22:48.954] [bmv2] [D] [thread 24288] Adding interface s3-cpu-eth0 as port 4
Server listening on 0.0.0.0:9561
[18:22:49.012] [bmv2] [I] [thread 24288] Starting Thrift server on port 9092
[18:22:49.012] [bmv2] [I] [thread 24288] Thrift server was started
[18:22:51.611] [bmv2] [D] [thread 24476] Set default default entry for table 'tbl_main83': main83 - 
[18:22:51.611] [bmv2] [D] [thread 24476] Set default default entry for table 'MyIngress.broadcast_elected_attr': MyIngress.drop - 
[18:22:51.611] [bmv2] [D] [thread 24476] Set default default entry for table 'MyIngress.cpu_table': MyIngress.drop - 
[18:22:51.611] [bmv2] [D] [thread 24476] Set default default entry for table 'MyIngress.ipv4_lpm': MyIngress.drop - 
[18:22:51.616] [bmv2] [D] [thread 24476] simple_switch target has been notified of a config swap
[18:22:51.659] [bmv2] [D] [thread 24485] Set default default entry for table 'tbl_main83': main83 - 
[18:22:51.659] [bmv2] [D] [thread 24485] Set default default entry for table 'MyIngress.broadcast_elected_attr': MyIngress.drop - 
[18:22:51.659] [bmv2] [D] [thread 24485] Set default default entry for table 'MyIngress.cpu_table': MyIngress.drop - 
[18:22:51.659] [bmv2] [D] [thread 24485] Set default default entry for table 'MyIngress.ipv4_lpm': MyIngress.drop - 
[18:22:51.662] [bmv2] [D] [thread 24485] simple_switch target has been notified of a config swap
[18:22:51.669] [bmv2] [T] [thread 24529] bm_get_config
[18:22:51.672] [bmv2] [T] [thread 24529] bm_mt_get_entries
[18:22:51.673] [bmv2] [T] [thread 24529] bm_mt_get_entries
[18:22:51.673] [bmv2] [T] [thread 24529] bm_mt_get_entries
[18:22:51.674] [bmv2] [T] [thread 24529] bm_reset_state
[18:22:51.676] [bmv2] [D] [thread 24529] Resetting simple_switch target-specific state
[18:22:51.676] [bmv2] [D] [thread 24529] resetting PRE state
[18:22:51.679] [bmv2] [D] [thread 24485] mgrp node created for mgid 1
[18:22:51.679] [bmv2] [D] [thread 24485] node created for rid 0
[18:22:51.680] [bmv2] [D] [thread 24485] node associated with mgid 1
[18:22:51.685] [bmv2] [D] [thread 24523] Entry 0 added to table 'MyIngress.broadcast_elected_attr'
[18:22:51.686] [bmv2] [D] [thread 24523] Dumping entry 0
Match key:
* meta.ingress_port   : EXACT     0001
Action entry: MyIngress.set_mcast_grp - 1,

[18:22:51.687] [bmv2] [D] [thread 24485] mgrp node created for mgid 2
[18:22:51.688] [bmv2] [D] [thread 24485] node created for rid 0
[18:22:51.688] [bmv2] [D] [thread 24485] node associated with mgid 2
[18:22:51.691] [bmv2] [D] [thread 24523] Entry 1 added to table 'MyIngress.broadcast_elected_attr'
[18:22:51.691] [bmv2] [D] [thread 24523] Dumping entry 1
Match key:
* meta.ingress_port   : EXACT     0002
Action entry: MyIngress.set_mcast_grp - 2,

[18:22:51.693] [bmv2] [D] [thread 24485] mgrp node created for mgid 3
[18:22:51.693] [bmv2] [D] [thread 24485] node created for rid 0
[18:22:51.693] [bmv2] [D] [thread 24485] node associated with mgid 3
[18:22:51.697] [bmv2] [D] [thread 24523] Entry 2 added to table 'MyIngress.broadcast_elected_attr'
[18:22:51.697] [bmv2] [D] [thread 24523] Dumping entry 2
Match key:
* meta.ingress_port   : EXACT     0003
Action entry: MyIngress.set_mcast_grp - 3,

[18:22:51.701] [bmv2] [D] [thread 24299] [0.0] [cxt 0] Processing packet received on port 3
[18:22:51.701] [bmv2] [D] [thread 24299] [0.0] [cxt 0] Parser 'parser': start
[18:22:51.701] [bmv2] [D] [thread 24299] [0.0] [cxt 0] Parser 'parser' entering state 'start'
[18:22:51.701] [bmv2] [D] [thread 24299] [0.0] [cxt 0] Extracting header 'ethernet'
[18:22:51.701] [bmv2] [D] [thread 24299] [0.0] [cxt 0] Parser state 'start': key is 0800
[18:22:51.701] [bmv2] [T] [thread 24299] [0.0] [cxt 0] Bytes parsed: 14
[18:22:51.701] [bmv2] [D] [thread 24299] [0.0] [cxt 0] Parser 'parser' entering state 'parse_ipv4'
[18:22:51.701] [bmv2] [D] [thread 24299] [0.0] [cxt 0] Extracting header 'ipv4'
[18:22:51.701] [bmv2] [D] [thread 24299] [0.0] [cxt 0] Parser state 'parse_ipv4': key is fe
[18:22:51.701] [bmv2] [T] [thread 24299] [0.0] [cxt 0] Bytes parsed: 34
[18:22:51.701] [bmv2] [D] [thread 24299] [0.0] [cxt 0] Parser 'parser': end
[18:22:51.701] [bmv2] [D] [thread 24299] [0.0] [cxt 0] Pipeline 'ingress': start
[18:22:51.701] [bmv2] [T] [thread 24299] [0.0] [cxt 0] /home/p4/Desktop/DDV_protocol/proto_versions/one_attribute/p4src/main.p4(82) Condition "hdr.cpu.isValid()" (node_2) is false
[18:22:51.701] [bmv2] [T] [thread 24299] [0.0] [cxt 0] /home/p4/Desktop/DDV_protocol/proto_versions/one_attribute/p4src/main.p4(89) Condition "hdr.ipv4.protocol == MY_HEADER_PROTO" (node_5) is true
[18:22:51.701] [bmv2] [T] [thread 24299] [0.0] [cxt 0] Applying table 'MyIngress.cpu_table'
[18:22:51.701] [bmv2] [D] [thread 24299] [0.0] [cxt 0] Looking up key:
* hdr.ipv4.protocol   : fe

[18:22:51.701] [bmv2] [D] [thread 24299] [0.0] [cxt 0] Table 'MyIngress.cpu_table': miss
[18:22:51.701] [bmv2] [D] [thread 24299] [0.0] [cxt 0] Action entry is MyIngress.drop - 
[18:22:51.701] [bmv2] [T] [thread 24299] [0.0] [cxt 0] Action MyIngress.drop
[18:22:51.701] [bmv2] [T] [thread 24299] [0.0] [cxt 0] /home/p4/Desktop/DDV_protocol/proto_versions/one_attribute/p4src/main.p4(16) Primitive mark_to_drop(standard_metadata)
[18:22:51.701] [bmv2] [D] [thread 24299] [0.0] [cxt 0] Pipeline 'ingress': end
[18:22:51.701] [bmv2] [D] [thread 24299] [0.0] [cxt 0] Egress port is 511
[18:22:51.701] [bmv2] [D] [thread 24299] [0.0] [cxt 0] Dropping packet at the end of ingress
[18:22:51.703] [bmv2] [D] [thread 24485] Entry 0 added to table 'MyIngress.ipv4_lpm'
[18:22:51.703] [bmv2] [D] [thread 24485] Dumping entry 0
Match key:
* hdr.ipv4.dstAddr    : LPM       0a000303/32
Action entry: MyIngress.ipv4_forward - a000303,1,

[18:22:51.706] [bmv2] [D] [thread 24523] Entry 0 added to table 'MyIngress.cpu_table'
[18:22:51.706] [bmv2] [D] [thread 24523] Dumping entry 0
Match key:
* hdr.ipv4.protocol   : EXACT     fe
Action entry: MyIngress.send_to_cpu - 4,

[18:22:51.728] [bmv2] [D] [thread 24299] [1.0] [cxt 0] Processing packet received on port 2
[18:22:51.728] [bmv2] [D] [thread 24299] [1.0] [cxt 0] Parser 'parser': start
[18:22:51.728] [bmv2] [D] [thread 24299] [1.0] [cxt 0] Parser 'parser' entering state 'start'
[18:22:51.728] [bmv2] [D] [thread 24299] [1.0] [cxt 0] Extracting header 'ethernet'
[18:22:51.728] [bmv2] [D] [thread 24299] [1.0] [cxt 0] Parser state 'start': key is 0800
[18:22:51.728] [bmv2] [T] [thread 24299] [1.0] [cxt 0] Bytes parsed: 14
[18:22:51.728] [bmv2] [D] [thread 24299] [1.0] [cxt 0] Parser 'parser' entering state 'parse_ipv4'
[18:22:51.728] [bmv2] [D] [thread 24299] [1.0] [cxt 0] Extracting header 'ipv4'
[18:22:51.728] [bmv2] [D] [thread 24299] [1.0] [cxt 0] Parser state 'parse_ipv4': key is fe
[18:22:51.728] [bmv2] [T] [thread 24299] [1.0] [cxt 0] Bytes parsed: 34
[18:22:51.728] [bmv2] [D] [thread 24299] [1.0] [cxt 0] Parser 'parser': end
[18:22:51.728] [bmv2] [D] [thread 24299] [1.0] [cxt 0] Pipeline 'ingress': start
[18:22:51.728] [bmv2] [T] [thread 24299] [1.0] [cxt 0] /home/p4/Desktop/DDV_protocol/proto_versions/one_attribute/p4src/main.p4(82) Condition "hdr.cpu.isValid()" (node_2) is false
[18:22:51.728] [bmv2] [T] [thread 24299] [1.0] [cxt 0] /home/p4/Desktop/DDV_protocol/proto_versions/one_attribute/p4src/main.p4(89) Condition "hdr.ipv4.protocol == MY_HEADER_PROTO" (node_5) is true
[18:22:51.728] [bmv2] [T] [thread 24299] [1.0] [cxt 0] Applying table 'MyIngress.cpu_table'
[18:22:51.729] [bmv2] [D] [thread 24299] [1.0] [cxt 0] Looking up key:
* hdr.ipv4.protocol   : fe

[18:22:51.729] [bmv2] [D] [thread 24299] [1.0] [cxt 0] Table 'MyIngress.cpu_table': hit with handle 0
[18:22:51.729] [bmv2] [D] [thread 24299] [1.0] [cxt 0] Dumping entry 0
Match key:
* hdr.ipv4.protocol   : EXACT     fe
Action entry: MyIngress.send_to_cpu - 4,

[18:22:51.729] [bmv2] [D] [thread 24299] [1.0] [cxt 0] Action entry is MyIngress.send_to_cpu - 4,
[18:22:51.729] [bmv2] [T] [thread 24299] [1.0] [cxt 0] Action MyIngress.send_to_cpu
[18:22:51.729] [bmv2] [T] [thread 24299] [1.0] [cxt 0] /home/p4/Desktop/DDV_protocol/proto_versions/one_attribute/p4src/include/headers.p4(6) Primitive 253; ...
[18:22:51.729] [bmv2] [T] [thread 24299] [1.0] [cxt 0] /home/p4/Desktop/DDV_protocol/proto_versions/one_attribute/p4src/main.p4(43) Primitive hdr.cpu.setValid()
[18:22:51.729] [bmv2] [T] [thread 24299] [1.0] [cxt 0] /home/p4/Desktop/DDV_protocol/proto_versions/one_attribute/p4src/main.p4(44) Primitive hdr.cpu.ingress_port = (bit<16>)standard_metadata.ingress_port
[18:22:51.729] [bmv2] [T] [thread 24299] [1.0] [cxt 0] /home/p4/Desktop/DDV_protocol/proto_versions/one_attribute/p4src/main.p4(45) Primitive standard_metadata.egress_spec = cpu_port
[18:22:51.729] [bmv2] [D] [thread 24299] [1.0] [cxt 0] Pipeline 'ingress': end
[18:22:51.729] [bmv2] [D] [thread 24299] [1.0] [cxt 0] Egress port is 4
[18:22:51.729] [bmv2] [D] [thread 24300] [1.0] [cxt 0] Pipeline 'egress': start
[18:22:51.729] [bmv2] [D] [thread 24300] [1.0] [cxt 0] Pipeline 'egress': end
[18:22:51.729] [bmv2] [D] [thread 24300] [1.0] [cxt 0] Deparser 'deparser': start
[18:22:51.729] [bmv2] [D] [thread 24300] [1.0] [cxt 0] Updating checksum 'cksum'
[18:22:51.729] [bmv2] [D] [thread 24300] [1.0] [cxt 0] Deparsing header 'ethernet'
[18:22:51.729] [bmv2] [D] [thread 24300] [1.0] [cxt 0] Deparsing header 'ipv4'
[18:22:51.729] [bmv2] [D] [thread 24300] [1.0] [cxt 0] Deparsing header 'cpu'
[18:22:51.729] [bmv2] [D] [thread 24300] [1.0] [cxt 0] Deparser 'deparser': end
[18:22:51.729] [bmv2] [D] [thread 24304] [1.0] [cxt 0] Transmitting packet of size 80 out of port 4
[18:22:51.732] [bmv2] [D] [thread 24299] [2.0] [cxt 0] Processing packet received on port 4
[18:22:51.732] [bmv2] [D] [thread 24299] [2.0] [cxt 0] Parser 'parser': start
[18:22:51.732] [bmv2] [D] [thread 24299] [2.0] [cxt 0] Parser 'parser' entering state 'start'
[18:22:51.732] [bmv2] [D] [thread 24299] [2.0] [cxt 0] Extracting header 'ethernet'
[18:22:51.732] [bmv2] [D] [thread 24299] [2.0] [cxt 0] Parser state 'start': key is 0800
[18:22:51.732] [bmv2] [T] [thread 24299] [2.0] [cxt 0] Bytes parsed: 14
[18:22:51.732] [bmv2] [D] [thread 24299] [2.0] [cxt 0] Parser 'parser' entering state 'parse_ipv4'
[18:22:51.732] [bmv2] [D] [thread 24299] [2.0] [cxt 0] Extracting header 'ipv4'
[18:22:51.732] [bmv2] [D] [thread 24299] [2.0] [cxt 0] Parser state 'parse_ipv4': key is fd
[18:22:51.732] [bmv2] [T] [thread 24299] [2.0] [cxt 0] Bytes parsed: 34
[18:22:51.732] [bmv2] [D] [thread 24299] [2.0] [cxt 0] Parser 'parser' entering state 'parse_cpu'
[18:22:51.732] [bmv2] [D] [thread 24299] [2.0] [cxt 0] Extracting header 'cpu'
[18:22:51.732] [bmv2] [D] [thread 24299] [2.0] [cxt 0] Parser state 'parse_cpu' has no switch, going to default next state
[18:22:51.732] [bmv2] [T] [thread 24299] [2.0] [cxt 0] Bytes parsed: 36
[18:22:51.732] [bmv2] [D] [thread 24299] [2.0] [cxt 0] Parser 'parser': end
[18:22:51.732] [bmv2] [D] [thread 24299] [2.0] [cxt 0] Pipeline 'ingress': start
[18:22:51.732] [bmv2] [T] [thread 24299] [2.0] [cxt 0] /home/p4/Desktop/DDV_protocol/proto_versions/one_attribute/p4src/main.p4(82) Condition "hdr.cpu.isValid()" (node_2) is true
[18:22:51.732] [bmv2] [T] [thread 24299] [2.0] [cxt 0] Applying table 'tbl_main83'
[18:22:51.732] [bmv2] [D] [thread 24299] [2.0] [cxt 0] Looking up key:

[18:22:51.732] [bmv2] [D] [thread 24299] [2.0] [cxt 0] Table 'tbl_main83': miss
[18:22:51.732] [bmv2] [D] [thread 24299] [2.0] [cxt 0] Action entry is main83 - 
[18:22:51.732] [bmv2] [T] [thread 24299] [2.0] [cxt 0] Action main83
[18:22:51.732] [bmv2] [T] [thread 24299] [2.0] [cxt 0] /home/p4/Desktop/DDV_protocol/proto_versions/one_attribute/p4src/main.p4(83) Primitive meta.ingress_port = (bit<9>)hdr.cpu.ingress_port
[18:22:51.732] [bmv2] [T] [thread 24299] [2.0] [cxt 0] /home/p4/Desktop/DDV_protocol/proto_versions/one_attribute/p4src/main.p4(84) Primitive hdr.cpu.setInvalid()
[18:22:51.732] [bmv2] [T] [thread 24299] [2.0] [cxt 0] /home/p4/Desktop/DDV_protocol/proto_versions/one_attribute/p4src/include/headers.p4(5) Primitive 254; ...
[18:22:51.732] [bmv2] [T] [thread 24299] [2.0] [cxt 0] Applying table 'MyIngress.broadcast_elected_attr'
[18:22:51.732] [bmv2] [D] [thread 24299] [2.0] [cxt 0] Looking up key:
* meta.ingress_port   : 0001

[18:22:51.732] [bmv2] [D] [thread 24299] [2.0] [cxt 0] Table 'MyIngress.broadcast_elected_attr': hit with handle 0
[18:22:51.733] [bmv2] [D] [thread 24299] [2.0] [cxt 0] Dumping entry 0
Match key:
* meta.ingress_port   : EXACT     0001
Action entry: MyIngress.set_mcast_grp - 1,

[18:22:51.733] [bmv2] [D] [thread 24299] [2.0] [cxt 0] Action entry is MyIngress.set_mcast_grp - 1,
[18:22:51.733] [bmv2] [T] [thread 24299] [2.0] [cxt 0] Action MyIngress.set_mcast_grp
[18:22:51.733] [bmv2] [T] [thread 24299] [2.0] [cxt 0] /home/p4/Desktop/DDV_protocol/proto_versions/one_attribute/p4src/main.p4(64) Primitive standard_metadata.mcast_grp = mcast_id
[18:22:51.733] [bmv2] [D] [thread 24299] [2.0] [cxt 0] Pipeline 'ingress': end
[18:22:51.733] [bmv2] [D] [thread 24299] [2.0] [cxt 0] Multicast requested for packet
[18:22:51.733] [bmv2] [D] [thread 24299] number of packets replicated : 2
[18:22:51.733] [bmv2] [D] [thread 24299] [2.0] [cxt 0] Replicating packet on port 2
[18:22:51.733] [bmv2] [D] [thread 24299] [2.0] [cxt 0] Replicating packet on port 3
[18:22:51.734] [bmv2] [D] [thread 24303] [2.2] [cxt 0] Pipeline 'egress': start
[18:22:51.734] [bmv2] [D] [thread 24303] [2.2] [cxt 0] Pipeline 'egress': end
[18:22:51.734] [bmv2] [D] [thread 24303] [2.2] [cxt 0] Deparser 'deparser': start
[18:22:51.734] [bmv2] [D] [thread 24302] [2.1] [cxt 0] Pipeline 'egress': start
[18:22:51.734] [bmv2] [D] [thread 24303] [2.2] [cxt 0] Updating checksum 'cksum'
[18:22:51.734] [bmv2] [D] [thread 24302] [2.1] [cxt 0] Pipeline 'egress': end
[18:22:51.734] [bmv2] [D] [thread 24303] [2.2] [cxt 0] Deparsing header 'ethernet'
[18:22:51.734] [bmv2] [D] [thread 24303] [2.2] [cxt 0] Deparsing header 'ipv4'
[18:22:51.734] [bmv2] [D] [thread 24303] [2.2] [cxt 0] Deparser 'deparser': end
[18:22:51.734] [bmv2] [D] [thread 24302] [2.1] [cxt 0] Deparser 'deparser': start
[18:22:51.734] [bmv2] [D] [thread 24304] [2.2] [cxt 0] Transmitting packet of size 78 out of port 3
[18:22:51.734] [bmv2] [D] [thread 24302] [2.1] [cxt 0] Updating checksum 'cksum'
[18:22:51.734] [bmv2] [D] [thread 24302] [2.1] [cxt 0] Deparsing header 'ethernet'
[18:22:51.734] [bmv2] [D] [thread 24302] [2.1] [cxt 0] Deparsing header 'ipv4'
[18:22:51.734] [bmv2] [D] [thread 24302] [2.1] [cxt 0] Deparser 'deparser': end
[18:22:51.734] [bmv2] [D] [thread 24304] [2.1] [cxt 0] Transmitting packet of size 78 out of port 2
open: No such file or directory
open: No such file or directory
open: No such file or directory
