Warning: you requested the nanomsg event logger, but bmv2 was compiled without -DBMELOG, and the event logger cannot be activated
Calling target program-options parser
[19:14:46.343] [bmv2] [D] [thread 10162] Set default default entry for table 'tbl_main83': main83 - 
[19:14:46.343] [bmv2] [D] [thread 10162] Set default default entry for table 'MyIngress.broadcast_elected_attr': MyIngress.drop - 
[19:14:46.343] [bmv2] [D] [thread 10162] Set default default entry for table 'MyIngress.cpu_table': MyIngress.drop - 
[19:14:46.343] [bmv2] [D] [thread 10162] Set default default entry for table 'MyIngress.ipv4_lpm': MyIngress.drop - 
Adding interface s2-eth1 as port 1
[19:14:46.348] [bmv2] [D] [thread 10162] Adding interface s2-eth1 as port 1
Adding interface s2-eth2 as port 2
[19:14:46.387] [bmv2] [D] [thread 10162] Adding interface s2-eth2 as port 2
Adding interface s2-eth3 as port 3
[19:14:46.423] [bmv2] [D] [thread 10162] Adding interface s2-eth3 as port 3
Adding interface s2-cpu-eth0 as port 4
[19:14:46.455] [bmv2] [D] [thread 10162] Adding interface s2-cpu-eth0 as port 4
Server listening on 0.0.0.0:9560
[19:14:46.485] [bmv2] [I] [thread 10162] Starting Thrift server on port 9091
[19:14:46.486] [bmv2] [I] [thread 10162] Thrift server was started
[19:14:46.487] [bmv2] [D] [thread 10173] [0.0] [cxt 0] Processing packet received on port 3
[19:14:46.487] [bmv2] [D] [thread 10173] [0.0] [cxt 0] Parser 'parser': start
[19:14:46.487] [bmv2] [D] [thread 10173] [0.0] [cxt 0] Parser 'parser' entering state 'start'
[19:14:46.487] [bmv2] [D] [thread 10173] [0.0] [cxt 0] Extracting header 'ethernet'
[19:14:46.487] [bmv2] [D] [thread 10173] [0.0] [cxt 0] Parser state 'start': key is 86dd
[19:14:46.487] [bmv2] [T] [thread 10173] [0.0] [cxt 0] Bytes parsed: 14
[19:14:46.487] [bmv2] [D] [thread 10173] [0.0] [cxt 0] Parser 'parser': end
[19:14:46.487] [bmv2] [D] [thread 10173] [0.0] [cxt 0] Pipeline 'ingress': start
[19:14:46.487] [bmv2] [T] [thread 10173] [0.0] [cxt 0] /home/p4/Desktop/DDV_protocol/proto_versions/one_attribute/p4src/main.p4(82) Condition "hdr.cpu.isValid()" (node_2) is false
[19:14:46.487] [bmv2] [T] [thread 10173] [0.0] [cxt 0] /home/p4/Desktop/DDV_protocol/proto_versions/one_attribute/p4src/main.p4(89) Condition "hdr.ipv4.protocol == MY_HEADER_PROTO" (node_5) is false
[19:14:46.487] [bmv2] [T] [thread 10173] [0.0] [cxt 0] /home/p4/Desktop/DDV_protocol/proto_versions/one_attribute/p4src/main.p4(92) Condition "hdr.ipv4.isValid()" (node_7) is false
[19:14:46.487] [bmv2] [D] [thread 10173] [0.0] [cxt 0] Pipeline 'ingress': end
[19:14:46.487] [bmv2] [D] [thread 10173] [0.0] [cxt 0] Egress port is 0
[19:14:46.487] [bmv2] [D] [thread 10174] [0.0] [cxt 0] Pipeline 'egress': start
[19:14:46.487] [bmv2] [D] [thread 10174] [0.0] [cxt 0] Pipeline 'egress': end
[19:14:46.487] [bmv2] [D] [thread 10174] [0.0] [cxt 0] Deparser 'deparser': start
[19:14:46.488] [bmv2] [T] [thread 10174] [0.0] [cxt 0] Skipping checksum 'cksum' update because condition not met
[19:14:46.488] [bmv2] [D] [thread 10174] [0.0] [cxt 0] Deparsing header 'ethernet'
[19:14:46.488] [bmv2] [D] [thread 10174] [0.0] [cxt 0] Deparser 'deparser': end
[19:14:46.488] [bmv2] [D] [thread 10178] [0.0] [cxt 0] Transmitting packet of size 86 out of port 0
[19:14:46.587] [bmv2] [D] [thread 10173] [1.0] [cxt 0] Processing packet received on port 3
[19:14:46.587] [bmv2] [D] [thread 10173] [1.0] [cxt 0] Parser 'parser': start
[19:14:46.587] [bmv2] [D] [thread 10173] [1.0] [cxt 0] Parser 'parser' entering state 'start'
[19:14:46.587] [bmv2] [D] [thread 10173] [1.0] [cxt 0] Extracting header 'ethernet'
[19:14:46.587] [bmv2] [D] [thread 10173] [1.0] [cxt 0] Parser state 'start': key is 86dd
[19:14:46.587] [bmv2] [T] [thread 10173] [1.0] [cxt 0] Bytes parsed: 14
[19:14:46.587] [bmv2] [D] [thread 10173] [1.0] [cxt 0] Parser 'parser': end
[19:14:46.587] [bmv2] [D] [thread 10173] [1.0] [cxt 0] Pipeline 'ingress': start
[19:14:46.587] [bmv2] [T] [thread 10173] [1.0] [cxt 0] /home/p4/Desktop/DDV_protocol/proto_versions/one_attribute/p4src/main.p4(82) Condition "hdr.cpu.isValid()" (node_2) is false
[19:14:46.587] [bmv2] [T] [thread 10173] [1.0] [cxt 0] /home/p4/Desktop/DDV_protocol/proto_versions/one_attribute/p4src/main.p4(89) Condition "hdr.ipv4.protocol == MY_HEADER_PROTO" (node_5) is false
[19:14:46.587] [bmv2] [T] [thread 10173] [1.0] [cxt 0] /home/p4/Desktop/DDV_protocol/proto_versions/one_attribute/p4src/main.p4(92) Condition "hdr.ipv4.isValid()" (node_7) is false
[19:14:46.587] [bmv2] [D] [thread 10173] [1.0] [cxt 0] Pipeline 'ingress': end
[19:14:46.587] [bmv2] [D] [thread 10173] [1.0] [cxt 0] Egress port is 0
[19:14:46.587] [bmv2] [D] [thread 10173] [2.0] [cxt 0] Processing packet received on port 4
[19:14:46.587] [bmv2] [D] [thread 10173] [2.0] [cxt 0] Parser 'parser': start
[19:14:46.588] [bmv2] [D] [thread 10173] [2.0] [cxt 0] Parser 'parser' entering state 'start'
[19:14:46.588] [bmv2] [D] [thread 10173] [2.0] [cxt 0] Extracting header 'ethernet'
[19:14:46.588] [bmv2] [D] [thread 10173] [2.0] [cxt 0] Parser state 'start': key is 86dd
[19:14:46.588] [bmv2] [T] [thread 10173] [2.0] [cxt 0] Bytes parsed: 14
[19:14:46.588] [bmv2] [D] [thread 10173] [2.0] [cxt 0] Parser 'parser': end
[19:14:46.588] [bmv2] [D] [thread 10173] [2.0] [cxt 0] Pipeline 'ingress': start
[19:14:46.588] [bmv2] [T] [thread 10173] [2.0] [cxt 0] /home/p4/Desktop/DDV_protocol/proto_versions/one_attribute/p4src/main.p4(82) Condition "hdr.cpu.isValid()" (node_2) is false
[19:14:46.588] [bmv2] [T] [thread 10173] [2.0] [cxt 0] /home/p4/Desktop/DDV_protocol/proto_versions/one_attribute/p4src/main.p4(89) Condition "hdr.ipv4.protocol == MY_HEADER_PROTO" (node_5) is false
[19:14:46.588] [bmv2] [T] [thread 10173] [2.0] [cxt 0] /home/p4/Desktop/DDV_protocol/proto_versions/one_attribute/p4src/main.p4(92) Condition "hdr.ipv4.isValid()" (node_7) is false
[19:14:46.588] [bmv2] [D] [thread 10173] [2.0] [cxt 0] Pipeline 'ingress': end
[19:14:46.588] [bmv2] [D] [thread 10173] [2.0] [cxt 0] Egress port is 0
[19:14:46.588] [bmv2] [D] [thread 10174] [1.0] [cxt 0] Pipeline 'egress': start
[19:14:46.588] [bmv2] [D] [thread 10174] [1.0] [cxt 0] Pipeline 'egress': end
[19:14:46.588] [bmv2] [D] [thread 10174] [1.0] [cxt 0] Deparser 'deparser': start
[19:14:46.588] [bmv2] [T] [thread 10174] [1.0] [cxt 0] Skipping checksum 'cksum' update because condition not met
[19:14:46.588] [bmv2] [D] [thread 10174] [1.0] [cxt 0] Deparsing header 'ethernet'
[19:14:46.588] [bmv2] [D] [thread 10174] [1.0] [cxt 0] Deparser 'deparser': end
[19:14:46.588] [bmv2] [D] [thread 10174] [2.0] [cxt 0] Pipeline 'egress': start
[19:14:46.588] [bmv2] [D] [thread 10174] [2.0] [cxt 0] Pipeline 'egress': end
[19:14:46.588] [bmv2] [D] [thread 10174] [2.0] [cxt 0] Deparser 'deparser': start
[19:14:46.588] [bmv2] [D] [thread 10178] [1.0] [cxt 0] Transmitting packet of size 90 out of port 0
[19:14:46.588] [bmv2] [T] [thread 10174] [2.0] [cxt 0] Skipping checksum 'cksum' update because condition not met
[19:14:46.588] [bmv2] [D] [thread 10174] [2.0] [cxt 0] Deparsing header 'ethernet'
[19:14:46.588] [bmv2] [D] [thread 10174] [2.0] [cxt 0] Deparser 'deparser': end
[19:14:46.588] [bmv2] [D] [thread 10178] [2.0] [cxt 0] Transmitting packet of size 86 out of port 0
[19:14:46.651] [bmv2] [D] [thread 10173] [3.0] [cxt 0] Processing packet received on port 1
[19:14:46.651] [bmv2] [D] [thread 10173] [3.0] [cxt 0] Parser 'parser': start
[19:14:46.651] [bmv2] [D] [thread 10173] [3.0] [cxt 0] Parser 'parser' entering state 'start'
[19:14:46.651] [bmv2] [D] [thread 10173] [3.0] [cxt 0] Extracting header 'ethernet'
[19:14:46.651] [bmv2] [D] [thread 10173] [3.0] [cxt 0] Parser state 'start': key is 86dd
[19:14:46.651] [bmv2] [T] [thread 10173] [3.0] [cxt 0] Bytes parsed: 14
[19:14:46.651] [bmv2] [D] [thread 10173] [3.0] [cxt 0] Parser 'parser': end
[19:14:46.651] [bmv2] [D] [thread 10173] [3.0] [cxt 0] Pipeline 'ingress': start
[19:14:46.651] [bmv2] [T] [thread 10173] [3.0] [cxt 0] /home/p4/Desktop/DDV_protocol/proto_versions/one_attribute/p4src/main.p4(82) Condition "hdr.cpu.isValid()" (node_2) is false
[19:14:46.651] [bmv2] [T] [thread 10173] [3.0] [cxt 0] /home/p4/Desktop/DDV_protocol/proto_versions/one_attribute/p4src/main.p4(89) Condition "hdr.ipv4.protocol == MY_HEADER_PROTO" (node_5) is false
[19:14:46.651] [bmv2] [T] [thread 10173] [3.0] [cxt 0] /home/p4/Desktop/DDV_protocol/proto_versions/one_attribute/p4src/main.p4(92) Condition "hdr.ipv4.isValid()" (node_7) is false
[19:14:46.651] [bmv2] [D] [thread 10173] [3.0] [cxt 0] Pipeline 'ingress': end
[19:14:46.651] [bmv2] [D] [thread 10173] [3.0] [cxt 0] Egress port is 0
[19:14:46.651] [bmv2] [D] [thread 10173] [4.0] [cxt 0] Processing packet received on port 2
[19:14:46.651] [bmv2] [D] [thread 10173] [4.0] [cxt 0] Parser 'parser': start
[19:14:46.651] [bmv2] [D] [thread 10173] [4.0] [cxt 0] Parser 'parser' entering state 'start'
[19:14:46.651] [bmv2] [D] [thread 10173] [4.0] [cxt 0] Extracting header 'ethernet'
[19:14:46.651] [bmv2] [D] [thread 10173] [4.0] [cxt 0] Parser state 'start': key is 86dd
[19:14:46.651] [bmv2] [T] [thread 10173] [4.0] [cxt 0] Bytes parsed: 14
[19:14:46.651] [bmv2] [D] [thread 10173] [4.0] [cxt 0] Parser 'parser': end
[19:14:46.651] [bmv2] [D] [thread 10173] [4.0] [cxt 0] Pipeline 'ingress': start
[19:14:46.651] [bmv2] [T] [thread 10173] [4.0] [cxt 0] /home/p4/Desktop/DDV_protocol/proto_versions/one_attribute/p4src/main.p4(82) Condition "hdr.cpu.isValid()" (node_2) is false
[19:14:46.651] [bmv2] [T] [thread 10173] [4.0] [cxt 0] /home/p4/Desktop/DDV_protocol/proto_versions/one_attribute/p4src/main.p4(89) Condition "hdr.ipv4.protocol == MY_HEADER_PROTO" (node_5) is false
[19:14:46.651] [bmv2] [T] [thread 10173] [4.0] [cxt 0] /home/p4/Desktop/DDV_protocol/proto_versions/one_attribute/p4src/main.p4(92) Condition "hdr.ipv4.isValid()" (node_7) is false
[19:14:46.651] [bmv2] [D] [thread 10173] [4.0] [cxt 0] Pipeline 'ingress': end
[19:14:46.651] [bmv2] [D] [thread 10173] [4.0] [cxt 0] Egress port is 0
[19:14:46.651] [bmv2] [D] [thread 10174] [3.0] [cxt 0] Pipeline 'egress': start
[19:14:46.651] [bmv2] [D] [thread 10174] [3.0] [cxt 0] Pipeline 'egress': end
[19:14:46.651] [bmv2] [D] [thread 10174] [3.0] [cxt 0] Deparser 'deparser': start
[19:14:46.651] [bmv2] [T] [thread 10174] [3.0] [cxt 0] Skipping checksum 'cksum' update because condition not met
[19:14:46.651] [bmv2] [D] [thread 10174] [3.0] [cxt 0] Deparsing header 'ethernet'
[19:14:46.651] [bmv2] [D] [thread 10174] [3.0] [cxt 0] Deparser 'deparser': end
[19:14:46.652] [bmv2] [D] [thread 10174] [4.0] [cxt 0] Pipeline 'egress': start
[19:14:46.652] [bmv2] [D] [thread 10174] [4.0] [cxt 0] Pipeline 'egress': end
[19:14:46.652] [bmv2] [D] [thread 10174] [4.0] [cxt 0] Deparser 'deparser': start
[19:14:46.652] [bmv2] [D] [thread 10178] [3.0] [cxt 0] Transmitting packet of size 90 out of port 0
[19:14:46.652] [bmv2] [T] [thread 10174] [4.0] [cxt 0] Skipping checksum 'cksum' update because condition not met
[19:14:46.652] [bmv2] [D] [thread 10174] [4.0] [cxt 0] Deparsing header 'ethernet'
[19:14:46.652] [bmv2] [D] [thread 10174] [4.0] [cxt 0] Deparser 'deparser': end
[19:14:46.652] [bmv2] [D] [thread 10178] [4.0] [cxt 0] Transmitting packet of size 90 out of port 0
[19:14:46.779] [bmv2] [D] [thread 10173] [5.0] [cxt 0] Processing packet received on port 3
[19:14:46.779] [bmv2] [D] [thread 10173] [5.0] [cxt 0] Parser 'parser': start
[19:14:46.779] [bmv2] [D] [thread 10173] [5.0] [cxt 0] Parser 'parser' entering state 'start'
[19:14:46.779] [bmv2] [D] [thread 10173] [5.0] [cxt 0] Extracting header 'ethernet'
[19:14:46.779] [bmv2] [D] [thread 10173] [5.0] [cxt 0] Parser state 'start': key is 86dd
[19:14:46.779] [bmv2] [T] [thread 10173] [5.0] [cxt 0] Bytes parsed: 14
[19:14:46.779] [bmv2] [D] [thread 10173] [5.0] [cxt 0] Parser 'parser': end
[19:14:46.779] [bmv2] [D] [thread 10173] [5.0] [cxt 0] Pipeline 'ingress': start
[19:14:46.779] [bmv2] [T] [thread 10173] [5.0] [cxt 0] /home/p4/Desktop/DDV_protocol/proto_versions/one_attribute/p4src/main.p4(82) Condition "hdr.cpu.isValid()" (node_2) is false
[19:14:46.779] [bmv2] [T] [thread 10173] [5.0] [cxt 0] /home/p4/Desktop/DDV_protocol/proto_versions/one_attribute/p4src/main.p4(89) Condition "hdr.ipv4.protocol == MY_HEADER_PROTO" (node_5) is false
[19:14:46.779] [bmv2] [T] [thread 10173] [5.0] [cxt 0] /home/p4/Desktop/DDV_protocol/proto_versions/one_attribute/p4src/main.p4(92) Condition "hdr.ipv4.isValid()" (node_7) is false
[19:14:46.779] [bmv2] [D] [thread 10173] [5.0] [cxt 0] Pipeline 'ingress': end
[19:14:46.779] [bmv2] [D] [thread 10173] [5.0] [cxt 0] Egress port is 0
[19:14:46.779] [bmv2] [D] [thread 10174] [5.0] [cxt 0] Pipeline 'egress': start
[19:14:46.779] [bmv2] [D] [thread 10174] [5.0] [cxt 0] Pipeline 'egress': end
[19:14:46.779] [bmv2] [D] [thread 10174] [5.0] [cxt 0] Deparser 'deparser': start
[19:14:46.779] [bmv2] [T] [thread 10174] [5.0] [cxt 0] Skipping checksum 'cksum' update because condition not met
[19:14:46.779] [bmv2] [D] [thread 10174] [5.0] [cxt 0] Deparsing header 'ethernet'
[19:14:46.779] [bmv2] [D] [thread 10174] [5.0] [cxt 0] Deparser 'deparser': end
[19:14:46.779] [bmv2] [D] [thread 10178] [5.0] [cxt 0] Transmitting packet of size 90 out of port 0
[19:14:46.845] [bmv2] [D] [thread 10173] [6.0] [cxt 0] Processing packet received on port 3
[19:14:46.845] [bmv2] [D] [thread 10173] [6.0] [cxt 0] Parser 'parser': start
[19:14:46.845] [bmv2] [D] [thread 10173] [6.0] [cxt 0] Parser 'parser' entering state 'start'
[19:14:46.845] [bmv2] [D] [thread 10173] [6.0] [cxt 0] Extracting header 'ethernet'
[19:14:46.845] [bmv2] [D] [thread 10173] [6.0] [cxt 0] Parser state 'start': key is 86dd
[19:14:46.846] [bmv2] [T] [thread 10173] [6.0] [cxt 0] Bytes parsed: 14
[19:14:46.846] [bmv2] [D] [thread 10173] [6.0] [cxt 0] Parser 'parser': end
[19:14:46.846] [bmv2] [D] [thread 10173] [6.0] [cxt 0] Pipeline 'ingress': start
[19:14:46.846] [bmv2] [T] [thread 10173] [6.0] [cxt 0] /home/p4/Desktop/DDV_protocol/proto_versions/one_attribute/p4src/main.p4(82) Condition "hdr.cpu.isValid()" (node_2) is false
[19:14:46.846] [bmv2] [T] [thread 10173] [6.0] [cxt 0] /home/p4/Desktop/DDV_protocol/proto_versions/one_attribute/p4src/main.p4(89) Condition "hdr.ipv4.protocol == MY_HEADER_PROTO" (node_5) is false
[19:14:46.846] [bmv2] [T] [thread 10173] [6.0] [cxt 0] /home/p4/Desktop/DDV_protocol/proto_versions/one_attribute/p4src/main.p4(92) Condition "hdr.ipv4.isValid()" (node_7) is false
[19:14:46.846] [bmv2] [D] [thread 10173] [6.0] [cxt 0] Pipeline 'ingress': end
[19:14:46.846] [bmv2] [D] [thread 10173] [6.0] [cxt 0] Egress port is 0
[19:14:46.846] [bmv2] [D] [thread 10173] [7.0] [cxt 0] Processing packet received on port 3
[19:14:46.846] [bmv2] [D] [thread 10173] [7.0] [cxt 0] Parser 'parser': start
[19:14:46.846] [bmv2] [D] [thread 10173] [7.0] [cxt 0] Parser 'parser' entering state 'start'
[19:14:46.846] [bmv2] [D] [thread 10173] [7.0] [cxt 0] Extracting header 'ethernet'
[19:14:46.846] [bmv2] [D] [thread 10173] [7.0] [cxt 0] Parser state 'start': key is 86dd
[19:14:46.846] [bmv2] [T] [thread 10173] [7.0] [cxt 0] Bytes parsed: 14
[19:14:46.846] [bmv2] [D] [thread 10173] [7.0] [cxt 0] Parser 'parser': end
[19:14:46.846] [bmv2] [D] [thread 10173] [7.0] [cxt 0] Pipeline 'ingress': start
[19:14:46.846] [bmv2] [T] [thread 10173] [7.0] [cxt 0] /home/p4/Desktop/DDV_protocol/proto_versions/one_attribute/p4src/main.p4(82) Condition "hdr.cpu.isValid()" (node_2) is false
[19:14:46.846] [bmv2] [T] [thread 10173] [7.0] [cxt 0] /home/p4/Desktop/DDV_protocol/proto_versions/one_attribute/p4src/main.p4(89) Condition "hdr.ipv4.protocol == MY_HEADER_PROTO" (node_5) is false
[19:14:46.846] [bmv2] [T] [thread 10173] [7.0] [cxt 0] /home/p4/Desktop/DDV_protocol/proto_versions/one_attribute/p4src/main.p4(92) Condition "hdr.ipv4.isValid()" (node_7) is false
[19:14:46.846] [bmv2] [D] [thread 10173] [7.0] [cxt 0] Pipeline 'ingress': end
[19:14:46.846] [bmv2] [D] [thread 10173] [7.0] [cxt 0] Egress port is 0
[19:14:46.846] [bmv2] [D] [thread 10174] [6.0] [cxt 0] Pipeline 'egress': start
[19:14:46.846] [bmv2] [D] [thread 10174] [6.0] [cxt 0] Pipeline 'egress': end
[19:14:46.846] [bmv2] [D] [thread 10174] [6.0] [cxt 0] Deparser 'deparser': start
[19:14:46.846] [bmv2] [T] [thread 10174] [6.0] [cxt 0] Skipping checksum 'cksum' update because condition not met
[19:14:46.846] [bmv2] [D] [thread 10174] [6.0] [cxt 0] Deparsing header 'ethernet'
[19:14:46.846] [bmv2] [D] [thread 10174] [6.0] [cxt 0] Deparser 'deparser': end
[19:14:46.846] [bmv2] [D] [thread 10174] [7.0] [cxt 0] Pipeline 'egress': start
[19:14:46.846] [bmv2] [D] [thread 10174] [7.0] [cxt 0] Pipeline 'egress': end
[19:14:46.846] [bmv2] [D] [thread 10174] [7.0] [cxt 0] Deparser 'deparser': start
[19:14:46.846] [bmv2] [T] [thread 10174] [7.0] [cxt 0] Skipping checksum 'cksum' update because condition not met
[19:14:46.846] [bmv2] [D] [thread 10174] [7.0] [cxt 0] Deparsing header 'ethernet'
[19:14:46.846] [bmv2] [D] [thread 10174] [7.0] [cxt 0] Deparser 'deparser': end
[19:14:46.846] [bmv2] [D] [thread 10178] [6.0] [cxt 0] Transmitting packet of size 90 out of port 0
[19:14:46.846] [bmv2] [D] [thread 10178] [7.0] [cxt 0] Transmitting packet of size 70 out of port 0
[19:14:46.855] [bmv2] [D] [thread 10173] [8.0] [cxt 0] Processing packet received on port 3
[19:14:46.855] [bmv2] [D] [thread 10173] [8.0] [cxt 0] Parser 'parser': start
[19:14:46.855] [bmv2] [D] [thread 10173] [8.0] [cxt 0] Parser 'parser' entering state 'start'
[19:14:46.855] [bmv2] [D] [thread 10173] [8.0] [cxt 0] Extracting header 'ethernet'
[19:14:46.855] [bmv2] [D] [thread 10173] [8.0] [cxt 0] Parser state 'start': key is 86dd
[19:14:46.855] [bmv2] [T] [thread 10173] [8.0] [cxt 0] Bytes parsed: 14
[19:14:46.855] [bmv2] [D] [thread 10173] [8.0] [cxt 0] Parser 'parser': end
[19:14:46.855] [bmv2] [D] [thread 10173] [8.0] [cxt 0] Pipeline 'ingress': start
[19:14:46.855] [bmv2] [T] [thread 10173] [8.0] [cxt 0] /home/p4/Desktop/DDV_protocol/proto_versions/one_attribute/p4src/main.p4(82) Condition "hdr.cpu.isValid()" (node_2) is false
[19:14:46.855] [bmv2] [T] [thread 10173] [8.0] [cxt 0] /home/p4/Desktop/DDV_protocol/proto_versions/one_attribute/p4src/main.p4(89) Condition "hdr.ipv4.protocol == MY_HEADER_PROTO" (node_5) is false
[19:14:46.855] [bmv2] [T] [thread 10173] [8.0] [cxt 0] /home/p4/Desktop/DDV_protocol/proto_versions/one_attribute/p4src/main.p4(92) Condition "hdr.ipv4.isValid()" (node_7) is false
[19:14:46.855] [bmv2] [D] [thread 10173] [8.0] [cxt 0] Pipeline 'ingress': end
[19:14:46.855] [bmv2] [D] [thread 10173] [8.0] [cxt 0] Egress port is 0
[19:14:46.855] [bmv2] [D] [thread 10174] [8.0] [cxt 0] Pipeline 'egress': start
[19:14:46.855] [bmv2] [D] [thread 10174] [8.0] [cxt 0] Pipeline 'egress': end
[19:14:46.855] [bmv2] [D] [thread 10174] [8.0] [cxt 0] Deparser 'deparser': start
[19:14:46.855] [bmv2] [T] [thread 10174] [8.0] [cxt 0] Skipping checksum 'cksum' update because condition not met
[19:14:46.855] [bmv2] [D] [thread 10174] [8.0] [cxt 0] Deparsing header 'ethernet'
[19:14:46.855] [bmv2] [D] [thread 10174] [8.0] [cxt 0] Deparser 'deparser': end
[19:14:46.855] [bmv2] [D] [thread 10178] [8.0] [cxt 0] Transmitting packet of size 90 out of port 0
[19:14:46.944] [bmv2] [D] [thread 10173] [9.0] [cxt 0] Processing packet received on port 3
[19:14:46.944] [bmv2] [D] [thread 10173] [9.0] [cxt 0] Parser 'parser': start
[19:14:46.944] [bmv2] [D] [thread 10173] [9.0] [cxt 0] Parser 'parser' entering state 'start'
[19:14:46.944] [bmv2] [D] [thread 10173] [9.0] [cxt 0] Extracting header 'ethernet'
[19:14:46.944] [bmv2] [D] [thread 10173] [9.0] [cxt 0] Parser state 'start': key is 86dd
[19:14:46.944] [bmv2] [T] [thread 10173] [9.0] [cxt 0] Bytes parsed: 14
[19:14:46.944] [bmv2] [D] [thread 10173] [9.0] [cxt 0] Parser 'parser': end
[19:14:46.944] [bmv2] [D] [thread 10173] [9.0] [cxt 0] Pipeline 'ingress': start
[19:14:46.944] [bmv2] [T] [thread 10173] [9.0] [cxt 0] /home/p4/Desktop/DDV_protocol/proto_versions/one_attribute/p4src/main.p4(82) Condition "hdr.cpu.isValid()" (node_2) is false
[19:14:46.944] [bmv2] [T] [thread 10173] [9.0] [cxt 0] /home/p4/Desktop/DDV_protocol/proto_versions/one_attribute/p4src/main.p4(89) Condition "hdr.ipv4.protocol == MY_HEADER_PROTO" (node_5) is false
[19:14:46.944] [bmv2] [T] [thread 10173] [9.0] [cxt 0] /home/p4/Desktop/DDV_protocol/proto_versions/one_attribute/p4src/main.p4(92) Condition "hdr.ipv4.isValid()" (node_7) is false
[19:14:46.944] [bmv2] [D] [thread 10173] [9.0] [cxt 0] Pipeline 'ingress': end
[19:14:46.944] [bmv2] [D] [thread 10173] [9.0] [cxt 0] Egress port is 0
[19:14:46.944] [bmv2] [D] [thread 10174] [9.0] [cxt 0] Pipeline 'egress': start
[19:14:46.944] [bmv2] [D] [thread 10174] [9.0] [cxt 0] Pipeline 'egress': end
[19:14:46.944] [bmv2] [D] [thread 10174] [9.0] [cxt 0] Deparser 'deparser': start
[19:14:46.944] [bmv2] [T] [thread 10174] [9.0] [cxt 0] Skipping checksum 'cksum' update because condition not met
[19:14:46.944] [bmv2] [D] [thread 10174] [9.0] [cxt 0] Deparsing header 'ethernet'
[19:14:46.944] [bmv2] [D] [thread 10174] [9.0] [cxt 0] Deparser 'deparser': end
[19:14:46.945] [bmv2] [D] [thread 10178] [9.0] [cxt 0] Transmitting packet of size 107 out of port 0
[19:14:46.999] [bmv2] [D] [thread 10173] [10.0] [cxt 0] Processing packet received on port 3
[19:14:46.999] [bmv2] [D] [thread 10173] [10.0] [cxt 0] Parser 'parser': start
[19:14:46.999] [bmv2] [D] [thread 10173] [10.0] [cxt 0] Parser 'parser' entering state 'start'
[19:14:46.999] [bmv2] [D] [thread 10173] [10.0] [cxt 0] Extracting header 'ethernet'
[19:14:46.999] [bmv2] [D] [thread 10173] [10.0] [cxt 0] Parser state 'start': key is 86dd
[19:14:46.999] [bmv2] [T] [thread 10173] [10.0] [cxt 0] Bytes parsed: 14
[19:14:46.999] [bmv2] [D] [thread 10173] [10.0] [cxt 0] Parser 'parser': end
[19:14:46.999] [bmv2] [D] [thread 10173] [10.0] [cxt 0] Pipeline 'ingress': start
[19:14:46.999] [bmv2] [T] [thread 10173] [10.0] [cxt 0] /home/p4/Desktop/DDV_protocol/proto_versions/one_attribute/p4src/main.p4(82) Condition "hdr.cpu.isValid()" (node_2) is false
[19:14:46.999] [bmv2] [T] [thread 10173] [10.0] [cxt 0] /home/p4/Desktop/DDV_protocol/proto_versions/one_attribute/p4src/main.p4(89) Condition "hdr.ipv4.protocol == MY_HEADER_PROTO" (node_5) is false
[19:14:46.999] [bmv2] [T] [thread 10173] [10.0] [cxt 0] /home/p4/Desktop/DDV_protocol/proto_versions/one_attribute/p4src/main.p4(92) Condition "hdr.ipv4.isValid()" (node_7) is false
[19:14:46.999] [bmv2] [D] [thread 10173] [10.0] [cxt 0] Pipeline 'ingress': end
[19:14:46.999] [bmv2] [D] [thread 10173] [10.0] [cxt 0] Egress port is 0
[19:14:46.999] [bmv2] [D] [thread 10174] [10.0] [cxt 0] Pipeline 'egress': start
[19:14:46.999] [bmv2] [D] [thread 10174] [10.0] [cxt 0] Pipeline 'egress': end
[19:14:46.999] [bmv2] [D] [thread 10174] [10.0] [cxt 0] Deparser 'deparser': start
[19:14:46.999] [bmv2] [T] [thread 10174] [10.0] [cxt 0] Skipping checksum 'cksum' update because condition not met
[19:14:46.999] [bmv2] [D] [thread 10174] [10.0] [cxt 0] Deparsing header 'ethernet'
[19:14:46.999] [bmv2] [D] [thread 10174] [10.0] [cxt 0] Deparser 'deparser': end
[19:14:46.999] [bmv2] [D] [thread 10178] [10.0] [cxt 0] Transmitting packet of size 90 out of port 0
[19:14:47.036] [bmv2] [D] [thread 10173] [11.0] [cxt 0] Processing packet received on port 2
[19:14:47.036] [bmv2] [D] [thread 10173] [11.0] [cxt 0] Parser 'parser': start
[19:14:47.036] [bmv2] [D] [thread 10173] [11.0] [cxt 0] Parser 'parser' entering state 'start'
[19:14:47.036] [bmv2] [D] [thread 10173] [11.0] [cxt 0] Extracting header 'ethernet'
[19:14:47.036] [bmv2] [D] [thread 10173] [11.0] [cxt 0] Parser state 'start': key is 86dd
[19:14:47.036] [bmv2] [T] [thread 10173] [11.0] [cxt 0] Bytes parsed: 14
[19:14:47.036] [bmv2] [D] [thread 10173] [11.0] [cxt 0] Parser 'parser': end
[19:14:47.036] [bmv2] [D] [thread 10173] [11.0] [cxt 0] Pipeline 'ingress': start
[19:14:47.036] [bmv2] [T] [thread 10173] [11.0] [cxt 0] /home/p4/Desktop/DDV_protocol/proto_versions/one_attribute/p4src/main.p4(82) Condition "hdr.cpu.isValid()" (node_2) is false
[19:14:47.036] [bmv2] [T] [thread 10173] [11.0] [cxt 0] /home/p4/Desktop/DDV_protocol/proto_versions/one_attribute/p4src/main.p4(89) Condition "hdr.ipv4.protocol == MY_HEADER_PROTO" (node_5) is false
[19:14:47.036] [bmv2] [T] [thread 10173] [11.0] [cxt 0] /home/p4/Desktop/DDV_protocol/proto_versions/one_attribute/p4src/main.p4(92) Condition "hdr.ipv4.isValid()" (node_7) is false
[19:14:47.036] [bmv2] [D] [thread 10173] [11.0] [cxt 0] Pipeline 'ingress': end
[19:14:47.036] [bmv2] [D] [thread 10173] [11.0] [cxt 0] Egress port is 0
[19:14:47.036] [bmv2] [D] [thread 10173] [12.0] [cxt 0] Processing packet received on port 2
[19:14:47.036] [bmv2] [D] [thread 10173] [12.0] [cxt 0] Parser 'parser': start
[19:14:47.036] [bmv2] [D] [thread 10173] [12.0] [cxt 0] Parser 'parser' entering state 'start'
[19:14:47.036] [bmv2] [D] [thread 10173] [12.0] [cxt 0] Extracting header 'ethernet'
[19:14:47.036] [bmv2] [D] [thread 10173] [12.0] [cxt 0] Parser state 'start': key is 86dd
[19:14:47.036] [bmv2] [T] [thread 10173] [12.0] [cxt 0] Bytes parsed: 14
[19:14:47.036] [bmv2] [D] [thread 10173] [12.0] [cxt 0] Parser 'parser': end
[19:14:47.036] [bmv2] [D] [thread 10173] [12.0] [cxt 0] Pipeline 'ingress': start
[19:14:47.036] [bmv2] [T] [thread 10173] [12.0] [cxt 0] /home/p4/Desktop/DDV_protocol/proto_versions/one_attribute/p4src/main.p4(82) Condition "hdr.cpu.isValid()" (node_2) is false
[19:14:47.036] [bmv2] [T] [thread 10173] [12.0] [cxt 0] /home/p4/Desktop/DDV_protocol/proto_versions/one_attribute/p4src/main.p4(89) Condition "hdr.ipv4.protocol == MY_HEADER_PROTO" (node_5) is false
[19:14:47.036] [bmv2] [T] [thread 10173] [12.0] [cxt 0] /home/p4/Desktop/DDV_protocol/proto_versions/one_attribute/p4src/main.p4(92) Condition "hdr.ipv4.isValid()" (node_7) is false
[19:14:47.036] [bmv2] [D] [thread 10173] [12.0] [cxt 0] Pipeline 'ingress': end
[19:14:47.036] [bmv2] [D] [thread 10173] [12.0] [cxt 0] Egress port is 0
[19:14:47.037] [bmv2] [D] [thread 10174] [11.0] [cxt 0] Pipeline 'egress': start
[19:14:47.037] [bmv2] [D] [thread 10174] [11.0] [cxt 0] Pipeline 'egress': end
[19:14:47.037] [bmv2] [D] [thread 10174] [11.0] [cxt 0] Deparser 'deparser': start
[19:14:47.037] [bmv2] [T] [thread 10174] [11.0] [cxt 0] Skipping checksum 'cksum' update because condition not met
[19:14:47.037] [bmv2] [D] [thread 10174] [11.0] [cxt 0] Deparsing header 'ethernet'
[19:14:47.037] [bmv2] [D] [thread 10174] [11.0] [cxt 0] Deparser 'deparser': end
[19:14:47.037] [bmv2] [D] [thread 10174] [12.0] [cxt 0] Pipeline 'egress': start
[19:14:47.037] [bmv2] [D] [thread 10174] [12.0] [cxt 0] Pipeline 'egress': end
[19:14:47.037] [bmv2] [D] [thread 10174] [12.0] [cxt 0] Deparser 'deparser': start
[19:14:47.037] [bmv2] [T] [thread 10174] [12.0] [cxt 0] Skipping checksum 'cksum' update because condition not met
[19:14:47.037] [bmv2] [D] [thread 10174] [12.0] [cxt 0] Deparsing header 'ethernet'
[19:14:47.037] [bmv2] [D] [thread 10174] [12.0] [cxt 0] Deparser 'deparser': end
[19:14:47.037] [bmv2] [D] [thread 10178] [11.0] [cxt 0] Transmitting packet of size 90 out of port 0
[19:14:47.037] [bmv2] [D] [thread 10178] [12.0] [cxt 0] Transmitting packet of size 70 out of port 0
[19:14:47.047] [bmv2] [D] [thread 10173] [13.0] [cxt 0] Processing packet received on port 2
[19:14:47.047] [bmv2] [D] [thread 10173] [13.0] [cxt 0] Parser 'parser': start
[19:14:47.047] [bmv2] [D] [thread 10173] [13.0] [cxt 0] Parser 'parser' entering state 'start'
[19:14:47.047] [bmv2] [D] [thread 10173] [13.0] [cxt 0] Extracting header 'ethernet'
[19:14:47.047] [bmv2] [D] [thread 10173] [13.0] [cxt 0] Parser state 'start': key is 86dd
[19:14:47.047] [bmv2] [T] [thread 10173] [13.0] [cxt 0] Bytes parsed: 14
[19:14:47.047] [bmv2] [D] [thread 10173] [13.0] [cxt 0] Parser 'parser': end
[19:14:47.047] [bmv2] [D] [thread 10173] [13.0] [cxt 0] Pipeline 'ingress': start
[19:14:47.047] [bmv2] [T] [thread 10173] [13.0] [cxt 0] /home/p4/Desktop/DDV_protocol/proto_versions/one_attribute/p4src/main.p4(82) Condition "hdr.cpu.isValid()" (node_2) is false
[19:14:47.047] [bmv2] [T] [thread 10173] [13.0] [cxt 0] /home/p4/Desktop/DDV_protocol/proto_versions/one_attribute/p4src/main.p4(89) Condition "hdr.ipv4.protocol == MY_HEADER_PROTO" (node_5) is false
[19:14:47.048] [bmv2] [T] [thread 10173] [13.0] [cxt 0] /home/p4/Desktop/DDV_protocol/proto_versions/one_attribute/p4src/main.p4(92) Condition "hdr.ipv4.isValid()" (node_7) is false
[19:14:47.048] [bmv2] [D] [thread 10173] [13.0] [cxt 0] Pipeline 'ingress': end
[19:14:47.048] [bmv2] [D] [thread 10173] [13.0] [cxt 0] Egress port is 0
[19:14:47.048] [bmv2] [D] [thread 10173] [14.0] [cxt 0] Processing packet received on port 3
[19:14:47.048] [bmv2] [D] [thread 10173] [14.0] [cxt 0] Parser 'parser': start
[19:14:47.048] [bmv2] [D] [thread 10173] [14.0] [cxt 0] Parser 'parser' entering state 'start'
[19:14:47.048] [bmv2] [D] [thread 10174] [13.0] [cxt 0] Pipeline 'egress': start
[19:14:47.048] [bmv2] [D] [thread 10174] [13.0] [cxt 0] Pipeline 'egress': end
[19:14:47.048] [bmv2] [D] [thread 10174] [13.0] [cxt 0] Deparser 'deparser': start
[19:14:47.048] [bmv2] [T] [thread 10174] [13.0] [cxt 0] Skipping checksum 'cksum' update because condition not met
[19:14:47.048] [bmv2] [D] [thread 10174] [13.0] [cxt 0] Deparsing header 'ethernet'
[19:14:47.048] [bmv2] [D] [thread 10174] [13.0] [cxt 0] Deparser 'deparser': end
[19:14:47.048] [bmv2] [D] [thread 10178] [13.0] [cxt 0] Transmitting packet of size 90 out of port 0
[19:14:47.048] [bmv2] [D] [thread 10173] [14.0] [cxt 0] Extracting header 'ethernet'
[19:14:47.048] [bmv2] [D] [thread 10173] [14.0] [cxt 0] Parser state 'start': key is 86dd
[19:14:47.048] [bmv2] [T] [thread 10173] [14.0] [cxt 0] Bytes parsed: 14
[19:14:47.048] [bmv2] [D] [thread 10173] [14.0] [cxt 0] Parser 'parser': end
[19:14:47.048] [bmv2] [D] [thread 10173] [14.0] [cxt 0] Pipeline 'ingress': start
[19:14:47.048] [bmv2] [T] [thread 10173] [14.0] [cxt 0] /home/p4/Desktop/DDV_protocol/proto_versions/one_attribute/p4src/main.p4(82) Condition "hdr.cpu.isValid()" (node_2) is false
[19:14:47.048] [bmv2] [T] [thread 10173] [14.0] [cxt 0] /home/p4/Desktop/DDV_protocol/proto_versions/one_attribute/p4src/main.p4(89) Condition "hdr.ipv4.protocol == MY_HEADER_PROTO" (node_5) is false
[19:14:47.048] [bmv2] [T] [thread 10173] [14.0] [cxt 0] /home/p4/Desktop/DDV_protocol/proto_versions/one_attribute/p4src/main.p4(92) Condition "hdr.ipv4.isValid()" (node_7) is false
[19:14:47.048] [bmv2] [D] [thread 10173] [14.0] [cxt 0] Pipeline 'ingress': end
[19:14:47.048] [bmv2] [D] [thread 10173] [14.0] [cxt 0] Egress port is 0
[19:14:47.048] [bmv2] [D] [thread 10174] [14.0] [cxt 0] Pipeline 'egress': start
[19:14:47.048] [bmv2] [D] [thread 10174] [14.0] [cxt 0] Pipeline 'egress': end
[19:14:47.048] [bmv2] [D] [thread 10174] [14.0] [cxt 0] Deparser 'deparser': start
[19:14:47.048] [bmv2] [T] [thread 10174] [14.0] [cxt 0] Skipping checksum 'cksum' update because condition not met
[19:14:47.048] [bmv2] [D] [thread 10174] [14.0] [cxt 0] Deparsing header 'ethernet'
[19:14:47.048] [bmv2] [D] [thread 10174] [14.0] [cxt 0] Deparser 'deparser': end
[19:14:47.048] [bmv2] [D] [thread 10178] [14.0] [cxt 0] Transmitting packet of size 208 out of port 0
[19:14:49.322] [bmv2] [D] [thread 10451] Set default default entry for table 'tbl_main83': main83 - 
[19:14:49.323] [bmv2] [D] [thread 10451] Set default default entry for table 'MyIngress.broadcast_elected_attr': MyIngress.drop - 
[19:14:49.323] [bmv2] [D] [thread 10451] Set default default entry for table 'MyIngress.cpu_table': MyIngress.drop - 
[19:14:49.323] [bmv2] [D] [thread 10451] Set default default entry for table 'MyIngress.ipv4_lpm': MyIngress.drop - 
[19:14:49.331] [bmv2] [D] [thread 10451] simple_switch target has been notified of a config swap
[19:14:49.372] [bmv2] [D] [thread 10451] Set default default entry for table 'tbl_main83': main83 - 
[19:14:49.372] [bmv2] [D] [thread 10451] Set default default entry for table 'MyIngress.broadcast_elected_attr': MyIngress.drop - 
[19:14:49.372] [bmv2] [D] [thread 10451] Set default default entry for table 'MyIngress.cpu_table': MyIngress.drop - 
[19:14:49.372] [bmv2] [D] [thread 10451] Set default default entry for table 'MyIngress.ipv4_lpm': MyIngress.drop - 
[19:14:49.375] [bmv2] [D] [thread 10451] simple_switch target has been notified of a config swap
[19:14:49.387] [bmv2] [T] [thread 10515] bm_get_config
[19:14:49.389] [bmv2] [T] [thread 10515] bm_mt_get_entries
[19:14:49.390] [bmv2] [T] [thread 10515] bm_mt_get_entries
[19:14:49.390] [bmv2] [T] [thread 10515] bm_mt_get_entries
[19:14:49.391] [bmv2] [T] [thread 10515] bm_reset_state
[19:14:49.394] [bmv2] [D] [thread 10515] Resetting simple_switch target-specific state
[19:14:49.394] [bmv2] [D] [thread 10515] resetting PRE state
[19:14:49.399] [bmv2] [D] [thread 10451] mgrp node created for mgid 2
[19:14:49.400] [bmv2] [D] [thread 10451] node created for rid 0
[19:14:49.400] [bmv2] [D] [thread 10451] node associated with mgid 2
[19:14:49.404] [bmv2] [D] [thread 10509] Entry 0 added to table 'MyIngress.broadcast_elected_attr'
[19:14:49.404] [bmv2] [D] [thread 10509] Dumping entry 0
Match key:
* meta.ingress_port   : EXACT     0002
Action entry: MyIngress.set_mcast_grp - 2,

[19:14:49.406] [bmv2] [D] [thread 10451] mgrp node created for mgid 3
[19:14:49.406] [bmv2] [D] [thread 10451] node created for rid 0
[19:14:49.406] [bmv2] [D] [thread 10451] node associated with mgid 3
[19:14:49.409] [bmv2] [D] [thread 10509] Entry 1 added to table 'MyIngress.broadcast_elected_attr'
[19:14:49.409] [bmv2] [D] [thread 10509] Dumping entry 1
Match key:
* meta.ingress_port   : EXACT     0003
Action entry: MyIngress.set_mcast_grp - 3,

[19:14:49.411] [bmv2] [D] [thread 10451] mgrp node created for mgid 100
[19:14:49.411] [bmv2] [D] [thread 10451] node created for rid 0
[19:14:49.411] [bmv2] [D] [thread 10451] node associated with mgid 100
[19:14:49.414] [bmv2] [D] [thread 10509] Entry 2 added to table 'MyIngress.broadcast_elected_attr'
[19:14:49.414] [bmv2] [D] [thread 10509] Dumping entry 2
Match key:
* meta.ingress_port   : EXACT     0064
Action entry: MyIngress.set_mcast_grp - 64,

[19:14:49.416] [bmv2] [D] [thread 10451] Entry 0 added to table 'MyIngress.ipv4_lpm'
[19:14:49.416] [bmv2] [D] [thread 10451] Dumping entry 0
Match key:
* hdr.ipv4.dstAddr    : LPM       0a000202/32
Action entry: MyIngress.ipv4_forward - a000202,1,

[19:14:49.419] [bmv2] [D] [thread 10509] Entry 0 added to table 'MyIngress.cpu_table'
[19:14:49.419] [bmv2] [D] [thread 10509] Dumping entry 0
Match key:
* hdr.ipv4.protocol   : EXACT     fe
Action entry: MyIngress.send_to_cpu - 4,

[19:15:13.421] [bmv2] [D] [thread 10173] [15.0] [cxt 0] Processing packet received on port 4
[19:15:13.421] [bmv2] [D] [thread 10173] [15.0] [cxt 0] Parser 'parser': start
[19:15:13.421] [bmv2] [D] [thread 10173] [15.0] [cxt 0] Parser 'parser' entering state 'start'
[19:15:13.421] [bmv2] [D] [thread 10173] [15.0] [cxt 0] Extracting header 'ethernet'
[19:15:13.421] [bmv2] [D] [thread 10173] [15.0] [cxt 0] Parser state 'start': key is 0800
[19:15:13.421] [bmv2] [T] [thread 10173] [15.0] [cxt 0] Bytes parsed: 14
[19:15:13.421] [bmv2] [D] [thread 10173] [15.0] [cxt 0] Parser 'parser' entering state 'parse_ipv4'
[19:15:13.421] [bmv2] [D] [thread 10173] [15.0] [cxt 0] Extracting header 'ipv4'
[19:15:13.421] [bmv2] [D] [thread 10173] [15.0] [cxt 0] Parser state 'parse_ipv4': key is fd
[19:15:13.421] [bmv2] [T] [thread 10173] [15.0] [cxt 0] Bytes parsed: 34
[19:15:13.421] [bmv2] [D] [thread 10173] [15.0] [cxt 0] Parser 'parser' entering state 'parse_cpu'
[19:15:13.421] [bmv2] [D] [thread 10173] [15.0] [cxt 0] Extracting header 'cpu'
[19:15:13.421] [bmv2] [D] [thread 10173] [15.0] [cxt 0] Parser state 'parse_cpu' has no switch, going to default next state
[19:15:13.421] [bmv2] [T] [thread 10173] [15.0] [cxt 0] Bytes parsed: 36
[19:15:13.421] [bmv2] [D] [thread 10173] [15.0] [cxt 0] Parser 'parser': end
[19:15:13.421] [bmv2] [D] [thread 10173] [15.0] [cxt 0] Pipeline 'ingress': start
[19:15:13.421] [bmv2] [T] [thread 10173] [15.0] [cxt 0] /home/p4/Desktop/DDV_protocol/proto_versions/one_attribute/p4src/main.p4(82) Condition "hdr.cpu.isValid()" (node_2) is true
[19:15:13.421] [bmv2] [T] [thread 10173] [15.0] [cxt 0] Applying table 'tbl_main83'
[19:15:13.421] [bmv2] [D] [thread 10173] [15.0] [cxt 0] Looking up key:

[19:15:13.421] [bmv2] [D] [thread 10173] [15.0] [cxt 0] Table 'tbl_main83': miss
[19:15:13.421] [bmv2] [D] [thread 10173] [15.0] [cxt 0] Action entry is main83 - 
[19:15:13.421] [bmv2] [T] [thread 10173] [15.0] [cxt 0] Action main83
[19:15:13.421] [bmv2] [T] [thread 10173] [15.0] [cxt 0] /home/p4/Desktop/DDV_protocol/proto_versions/one_attribute/p4src/main.p4(83) Primitive meta.ingress_port = (bit<9>)hdr.cpu.ingress_port
[19:15:13.421] [bmv2] [T] [thread 10173] [15.0] [cxt 0] /home/p4/Desktop/DDV_protocol/proto_versions/one_attribute/p4src/main.p4(84) Primitive hdr.cpu.setInvalid()
[19:15:13.421] [bmv2] [T] [thread 10173] [15.0] [cxt 0] /home/p4/Desktop/DDV_protocol/proto_versions/one_attribute/p4src/include/headers.p4(5) Primitive 254; ...
[19:15:13.421] [bmv2] [T] [thread 10173] [15.0] [cxt 0] Applying table 'MyIngress.broadcast_elected_attr'
[19:15:13.421] [bmv2] [D] [thread 10173] [15.0] [cxt 0] Looking up key:
* meta.ingress_port   : 0064

[19:15:13.421] [bmv2] [D] [thread 10173] [15.0] [cxt 0] Table 'MyIngress.broadcast_elected_attr': hit with handle 2
[19:15:13.421] [bmv2] [D] [thread 10173] [15.0] [cxt 0] Dumping entry 2
Match key:
* meta.ingress_port   : EXACT     0064
Action entry: MyIngress.set_mcast_grp - 64,

[19:15:13.421] [bmv2] [D] [thread 10173] [15.0] [cxt 0] Action entry is MyIngress.set_mcast_grp - 64,
[19:15:13.421] [bmv2] [T] [thread 10173] [15.0] [cxt 0] Action MyIngress.set_mcast_grp
[19:15:13.421] [bmv2] [T] [thread 10173] [15.0] [cxt 0] /home/p4/Desktop/DDV_protocol/proto_versions/one_attribute/p4src/main.p4(64) Primitive standard_metadata.mcast_grp = mcast_id
[19:15:13.421] [bmv2] [D] [thread 10173] [15.0] [cxt 0] Pipeline 'ingress': end
[19:15:13.421] [bmv2] [D] [thread 10173] [15.0] [cxt 0] Multicast requested for packet
[19:15:13.421] [bmv2] [D] [thread 10173] number of packets replicated : 2
[19:15:13.421] [bmv2] [D] [thread 10173] [15.0] [cxt 0] Replicating packet on port 2
[19:15:13.422] [bmv2] [D] [thread 10173] [15.0] [cxt 0] Replicating packet on port 3
[19:15:13.422] [bmv2] [D] [thread 10176] [15.1] [cxt 0] Pipeline 'egress': start
[19:15:13.422] [bmv2] [D] [thread 10176] [15.1] [cxt 0] Pipeline 'egress': end
[19:15:13.422] [bmv2] [D] [thread 10176] [15.1] [cxt 0] Deparser 'deparser': start
[19:15:13.423] [bmv2] [D] [thread 10176] [15.1] [cxt 0] Updating checksum 'cksum'
[19:15:13.423] [bmv2] [D] [thread 10176] [15.1] [cxt 0] Deparsing header 'ethernet'
[19:15:13.423] [bmv2] [D] [thread 10176] [15.1] [cxt 0] Deparsing header 'ipv4'
[19:15:13.423] [bmv2] [D] [thread 10176] [15.1] [cxt 0] Deparser 'deparser': end
[19:15:13.423] [bmv2] [D] [thread 10178] [15.1] [cxt 0] Transmitting packet of size 78 out of port 2
[19:15:13.423] [bmv2] [D] [thread 10177] [15.2] [cxt 0] Pipeline 'egress': start
[19:15:13.423] [bmv2] [D] [thread 10177] [15.2] [cxt 0] Pipeline 'egress': end
[19:15:13.423] [bmv2] [D] [thread 10177] [15.2] [cxt 0] Deparser 'deparser': start
[19:15:13.423] [bmv2] [D] [thread 10177] [15.2] [cxt 0] Updating checksum 'cksum'
[19:15:13.423] [bmv2] [D] [thread 10177] [15.2] [cxt 0] Deparsing header 'ethernet'
[19:15:13.423] [bmv2] [D] [thread 10177] [15.2] [cxt 0] Deparsing header 'ipv4'
[19:15:13.423] [bmv2] [D] [thread 10177] [15.2] [cxt 0] Deparser 'deparser': end
[19:15:13.423] [bmv2] [D] [thread 10178] [15.2] [cxt 0] Transmitting packet of size 78 out of port 3
open: No such file or directory
open: No such file or directory
open: No such file or directory
open: No such file or directory
open: No such file or directory
