Warning: you requested the nanomsg event logger, but bmv2 was compiled without -DBMELOG, and the event logger cannot be activated
Calling target program-options parser
[19:14:46.758] [bmv2] [D] [thread 10198] Set default default entry for table 'tbl_main83': main83 - 
[19:14:46.758] [bmv2] [D] [thread 10198] Set default default entry for table 'MyIngress.broadcast_elected_attr': MyIngress.drop - 
[19:14:46.758] [bmv2] [D] [thread 10198] Set default default entry for table 'MyIngress.cpu_table': MyIngress.drop - 
[19:14:46.758] [bmv2] [D] [thread 10198] Set default default entry for table 'MyIngress.ipv4_lpm': MyIngress.drop - 
Adding interface s4-eth1 as port 1
[19:14:46.763] [bmv2] [D] [thread 10198] Adding interface s4-eth1 as port 1
Adding interface s4-eth2 as port 2
[19:14:46.803] [bmv2] [D] [thread 10198] Adding interface s4-eth2 as port 2
Adding interface s4-eth3 as port 3
[19:14:46.863] [bmv2] [D] [thread 10198] Adding interface s4-eth3 as port 3
Adding interface s4-eth4 as port 4
[19:14:46.895] [bmv2] [D] [thread 10198] Adding interface s4-eth4 as port 4
Adding interface s4-cpu-eth0 as port 5
[19:14:46.967] [bmv2] [D] [thread 10198] Adding interface s4-cpu-eth0 as port 5
Server listening on 0.0.0.0:9562
[19:14:47.005] [bmv2] [I] [thread 10198] Starting Thrift server on port 9093
[19:14:47.005] [bmv2] [I] [thread 10198] Thrift server was started
[19:14:47.006] [bmv2] [D] [thread 10211] [0.0] [cxt 0] Processing packet received on port 3
[19:14:47.006] [bmv2] [D] [thread 10211] [0.0] [cxt 0] Parser 'parser': start
[19:14:47.006] [bmv2] [D] [thread 10211] [0.0] [cxt 0] Parser 'parser' entering state 'start'
[19:14:47.006] [bmv2] [D] [thread 10211] [0.0] [cxt 0] Extracting header 'ethernet'
[19:14:47.006] [bmv2] [D] [thread 10211] [0.0] [cxt 0] Parser state 'start': key is 86dd
[19:14:47.006] [bmv2] [T] [thread 10211] [0.0] [cxt 0] Bytes parsed: 14
[19:14:47.006] [bmv2] [D] [thread 10211] [0.0] [cxt 0] Parser 'parser': end
[19:14:47.007] [bmv2] [D] [thread 10211] [0.0] [cxt 0] Pipeline 'ingress': start
[19:14:47.007] [bmv2] [T] [thread 10211] [0.0] [cxt 0] /home/p4/Desktop/DDV_protocol/proto_versions/one_attribute/p4src/main.p4(82) Condition "hdr.cpu.isValid()" (node_2) is false
[19:14:47.007] [bmv2] [T] [thread 10211] [0.0] [cxt 0] /home/p4/Desktop/DDV_protocol/proto_versions/one_attribute/p4src/main.p4(89) Condition "hdr.ipv4.protocol == MY_HEADER_PROTO" (node_5) is false
[19:14:47.007] [bmv2] [T] [thread 10211] [0.0] [cxt 0] /home/p4/Desktop/DDV_protocol/proto_versions/one_attribute/p4src/main.p4(92) Condition "hdr.ipv4.isValid()" (node_7) is false
[19:14:47.007] [bmv2] [D] [thread 10211] [0.0] [cxt 0] Pipeline 'ingress': end
[19:14:47.007] [bmv2] [D] [thread 10211] [0.0] [cxt 0] Egress port is 0
[19:14:47.007] [bmv2] [D] [thread 10211] [1.0] [cxt 0] Processing packet received on port 3
[19:14:47.007] [bmv2] [D] [thread 10211] [1.0] [cxt 0] Parser 'parser': start
[19:14:47.007] [bmv2] [D] [thread 10211] [1.0] [cxt 0] Parser 'parser' entering state 'start'
[19:14:47.007] [bmv2] [D] [thread 10211] [1.0] [cxt 0] Extracting header 'ethernet'
[19:14:47.007] [bmv2] [D] [thread 10211] [1.0] [cxt 0] Parser state 'start': key is 86dd
[19:14:47.007] [bmv2] [T] [thread 10211] [1.0] [cxt 0] Bytes parsed: 14
[19:14:47.007] [bmv2] [D] [thread 10211] [1.0] [cxt 0] Parser 'parser': end
[19:14:47.007] [bmv2] [D] [thread 10211] [1.0] [cxt 0] Pipeline 'ingress': start
[19:14:47.007] [bmv2] [T] [thread 10211] [1.0] [cxt 0] /home/p4/Desktop/DDV_protocol/proto_versions/one_attribute/p4src/main.p4(82) Condition "hdr.cpu.isValid()" (node_2) is false
[19:14:47.007] [bmv2] [T] [thread 10211] [1.0] [cxt 0] /home/p4/Desktop/DDV_protocol/proto_versions/one_attribute/p4src/main.p4(89) Condition "hdr.ipv4.protocol == MY_HEADER_PROTO" (node_5) is false
[19:14:47.007] [bmv2] [T] [thread 10211] [1.0] [cxt 0] /home/p4/Desktop/DDV_protocol/proto_versions/one_attribute/p4src/main.p4(92) Condition "hdr.ipv4.isValid()" (node_7) is false
[19:14:47.007] [bmv2] [D] [thread 10211] [1.0] [cxt 0] Pipeline 'ingress': end
[19:14:47.007] [bmv2] [D] [thread 10211] [1.0] [cxt 0] Egress port is 0
[19:14:47.007] [bmv2] [D] [thread 10212] [0.0] [cxt 0] Pipeline 'egress': start
[19:14:47.007] [bmv2] [D] [thread 10212] [0.0] [cxt 0] Pipeline 'egress': end
[19:14:47.007] [bmv2] [D] [thread 10212] [0.0] [cxt 0] Deparser 'deparser': start
[19:14:47.007] [bmv2] [T] [thread 10212] [0.0] [cxt 0] Skipping checksum 'cksum' update because condition not met
[19:14:47.007] [bmv2] [D] [thread 10212] [0.0] [cxt 0] Deparsing header 'ethernet'
[19:14:47.008] [bmv2] [D] [thread 10212] [0.0] [cxt 0] Deparser 'deparser': end
[19:14:47.008] [bmv2] [D] [thread 10212] [1.0] [cxt 0] Pipeline 'egress': start
[19:14:47.008] [bmv2] [D] [thread 10212] [1.0] [cxt 0] Pipeline 'egress': end
[19:14:47.008] [bmv2] [D] [thread 10212] [1.0] [cxt 0] Deparser 'deparser': start
[19:14:47.008] [bmv2] [D] [thread 10216] [0.0] [cxt 0] Transmitting packet of size 107 out of port 0
[19:14:47.008] [bmv2] [T] [thread 10212] [1.0] [cxt 0] Skipping checksum 'cksum' update because condition not met
[19:14:47.008] [bmv2] [D] [thread 10212] [1.0] [cxt 0] Deparsing header 'ethernet'
[19:14:47.008] [bmv2] [D] [thread 10212] [1.0] [cxt 0] Deparser 'deparser': end
[19:14:47.008] [bmv2] [D] [thread 10216] [1.0] [cxt 0] Transmitting packet of size 90 out of port 0
[19:14:47.047] [bmv2] [D] [thread 10211] [2.0] [cxt 0] Processing packet received on port 3
[19:14:47.047] [bmv2] [D] [thread 10211] [2.0] [cxt 0] Parser 'parser': start
[19:14:47.047] [bmv2] [D] [thread 10211] [2.0] [cxt 0] Parser 'parser' entering state 'start'
[19:14:47.047] [bmv2] [D] [thread 10211] [2.0] [cxt 0] Extracting header 'ethernet'
[19:14:47.047] [bmv2] [D] [thread 10211] [2.0] [cxt 0] Parser state 'start': key is 86dd
[19:14:47.047] [bmv2] [T] [thread 10211] [2.0] [cxt 0] Bytes parsed: 14
[19:14:47.047] [bmv2] [D] [thread 10211] [2.0] [cxt 0] Parser 'parser': end
[19:14:47.047] [bmv2] [D] [thread 10211] [2.0] [cxt 0] Pipeline 'ingress': start
[19:14:47.047] [bmv2] [T] [thread 10211] [2.0] [cxt 0] /home/p4/Desktop/DDV_protocol/proto_versions/one_attribute/p4src/main.p4(82) Condition "hdr.cpu.isValid()" (node_2) is false
[19:14:47.047] [bmv2] [T] [thread 10211] [2.0] [cxt 0] /home/p4/Desktop/DDV_protocol/proto_versions/one_attribute/p4src/main.p4(89) Condition "hdr.ipv4.protocol == MY_HEADER_PROTO" (node_5) is false
[19:14:47.047] [bmv2] [T] [thread 10211] [2.0] [cxt 0] /home/p4/Desktop/DDV_protocol/proto_versions/one_attribute/p4src/main.p4(92) Condition "hdr.ipv4.isValid()" (node_7) is false
[19:14:47.048] [bmv2] [D] [thread 10211] [2.0] [cxt 0] Pipeline 'ingress': end
[19:14:47.048] [bmv2] [D] [thread 10211] [2.0] [cxt 0] Egress port is 0
[19:14:47.048] [bmv2] [D] [thread 10212] [2.0] [cxt 0] Pipeline 'egress': start
[19:14:47.048] [bmv2] [D] [thread 10212] [2.0] [cxt 0] Pipeline 'egress': end
[19:14:47.048] [bmv2] [D] [thread 10212] [2.0] [cxt 0] Deparser 'deparser': start
[19:14:47.048] [bmv2] [T] [thread 10212] [2.0] [cxt 0] Skipping checksum 'cksum' update because condition not met
[19:14:47.048] [bmv2] [D] [thread 10212] [2.0] [cxt 0] Deparsing header 'ethernet'
[19:14:47.048] [bmv2] [D] [thread 10212] [2.0] [cxt 0] Deparser 'deparser': end
[19:14:47.048] [bmv2] [D] [thread 10216] [2.0] [cxt 0] Transmitting packet of size 208 out of port 0
[19:14:49.264] [bmv2] [D] [thread 10207] Set default default entry for table 'tbl_main83': main83 - 
[19:14:49.264] [bmv2] [D] [thread 10207] Set default default entry for table 'MyIngress.broadcast_elected_attr': MyIngress.drop - 
[19:14:49.264] [bmv2] [D] [thread 10207] Set default default entry for table 'MyIngress.cpu_table': MyIngress.drop - 
[19:14:49.264] [bmv2] [D] [thread 10207] Set default default entry for table 'MyIngress.ipv4_lpm': MyIngress.drop - 
[19:14:49.269] [bmv2] [D] [thread 10207] simple_switch target has been notified of a config swap
[19:14:49.303] [bmv2] [D] [thread 10431] Set default default entry for table 'tbl_main83': main83 - 
[19:14:49.303] [bmv2] [D] [thread 10431] Set default default entry for table 'MyIngress.broadcast_elected_attr': MyIngress.drop - 
[19:14:49.303] [bmv2] [D] [thread 10431] Set default default entry for table 'MyIngress.cpu_table': MyIngress.drop - 
[19:14:49.303] [bmv2] [D] [thread 10431] Set default default entry for table 'MyIngress.ipv4_lpm': MyIngress.drop - 
[19:14:49.306] [bmv2] [D] [thread 10431] simple_switch target has been notified of a config swap
[19:14:49.318] [bmv2] [T] [thread 10491] bm_get_config
[19:14:49.323] [bmv2] [T] [thread 10491] bm_mt_get_entries
[19:14:49.323] [bmv2] [T] [thread 10491] bm_mt_get_entries
[19:14:49.323] [bmv2] [T] [thread 10491] bm_mt_get_entries
[19:14:49.325] [bmv2] [T] [thread 10491] bm_reset_state
[19:14:49.331] [bmv2] [D] [thread 10491] Resetting simple_switch target-specific state
[19:14:49.332] [bmv2] [D] [thread 10491] resetting PRE state
[19:14:49.336] [bmv2] [D] [thread 10431] mgrp node created for mgid 2
[19:14:49.336] [bmv2] [D] [thread 10431] node created for rid 0
[19:14:49.336] [bmv2] [D] [thread 10431] node associated with mgid 2
[19:14:49.347] [bmv2] [D] [thread 10478] Entry 0 added to table 'MyIngress.broadcast_elected_attr'
[19:14:49.347] [bmv2] [D] [thread 10478] Dumping entry 0
Match key:
* meta.ingress_port   : EXACT     0002
Action entry: MyIngress.set_mcast_grp - 2,

[19:14:49.351] [bmv2] [D] [thread 10431] mgrp node created for mgid 3
[19:14:49.351] [bmv2] [D] [thread 10431] node created for rid 0
[19:14:49.351] [bmv2] [D] [thread 10431] node associated with mgid 3
[19:14:49.353] [bmv2] [D] [thread 10478] Entry 1 added to table 'MyIngress.broadcast_elected_attr'
[19:14:49.353] [bmv2] [D] [thread 10478] Dumping entry 1
Match key:
* meta.ingress_port   : EXACT     0003
Action entry: MyIngress.set_mcast_grp - 3,

[19:14:49.355] [bmv2] [D] [thread 10431] mgrp node created for mgid 4
[19:14:49.355] [bmv2] [D] [thread 10431] node created for rid 0
[19:14:49.355] [bmv2] [D] [thread 10431] node associated with mgid 4
[19:14:49.358] [bmv2] [D] [thread 10478] Entry 2 added to table 'MyIngress.broadcast_elected_attr'
[19:14:49.358] [bmv2] [D] [thread 10478] Dumping entry 2
Match key:
* meta.ingress_port   : EXACT     0004
Action entry: MyIngress.set_mcast_grp - 4,

[19:14:49.360] [bmv2] [D] [thread 10431] mgrp node created for mgid 100
[19:14:49.360] [bmv2] [D] [thread 10431] node created for rid 0
[19:14:49.360] [bmv2] [D] [thread 10431] node associated with mgid 100
[19:14:49.364] [bmv2] [D] [thread 10478] Entry 3 added to table 'MyIngress.broadcast_elected_attr'
[19:14:49.364] [bmv2] [D] [thread 10478] Dumping entry 3
Match key:
* meta.ingress_port   : EXACT     0064
Action entry: MyIngress.set_mcast_grp - 64,

[19:14:49.368] [bmv2] [D] [thread 10431] Entry 0 added to table 'MyIngress.ipv4_lpm'
[19:14:49.368] [bmv2] [D] [thread 10431] Dumping entry 0
Match key:
* hdr.ipv4.dstAddr    : LPM       0a000404/32
Action entry: MyIngress.ipv4_forward - a000404,1,

[19:14:49.375] [bmv2] [D] [thread 10478] Entry 0 added to table 'MyIngress.cpu_table'
[19:14:49.375] [bmv2] [D] [thread 10478] Dumping entry 0
Match key:
* hdr.ipv4.protocol   : EXACT     fe
Action entry: MyIngress.send_to_cpu - 5,

[19:15:13.424] [bmv2] [D] [thread 10211] [3.0] [cxt 0] Processing packet received on port 3
[19:15:13.424] [bmv2] [D] [thread 10211] [3.0] [cxt 0] Parser 'parser': start
[19:15:13.424] [bmv2] [D] [thread 10211] [3.0] [cxt 0] Parser 'parser' entering state 'start'
[19:15:13.424] [bmv2] [D] [thread 10211] [3.0] [cxt 0] Extracting header 'ethernet'
[19:15:13.424] [bmv2] [D] [thread 10211] [3.0] [cxt 0] Parser state 'start': key is 0800
[19:15:13.424] [bmv2] [T] [thread 10211] [3.0] [cxt 0] Bytes parsed: 14
[19:15:13.424] [bmv2] [D] [thread 10211] [3.0] [cxt 0] Parser 'parser' entering state 'parse_ipv4'
[19:15:13.424] [bmv2] [D] [thread 10211] [3.0] [cxt 0] Extracting header 'ipv4'
[19:15:13.424] [bmv2] [D] [thread 10211] [3.0] [cxt 0] Parser state 'parse_ipv4': key is fe
[19:15:13.424] [bmv2] [T] [thread 10211] [3.0] [cxt 0] Bytes parsed: 34
[19:15:13.424] [bmv2] [D] [thread 10211] [3.0] [cxt 0] Parser 'parser': end
[19:15:13.424] [bmv2] [D] [thread 10211] [3.0] [cxt 0] Pipeline 'ingress': start
[19:15:13.424] [bmv2] [T] [thread 10211] [3.0] [cxt 0] /home/p4/Desktop/DDV_protocol/proto_versions/one_attribute/p4src/main.p4(82) Condition "hdr.cpu.isValid()" (node_2) is false
[19:15:13.424] [bmv2] [T] [thread 10211] [3.0] [cxt 0] /home/p4/Desktop/DDV_protocol/proto_versions/one_attribute/p4src/main.p4(89) Condition "hdr.ipv4.protocol == MY_HEADER_PROTO" (node_5) is true
[19:15:13.424] [bmv2] [T] [thread 10211] [3.0] [cxt 0] Applying table 'MyIngress.cpu_table'
[19:15:13.424] [bmv2] [D] [thread 10211] [3.0] [cxt 0] Looking up key:
* hdr.ipv4.protocol   : fe

[19:15:13.424] [bmv2] [D] [thread 10211] [3.0] [cxt 0] Table 'MyIngress.cpu_table': hit with handle 0
[19:15:13.424] [bmv2] [D] [thread 10211] [3.0] [cxt 0] Dumping entry 0
Match key:
* hdr.ipv4.protocol   : EXACT     fe
Action entry: MyIngress.send_to_cpu - 5,

[19:15:13.424] [bmv2] [D] [thread 10211] [3.0] [cxt 0] Action entry is MyIngress.send_to_cpu - 5,
[19:15:13.424] [bmv2] [T] [thread 10211] [3.0] [cxt 0] Action MyIngress.send_to_cpu
[19:15:13.424] [bmv2] [T] [thread 10211] [3.0] [cxt 0] /home/p4/Desktop/DDV_protocol/proto_versions/one_attribute/p4src/include/headers.p4(6) Primitive 253; ...
[19:15:13.424] [bmv2] [T] [thread 10211] [3.0] [cxt 0] /home/p4/Desktop/DDV_protocol/proto_versions/one_attribute/p4src/main.p4(43) Primitive hdr.cpu.setValid()
[19:15:13.424] [bmv2] [T] [thread 10211] [3.0] [cxt 0] /home/p4/Desktop/DDV_protocol/proto_versions/one_attribute/p4src/main.p4(44) Primitive hdr.cpu.ingress_port = (bit<16>)standard_metadata.ingress_port
[19:15:13.424] [bmv2] [T] [thread 10211] [3.0] [cxt 0] /home/p4/Desktop/DDV_protocol/proto_versions/one_attribute/p4src/main.p4(45) Primitive standard_metadata.egress_spec = cpu_port
[19:15:13.424] [bmv2] [D] [thread 10211] [3.0] [cxt 0] Pipeline 'ingress': end
[19:15:13.424] [bmv2] [D] [thread 10211] [3.0] [cxt 0] Egress port is 5
[19:15:13.424] [bmv2] [D] [thread 10213] [3.0] [cxt 0] Pipeline 'egress': start
[19:15:13.424] [bmv2] [D] [thread 10213] [3.0] [cxt 0] Pipeline 'egress': end
[19:15:13.424] [bmv2] [D] [thread 10213] [3.0] [cxt 0] Deparser 'deparser': start
[19:15:13.425] [bmv2] [D] [thread 10213] [3.0] [cxt 0] Updating checksum 'cksum'
[19:15:13.425] [bmv2] [D] [thread 10213] [3.0] [cxt 0] Deparsing header 'ethernet'
[19:15:13.425] [bmv2] [D] [thread 10213] [3.0] [cxt 0] Deparsing header 'ipv4'
[19:15:13.425] [bmv2] [D] [thread 10213] [3.0] [cxt 0] Deparsing header 'cpu'
[19:15:13.425] [bmv2] [D] [thread 10213] [3.0] [cxt 0] Deparser 'deparser': end
[19:15:13.425] [bmv2] [D] [thread 10216] [3.0] [cxt 0] Transmitting packet of size 80 out of port 5
[19:15:13.428] [bmv2] [D] [thread 10431] Entry 1 added to table 'MyIngress.ipv4_lpm'
[19:15:13.428] [bmv2] [D] [thread 10431] Dumping entry 1
Match key:
* hdr.ipv4.dstAddr    : LPM       0a000200/32
Action entry: MyIngress.ipv4_forward - ea13f95e9a3a,3,

[19:15:13.443] [bmv2] [D] [thread 10211] [4.0] [cxt 0] Processing packet received on port 2
[19:15:13.443] [bmv2] [D] [thread 10211] [4.0] [cxt 0] Parser 'parser': start
[19:15:13.443] [bmv2] [D] [thread 10211] [4.0] [cxt 0] Parser 'parser' entering state 'start'
[19:15:13.443] [bmv2] [D] [thread 10211] [4.0] [cxt 0] Extracting header 'ethernet'
[19:15:13.443] [bmv2] [D] [thread 10211] [4.0] [cxt 0] Parser state 'start': key is 0800
[19:15:13.443] [bmv2] [T] [thread 10211] [4.0] [cxt 0] Bytes parsed: 14
[19:15:13.443] [bmv2] [D] [thread 10211] [4.0] [cxt 0] Parser 'parser' entering state 'parse_ipv4'
[19:15:13.444] [bmv2] [D] [thread 10211] [4.0] [cxt 0] Extracting header 'ipv4'
[19:15:13.444] [bmv2] [D] [thread 10211] [4.0] [cxt 0] Parser state 'parse_ipv4': key is fe
[19:15:13.444] [bmv2] [T] [thread 10211] [4.0] [cxt 0] Bytes parsed: 34
[19:15:13.444] [bmv2] [D] [thread 10211] [4.0] [cxt 0] Parser 'parser': end
[19:15:13.444] [bmv2] [D] [thread 10211] [4.0] [cxt 0] Pipeline 'ingress': start
[19:15:13.444] [bmv2] [T] [thread 10211] [4.0] [cxt 0] /home/p4/Desktop/DDV_protocol/proto_versions/one_attribute/p4src/main.p4(82) Condition "hdr.cpu.isValid()" (node_2) is false
[19:15:13.444] [bmv2] [T] [thread 10211] [4.0] [cxt 0] /home/p4/Desktop/DDV_protocol/proto_versions/one_attribute/p4src/main.p4(89) Condition "hdr.ipv4.protocol == MY_HEADER_PROTO" (node_5) is true
[19:15:13.444] [bmv2] [T] [thread 10211] [4.0] [cxt 0] Applying table 'MyIngress.cpu_table'
[19:15:13.444] [bmv2] [D] [thread 10211] [4.0] [cxt 0] Looking up key:
* hdr.ipv4.protocol   : fe

[19:15:13.444] [bmv2] [D] [thread 10211] [4.0] [cxt 0] Table 'MyIngress.cpu_table': hit with handle 0
[19:15:13.444] [bmv2] [D] [thread 10211] [4.0] [cxt 0] Dumping entry 0
Match key:
* hdr.ipv4.protocol   : EXACT     fe
Action entry: MyIngress.send_to_cpu - 5,

[19:15:13.444] [bmv2] [D] [thread 10211] [4.0] [cxt 0] Action entry is MyIngress.send_to_cpu - 5,
[19:15:13.444] [bmv2] [T] [thread 10211] [4.0] [cxt 0] Action MyIngress.send_to_cpu
[19:15:13.444] [bmv2] [T] [thread 10211] [4.0] [cxt 0] /home/p4/Desktop/DDV_protocol/proto_versions/one_attribute/p4src/include/headers.p4(6) Primitive 253; ...
[19:15:13.444] [bmv2] [T] [thread 10211] [4.0] [cxt 0] /home/p4/Desktop/DDV_protocol/proto_versions/one_attribute/p4src/main.p4(43) Primitive hdr.cpu.setValid()
[19:15:13.444] [bmv2] [T] [thread 10211] [4.0] [cxt 0] /home/p4/Desktop/DDV_protocol/proto_versions/one_attribute/p4src/main.p4(44) Primitive hdr.cpu.ingress_port = (bit<16>)standard_metadata.ingress_port
[19:15:13.444] [bmv2] [T] [thread 10211] [4.0] [cxt 0] /home/p4/Desktop/DDV_protocol/proto_versions/one_attribute/p4src/main.p4(45) Primitive standard_metadata.egress_spec = cpu_port
[19:15:13.444] [bmv2] [D] [thread 10211] [4.0] [cxt 0] Pipeline 'ingress': end
[19:15:13.444] [bmv2] [D] [thread 10211] [4.0] [cxt 0] Egress port is 5
[19:15:13.444] [bmv2] [D] [thread 10213] [4.0] [cxt 0] Pipeline 'egress': start
[19:15:13.444] [bmv2] [D] [thread 10213] [4.0] [cxt 0] Pipeline 'egress': end
[19:15:13.444] [bmv2] [D] [thread 10213] [4.0] [cxt 0] Deparser 'deparser': start
[19:15:13.444] [bmv2] [D] [thread 10213] [4.0] [cxt 0] Updating checksum 'cksum'
[19:15:13.444] [bmv2] [D] [thread 10213] [4.0] [cxt 0] Deparsing header 'ethernet'
[19:15:13.444] [bmv2] [D] [thread 10213] [4.0] [cxt 0] Deparsing header 'ipv4'
[19:15:13.444] [bmv2] [D] [thread 10213] [4.0] [cxt 0] Deparsing header 'cpu'
[19:15:13.444] [bmv2] [D] [thread 10213] [4.0] [cxt 0] Deparser 'deparser': end
[19:15:13.444] [bmv2] [D] [thread 10216] [4.0] [cxt 0] Transmitting packet of size 80 out of port 5
[19:15:13.456] [bmv2] [D] [thread 10211] [5.0] [cxt 0] Processing packet received on port 5
[19:15:13.456] [bmv2] [D] [thread 10211] [5.0] [cxt 0] Parser 'parser': start
[19:15:13.456] [bmv2] [D] [thread 10211] [5.0] [cxt 0] Parser 'parser' entering state 'start'
[19:15:13.456] [bmv2] [D] [thread 10211] [5.0] [cxt 0] Extracting header 'ethernet'
[19:15:13.456] [bmv2] [D] [thread 10211] [5.0] [cxt 0] Parser state 'start': key is 0800
[19:15:13.456] [bmv2] [T] [thread 10211] [5.0] [cxt 0] Bytes parsed: 14
[19:15:13.456] [bmv2] [D] [thread 10211] [5.0] [cxt 0] Parser 'parser' entering state 'parse_ipv4'
[19:15:13.456] [bmv2] [D] [thread 10211] [5.0] [cxt 0] Extracting header 'ipv4'
[19:15:13.456] [bmv2] [D] [thread 10211] [5.0] [cxt 0] Parser state 'parse_ipv4': key is fd
[19:15:13.456] [bmv2] [T] [thread 10211] [5.0] [cxt 0] Bytes parsed: 34
[19:15:13.456] [bmv2] [D] [thread 10211] [5.0] [cxt 0] Parser 'parser' entering state 'parse_cpu'
[19:15:13.456] [bmv2] [D] [thread 10211] [5.0] [cxt 0] Extracting header 'cpu'
[19:15:13.456] [bmv2] [D] [thread 10211] [5.0] [cxt 0] Parser state 'parse_cpu' has no switch, going to default next state
[19:15:13.456] [bmv2] [T] [thread 10211] [5.0] [cxt 0] Bytes parsed: 36
[19:15:13.456] [bmv2] [D] [thread 10211] [5.0] [cxt 0] Parser 'parser': end
[19:15:13.456] [bmv2] [D] [thread 10211] [5.0] [cxt 0] Pipeline 'ingress': start
[19:15:13.456] [bmv2] [T] [thread 10211] [5.0] [cxt 0] /home/p4/Desktop/DDV_protocol/proto_versions/one_attribute/p4src/main.p4(82) Condition "hdr.cpu.isValid()" (node_2) is true
[19:15:13.456] [bmv2] [T] [thread 10211] [5.0] [cxt 0] Applying table 'tbl_main83'
[19:15:13.456] [bmv2] [D] [thread 10211] [5.0] [cxt 0] Looking up key:

[19:15:13.456] [bmv2] [D] [thread 10211] [5.0] [cxt 0] Table 'tbl_main83': miss
[19:15:13.456] [bmv2] [D] [thread 10211] [5.0] [cxt 0] Action entry is main83 - 
[19:15:13.456] [bmv2] [T] [thread 10211] [5.0] [cxt 0] Action main83
[19:15:13.456] [bmv2] [T] [thread 10211] [5.0] [cxt 0] /home/p4/Desktop/DDV_protocol/proto_versions/one_attribute/p4src/main.p4(83) Primitive meta.ingress_port = (bit<9>)hdr.cpu.ingress_port
[19:15:13.456] [bmv2] [T] [thread 10211] [5.0] [cxt 0] /home/p4/Desktop/DDV_protocol/proto_versions/one_attribute/p4src/main.p4(84) Primitive hdr.cpu.setInvalid()
[19:15:13.456] [bmv2] [T] [thread 10211] [5.0] [cxt 0] /home/p4/Desktop/DDV_protocol/proto_versions/one_attribute/p4src/include/headers.p4(5) Primitive 254; ...
[19:15:13.456] [bmv2] [T] [thread 10211] [5.0] [cxt 0] Applying table 'MyIngress.broadcast_elected_attr'
[19:15:13.456] [bmv2] [D] [thread 10211] [5.0] [cxt 0] Looking up key:
* meta.ingress_port   : 0003

[19:15:13.456] [bmv2] [D] [thread 10211] [5.0] [cxt 0] Table 'MyIngress.broadcast_elected_attr': hit with handle 1
[19:15:13.456] [bmv2] [D] [thread 10211] [5.0] [cxt 0] Dumping entry 1
Match key:
* meta.ingress_port   : EXACT     0003
Action entry: MyIngress.set_mcast_grp - 3,

[19:15:13.456] [bmv2] [D] [thread 10211] [5.0] [cxt 0] Action entry is MyIngress.set_mcast_grp - 3,
[19:15:13.456] [bmv2] [T] [thread 10211] [5.0] [cxt 0] Action MyIngress.set_mcast_grp
[19:15:13.456] [bmv2] [T] [thread 10211] [5.0] [cxt 0] /home/p4/Desktop/DDV_protocol/proto_versions/one_attribute/p4src/main.p4(64) Primitive standard_metadata.mcast_grp = mcast_id
[19:15:13.456] [bmv2] [D] [thread 10211] [5.0] [cxt 0] Pipeline 'ingress': end
[19:15:13.456] [bmv2] [D] [thread 10211] [5.0] [cxt 0] Multicast requested for packet
[19:15:13.456] [bmv2] [D] [thread 10211] number of packets replicated : 2
[19:15:13.457] [bmv2] [D] [thread 10211] [5.0] [cxt 0] Replicating packet on port 2
[19:15:13.457] [bmv2] [D] [thread 10211] [5.0] [cxt 0] Replicating packet on port 4
[19:15:13.457] [bmv2] [D] [thread 10214] [5.1] [cxt 0] Pipeline 'egress': start
[19:15:13.457] [bmv2] [D] [thread 10214] [5.1] [cxt 0] Pipeline 'egress': end
[19:15:13.457] [bmv2] [D] [thread 10214] [5.1] [cxt 0] Deparser 'deparser': start
[19:15:13.457] [bmv2] [D] [thread 10214] [5.1] [cxt 0] Updating checksum 'cksum'
[19:15:13.457] [bmv2] [D] [thread 10214] [5.1] [cxt 0] Deparsing header 'ethernet'
[19:15:13.457] [bmv2] [D] [thread 10214] [5.1] [cxt 0] Deparsing header 'ipv4'
[19:15:13.457] [bmv2] [D] [thread 10214] [5.1] [cxt 0] Deparser 'deparser': end
[19:15:13.457] [bmv2] [D] [thread 10216] [5.1] [cxt 0] Transmitting packet of size 78 out of port 2
[19:15:13.457] [bmv2] [D] [thread 10212] [5.2] [cxt 0] Pipeline 'egress': start
[19:15:13.457] [bmv2] [D] [thread 10212] [5.2] [cxt 0] Pipeline 'egress': end
[19:15:13.457] [bmv2] [D] [thread 10212] [5.2] [cxt 0] Deparser 'deparser': start
[19:15:13.457] [bmv2] [D] [thread 10212] [5.2] [cxt 0] Updating checksum 'cksum'
[19:15:13.457] [bmv2] [D] [thread 10212] [5.2] [cxt 0] Deparsing header 'ethernet'
[19:15:13.457] [bmv2] [D] [thread 10212] [5.2] [cxt 0] Deparsing header 'ipv4'
[19:15:13.458] [bmv2] [D] [thread 10212] [5.2] [cxt 0] Deparser 'deparser': end
[19:15:13.458] [bmv2] [D] [thread 10216] [5.2] [cxt 0] Transmitting packet of size 78 out of port 4
[19:15:13.475] [bmv2] [D] [thread 10211] [6.0] [cxt 0] Processing packet received on port 4
[19:15:13.476] [bmv2] [D] [thread 10211] [6.0] [cxt 0] Parser 'parser': start
[19:15:13.476] [bmv2] [D] [thread 10211] [6.0] [cxt 0] Parser 'parser' entering state 'start'
[19:15:13.476] [bmv2] [D] [thread 10211] [6.0] [cxt 0] Extracting header 'ethernet'
[19:15:13.476] [bmv2] [D] [thread 10211] [6.0] [cxt 0] Parser state 'start': key is 0800
[19:15:13.476] [bmv2] [T] [thread 10211] [6.0] [cxt 0] Bytes parsed: 14
[19:15:13.476] [bmv2] [D] [thread 10211] [6.0] [cxt 0] Parser 'parser' entering state 'parse_ipv4'
[19:15:13.476] [bmv2] [D] [thread 10211] [6.0] [cxt 0] Extracting header 'ipv4'
[19:15:13.476] [bmv2] [D] [thread 10211] [6.0] [cxt 0] Parser state 'parse_ipv4': key is fe
[19:15:13.476] [bmv2] [T] [thread 10211] [6.0] [cxt 0] Bytes parsed: 34
[19:15:13.476] [bmv2] [D] [thread 10211] [6.0] [cxt 0] Parser 'parser': end
[19:15:13.476] [bmv2] [D] [thread 10211] [6.0] [cxt 0] Pipeline 'ingress': start
[19:15:13.476] [bmv2] [T] [thread 10211] [6.0] [cxt 0] /home/p4/Desktop/DDV_protocol/proto_versions/one_attribute/p4src/main.p4(82) Condition "hdr.cpu.isValid()" (node_2) is false
[19:15:13.476] [bmv2] [T] [thread 10211] [6.0] [cxt 0] /home/p4/Desktop/DDV_protocol/proto_versions/one_attribute/p4src/main.p4(89) Condition "hdr.ipv4.protocol == MY_HEADER_PROTO" (node_5) is true
[19:15:13.476] [bmv2] [T] [thread 10211] [6.0] [cxt 0] Applying table 'MyIngress.cpu_table'
[19:15:13.476] [bmv2] [D] [thread 10211] [6.0] [cxt 0] Looking up key:
* hdr.ipv4.protocol   : fe

[19:15:13.476] [bmv2] [D] [thread 10211] [6.0] [cxt 0] Table 'MyIngress.cpu_table': hit with handle 0
[19:15:13.476] [bmv2] [D] [thread 10211] [6.0] [cxt 0] Dumping entry 0
Match key:
* hdr.ipv4.protocol   : EXACT     fe
Action entry: MyIngress.send_to_cpu - 5,

[19:15:13.476] [bmv2] [D] [thread 10211] [6.0] [cxt 0] Action entry is MyIngress.send_to_cpu - 5,
[19:15:13.476] [bmv2] [T] [thread 10211] [6.0] [cxt 0] Action MyIngress.send_to_cpu
[19:15:13.476] [bmv2] [T] [thread 10211] [6.0] [cxt 0] /home/p4/Desktop/DDV_protocol/proto_versions/one_attribute/p4src/include/headers.p4(6) Primitive 253; ...
[19:15:13.476] [bmv2] [T] [thread 10211] [6.0] [cxt 0] /home/p4/Desktop/DDV_protocol/proto_versions/one_attribute/p4src/main.p4(43) Primitive hdr.cpu.setValid()
[19:15:13.476] [bmv2] [T] [thread 10211] [6.0] [cxt 0] /home/p4/Desktop/DDV_protocol/proto_versions/one_attribute/p4src/main.p4(44) Primitive hdr.cpu.ingress_port = (bit<16>)standard_metadata.ingress_port
[19:15:13.476] [bmv2] [T] [thread 10211] [6.0] [cxt 0] /home/p4/Desktop/DDV_protocol/proto_versions/one_attribute/p4src/main.p4(45) Primitive standard_metadata.egress_spec = cpu_port
[19:15:13.476] [bmv2] [D] [thread 10211] [6.0] [cxt 0] Pipeline 'ingress': end
[19:15:13.476] [bmv2] [D] [thread 10211] [6.0] [cxt 0] Egress port is 5
[19:15:13.476] [bmv2] [D] [thread 10213] [6.0] [cxt 0] Pipeline 'egress': start
[19:15:13.476] [bmv2] [D] [thread 10213] [6.0] [cxt 0] Pipeline 'egress': end
[19:15:13.476] [bmv2] [D] [thread 10213] [6.0] [cxt 0] Deparser 'deparser': start
[19:15:13.476] [bmv2] [D] [thread 10213] [6.0] [cxt 0] Updating checksum 'cksum'
[19:15:13.476] [bmv2] [D] [thread 10213] [6.0] [cxt 0] Deparsing header 'ethernet'
[19:15:13.476] [bmv2] [D] [thread 10213] [6.0] [cxt 0] Deparsing header 'ipv4'
[19:15:13.476] [bmv2] [D] [thread 10213] [6.0] [cxt 0] Deparsing header 'cpu'
[19:15:13.476] [bmv2] [D] [thread 10213] [6.0] [cxt 0] Deparser 'deparser': end
[19:15:13.476] [bmv2] [D] [thread 10216] [6.0] [cxt 0] Transmitting packet of size 80 out of port 5
open: No such file or directory
open: No such file or directory
