Warning: you requested the nanomsg event logger, but bmv2 was compiled without -DBMELOG, and the event logger cannot be activated
Calling target program-options parser
[19:54:23.923] [bmv2] [D] [thread 15783] Set default default entry for table 'MyIngress.ipv4_lpm': MyIngress.drop - 
[19:54:23.926] [bmv2] [D] [thread 15783] Set default default entry for table 'tbl_get_registers_index': MyIngress.get_registers_index - 
[19:54:23.926] [bmv2] [D] [thread 15783] Set default default entry for table 'MyIngress.check_destination_known': MyIngress.elect_attribute - 
[19:54:23.926] [bmv2] [D] [thread 15783] Set default default entry for table 'tbl_main168': main168 - 
[19:54:23.927] [bmv2] [D] [thread 15783] Set default default entry for table 'tbl_update_table': MyIngress.update_table - 
[19:54:23.927] [bmv2] [D] [thread 15783] Set default default entry for table 'tbl_elect_attribute': MyIngress.elect_attribute - 
[19:54:23.927] [bmv2] [D] [thread 15783] Set default default entry for table 'MyIngress.broadcast_elected_attr': MyIngress.drop - 
[19:54:23.927] [bmv2] [D] [thread 15783] Set default default entry for table 'tbl_elect_attribute_0': MyIngress.elect_attribute - 
[19:54:23.927] [bmv2] [D] [thread 15783] Set default default entry for table 'tbl_elect_promise': MyIngress.elect_promise - 
[19:54:23.928] [bmv2] [D] [thread 15783] Set default default entry for table 'tbl_elect_attribute_1': MyIngress.elect_attribute - 
[19:54:23.928] [bmv2] [D] [thread 15783] Set default default entry for table 'tbl_update_table_0': MyIngress.update_table - 
[19:54:23.928] [bmv2] [D] [thread 15783] Set default default entry for table 'tbl_change_promise': MyIngress.change_promise - 
[19:54:23.928] [bmv2] [D] [thread 15783] Set default default entry for table 'tbl_elect_attribute_2': MyIngress.elect_attribute - 
[19:54:23.928] [bmv2] [D] [thread 15783] Set default default entry for table 'tbl_update_table_1': MyIngress.update_table - 
[19:54:23.928] [bmv2] [D] [thread 15783] Set default default entry for table 'tbl_change_promise_0': MyIngress.change_promise - 
[19:54:23.928] [bmv2] [D] [thread 15783] Set default default entry for table 'tbl_elect_attribute_3': MyIngress.elect_attribute - 
[19:54:23.929] [bmv2] [D] [thread 15783] Set default default entry for table 'tbl_update_table_2': MyIngress.update_table - 
[19:54:23.929] [bmv2] [D] [thread 15783] Set default default entry for table 'tbl_change_promise_1': MyIngress.change_promise - 
[19:54:23.932] [bmv2] [D] [thread 15783] Set default default entry for table 'tbl_main253': main253 - 
[19:54:23.932] [bmv2] [D] [thread 15783] Set default default entry for table 'tbl_main258': main258 - 
[19:54:23.932] [bmv2] [D] [thread 15783] Set default default entry for table 'tbl_main261': main261 - 
[19:54:23.932] [bmv2] [D] [thread 15783] Set default default entry for table 'tbl_main263': main263 - 
Adding interface s2-eth1 as port 1
[19:54:23.952] [bmv2] [D] [thread 15783] Adding interface s2-eth1 as port 1
Adding interface s2-eth2 as port 2
[19:54:23.975] [bmv2] [D] [thread 15783] Adding interface s2-eth2 as port 2
Adding interface s2-eth3 as port 3
[19:54:24.001] [bmv2] [D] [thread 15783] Adding interface s2-eth3 as port 3
Adding interface s2-cpu-eth0 as port 4
[19:54:24.026] [bmv2] [D] [thread 15783] Adding interface s2-cpu-eth0 as port 4
Server listening on 0.0.0.0:9560
[19:54:24.052] [bmv2] [I] [thread 15783] Starting Thrift server on port 9091
[19:54:24.052] [bmv2] [I] [thread 15783] Thrift server was started
[19:54:24.127] [bmv2] [D] [thread 15795] [0.0] [cxt 0] Processing packet received on port 1
[19:54:24.127] [bmv2] [D] [thread 15795] [0.0] [cxt 0] Parser 'parser': start
[19:54:24.127] [bmv2] [D] [thread 15795] [0.0] [cxt 0] Parser 'parser' entering state 'start'
[19:54:24.127] [bmv2] [D] [thread 15795] [0.0] [cxt 0] Extracting header 'ethernet'
[19:54:24.127] [bmv2] [D] [thread 15795] [0.0] [cxt 0] Parser state 'start': key is 86dd
[19:54:24.127] [bmv2] [T] [thread 15795] [0.0] [cxt 0] Bytes parsed: 14
[19:54:24.127] [bmv2] [D] [thread 15795] [0.0] [cxt 0] Parser 'parser': end
[19:54:24.127] [bmv2] [D] [thread 15795] [0.0] [cxt 0] Pipeline 'ingress': start
[19:54:24.127] [bmv2] [T] [thread 15795] [0.0] [cxt 0] /home/p4/Desktop/DDV_protocol/proto_versions/one_attribute/Data_Plane_Impl/p4src/main.p4(157) Condition "hdr.ipv4.isValid()" (node_2) is false
[19:54:24.127] [bmv2] [D] [thread 15795] [0.0] [cxt 0] Pipeline 'ingress': end
[19:54:24.127] [bmv2] [D] [thread 15795] [0.0] [cxt 0] Egress port is 0
[19:54:24.128] [bmv2] [D] [thread 15796] [0.0] [cxt 0] Pipeline 'egress': start
[19:54:24.128] [bmv2] [T] [thread 15796] [0.0] [cxt 0] /home/p4/Desktop/DDV_protocol/proto_versions/one_attribute/Data_Plane_Impl/p4src/main.p4(252) Condition "standard_metadata.instance_type == 1" (node_41) is false
[19:54:24.128] [bmv2] [D] [thread 15796] [0.0] [cxt 0] Pipeline 'egress': end
[19:54:24.128] [bmv2] [D] [thread 15796] [0.0] [cxt 0] Deparser 'deparser': start
[19:54:24.128] [bmv2] [T] [thread 15796] [0.0] [cxt 0] Skipping checksum 'cksum' update because condition not met
[19:54:24.128] [bmv2] [D] [thread 15796] [0.0] [cxt 0] Deparsing header 'ethernet'
[19:54:24.128] [bmv2] [D] [thread 15796] [0.0] [cxt 0] Deparser 'deparser': end
[19:54:24.128] [bmv2] [D] [thread 15800] [0.0] [cxt 0] Transmitting packet of size 90 out of port 0
[19:54:24.148] [bmv2] [D] [thread 15795] [1.0] [cxt 0] Processing packet received on port 4
[19:54:24.148] [bmv2] [D] [thread 15795] [1.0] [cxt 0] Parser 'parser': start
[19:54:24.148] [bmv2] [D] [thread 15795] [1.0] [cxt 0] Parser 'parser' entering state 'start'
[19:54:24.148] [bmv2] [D] [thread 15795] [1.0] [cxt 0] Extracting header 'ethernet'
[19:54:24.148] [bmv2] [D] [thread 15795] [1.0] [cxt 0] Parser state 'start': key is 86dd
[19:54:24.148] [bmv2] [T] [thread 15795] [1.0] [cxt 0] Bytes parsed: 14
[19:54:24.148] [bmv2] [D] [thread 15795] [1.0] [cxt 0] Parser 'parser': end
[19:54:24.148] [bmv2] [D] [thread 15795] [1.0] [cxt 0] Pipeline 'ingress': start
[19:54:24.148] [bmv2] [T] [thread 15795] [1.0] [cxt 0] /home/p4/Desktop/DDV_protocol/proto_versions/one_attribute/Data_Plane_Impl/p4src/main.p4(157) Condition "hdr.ipv4.isValid()" (node_2) is false
[19:54:24.148] [bmv2] [D] [thread 15795] [1.0] [cxt 0] Pipeline 'ingress': end
[19:54:24.148] [bmv2] [D] [thread 15795] [1.0] [cxt 0] Egress port is 0
[19:54:24.148] [bmv2] [D] [thread 15796] [1.0] [cxt 0] Pipeline 'egress': start
[19:54:24.149] [bmv2] [T] [thread 15796] [1.0] [cxt 0] /home/p4/Desktop/DDV_protocol/proto_versions/one_attribute/Data_Plane_Impl/p4src/main.p4(252) Condition "standard_metadata.instance_type == 1" (node_41) is false
[19:54:24.149] [bmv2] [D] [thread 15796] [1.0] [cxt 0] Pipeline 'egress': end
[19:54:24.149] [bmv2] [D] [thread 15796] [1.0] [cxt 0] Deparser 'deparser': start
[19:54:24.149] [bmv2] [T] [thread 15796] [1.0] [cxt 0] Skipping checksum 'cksum' update because condition not met
[19:54:24.149] [bmv2] [D] [thread 15796] [1.0] [cxt 0] Deparsing header 'ethernet'
[19:54:24.149] [bmv2] [D] [thread 15796] [1.0] [cxt 0] Deparser 'deparser': end
[19:54:24.149] [bmv2] [D] [thread 15800] [1.0] [cxt 0] Transmitting packet of size 86 out of port 0
[19:54:24.341] [bmv2] [D] [thread 15795] [2.0] [cxt 0] Processing packet received on port 3
[19:54:24.341] [bmv2] [D] [thread 15795] [2.0] [cxt 0] Parser 'parser': start
[19:54:24.341] [bmv2] [D] [thread 15795] [2.0] [cxt 0] Parser 'parser' entering state 'start'
[19:54:24.341] [bmv2] [D] [thread 15795] [2.0] [cxt 0] Extracting header 'ethernet'
[19:54:24.341] [bmv2] [D] [thread 15795] [2.0] [cxt 0] Parser state 'start': key is 86dd
[19:54:24.341] [bmv2] [T] [thread 15795] [2.0] [cxt 0] Bytes parsed: 14
[19:54:24.341] [bmv2] [D] [thread 15795] [2.0] [cxt 0] Parser 'parser': end
[19:54:24.342] [bmv2] [D] [thread 15795] [2.0] [cxt 0] Pipeline 'ingress': start
[19:54:24.342] [bmv2] [T] [thread 15795] [2.0] [cxt 0] /home/p4/Desktop/DDV_protocol/proto_versions/one_attribute/Data_Plane_Impl/p4src/main.p4(157) Condition "hdr.ipv4.isValid()" (node_2) is false
[19:54:24.342] [bmv2] [D] [thread 15795] [2.0] [cxt 0] Pipeline 'ingress': end
[19:54:24.342] [bmv2] [D] [thread 15795] [2.0] [cxt 0] Egress port is 0
[19:54:24.342] [bmv2] [D] [thread 15795] [3.0] [cxt 0] Processing packet received on port 3
[19:54:24.342] [bmv2] [D] [thread 15795] [3.0] [cxt 0] Parser 'parser': start
[19:54:24.342] [bmv2] [D] [thread 15795] [3.0] [cxt 0] Parser 'parser' entering state 'start'
[19:54:24.342] [bmv2] [D] [thread 15795] [3.0] [cxt 0] Extracting header 'ethernet'
[19:54:24.342] [bmv2] [D] [thread 15795] [3.0] [cxt 0] Parser state 'start': key is 86dd
[19:54:24.342] [bmv2] [T] [thread 15795] [3.0] [cxt 0] Bytes parsed: 14
[19:54:24.342] [bmv2] [D] [thread 15795] [3.0] [cxt 0] Parser 'parser': end
[19:54:24.342] [bmv2] [D] [thread 15795] [3.0] [cxt 0] Pipeline 'ingress': start
[19:54:24.342] [bmv2] [T] [thread 15795] [3.0] [cxt 0] /home/p4/Desktop/DDV_protocol/proto_versions/one_attribute/Data_Plane_Impl/p4src/main.p4(157) Condition "hdr.ipv4.isValid()" (node_2) is false
[19:54:24.342] [bmv2] [D] [thread 15796] [2.0] [cxt 0] Pipeline 'egress': start
[19:54:24.342] [bmv2] [T] [thread 15796] [2.0] [cxt 0] /home/p4/Desktop/DDV_protocol/proto_versions/one_attribute/Data_Plane_Impl/p4src/main.p4(252) Condition "standard_metadata.instance_type == 1" (node_41) is false
[19:54:24.342] [bmv2] [D] [thread 15796] [2.0] [cxt 0] Pipeline 'egress': end
[19:54:24.343] [bmv2] [D] [thread 15796] [2.0] [cxt 0] Deparser 'deparser': start
[19:54:24.343] [bmv2] [T] [thread 15796] [2.0] [cxt 0] Skipping checksum 'cksum' update because condition not met
[19:54:24.343] [bmv2] [D] [thread 15796] [2.0] [cxt 0] Deparsing header 'ethernet'
[19:54:24.343] [bmv2] [D] [thread 15796] [2.0] [cxt 0] Deparser 'deparser': end
[19:54:24.342] [bmv2] [D] [thread 15795] [3.0] [cxt 0] Pipeline 'ingress': end
[19:54:24.343] [bmv2] [D] [thread 15795] [3.0] [cxt 0] Egress port is 0
[19:54:24.343] [bmv2] [D] [thread 15800] [2.0] [cxt 0] Transmitting packet of size 90 out of port 0
[19:54:24.345] [bmv2] [D] [thread 15796] [3.0] [cxt 0] Pipeline 'egress': start
[19:54:24.345] [bmv2] [T] [thread 15796] [3.0] [cxt 0] /home/p4/Desktop/DDV_protocol/proto_versions/one_attribute/Data_Plane_Impl/p4src/main.p4(252) Condition "standard_metadata.instance_type == 1" (node_41) is false
[19:54:24.345] [bmv2] [D] [thread 15796] [3.0] [cxt 0] Pipeline 'egress': end
[19:54:24.345] [bmv2] [D] [thread 15796] [3.0] [cxt 0] Deparser 'deparser': start
[19:54:24.345] [bmv2] [T] [thread 15796] [3.0] [cxt 0] Skipping checksum 'cksum' update because condition not met
[19:54:24.345] [bmv2] [D] [thread 15796] [3.0] [cxt 0] Deparsing header 'ethernet'
[19:54:24.345] [bmv2] [D] [thread 15796] [3.0] [cxt 0] Deparser 'deparser': end
[19:54:24.346] [bmv2] [D] [thread 15800] [3.0] [cxt 0] Transmitting packet of size 70 out of port 0
[19:54:24.351] [bmv2] [D] [thread 15795] [4.0] [cxt 0] Processing packet received on port 3
[19:54:24.351] [bmv2] [D] [thread 15795] [4.0] [cxt 0] Parser 'parser': start
[19:54:24.351] [bmv2] [D] [thread 15795] [4.0] [cxt 0] Parser 'parser' entering state 'start'
[19:54:24.351] [bmv2] [D] [thread 15795] [4.0] [cxt 0] Extracting header 'ethernet'
[19:54:24.351] [bmv2] [D] [thread 15795] [4.0] [cxt 0] Parser state 'start': key is 86dd
[19:54:24.351] [bmv2] [T] [thread 15795] [4.0] [cxt 0] Bytes parsed: 14
[19:54:24.351] [bmv2] [D] [thread 15795] [4.0] [cxt 0] Parser 'parser': end
[19:54:24.351] [bmv2] [D] [thread 15795] [4.0] [cxt 0] Pipeline 'ingress': start
[19:54:24.351] [bmv2] [T] [thread 15795] [4.0] [cxt 0] /home/p4/Desktop/DDV_protocol/proto_versions/one_attribute/Data_Plane_Impl/p4src/main.p4(157) Condition "hdr.ipv4.isValid()" (node_2) is false
[19:54:24.351] [bmv2] [D] [thread 15795] [4.0] [cxt 0] Pipeline 'ingress': end
[19:54:24.351] [bmv2] [D] [thread 15795] [4.0] [cxt 0] Egress port is 0
[19:54:24.353] [bmv2] [D] [thread 15796] [4.0] [cxt 0] Pipeline 'egress': start
[19:54:24.353] [bmv2] [T] [thread 15796] [4.0] [cxt 0] /home/p4/Desktop/DDV_protocol/proto_versions/one_attribute/Data_Plane_Impl/p4src/main.p4(252) Condition "standard_metadata.instance_type == 1" (node_41) is false
[19:54:24.353] [bmv2] [D] [thread 15796] [4.0] [cxt 0] Pipeline 'egress': end
[19:54:24.353] [bmv2] [D] [thread 15796] [4.0] [cxt 0] Deparser 'deparser': start
[19:54:24.353] [bmv2] [T] [thread 15796] [4.0] [cxt 0] Skipping checksum 'cksum' update because condition not met
[19:54:24.353] [bmv2] [D] [thread 15796] [4.0] [cxt 0] Deparsing header 'ethernet'
[19:54:24.353] [bmv2] [D] [thread 15796] [4.0] [cxt 0] Deparser 'deparser': end
[19:54:24.353] [bmv2] [D] [thread 15800] [4.0] [cxt 0] Transmitting packet of size 90 out of port 0
[19:54:24.376] [bmv2] [D] [thread 15795] [5.0] [cxt 0] Processing packet received on port 4
[19:54:24.376] [bmv2] [D] [thread 15795] [5.0] [cxt 0] Parser 'parser': start
[19:54:24.376] [bmv2] [D] [thread 15795] [5.0] [cxt 0] Parser 'parser' entering state 'start'
[19:54:24.376] [bmv2] [D] [thread 15795] [5.0] [cxt 0] Extracting header 'ethernet'
[19:54:24.376] [bmv2] [D] [thread 15795] [5.0] [cxt 0] Parser state 'start': key is 86dd
[19:54:24.376] [bmv2] [T] [thread 15795] [5.0] [cxt 0] Bytes parsed: 14
[19:54:24.376] [bmv2] [D] [thread 15795] [5.0] [cxt 0] Parser 'parser': end
[19:54:24.376] [bmv2] [D] [thread 15795] [5.0] [cxt 0] Pipeline 'ingress': start
[19:54:24.376] [bmv2] [T] [thread 15795] [5.0] [cxt 0] /home/p4/Desktop/DDV_protocol/proto_versions/one_attribute/Data_Plane_Impl/p4src/main.p4(157) Condition "hdr.ipv4.isValid()" (node_2) is false
[19:54:24.376] [bmv2] [D] [thread 15795] [5.0] [cxt 0] Pipeline 'ingress': end
[19:54:24.376] [bmv2] [D] [thread 15795] [5.0] [cxt 0] Egress port is 0
[19:54:24.377] [bmv2] [D] [thread 15795] [6.0] [cxt 0] Processing packet received on port 4
[19:54:24.377] [bmv2] [D] [thread 15795] [6.0] [cxt 0] Parser 'parser': start
[19:54:24.377] [bmv2] [D] [thread 15795] [6.0] [cxt 0] Parser 'parser' entering state 'start'
[19:54:24.377] [bmv2] [D] [thread 15795] [6.0] [cxt 0] Extracting header 'ethernet'
[19:54:24.377] [bmv2] [D] [thread 15795] [6.0] [cxt 0] Parser state 'start': key is 86dd
[19:54:24.377] [bmv2] [T] [thread 15795] [6.0] [cxt 0] Bytes parsed: 14
[19:54:24.377] [bmv2] [D] [thread 15795] [6.0] [cxt 0] Parser 'parser': end
[19:54:24.377] [bmv2] [D] [thread 15795] [6.0] [cxt 0] Pipeline 'ingress': start
[19:54:24.377] [bmv2] [T] [thread 15795] [6.0] [cxt 0] /home/p4/Desktop/DDV_protocol/proto_versions/one_attribute/Data_Plane_Impl/p4src/main.p4(157) Condition "hdr.ipv4.isValid()" (node_2) is false
[19:54:24.377] [bmv2] [D] [thread 15795] [6.0] [cxt 0] Pipeline 'ingress': end
[19:54:24.377] [bmv2] [D] [thread 15795] [6.0] [cxt 0] Egress port is 0
[19:54:24.377] [bmv2] [D] [thread 15796] [5.0] [cxt 0] Pipeline 'egress': start
[19:54:24.377] [bmv2] [T] [thread 15796] [5.0] [cxt 0] /home/p4/Desktop/DDV_protocol/proto_versions/one_attribute/Data_Plane_Impl/p4src/main.p4(252) Condition "standard_metadata.instance_type == 1" (node_41) is false
[19:54:24.377] [bmv2] [D] [thread 15796] [5.0] [cxt 0] Pipeline 'egress': end
[19:54:24.377] [bmv2] [D] [thread 15796] [5.0] [cxt 0] Deparser 'deparser': start
[19:54:24.377] [bmv2] [T] [thread 15796] [5.0] [cxt 0] Skipping checksum 'cksum' update because condition not met
[19:54:24.377] [bmv2] [D] [thread 15796] [5.0] [cxt 0] Deparsing header 'ethernet'
[19:54:24.377] [bmv2] [D] [thread 15796] [5.0] [cxt 0] Deparser 'deparser': end
[19:54:24.377] [bmv2] [D] [thread 15796] [6.0] [cxt 0] Pipeline 'egress': start
[19:54:24.377] [bmv2] [T] [thread 15796] [6.0] [cxt 0] /home/p4/Desktop/DDV_protocol/proto_versions/one_attribute/Data_Plane_Impl/p4src/main.p4(252) Condition "standard_metadata.instance_type == 1" (node_41) is false
[19:54:24.377] [bmv2] [D] [thread 15796] [6.0] [cxt 0] Pipeline 'egress': end
[19:54:24.377] [bmv2] [D] [thread 15796] [6.0] [cxt 0] Deparser 'deparser': start
[19:54:24.377] [bmv2] [T] [thread 15796] [6.0] [cxt 0] Skipping checksum 'cksum' update because condition not met
[19:54:24.377] [bmv2] [D] [thread 15796] [6.0] [cxt 0] Deparsing header 'ethernet'
[19:54:24.377] [bmv2] [D] [thread 15796] [6.0] [cxt 0] Deparser 'deparser': end
[19:54:24.378] [bmv2] [D] [thread 15800] [5.0] [cxt 0] Transmitting packet of size 90 out of port 0
[19:54:24.378] [bmv2] [D] [thread 15800] [6.0] [cxt 0] Transmitting packet of size 70 out of port 0
[19:54:24.409] [bmv2] [D] [thread 15795] [7.0] [cxt 0] Processing packet received on port 4
[19:54:24.409] [bmv2] [D] [thread 15795] [7.0] [cxt 0] Parser 'parser': start
[19:54:24.409] [bmv2] [D] [thread 15795] [7.0] [cxt 0] Parser 'parser' entering state 'start'
[19:54:24.409] [bmv2] [D] [thread 15795] [7.0] [cxt 0] Extracting header 'ethernet'
[19:54:24.409] [bmv2] [D] [thread 15795] [7.0] [cxt 0] Parser state 'start': key is 86dd
[19:54:24.409] [bmv2] [T] [thread 15795] [7.0] [cxt 0] Bytes parsed: 14
[19:54:24.409] [bmv2] [D] [thread 15795] [7.0] [cxt 0] Parser 'parser': end
[19:54:24.409] [bmv2] [D] [thread 15795] [7.0] [cxt 0] Pipeline 'ingress': start
[19:54:24.409] [bmv2] [T] [thread 15795] [7.0] [cxt 0] /home/p4/Desktop/DDV_protocol/proto_versions/one_attribute/Data_Plane_Impl/p4src/main.p4(157) Condition "hdr.ipv4.isValid()" (node_2) is false
[19:54:24.409] [bmv2] [D] [thread 15795] [7.0] [cxt 0] Pipeline 'ingress': end
[19:54:24.409] [bmv2] [D] [thread 15795] [7.0] [cxt 0] Egress port is 0
[19:54:24.409] [bmv2] [D] [thread 15796] [7.0] [cxt 0] Pipeline 'egress': start
[19:54:24.410] [bmv2] [T] [thread 15796] [7.0] [cxt 0] /home/p4/Desktop/DDV_protocol/proto_versions/one_attribute/Data_Plane_Impl/p4src/main.p4(252) Condition "standard_metadata.instance_type == 1" (node_41) is false
[19:54:24.410] [bmv2] [D] [thread 15796] [7.0] [cxt 0] Pipeline 'egress': end
[19:54:24.410] [bmv2] [D] [thread 15796] [7.0] [cxt 0] Deparser 'deparser': start
[19:54:24.410] [bmv2] [T] [thread 15796] [7.0] [cxt 0] Skipping checksum 'cksum' update because condition not met
[19:54:24.410] [bmv2] [D] [thread 15796] [7.0] [cxt 0] Deparsing header 'ethernet'
[19:54:24.410] [bmv2] [D] [thread 15796] [7.0] [cxt 0] Deparser 'deparser': end
[19:54:24.410] [bmv2] [D] [thread 15800] [7.0] [cxt 0] Transmitting packet of size 90 out of port 0
[19:54:24.443] [bmv2] [D] [thread 15795] [8.0] [cxt 0] Processing packet received on port 3
[19:54:24.443] [bmv2] [D] [thread 15795] [8.0] [cxt 0] Parser 'parser': start
[19:54:24.443] [bmv2] [D] [thread 15795] [8.0] [cxt 0] Parser 'parser' entering state 'start'
[19:54:24.443] [bmv2] [D] [thread 15795] [8.0] [cxt 0] Extracting header 'ethernet'
[19:54:24.443] [bmv2] [D] [thread 15795] [8.0] [cxt 0] Parser state 'start': key is 86dd
[19:54:24.443] [bmv2] [T] [thread 15795] [8.0] [cxt 0] Bytes parsed: 14
[19:54:24.443] [bmv2] [D] [thread 15795] [8.0] [cxt 0] Parser 'parser': end
[19:54:24.443] [bmv2] [D] [thread 15795] [8.0] [cxt 0] Pipeline 'ingress': start
[19:54:24.443] [bmv2] [T] [thread 15795] [8.0] [cxt 0] /home/p4/Desktop/DDV_protocol/proto_versions/one_attribute/Data_Plane_Impl/p4src/main.p4(157) Condition "hdr.ipv4.isValid()" (node_2) is false
[19:54:24.444] [bmv2] [D] [thread 15795] [8.0] [cxt 0] Pipeline 'ingress': end
[19:54:24.444] [bmv2] [D] [thread 15795] [8.0] [cxt 0] Egress port is 0
[19:54:24.444] [bmv2] [D] [thread 15796] [8.0] [cxt 0] Pipeline 'egress': start
[19:54:24.444] [bmv2] [T] [thread 15796] [8.0] [cxt 0] /home/p4/Desktop/DDV_protocol/proto_versions/one_attribute/Data_Plane_Impl/p4src/main.p4(252) Condition "standard_metadata.instance_type == 1" (node_41) is false
[19:54:24.444] [bmv2] [D] [thread 15796] [8.0] [cxt 0] Pipeline 'egress': end
[19:54:24.444] [bmv2] [D] [thread 15796] [8.0] [cxt 0] Deparser 'deparser': start
[19:54:24.444] [bmv2] [T] [thread 15796] [8.0] [cxt 0] Skipping checksum 'cksum' update because condition not met
[19:54:24.444] [bmv2] [D] [thread 15796] [8.0] [cxt 0] Deparsing header 'ethernet'
[19:54:24.444] [bmv2] [D] [thread 15796] [8.0] [cxt 0] Deparser 'deparser': end
[19:54:24.445] [bmv2] [D] [thread 15800] [8.0] [cxt 0] Transmitting packet of size 107 out of port 0
[19:54:24.475] [bmv2] [D] [thread 15795] [9.0] [cxt 0] Processing packet received on port 4
[19:54:24.475] [bmv2] [D] [thread 15795] [9.0] [cxt 0] Parser 'parser': start
[19:54:24.475] [bmv2] [D] [thread 15795] [9.0] [cxt 0] Parser 'parser' entering state 'start'
[19:54:24.475] [bmv2] [D] [thread 15795] [9.0] [cxt 0] Extracting header 'ethernet'
[19:54:24.475] [bmv2] [D] [thread 15795] [9.0] [cxt 0] Parser state 'start': key is 86dd
[19:54:24.475] [bmv2] [T] [thread 15795] [9.0] [cxt 0] Bytes parsed: 14
[19:54:24.475] [bmv2] [D] [thread 15795] [9.0] [cxt 0] Parser 'parser': end
[19:54:24.475] [bmv2] [D] [thread 15795] [9.0] [cxt 0] Pipeline 'ingress': start
[19:54:24.475] [bmv2] [T] [thread 15795] [9.0] [cxt 0] /home/p4/Desktop/DDV_protocol/proto_versions/one_attribute/Data_Plane_Impl/p4src/main.p4(157) Condition "hdr.ipv4.isValid()" (node_2) is false
[19:54:24.475] [bmv2] [D] [thread 15795] [9.0] [cxt 0] Pipeline 'ingress': end
[19:54:24.475] [bmv2] [D] [thread 15795] [9.0] [cxt 0] Egress port is 0
[19:54:24.475] [bmv2] [D] [thread 15796] [9.0] [cxt 0] Pipeline 'egress': start
[19:54:24.476] [bmv2] [T] [thread 15796] [9.0] [cxt 0] /home/p4/Desktop/DDV_protocol/proto_versions/one_attribute/Data_Plane_Impl/p4src/main.p4(252) Condition "standard_metadata.instance_type == 1" (node_41) is false
[19:54:24.476] [bmv2] [D] [thread 15796] [9.0] [cxt 0] Pipeline 'egress': end
[19:54:24.476] [bmv2] [D] [thread 15796] [9.0] [cxt 0] Deparser 'deparser': start
[19:54:24.476] [bmv2] [T] [thread 15796] [9.0] [cxt 0] Skipping checksum 'cksum' update because condition not met
[19:54:24.476] [bmv2] [D] [thread 15796] [9.0] [cxt 0] Deparsing header 'ethernet'
[19:54:24.476] [bmv2] [D] [thread 15796] [9.0] [cxt 0] Deparser 'deparser': end
[19:54:24.476] [bmv2] [D] [thread 15800] [9.0] [cxt 0] Transmitting packet of size 107 out of port 0
[19:54:24.535] [bmv2] [D] [thread 15795] [10.0] [cxt 0] Processing packet received on port 2
[19:54:24.535] [bmv2] [D] [thread 15795] [10.0] [cxt 0] Parser 'parser': start
[19:54:24.535] [bmv2] [D] [thread 15795] [10.0] [cxt 0] Parser 'parser' entering state 'start'
[19:54:24.535] [bmv2] [D] [thread 15795] [10.0] [cxt 0] Extracting header 'ethernet'
[19:54:24.535] [bmv2] [D] [thread 15795] [10.0] [cxt 0] Parser state 'start': key is 86dd
[19:54:24.535] [bmv2] [T] [thread 15795] [10.0] [cxt 0] Bytes parsed: 14
[19:54:24.535] [bmv2] [D] [thread 15795] [10.0] [cxt 0] Parser 'parser': end
[19:54:24.535] [bmv2] [D] [thread 15795] [10.0] [cxt 0] Pipeline 'ingress': start
[19:54:24.535] [bmv2] [T] [thread 15795] [10.0] [cxt 0] /home/p4/Desktop/DDV_protocol/proto_versions/one_attribute/Data_Plane_Impl/p4src/main.p4(157) Condition "hdr.ipv4.isValid()" (node_2) is false
[19:54:24.542] [bmv2] [D] [thread 15795] [10.0] [cxt 0] Pipeline 'ingress': end
[19:54:24.542] [bmv2] [D] [thread 15795] [10.0] [cxt 0] Egress port is 0
[19:54:24.543] [bmv2] [D] [thread 15795] [11.0] [cxt 0] Processing packet received on port 2
[19:54:24.543] [bmv2] [D] [thread 15795] [11.0] [cxt 0] Parser 'parser': start
[19:54:24.543] [bmv2] [D] [thread 15795] [11.0] [cxt 0] Parser 'parser' entering state 'start'
[19:54:24.543] [bmv2] [D] [thread 15795] [11.0] [cxt 0] Extracting header 'ethernet'
[19:54:24.543] [bmv2] [D] [thread 15796] [10.0] [cxt 0] Pipeline 'egress': start
[19:54:24.543] [bmv2] [T] [thread 15796] [10.0] [cxt 0] /home/p4/Desktop/DDV_protocol/proto_versions/one_attribute/Data_Plane_Impl/p4src/main.p4(252) Condition "standard_metadata.instance_type == 1" (node_41) is false
[19:54:24.543] [bmv2] [D] [thread 15796] [10.0] [cxt 0] Pipeline 'egress': end
[19:54:24.543] [bmv2] [D] [thread 15796] [10.0] [cxt 0] Deparser 'deparser': start
[19:54:24.543] [bmv2] [T] [thread 15796] [10.0] [cxt 0] Skipping checksum 'cksum' update because condition not met
[19:54:24.543] [bmv2] [D] [thread 15796] [10.0] [cxt 0] Deparsing header 'ethernet'
[19:54:24.543] [bmv2] [D] [thread 15796] [10.0] [cxt 0] Deparser 'deparser': end
[19:54:24.543] [bmv2] [D] [thread 15800] [10.0] [cxt 0] Transmitting packet of size 90 out of port 0
[19:54:24.543] [bmv2] [D] [thread 15795] [11.0] [cxt 0] Parser state 'start': key is 86dd
[19:54:24.544] [bmv2] [T] [thread 15795] [11.0] [cxt 0] Bytes parsed: 14
[19:54:24.544] [bmv2] [D] [thread 15795] [11.0] [cxt 0] Parser 'parser': end
[19:54:24.544] [bmv2] [D] [thread 15795] [11.0] [cxt 0] Pipeline 'ingress': start
[19:54:24.544] [bmv2] [T] [thread 15795] [11.0] [cxt 0] /home/p4/Desktop/DDV_protocol/proto_versions/one_attribute/Data_Plane_Impl/p4src/main.p4(157) Condition "hdr.ipv4.isValid()" (node_2) is false
[19:54:24.544] [bmv2] [D] [thread 15795] [11.0] [cxt 0] Pipeline 'ingress': end
[19:54:24.544] [bmv2] [D] [thread 15795] [11.0] [cxt 0] Egress port is 0
[19:54:24.544] [bmv2] [D] [thread 15795] [12.0] [cxt 0] Processing packet received on port 2
[19:54:24.544] [bmv2] [D] [thread 15795] [12.0] [cxt 0] Parser 'parser': start
[19:54:24.544] [bmv2] [D] [thread 15795] [12.0] [cxt 0] Parser 'parser' entering state 'start'
[19:54:24.544] [bmv2] [D] [thread 15795] [12.0] [cxt 0] Extracting header 'ethernet'
[19:54:24.544] [bmv2] [D] [thread 15795] [12.0] [cxt 0] Parser state 'start': key is 86dd
[19:54:24.544] [bmv2] [T] [thread 15795] [12.0] [cxt 0] Bytes parsed: 14
[19:54:24.544] [bmv2] [D] [thread 15795] [12.0] [cxt 0] Parser 'parser': end
[19:54:24.544] [bmv2] [D] [thread 15795] [12.0] [cxt 0] Pipeline 'ingress': start
[19:54:24.544] [bmv2] [D] [thread 15796] [11.0] [cxt 0] Pipeline 'egress': start
[19:54:24.545] [bmv2] [T] [thread 15795] [12.0] [cxt 0] /home/p4/Desktop/DDV_protocol/proto_versions/one_attribute/Data_Plane_Impl/p4src/main.p4(157) Condition "hdr.ipv4.isValid()" (node_2) is false
[19:54:24.545] [bmv2] [D] [thread 15795] [12.0] [cxt 0] Pipeline 'ingress': end
[19:54:24.545] [bmv2] [D] [thread 15795] [12.0] [cxt 0] Egress port is 0
[19:54:24.545] [bmv2] [T] [thread 15796] [11.0] [cxt 0] /home/p4/Desktop/DDV_protocol/proto_versions/one_attribute/Data_Plane_Impl/p4src/main.p4(252) Condition "standard_metadata.instance_type == 1" (node_41) is false
[19:54:24.545] [bmv2] [D] [thread 15796] [11.0] [cxt 0] Pipeline 'egress': end
[19:54:24.545] [bmv2] [D] [thread 15796] [11.0] [cxt 0] Deparser 'deparser': start
[19:54:24.545] [bmv2] [T] [thread 15796] [11.0] [cxt 0] Skipping checksum 'cksum' update because condition not met
[19:54:24.545] [bmv2] [D] [thread 15796] [11.0] [cxt 0] Deparsing header 'ethernet'
[19:54:24.545] [bmv2] [D] [thread 15796] [11.0] [cxt 0] Deparser 'deparser': end
[19:54:24.545] [bmv2] [D] [thread 15796] [12.0] [cxt 0] Pipeline 'egress': start
[19:54:24.545] [bmv2] [T] [thread 15796] [12.0] [cxt 0] /home/p4/Desktop/DDV_protocol/proto_versions/one_attribute/Data_Plane_Impl/p4src/main.p4(252) Condition "standard_metadata.instance_type == 1" (node_41) is false
[19:54:24.545] [bmv2] [D] [thread 15796] [12.0] [cxt 0] Pipeline 'egress': end
[19:54:24.545] [bmv2] [D] [thread 15796] [12.0] [cxt 0] Deparser 'deparser': start
[19:54:24.545] [bmv2] [T] [thread 15796] [12.0] [cxt 0] Skipping checksum 'cksum' update because condition not met
[19:54:24.545] [bmv2] [D] [thread 15796] [12.0] [cxt 0] Deparsing header 'ethernet'
[19:54:24.545] [bmv2] [D] [thread 15796] [12.0] [cxt 0] Deparser 'deparser': end
[19:54:24.546] [bmv2] [D] [thread 15800] [11.0] [cxt 0] Transmitting packet of size 70 out of port 0
[19:54:24.546] [bmv2] [D] [thread 15800] [12.0] [cxt 0] Transmitting packet of size 90 out of port 0
[19:54:24.576] [bmv2] [D] [thread 15795] [13.0] [cxt 0] Processing packet received on port 3
[19:54:24.576] [bmv2] [D] [thread 15795] [13.0] [cxt 0] Parser 'parser': start
[19:54:24.576] [bmv2] [D] [thread 15795] [13.0] [cxt 0] Parser 'parser' entering state 'start'
[19:54:24.576] [bmv2] [D] [thread 15795] [13.0] [cxt 0] Extracting header 'ethernet'
[19:54:24.576] [bmv2] [D] [thread 15795] [13.0] [cxt 0] Parser state 'start': key is 86dd
[19:54:24.576] [bmv2] [T] [thread 15795] [13.0] [cxt 0] Bytes parsed: 14
[19:54:24.576] [bmv2] [D] [thread 15795] [13.0] [cxt 0] Parser 'parser': end
[19:54:24.576] [bmv2] [D] [thread 15795] [13.0] [cxt 0] Pipeline 'ingress': start
[19:54:24.576] [bmv2] [T] [thread 15795] [13.0] [cxt 0] /home/p4/Desktop/DDV_protocol/proto_versions/one_attribute/Data_Plane_Impl/p4src/main.p4(157) Condition "hdr.ipv4.isValid()" (node_2) is false
[19:54:24.576] [bmv2] [D] [thread 15795] [13.0] [cxt 0] Pipeline 'ingress': end
[19:54:24.576] [bmv2] [D] [thread 15795] [13.0] [cxt 0] Egress port is 0
[19:54:24.577] [bmv2] [D] [thread 15796] [13.0] [cxt 0] Pipeline 'egress': start
[19:54:24.577] [bmv2] [T] [thread 15796] [13.0] [cxt 0] /home/p4/Desktop/DDV_protocol/proto_versions/one_attribute/Data_Plane_Impl/p4src/main.p4(252) Condition "standard_metadata.instance_type == 1" (node_41) is false
[19:54:24.577] [bmv2] [D] [thread 15796] [13.0] [cxt 0] Pipeline 'egress': end
[19:54:24.577] [bmv2] [D] [thread 15796] [13.0] [cxt 0] Deparser 'deparser': start
[19:54:24.577] [bmv2] [T] [thread 15796] [13.0] [cxt 0] Skipping checksum 'cksum' update because condition not met
[19:54:24.577] [bmv2] [D] [thread 15796] [13.0] [cxt 0] Deparsing header 'ethernet'
[19:54:24.577] [bmv2] [D] [thread 15796] [13.0] [cxt 0] Deparser 'deparser': end
[19:54:24.577] [bmv2] [D] [thread 15800] [13.0] [cxt 0] Transmitting packet of size 110 out of port 0
[19:54:24.585] [bmv2] [D] [thread 15795] [14.0] [cxt 0] Processing packet received on port 3
[19:54:24.585] [bmv2] [D] [thread 15795] [14.0] [cxt 0] Parser 'parser': start
[19:54:24.585] [bmv2] [D] [thread 15795] [14.0] [cxt 0] Parser 'parser' entering state 'start'
[19:54:24.585] [bmv2] [D] [thread 15795] [14.0] [cxt 0] Extracting header 'ethernet'
[19:54:24.585] [bmv2] [D] [thread 15795] [14.0] [cxt 0] Parser state 'start': key is 86dd
[19:54:24.585] [bmv2] [T] [thread 15795] [14.0] [cxt 0] Bytes parsed: 14
[19:54:24.585] [bmv2] [D] [thread 15795] [14.0] [cxt 0] Parser 'parser': end
[19:54:24.585] [bmv2] [D] [thread 15795] [14.0] [cxt 0] Pipeline 'ingress': start
[19:54:24.585] [bmv2] [T] [thread 15795] [14.0] [cxt 0] /home/p4/Desktop/DDV_protocol/proto_versions/one_attribute/Data_Plane_Impl/p4src/main.p4(157) Condition "hdr.ipv4.isValid()" (node_2) is false
[19:54:24.585] [bmv2] [D] [thread 15795] [14.0] [cxt 0] Pipeline 'ingress': end
[19:54:24.585] [bmv2] [D] [thread 15795] [14.0] [cxt 0] Egress port is 0
[19:54:24.586] [bmv2] [D] [thread 15796] [14.0] [cxt 0] Pipeline 'egress': start
[19:54:24.586] [bmv2] [T] [thread 15796] [14.0] [cxt 0] /home/p4/Desktop/DDV_protocol/proto_versions/one_attribute/Data_Plane_Impl/p4src/main.p4(252) Condition "standard_metadata.instance_type == 1" (node_41) is false
[19:54:24.586] [bmv2] [D] [thread 15796] [14.0] [cxt 0] Pipeline 'egress': end
[19:54:24.586] [bmv2] [D] [thread 15796] [14.0] [cxt 0] Deparser 'deparser': start
[19:54:24.586] [bmv2] [T] [thread 15796] [14.0] [cxt 0] Skipping checksum 'cksum' update because condition not met
[19:54:24.586] [bmv2] [D] [thread 15796] [14.0] [cxt 0] Deparsing header 'ethernet'
[19:54:24.586] [bmv2] [D] [thread 15796] [14.0] [cxt 0] Deparser 'deparser': end
[19:54:24.586] [bmv2] [D] [thread 15800] [14.0] [cxt 0] Transmitting packet of size 208 out of port 0
[19:54:24.597] [bmv2] [D] [thread 15795] [15.0] [cxt 0] Processing packet received on port 1
[19:54:24.597] [bmv2] [D] [thread 15795] [15.0] [cxt 0] Parser 'parser': start
[19:54:24.597] [bmv2] [D] [thread 15795] [15.0] [cxt 0] Parser 'parser' entering state 'start'
[19:54:24.597] [bmv2] [D] [thread 15795] [15.0] [cxt 0] Extracting header 'ethernet'
[19:54:24.597] [bmv2] [D] [thread 15795] [15.0] [cxt 0] Parser state 'start': key is 86dd
[19:54:24.597] [bmv2] [T] [thread 15795] [15.0] [cxt 0] Bytes parsed: 14
[19:54:24.597] [bmv2] [D] [thread 15795] [15.0] [cxt 0] Parser 'parser': end
[19:54:24.597] [bmv2] [D] [thread 15795] [15.0] [cxt 0] Pipeline 'ingress': start
[19:54:24.597] [bmv2] [T] [thread 15795] [15.0] [cxt 0] /home/p4/Desktop/DDV_protocol/proto_versions/one_attribute/Data_Plane_Impl/p4src/main.p4(157) Condition "hdr.ipv4.isValid()" (node_2) is false
[19:54:24.597] [bmv2] [D] [thread 15795] [15.0] [cxt 0] Pipeline 'ingress': end
[19:54:24.597] [bmv2] [D] [thread 15795] [15.0] [cxt 0] Egress port is 0
[19:54:24.597] [bmv2] [D] [thread 15795] [16.0] [cxt 0] Processing packet received on port 1
[19:54:24.597] [bmv2] [D] [thread 15795] [16.0] [cxt 0] Parser 'parser': start
[19:54:24.598] [bmv2] [D] [thread 15796] [15.0] [cxt 0] Pipeline 'egress': start
[19:54:24.598] [bmv2] [T] [thread 15796] [15.0] [cxt 0] /home/p4/Desktop/DDV_protocol/proto_versions/one_attribute/Data_Plane_Impl/p4src/main.p4(252) Condition "standard_metadata.instance_type == 1" (node_41) is false
[19:54:24.598] [bmv2] [D] [thread 15796] [15.0] [cxt 0] Pipeline 'egress': end
[19:54:24.598] [bmv2] [D] [thread 15796] [15.0] [cxt 0] Deparser 'deparser': start
[19:54:24.598] [bmv2] [T] [thread 15796] [15.0] [cxt 0] Skipping checksum 'cksum' update because condition not met
[19:54:24.598] [bmv2] [D] [thread 15796] [15.0] [cxt 0] Deparsing header 'ethernet'
[19:54:24.598] [bmv2] [D] [thread 15796] [15.0] [cxt 0] Deparser 'deparser': end
[19:54:24.597] [bmv2] [D] [thread 15795] [16.0] [cxt 0] Parser 'parser' entering state 'start'
[19:54:24.598] [bmv2] [D] [thread 15795] [16.0] [cxt 0] Extracting header 'ethernet'
[19:54:24.598] [bmv2] [D] [thread 15795] [16.0] [cxt 0] Parser state 'start': key is 86dd
[19:54:24.598] [bmv2] [T] [thread 15795] [16.0] [cxt 0] Bytes parsed: 14
[19:54:24.598] [bmv2] [D] [thread 15795] [16.0] [cxt 0] Parser 'parser': end
[19:54:24.598] [bmv2] [D] [thread 15795] [16.0] [cxt 0] Pipeline 'ingress': start
[19:54:24.598] [bmv2] [T] [thread 15795] [16.0] [cxt 0] /home/p4/Desktop/DDV_protocol/proto_versions/one_attribute/Data_Plane_Impl/p4src/main.p4(157) Condition "hdr.ipv4.isValid()" (node_2) is false
[19:54:24.598] [bmv2] [D] [thread 15795] [16.0] [cxt 0] Pipeline 'ingress': end
[19:54:24.598] [bmv2] [D] [thread 15795] [16.0] [cxt 0] Egress port is 0
[19:54:24.599] [bmv2] [D] [thread 15796] [16.0] [cxt 0] Pipeline 'egress': start
[19:54:24.599] [bmv2] [T] [thread 15796] [16.0] [cxt 0] /home/p4/Desktop/DDV_protocol/proto_versions/one_attribute/Data_Plane_Impl/p4src/main.p4(252) Condition "standard_metadata.instance_type == 1" (node_41) is false
[19:54:24.599] [bmv2] [D] [thread 15796] [16.0] [cxt 0] Pipeline 'egress': end
[19:54:24.599] [bmv2] [D] [thread 15796] [16.0] [cxt 0] Deparser 'deparser': start
[19:54:24.599] [bmv2] [T] [thread 15796] [16.0] [cxt 0] Skipping checksum 'cksum' update because condition not met
[19:54:24.599] [bmv2] [D] [thread 15796] [16.0] [cxt 0] Deparsing header 'ethernet'
[19:54:24.599] [bmv2] [D] [thread 15796] [16.0] [cxt 0] Deparser 'deparser': end
[19:54:24.599] [bmv2] [D] [thread 15800] [15.0] [cxt 0] Transmitting packet of size 90 out of port 0
[19:54:24.599] [bmv2] [D] [thread 15800] [16.0] [cxt 0] Transmitting packet of size 70 out of port 0
[19:54:24.613] [bmv2] [D] [thread 15795] [17.0] [cxt 0] Processing packet received on port 1
[19:54:24.613] [bmv2] [D] [thread 15795] [17.0] [cxt 0] Parser 'parser': start
[19:54:24.613] [bmv2] [D] [thread 15795] [17.0] [cxt 0] Parser 'parser' entering state 'start'
[19:54:24.613] [bmv2] [D] [thread 15795] [17.0] [cxt 0] Extracting header 'ethernet'
[19:54:24.613] [bmv2] [D] [thread 15795] [17.0] [cxt 0] Parser state 'start': key is 86dd
[19:54:24.614] [bmv2] [T] [thread 15795] [17.0] [cxt 0] Bytes parsed: 14
[19:54:24.614] [bmv2] [D] [thread 15795] [17.0] [cxt 0] Parser 'parser': end
[19:54:24.614] [bmv2] [D] [thread 15795] [17.0] [cxt 0] Pipeline 'ingress': start
[19:54:24.614] [bmv2] [T] [thread 15795] [17.0] [cxt 0] /home/p4/Desktop/DDV_protocol/proto_versions/one_attribute/Data_Plane_Impl/p4src/main.p4(157) Condition "hdr.ipv4.isValid()" (node_2) is false
[19:54:24.614] [bmv2] [D] [thread 15795] [17.0] [cxt 0] Pipeline 'ingress': end
[19:54:24.614] [bmv2] [D] [thread 15795] [17.0] [cxt 0] Egress port is 0
[19:54:24.615] [bmv2] [D] [thread 15796] [17.0] [cxt 0] Pipeline 'egress': start
[19:54:24.615] [bmv2] [T] [thread 15796] [17.0] [cxt 0] /home/p4/Desktop/DDV_protocol/proto_versions/one_attribute/Data_Plane_Impl/p4src/main.p4(252) Condition "standard_metadata.instance_type == 1" (node_41) is false
[19:54:24.615] [bmv2] [D] [thread 15796] [17.0] [cxt 0] Pipeline 'egress': end
[19:54:24.615] [bmv2] [D] [thread 15796] [17.0] [cxt 0] Deparser 'deparser': start
[19:54:24.615] [bmv2] [T] [thread 15796] [17.0] [cxt 0] Skipping checksum 'cksum' update because condition not met
[19:54:24.615] [bmv2] [D] [thread 15796] [17.0] [cxt 0] Deparsing header 'ethernet'
[19:54:24.615] [bmv2] [D] [thread 15796] [17.0] [cxt 0] Deparser 'deparser': end
[19:54:24.615] [bmv2] [D] [thread 15800] [17.0] [cxt 0] Transmitting packet of size 90 out of port 0
[19:54:24.620] [bmv2] [D] [thread 15795] [18.0] [cxt 0] Processing packet received on port 4
[19:54:24.620] [bmv2] [D] [thread 15795] [18.0] [cxt 0] Parser 'parser': start
[19:54:24.620] [bmv2] [D] [thread 15795] [18.0] [cxt 0] Parser 'parser' entering state 'start'
[19:54:24.620] [bmv2] [D] [thread 15795] [18.0] [cxt 0] Extracting header 'ethernet'
[19:54:24.620] [bmv2] [D] [thread 15795] [18.0] [cxt 0] Parser state 'start': key is 86dd
[19:54:24.620] [bmv2] [T] [thread 15795] [18.0] [cxt 0] Bytes parsed: 14
[19:54:24.620] [bmv2] [D] [thread 15795] [18.0] [cxt 0] Parser 'parser': end
[19:54:24.620] [bmv2] [D] [thread 15795] [18.0] [cxt 0] Pipeline 'ingress': start
[19:54:24.620] [bmv2] [T] [thread 15795] [18.0] [cxt 0] /home/p4/Desktop/DDV_protocol/proto_versions/one_attribute/Data_Plane_Impl/p4src/main.p4(157) Condition "hdr.ipv4.isValid()" (node_2) is false
[19:54:24.620] [bmv2] [D] [thread 15795] [18.0] [cxt 0] Pipeline 'ingress': end
[19:54:24.620] [bmv2] [D] [thread 15795] [18.0] [cxt 0] Egress port is 0
[19:54:24.621] [bmv2] [D] [thread 15796] [18.0] [cxt 0] Pipeline 'egress': start
[19:54:24.621] [bmv2] [T] [thread 15796] [18.0] [cxt 0] /home/p4/Desktop/DDV_protocol/proto_versions/one_attribute/Data_Plane_Impl/p4src/main.p4(252) Condition "standard_metadata.instance_type == 1" (node_41) is false
[19:54:24.621] [bmv2] [D] [thread 15796] [18.0] [cxt 0] Pipeline 'egress': end
[19:54:24.621] [bmv2] [D] [thread 15796] [18.0] [cxt 0] Deparser 'deparser': start
[19:54:24.621] [bmv2] [T] [thread 15796] [18.0] [cxt 0] Skipping checksum 'cksum' update because condition not met
[19:54:24.621] [bmv2] [D] [thread 15796] [18.0] [cxt 0] Deparsing header 'ethernet'
[19:54:24.621] [bmv2] [D] [thread 15796] [18.0] [cxt 0] Deparser 'deparser': end
[19:54:24.621] [bmv2] [D] [thread 15800] [18.0] [cxt 0] Transmitting packet of size 208 out of port 0
[19:54:24.631] [bmv2] [D] [thread 15795] [19.0] [cxt 0] Processing packet received on port 2
[19:54:24.631] [bmv2] [D] [thread 15795] [19.0] [cxt 0] Parser 'parser': start
[19:54:24.631] [bmv2] [D] [thread 15795] [19.0] [cxt 0] Parser 'parser' entering state 'start'
[19:54:24.631] [bmv2] [D] [thread 15795] [19.0] [cxt 0] Extracting header 'ethernet'
[19:54:24.631] [bmv2] [D] [thread 15795] [19.0] [cxt 0] Parser state 'start': key is 86dd
[19:54:24.631] [bmv2] [T] [thread 15795] [19.0] [cxt 0] Bytes parsed: 14
[19:54:24.631] [bmv2] [D] [thread 15795] [19.0] [cxt 0] Parser 'parser': end
[19:54:24.631] [bmv2] [D] [thread 15795] [19.0] [cxt 0] Pipeline 'ingress': start
[19:54:24.631] [bmv2] [T] [thread 15795] [19.0] [cxt 0] /home/p4/Desktop/DDV_protocol/proto_versions/one_attribute/Data_Plane_Impl/p4src/main.p4(157) Condition "hdr.ipv4.isValid()" (node_2) is false
[19:54:24.631] [bmv2] [D] [thread 15795] [19.0] [cxt 0] Pipeline 'ingress': end
[19:54:24.631] [bmv2] [D] [thread 15795] [19.0] [cxt 0] Egress port is 0
[19:54:24.633] [bmv2] [D] [thread 15796] [19.0] [cxt 0] Pipeline 'egress': start
[19:54:24.633] [bmv2] [T] [thread 15796] [19.0] [cxt 0] /home/p4/Desktop/DDV_protocol/proto_versions/one_attribute/Data_Plane_Impl/p4src/main.p4(252) Condition "standard_metadata.instance_type == 1" (node_41) is false
[19:54:24.633] [bmv2] [D] [thread 15796] [19.0] [cxt 0] Pipeline 'egress': end
[19:54:24.633] [bmv2] [D] [thread 15796] [19.0] [cxt 0] Deparser 'deparser': start
[19:54:24.633] [bmv2] [T] [thread 15796] [19.0] [cxt 0] Skipping checksum 'cksum' update because condition not met
[19:54:24.633] [bmv2] [D] [thread 15796] [19.0] [cxt 0] Deparsing header 'ethernet'
[19:54:24.633] [bmv2] [D] [thread 15796] [19.0] [cxt 0] Deparser 'deparser': end
[19:54:24.633] [bmv2] [D] [thread 15795] [20.0] [cxt 0] Processing packet received on port 2
[19:54:24.633] [bmv2] [D] [thread 15795] [20.0] [cxt 0] Parser 'parser': start
[19:54:24.633] [bmv2] [D] [thread 15795] [20.0] [cxt 0] Parser 'parser' entering state 'start'
[19:54:24.633] [bmv2] [D] [thread 15795] [20.0] [cxt 0] Extracting header 'ethernet'
[19:54:24.633] [bmv2] [D] [thread 15795] [20.0] [cxt 0] Parser state 'start': key is 86dd
[19:54:24.633] [bmv2] [T] [thread 15795] [20.0] [cxt 0] Bytes parsed: 14
[19:54:24.633] [bmv2] [D] [thread 15795] [20.0] [cxt 0] Parser 'parser': end
[19:54:24.633] [bmv2] [D] [thread 15795] [20.0] [cxt 0] Pipeline 'ingress': start
[19:54:24.633] [bmv2] [T] [thread 15795] [20.0] [cxt 0] /home/p4/Desktop/DDV_protocol/proto_versions/one_attribute/Data_Plane_Impl/p4src/main.p4(157) Condition "hdr.ipv4.isValid()" (node_2) is false
[19:54:24.633] [bmv2] [D] [thread 15795] [20.0] [cxt 0] Pipeline 'ingress': end
[19:54:24.633] [bmv2] [D] [thread 15795] [20.0] [cxt 0] Egress port is 0
[19:54:24.633] [bmv2] [D] [thread 15796] [20.0] [cxt 0] Pipeline 'egress': start
[19:54:24.633] [bmv2] [T] [thread 15796] [20.0] [cxt 0] /home/p4/Desktop/DDV_protocol/proto_versions/one_attribute/Data_Plane_Impl/p4src/main.p4(252) Condition "standard_metadata.instance_type == 1" (node_41) is false
[19:54:24.633] [bmv2] [D] [thread 15796] [20.0] [cxt 0] Pipeline 'egress': end
[19:54:24.633] [bmv2] [D] [thread 15796] [20.0] [cxt 0] Deparser 'deparser': start
[19:54:24.633] [bmv2] [T] [thread 15796] [20.0] [cxt 0] Skipping checksum 'cksum' update because condition not met
[19:54:24.633] [bmv2] [D] [thread 15796] [20.0] [cxt 0] Deparsing header 'ethernet'
[19:54:24.633] [bmv2] [D] [thread 15796] [20.0] [cxt 0] Deparser 'deparser': end
[19:54:24.634] [bmv2] [D] [thread 15800] [19.0] [cxt 0] Transmitting packet of size 90 out of port 0
[19:54:24.634] [bmv2] [D] [thread 15800] [20.0] [cxt 0] Transmitting packet of size 70 out of port 0
[19:54:24.637] [bmv2] [D] [thread 15795] [21.0] [cxt 0] Processing packet received on port 2
[19:54:24.637] [bmv2] [D] [thread 15795] [21.0] [cxt 0] Parser 'parser': start
[19:54:24.637] [bmv2] [D] [thread 15795] [21.0] [cxt 0] Parser 'parser' entering state 'start'
[19:54:24.637] [bmv2] [D] [thread 15795] [21.0] [cxt 0] Extracting header 'ethernet'
[19:54:24.637] [bmv2] [D] [thread 15795] [21.0] [cxt 0] Parser state 'start': key is 86dd
[19:54:24.637] [bmv2] [T] [thread 15795] [21.0] [cxt 0] Bytes parsed: 14
[19:54:24.637] [bmv2] [D] [thread 15795] [21.0] [cxt 0] Parser 'parser': end
[19:54:24.637] [bmv2] [D] [thread 15795] [21.0] [cxt 0] Pipeline 'ingress': start
[19:54:24.637] [bmv2] [T] [thread 15795] [21.0] [cxt 0] /home/p4/Desktop/DDV_protocol/proto_versions/one_attribute/Data_Plane_Impl/p4src/main.p4(157) Condition "hdr.ipv4.isValid()" (node_2) is false
[19:54:24.637] [bmv2] [D] [thread 15795] [21.0] [cxt 0] Pipeline 'ingress': end
[19:54:24.637] [bmv2] [D] [thread 15795] [21.0] [cxt 0] Egress port is 0
[19:54:24.637] [bmv2] [D] [thread 15796] [21.0] [cxt 0] Pipeline 'egress': start
[19:54:24.637] [bmv2] [T] [thread 15796] [21.0] [cxt 0] /home/p4/Desktop/DDV_protocol/proto_versions/one_attribute/Data_Plane_Impl/p4src/main.p4(252) Condition "standard_metadata.instance_type == 1" (node_41) is false
[19:54:24.637] [bmv2] [D] [thread 15796] [21.0] [cxt 0] Pipeline 'egress': end
[19:54:24.637] [bmv2] [D] [thread 15796] [21.0] [cxt 0] Deparser 'deparser': start
[19:54:24.637] [bmv2] [T] [thread 15796] [21.0] [cxt 0] Skipping checksum 'cksum' update because condition not met
[19:54:24.637] [bmv2] [D] [thread 15796] [21.0] [cxt 0] Deparsing header 'ethernet'
[19:54:24.637] [bmv2] [D] [thread 15796] [21.0] [cxt 0] Deparser 'deparser': end
[19:54:24.637] [bmv2] [D] [thread 15800] [21.0] [cxt 0] Transmitting packet of size 107 out of port 0
[19:54:24.639] [bmv2] [D] [thread 15795] [22.0] [cxt 0] Processing packet received on port 2
[19:54:24.639] [bmv2] [D] [thread 15795] [22.0] [cxt 0] Parser 'parser': start
[19:54:24.639] [bmv2] [D] [thread 15795] [22.0] [cxt 0] Parser 'parser' entering state 'start'
[19:54:24.639] [bmv2] [D] [thread 15795] [22.0] [cxt 0] Extracting header 'ethernet'
[19:54:24.639] [bmv2] [D] [thread 15795] [22.0] [cxt 0] Parser state 'start': key is 86dd
[19:54:24.639] [bmv2] [T] [thread 15795] [22.0] [cxt 0] Bytes parsed: 14
[19:54:24.639] [bmv2] [D] [thread 15795] [22.0] [cxt 0] Parser 'parser': end
[19:54:24.639] [bmv2] [D] [thread 15795] [22.0] [cxt 0] Pipeline 'ingress': start
[19:54:24.639] [bmv2] [T] [thread 15795] [22.0] [cxt 0] /home/p4/Desktop/DDV_protocol/proto_versions/one_attribute/Data_Plane_Impl/p4src/main.p4(157) Condition "hdr.ipv4.isValid()" (node_2) is false
[19:54:24.639] [bmv2] [D] [thread 15795] [22.0] [cxt 0] Pipeline 'ingress': end
[19:54:24.639] [bmv2] [D] [thread 15795] [22.0] [cxt 0] Egress port is 0
[19:54:24.639] [bmv2] [D] [thread 15796] [22.0] [cxt 0] Pipeline 'egress': start
[19:54:24.639] [bmv2] [T] [thread 15796] [22.0] [cxt 0] /home/p4/Desktop/DDV_protocol/proto_versions/one_attribute/Data_Plane_Impl/p4src/main.p4(252) Condition "standard_metadata.instance_type == 1" (node_41) is false
[19:54:24.639] [bmv2] [D] [thread 15796] [22.0] [cxt 0] Pipeline 'egress': end
[19:54:24.639] [bmv2] [D] [thread 15796] [22.0] [cxt 0] Deparser 'deparser': start
[19:54:24.639] [bmv2] [T] [thread 15796] [22.0] [cxt 0] Skipping checksum 'cksum' update because condition not met
[19:54:24.639] [bmv2] [D] [thread 15796] [22.0] [cxt 0] Deparsing header 'ethernet'
[19:54:24.639] [bmv2] [D] [thread 15796] [22.0] [cxt 0] Deparser 'deparser': end
[19:54:24.640] [bmv2] [D] [thread 15800] [22.0] [cxt 0] Transmitting packet of size 90 out of port 0
[19:54:24.712] [bmv2] [D] [thread 15795] [23.0] [cxt 0] Processing packet received on port 1
[19:54:24.712] [bmv2] [D] [thread 15795] [23.0] [cxt 0] Parser 'parser': start
[19:54:24.712] [bmv2] [D] [thread 15795] [23.0] [cxt 0] Parser 'parser' entering state 'start'
[19:54:24.712] [bmv2] [D] [thread 15795] [23.0] [cxt 0] Extracting header 'ethernet'
[19:54:24.712] [bmv2] [D] [thread 15795] [23.0] [cxt 0] Parser state 'start': key is 86dd
[19:54:24.712] [bmv2] [T] [thread 15795] [23.0] [cxt 0] Bytes parsed: 14
[19:54:24.712] [bmv2] [D] [thread 15795] [23.0] [cxt 0] Parser 'parser': end
[19:54:24.712] [bmv2] [D] [thread 15795] [23.0] [cxt 0] Pipeline 'ingress': start
[19:54:24.712] [bmv2] [T] [thread 15795] [23.0] [cxt 0] /home/p4/Desktop/DDV_protocol/proto_versions/one_attribute/Data_Plane_Impl/p4src/main.p4(157) Condition "hdr.ipv4.isValid()" (node_2) is false
[19:54:24.712] [bmv2] [D] [thread 15795] [23.0] [cxt 0] Pipeline 'ingress': end
[19:54:24.712] [bmv2] [D] [thread 15795] [23.0] [cxt 0] Egress port is 0
[19:54:24.712] [bmv2] [D] [thread 15796] [23.0] [cxt 0] Pipeline 'egress': start
[19:54:24.712] [bmv2] [T] [thread 15796] [23.0] [cxt 0] /home/p4/Desktop/DDV_protocol/proto_versions/one_attribute/Data_Plane_Impl/p4src/main.p4(252) Condition "standard_metadata.instance_type == 1" (node_41) is false
[19:54:24.712] [bmv2] [D] [thread 15796] [23.0] [cxt 0] Pipeline 'egress': end
[19:54:24.712] [bmv2] [D] [thread 15796] [23.0] [cxt 0] Deparser 'deparser': start
[19:54:24.712] [bmv2] [T] [thread 15796] [23.0] [cxt 0] Skipping checksum 'cksum' update because condition not met
[19:54:24.712] [bmv2] [D] [thread 15796] [23.0] [cxt 0] Deparsing header 'ethernet'
[19:54:24.712] [bmv2] [D] [thread 15796] [23.0] [cxt 0] Deparser 'deparser': end
[19:54:24.712] [bmv2] [D] [thread 15800] [23.0] [cxt 0] Transmitting packet of size 107 out of port 0
[19:54:24.725] [bmv2] [D] [thread 15795] [24.0] [cxt 0] Processing packet received on port 3
[19:54:24.725] [bmv2] [D] [thread 15795] [24.0] [cxt 0] Parser 'parser': start
[19:54:24.725] [bmv2] [D] [thread 15795] [24.0] [cxt 0] Parser 'parser' entering state 'start'
[19:54:24.725] [bmv2] [D] [thread 15795] [24.0] [cxt 0] Extracting header 'ethernet'
[19:54:24.725] [bmv2] [D] [thread 15795] [24.0] [cxt 0] Parser state 'start': key is 86dd
[19:54:24.725] [bmv2] [T] [thread 15795] [24.0] [cxt 0] Bytes parsed: 14
[19:54:24.725] [bmv2] [D] [thread 15795] [24.0] [cxt 0] Parser 'parser': end
[19:54:24.726] [bmv2] [D] [thread 15795] [24.0] [cxt 0] Pipeline 'ingress': start
[19:54:24.726] [bmv2] [T] [thread 15795] [24.0] [cxt 0] /home/p4/Desktop/DDV_protocol/proto_versions/one_attribute/Data_Plane_Impl/p4src/main.p4(157) Condition "hdr.ipv4.isValid()" (node_2) is false
[19:54:24.726] [bmv2] [D] [thread 15795] [24.0] [cxt 0] Pipeline 'ingress': end
[19:54:24.726] [bmv2] [D] [thread 15795] [24.0] [cxt 0] Egress port is 0
[19:54:24.728] [bmv2] [D] [thread 15796] [24.0] [cxt 0] Pipeline 'egress': start
[19:54:24.728] [bmv2] [T] [thread 15796] [24.0] [cxt 0] /home/p4/Desktop/DDV_protocol/proto_versions/one_attribute/Data_Plane_Impl/p4src/main.p4(252) Condition "standard_metadata.instance_type == 1" (node_41) is false
[19:54:24.728] [bmv2] [D] [thread 15796] [24.0] [cxt 0] Pipeline 'egress': end
[19:54:24.728] [bmv2] [D] [thread 15796] [24.0] [cxt 0] Deparser 'deparser': start
[19:54:24.728] [bmv2] [T] [thread 15796] [24.0] [cxt 0] Skipping checksum 'cksum' update because condition not met
[19:54:24.728] [bmv2] [D] [thread 15796] [24.0] [cxt 0] Deparsing header 'ethernet'
[19:54:24.728] [bmv2] [D] [thread 15796] [24.0] [cxt 0] Deparser 'deparser': end
[19:54:24.728] [bmv2] [D] [thread 15800] [24.0] [cxt 0] Transmitting packet of size 90 out of port 0
[19:54:24.752] [bmv2] [D] [thread 15795] [25.0] [cxt 0] Processing packet received on port 1
[19:54:24.752] [bmv2] [D] [thread 15795] [25.0] [cxt 0] Parser 'parser': start
[19:54:24.752] [bmv2] [D] [thread 15795] [25.0] [cxt 0] Parser 'parser' entering state 'start'
[19:54:24.752] [bmv2] [D] [thread 15795] [25.0] [cxt 0] Extracting header 'ethernet'
[19:54:24.752] [bmv2] [D] [thread 15795] [25.0] [cxt 0] Parser state 'start': key is 86dd
[19:54:24.752] [bmv2] [T] [thread 15795] [25.0] [cxt 0] Bytes parsed: 14
[19:54:24.752] [bmv2] [D] [thread 15795] [25.0] [cxt 0] Parser 'parser': end
[19:54:24.752] [bmv2] [D] [thread 15795] [25.0] [cxt 0] Pipeline 'ingress': start
[19:54:24.752] [bmv2] [T] [thread 15795] [25.0] [cxt 0] /home/p4/Desktop/DDV_protocol/proto_versions/one_attribute/Data_Plane_Impl/p4src/main.p4(157) Condition "hdr.ipv4.isValid()" (node_2) is false
[19:54:24.752] [bmv2] [D] [thread 15795] [25.0] [cxt 0] Pipeline 'ingress': end
[19:54:24.752] [bmv2] [D] [thread 15795] [25.0] [cxt 0] Egress port is 0
[19:54:24.753] [bmv2] [D] [thread 15796] [25.0] [cxt 0] Pipeline 'egress': start
[19:54:24.753] [bmv2] [T] [thread 15796] [25.0] [cxt 0] /home/p4/Desktop/DDV_protocol/proto_versions/one_attribute/Data_Plane_Impl/p4src/main.p4(252) Condition "standard_metadata.instance_type == 1" (node_41) is false
[19:54:24.753] [bmv2] [D] [thread 15796] [25.0] [cxt 0] Pipeline 'egress': end
[19:54:24.753] [bmv2] [D] [thread 15796] [25.0] [cxt 0] Deparser 'deparser': start
[19:54:24.753] [bmv2] [T] [thread 15796] [25.0] [cxt 0] Skipping checksum 'cksum' update because condition not met
[19:54:24.753] [bmv2] [D] [thread 15796] [25.0] [cxt 0] Deparsing header 'ethernet'
[19:54:24.753] [bmv2] [D] [thread 15796] [25.0] [cxt 0] Deparser 'deparser': end
[19:54:24.753] [bmv2] [D] [thread 15800] [25.0] [cxt 0] Transmitting packet of size 90 out of port 0
[19:54:24.779] [bmv2] [D] [thread 15795] [26.0] [cxt 0] Processing packet received on port 2
[19:54:24.779] [bmv2] [D] [thread 15795] [26.0] [cxt 0] Parser 'parser': start
[19:54:24.779] [bmv2] [D] [thread 15795] [26.0] [cxt 0] Parser 'parser' entering state 'start'
[19:54:24.779] [bmv2] [D] [thread 15795] [26.0] [cxt 0] Extracting header 'ethernet'
[19:54:24.779] [bmv2] [D] [thread 15795] [26.0] [cxt 0] Parser state 'start': key is 86dd
[19:54:24.779] [bmv2] [T] [thread 15795] [26.0] [cxt 0] Bytes parsed: 14
[19:54:24.779] [bmv2] [D] [thread 15795] [26.0] [cxt 0] Parser 'parser': end
[19:54:24.779] [bmv2] [D] [thread 15795] [26.0] [cxt 0] Pipeline 'ingress': start
[19:54:24.780] [bmv2] [T] [thread 15795] [26.0] [cxt 0] /home/p4/Desktop/DDV_protocol/proto_versions/one_attribute/Data_Plane_Impl/p4src/main.p4(157) Condition "hdr.ipv4.isValid()" (node_2) is false
[19:54:24.780] [bmv2] [D] [thread 15795] [26.0] [cxt 0] Pipeline 'ingress': end
[19:54:24.780] [bmv2] [D] [thread 15795] [26.0] [cxt 0] Egress port is 0
[19:54:24.780] [bmv2] [D] [thread 15796] [26.0] [cxt 0] Pipeline 'egress': start
[19:54:24.780] [bmv2] [T] [thread 15796] [26.0] [cxt 0] /home/p4/Desktop/DDV_protocol/proto_versions/one_attribute/Data_Plane_Impl/p4src/main.p4(252) Condition "standard_metadata.instance_type == 1" (node_41) is false
[19:54:24.780] [bmv2] [D] [thread 15796] [26.0] [cxt 0] Pipeline 'egress': end
[19:54:24.780] [bmv2] [D] [thread 15796] [26.0] [cxt 0] Deparser 'deparser': start
[19:54:24.780] [bmv2] [T] [thread 15796] [26.0] [cxt 0] Skipping checksum 'cksum' update because condition not met
[19:54:24.780] [bmv2] [D] [thread 15796] [26.0] [cxt 0] Deparsing header 'ethernet'
[19:54:24.780] [bmv2] [D] [thread 15796] [26.0] [cxt 0] Deparser 'deparser': end
[19:54:24.780] [bmv2] [D] [thread 15800] [26.0] [cxt 0] Transmitting packet of size 208 out of port 0
[19:54:24.837] [bmv2] [D] [thread 15795] [27.0] [cxt 0] Processing packet received on port 3
[19:54:24.837] [bmv2] [D] [thread 15795] [27.0] [cxt 0] Parser 'parser': start
[19:54:24.837] [bmv2] [D] [thread 15795] [27.0] [cxt 0] Parser 'parser' entering state 'start'
[19:54:24.837] [bmv2] [D] [thread 15795] [27.0] [cxt 0] Extracting header 'ethernet'
[19:54:24.837] [bmv2] [D] [thread 15795] [27.0] [cxt 0] Parser state 'start': key is 86dd
[19:54:24.837] [bmv2] [T] [thread 15795] [27.0] [cxt 0] Bytes parsed: 14
[19:54:24.837] [bmv2] [D] [thread 15795] [27.0] [cxt 0] Parser 'parser': end
[19:54:24.837] [bmv2] [D] [thread 15795] [27.0] [cxt 0] Pipeline 'ingress': start
[19:54:24.837] [bmv2] [T] [thread 15795] [27.0] [cxt 0] /home/p4/Desktop/DDV_protocol/proto_versions/one_attribute/Data_Plane_Impl/p4src/main.p4(157) Condition "hdr.ipv4.isValid()" (node_2) is false
[19:54:24.838] [bmv2] [D] [thread 15795] [27.0] [cxt 0] Pipeline 'ingress': end
[19:54:24.838] [bmv2] [D] [thread 15795] [27.0] [cxt 0] Egress port is 0
[19:54:24.838] [bmv2] [D] [thread 15796] [27.0] [cxt 0] Pipeline 'egress': start
[19:54:24.843] [bmv2] [D] [thread 15795] [28.0] [cxt 0] Processing packet received on port 1
[19:54:24.843] [bmv2] [D] [thread 15795] [28.0] [cxt 0] Parser 'parser': start
[19:54:24.843] [bmv2] [D] [thread 15795] [28.0] [cxt 0] Parser 'parser' entering state 'start'
[19:54:24.843] [bmv2] [D] [thread 15795] [28.0] [cxt 0] Extracting header 'ethernet'
[19:54:24.843] [bmv2] [D] [thread 15795] [28.0] [cxt 0] Parser state 'start': key is 86dd
[19:54:24.843] [bmv2] [T] [thread 15795] [28.0] [cxt 0] Bytes parsed: 14
[19:54:24.843] [bmv2] [D] [thread 15795] [28.0] [cxt 0] Parser 'parser': end
[19:54:24.843] [bmv2] [D] [thread 15795] [28.0] [cxt 0] Pipeline 'ingress': start
[19:54:24.843] [bmv2] [T] [thread 15795] [28.0] [cxt 0] /home/p4/Desktop/DDV_protocol/proto_versions/one_attribute/Data_Plane_Impl/p4src/main.p4(157) Condition "hdr.ipv4.isValid()" (node_2) is false
[19:54:24.843] [bmv2] [D] [thread 15795] [28.0] [cxt 0] Pipeline 'ingress': end
[19:54:24.843] [bmv2] [D] [thread 15795] [28.0] [cxt 0] Egress port is 0
[19:54:24.843] [bmv2] [T] [thread 15796] [27.0] [cxt 0] /home/p4/Desktop/DDV_protocol/proto_versions/one_attribute/Data_Plane_Impl/p4src/main.p4(252) Condition "standard_metadata.instance_type == 1" (node_41) is false
[19:54:24.843] [bmv2] [D] [thread 15796] [27.0] [cxt 0] Pipeline 'egress': end
[19:54:24.843] [bmv2] [D] [thread 15796] [27.0] [cxt 0] Deparser 'deparser': start
[19:54:24.843] [bmv2] [T] [thread 15796] [27.0] [cxt 0] Skipping checksum 'cksum' update because condition not met
[19:54:24.843] [bmv2] [D] [thread 15796] [27.0] [cxt 0] Deparsing header 'ethernet'
[19:54:24.844] [bmv2] [D] [thread 15796] [27.0] [cxt 0] Deparser 'deparser': end
[19:54:24.844] [bmv2] [D] [thread 15796] [28.0] [cxt 0] Pipeline 'egress': start
[19:54:24.844] [bmv2] [T] [thread 15796] [28.0] [cxt 0] /home/p4/Desktop/DDV_protocol/proto_versions/one_attribute/Data_Plane_Impl/p4src/main.p4(252) Condition "standard_metadata.instance_type == 1" (node_41) is false
[19:54:24.844] [bmv2] [D] [thread 15796] [28.0] [cxt 0] Pipeline 'egress': end
[19:54:24.844] [bmv2] [D] [thread 15796] [28.0] [cxt 0] Deparser 'deparser': start
[19:54:24.844] [bmv2] [T] [thread 15796] [28.0] [cxt 0] Skipping checksum 'cksum' update because condition not met
[19:54:24.844] [bmv2] [D] [thread 15796] [28.0] [cxt 0] Deparsing header 'ethernet'
[19:54:24.844] [bmv2] [D] [thread 15796] [28.0] [cxt 0] Deparser 'deparser': end
[19:54:24.844] [bmv2] [D] [thread 15800] [27.0] [cxt 0] Transmitting packet of size 208 out of port 0
[19:54:24.844] [bmv2] [D] [thread 15800] [28.0] [cxt 0] Transmitting packet of size 208 out of port 0
[19:54:24.871] [bmv2] [D] [thread 15795] [29.0] [cxt 0] Processing packet received on port 4
[19:54:24.871] [bmv2] [D] [thread 15795] [29.0] [cxt 0] Parser 'parser': start
[19:54:24.871] [bmv2] [D] [thread 15795] [29.0] [cxt 0] Parser 'parser' entering state 'start'
[19:54:24.871] [bmv2] [D] [thread 15795] [29.0] [cxt 0] Extracting header 'ethernet'
[19:54:24.871] [bmv2] [D] [thread 15795] [29.0] [cxt 0] Parser state 'start': key is 86dd
[19:54:24.871] [bmv2] [T] [thread 15795] [29.0] [cxt 0] Bytes parsed: 14
[19:54:24.871] [bmv2] [D] [thread 15795] [29.0] [cxt 0] Parser 'parser': end
[19:54:24.871] [bmv2] [D] [thread 15795] [29.0] [cxt 0] Pipeline 'ingress': start
[19:54:24.871] [bmv2] [T] [thread 15795] [29.0] [cxt 0] /home/p4/Desktop/DDV_protocol/proto_versions/one_attribute/Data_Plane_Impl/p4src/main.p4(157) Condition "hdr.ipv4.isValid()" (node_2) is false
[19:54:24.871] [bmv2] [D] [thread 15795] [29.0] [cxt 0] Pipeline 'ingress': end
[19:54:24.871] [bmv2] [D] [thread 15795] [29.0] [cxt 0] Egress port is 0
[19:54:24.872] [bmv2] [D] [thread 15796] [29.0] [cxt 0] Pipeline 'egress': start
[19:54:24.872] [bmv2] [T] [thread 15796] [29.0] [cxt 0] /home/p4/Desktop/DDV_protocol/proto_versions/one_attribute/Data_Plane_Impl/p4src/main.p4(252) Condition "standard_metadata.instance_type == 1" (node_41) is false
[19:54:24.872] [bmv2] [D] [thread 15796] [29.0] [cxt 0] Pipeline 'egress': end
[19:54:24.872] [bmv2] [D] [thread 15796] [29.0] [cxt 0] Deparser 'deparser': start
[19:54:24.872] [bmv2] [T] [thread 15796] [29.0] [cxt 0] Skipping checksum 'cksum' update because condition not met
[19:54:24.872] [bmv2] [D] [thread 15796] [29.0] [cxt 0] Deparsing header 'ethernet'
[19:54:24.872] [bmv2] [D] [thread 15796] [29.0] [cxt 0] Deparser 'deparser': end
[19:54:24.873] [bmv2] [D] [thread 15800] [29.0] [cxt 0] Transmitting packet of size 208 out of port 0
[19:54:24.886] [bmv2] [D] [thread 15795] [30.0] [cxt 0] Processing packet received on port 3
[19:54:24.886] [bmv2] [D] [thread 15795] [30.0] [cxt 0] Parser 'parser': start
[19:54:24.886] [bmv2] [D] [thread 15795] [30.0] [cxt 0] Parser 'parser' entering state 'start'
[19:54:24.886] [bmv2] [D] [thread 15795] [30.0] [cxt 0] Extracting header 'ethernet'
[19:54:24.886] [bmv2] [D] [thread 15795] [30.0] [cxt 0] Parser state 'start': key is 86dd
[19:54:24.886] [bmv2] [T] [thread 15795] [30.0] [cxt 0] Bytes parsed: 14
[19:54:24.886] [bmv2] [D] [thread 15795] [30.0] [cxt 0] Parser 'parser': end
[19:54:24.886] [bmv2] [D] [thread 15795] [30.0] [cxt 0] Pipeline 'ingress': start
[19:54:24.886] [bmv2] [T] [thread 15795] [30.0] [cxt 0] /home/p4/Desktop/DDV_protocol/proto_versions/one_attribute/Data_Plane_Impl/p4src/main.p4(157) Condition "hdr.ipv4.isValid()" (node_2) is false
[19:54:24.886] [bmv2] [D] [thread 15795] [30.0] [cxt 0] Pipeline 'ingress': end
[19:54:24.886] [bmv2] [D] [thread 15795] [30.0] [cxt 0] Egress port is 0
[19:54:24.886] [bmv2] [D] [thread 15795] [31.0] [cxt 0] Processing packet received on port 3
[19:54:24.887] [bmv2] [D] [thread 15795] [31.0] [cxt 0] Parser 'parser': start
[19:54:24.887] [bmv2] [D] [thread 15795] [31.0] [cxt 0] Parser 'parser' entering state 'start'
[19:54:24.887] [bmv2] [D] [thread 15795] [31.0] [cxt 0] Extracting header 'ethernet'
[19:54:24.887] [bmv2] [D] [thread 15795] [31.0] [cxt 0] Parser state 'start': key is 86dd
[19:54:24.887] [bmv2] [T] [thread 15795] [31.0] [cxt 0] Bytes parsed: 14
[19:54:24.887] [bmv2] [D] [thread 15795] [31.0] [cxt 0] Parser 'parser': end
[19:54:24.887] [bmv2] [D] [thread 15795] [31.0] [cxt 0] Pipeline 'ingress': start
[19:54:24.887] [bmv2] [T] [thread 15795] [31.0] [cxt 0] /home/p4/Desktop/DDV_protocol/proto_versions/one_attribute/Data_Plane_Impl/p4src/main.p4(157) Condition "hdr.ipv4.isValid()" (node_2) is false
[19:54:24.887] [bmv2] [D] [thread 15795] [31.0] [cxt 0] Pipeline 'ingress': end
[19:54:24.887] [bmv2] [D] [thread 15795] [31.0] [cxt 0] Egress port is 0
[19:54:24.887] [bmv2] [D] [thread 15796] [30.0] [cxt 0] Pipeline 'egress': start
[19:54:24.887] [bmv2] [T] [thread 15796] [30.0] [cxt 0] /home/p4/Desktop/DDV_protocol/proto_versions/one_attribute/Data_Plane_Impl/p4src/main.p4(252) Condition "standard_metadata.instance_type == 1" (node_41) is false
[19:54:24.887] [bmv2] [D] [thread 15796] [30.0] [cxt 0] Pipeline 'egress': end
[19:54:24.887] [bmv2] [D] [thread 15796] [30.0] [cxt 0] Deparser 'deparser': start
[19:54:24.887] [bmv2] [T] [thread 15796] [30.0] [cxt 0] Skipping checksum 'cksum' update because condition not met
[19:54:24.887] [bmv2] [D] [thread 15796] [30.0] [cxt 0] Deparsing header 'ethernet'
[19:54:24.887] [bmv2] [D] [thread 15796] [30.0] [cxt 0] Deparser 'deparser': end
[19:54:24.888] [bmv2] [D] [thread 15796] [31.0] [cxt 0] Pipeline 'egress': start
[19:54:24.888] [bmv2] [T] [thread 15796] [31.0] [cxt 0] /home/p4/Desktop/DDV_protocol/proto_versions/one_attribute/Data_Plane_Impl/p4src/main.p4(252) Condition "standard_metadata.instance_type == 1" (node_41) is false
[19:54:24.888] [bmv2] [D] [thread 15796] [31.0] [cxt 0] Pipeline 'egress': end
[19:54:24.889] [bmv2] [D] [thread 15796] [31.0] [cxt 0] Deparser 'deparser': start
[19:54:24.889] [bmv2] [T] [thread 15796] [31.0] [cxt 0] Skipping checksum 'cksum' update because condition not met
[19:54:24.889] [bmv2] [D] [thread 15796] [31.0] [cxt 0] Deparsing header 'ethernet'
[19:54:24.889] [bmv2] [D] [thread 15796] [31.0] [cxt 0] Deparser 'deparser': end
[19:54:24.889] [bmv2] [D] [thread 15800] [30.0] [cxt 0] Transmitting packet of size 90 out of port 0
[19:54:24.889] [bmv2] [D] [thread 15800] [31.0] [cxt 0] Transmitting packet of size 70 out of port 0
[19:54:24.899] [bmv2] [D] [thread 15795] [32.0] [cxt 0] Processing packet received on port 3
[19:54:24.900] [bmv2] [D] [thread 15795] [32.0] [cxt 0] Parser 'parser': start
[19:54:24.900] [bmv2] [D] [thread 15795] [32.0] [cxt 0] Parser 'parser' entering state 'start'
[19:54:24.900] [bmv2] [D] [thread 15795] [32.0] [cxt 0] Extracting header 'ethernet'
[19:54:24.900] [bmv2] [D] [thread 15795] [32.0] [cxt 0] Parser state 'start': key is 86dd
[19:54:24.900] [bmv2] [T] [thread 15795] [32.0] [cxt 0] Bytes parsed: 14
[19:54:24.900] [bmv2] [D] [thread 15795] [32.0] [cxt 0] Parser 'parser': end
[19:54:24.900] [bmv2] [D] [thread 15795] [32.0] [cxt 0] Pipeline 'ingress': start
[19:54:24.900] [bmv2] [T] [thread 15795] [32.0] [cxt 0] /home/p4/Desktop/DDV_protocol/proto_versions/one_attribute/Data_Plane_Impl/p4src/main.p4(157) Condition "hdr.ipv4.isValid()" (node_2) is false
[19:54:24.900] [bmv2] [D] [thread 15795] [32.0] [cxt 0] Pipeline 'ingress': end
[19:54:24.900] [bmv2] [D] [thread 15795] [32.0] [cxt 0] Egress port is 0
[19:54:24.900] [bmv2] [D] [thread 15796] [32.0] [cxt 0] Pipeline 'egress': start
[19:54:24.900] [bmv2] [T] [thread 15796] [32.0] [cxt 0] /home/p4/Desktop/DDV_protocol/proto_versions/one_attribute/Data_Plane_Impl/p4src/main.p4(252) Condition "standard_metadata.instance_type == 1" (node_41) is false
[19:54:24.900] [bmv2] [D] [thread 15796] [32.0] [cxt 0] Pipeline 'egress': end
[19:54:24.900] [bmv2] [D] [thread 15796] [32.0] [cxt 0] Deparser 'deparser': start
[19:54:24.900] [bmv2] [T] [thread 15796] [32.0] [cxt 0] Skipping checksum 'cksum' update because condition not met
[19:54:24.900] [bmv2] [D] [thread 15796] [32.0] [cxt 0] Deparsing header 'ethernet'
[19:54:24.900] [bmv2] [D] [thread 15796] [32.0] [cxt 0] Deparser 'deparser': end
[19:54:24.900] [bmv2] [D] [thread 15800] [32.0] [cxt 0] Transmitting packet of size 90 out of port 0
[19:54:24.948] [bmv2] [D] [thread 15795] [33.0] [cxt 0] Processing packet received on port 3
[19:54:24.948] [bmv2] [D] [thread 15795] [33.0] [cxt 0] Parser 'parser': start
[19:54:24.948] [bmv2] [D] [thread 15795] [33.0] [cxt 0] Parser 'parser' entering state 'start'
[19:54:24.948] [bmv2] [D] [thread 15795] [33.0] [cxt 0] Extracting header 'ethernet'
[19:54:24.948] [bmv2] [D] [thread 15795] [33.0] [cxt 0] Parser state 'start': key is 86dd
[19:54:24.948] [bmv2] [T] [thread 15795] [33.0] [cxt 0] Bytes parsed: 14
[19:54:24.948] [bmv2] [D] [thread 15795] [33.0] [cxt 0] Parser 'parser': end
[19:54:24.948] [bmv2] [D] [thread 15795] [33.0] [cxt 0] Pipeline 'ingress': start
[19:54:24.948] [bmv2] [T] [thread 15795] [33.0] [cxt 0] /home/p4/Desktop/DDV_protocol/proto_versions/one_attribute/Data_Plane_Impl/p4src/main.p4(157) Condition "hdr.ipv4.isValid()" (node_2) is false
[19:54:24.948] [bmv2] [D] [thread 15795] [33.0] [cxt 0] Pipeline 'ingress': end
[19:54:24.948] [bmv2] [D] [thread 15795] [33.0] [cxt 0] Egress port is 0
[19:54:24.949] [bmv2] [D] [thread 15796] [33.0] [cxt 0] Pipeline 'egress': start
[19:54:24.949] [bmv2] [T] [thread 15796] [33.0] [cxt 0] /home/p4/Desktop/DDV_protocol/proto_versions/one_attribute/Data_Plane_Impl/p4src/main.p4(252) Condition "standard_metadata.instance_type == 1" (node_41) is false
[19:54:24.949] [bmv2] [D] [thread 15796] [33.0] [cxt 0] Pipeline 'egress': end
[19:54:24.949] [bmv2] [D] [thread 15796] [33.0] [cxt 0] Deparser 'deparser': start
[19:54:24.949] [bmv2] [T] [thread 15796] [33.0] [cxt 0] Skipping checksum 'cksum' update because condition not met
[19:54:24.949] [bmv2] [D] [thread 15796] [33.0] [cxt 0] Deparsing header 'ethernet'
[19:54:24.949] [bmv2] [D] [thread 15796] [33.0] [cxt 0] Deparser 'deparser': end
[19:54:24.949] [bmv2] [D] [thread 15800] [33.0] [cxt 0] Transmitting packet of size 110 out of port 0
[19:54:32.791] [bmv2] [D] [thread 16140] Set default default entry for table 'MyIngress.ipv4_lpm': MyIngress.drop - 
[19:54:32.791] [bmv2] [D] [thread 16140] Set default default entry for table 'tbl_get_registers_index': MyIngress.get_registers_index - 
[19:54:32.791] [bmv2] [D] [thread 16140] Set default default entry for table 'MyIngress.check_destination_known': MyIngress.elect_attribute - 
[19:54:32.791] [bmv2] [D] [thread 16140] Set default default entry for table 'tbl_main168': main168 - 
[19:54:32.791] [bmv2] [D] [thread 16140] Set default default entry for table 'tbl_update_table': MyIngress.update_table - 
[19:54:32.791] [bmv2] [D] [thread 16140] Set default default entry for table 'tbl_elect_attribute': MyIngress.elect_attribute - 
[19:54:32.792] [bmv2] [D] [thread 16140] Set default default entry for table 'MyIngress.broadcast_elected_attr': MyIngress.drop - 
[19:54:32.792] [bmv2] [D] [thread 16140] Set default default entry for table 'tbl_elect_attribute_0': MyIngress.elect_attribute - 
[19:54:32.792] [bmv2] [D] [thread 16140] Set default default entry for table 'tbl_elect_promise': MyIngress.elect_promise - 
[19:54:32.792] [bmv2] [D] [thread 16140] Set default default entry for table 'tbl_elect_attribute_1': MyIngress.elect_attribute - 
[19:54:32.792] [bmv2] [D] [thread 16140] Set default default entry for table 'tbl_update_table_0': MyIngress.update_table - 
[19:54:32.792] [bmv2] [D] [thread 16140] Set default default entry for table 'tbl_change_promise': MyIngress.change_promise - 
[19:54:32.792] [bmv2] [D] [thread 16140] Set default default entry for table 'tbl_elect_attribute_2': MyIngress.elect_attribute - 
[19:54:32.792] [bmv2] [D] [thread 16140] Set default default entry for table 'tbl_update_table_1': MyIngress.update_table - 
[19:54:32.793] [bmv2] [D] [thread 16140] Set default default entry for table 'tbl_change_promise_0': MyIngress.change_promise - 
[19:54:32.793] [bmv2] [D] [thread 16140] Set default default entry for table 'tbl_elect_attribute_3': MyIngress.elect_attribute - 
[19:54:32.793] [bmv2] [D] [thread 16140] Set default default entry for table 'tbl_update_table_2': MyIngress.update_table - 
[19:54:32.793] [bmv2] [D] [thread 16140] Set default default entry for table 'tbl_change_promise_1': MyIngress.change_promise - 
[19:54:32.794] [bmv2] [D] [thread 16140] Set default default entry for table 'tbl_main253': main253 - 
[19:54:32.794] [bmv2] [D] [thread 16140] Set default default entry for table 'tbl_main258': main258 - 
[19:54:32.794] [bmv2] [D] [thread 16140] Set default default entry for table 'tbl_main261': main261 - 
[19:54:32.794] [bmv2] [D] [thread 16140] Set default default entry for table 'tbl_main263': main263 - 
[19:54:32.803] [bmv2] [D] [thread 16140] simple_switch target has been notified of a config swap
[19:54:32.849] [bmv2] [D] [thread 16140] Set default default entry for table 'MyIngress.ipv4_lpm': MyIngress.drop - 
[19:54:32.850] [bmv2] [D] [thread 16140] Set default default entry for table 'tbl_get_registers_index': MyIngress.get_registers_index - 
[19:54:32.850] [bmv2] [D] [thread 16140] Set default default entry for table 'MyIngress.check_destination_known': MyIngress.elect_attribute - 
[19:54:32.850] [bmv2] [D] [thread 16140] Set default default entry for table 'tbl_main168': main168 - 
[19:54:32.850] [bmv2] [D] [thread 16140] Set default default entry for table 'tbl_update_table': MyIngress.update_table - 
[19:54:32.850] [bmv2] [D] [thread 16140] Set default default entry for table 'tbl_elect_attribute': MyIngress.elect_attribute - 
[19:54:32.850] [bmv2] [D] [thread 16140] Set default default entry for table 'MyIngress.broadcast_elected_attr': MyIngress.drop - 
[19:54:32.850] [bmv2] [D] [thread 16140] Set default default entry for table 'tbl_elect_attribute_0': MyIngress.elect_attribute - 
[19:54:32.850] [bmv2] [D] [thread 16140] Set default default entry for table 'tbl_elect_promise': MyIngress.elect_promise - 
[19:54:32.850] [bmv2] [D] [thread 16140] Set default default entry for table 'tbl_elect_attribute_1': MyIngress.elect_attribute - 
[19:54:32.850] [bmv2] [D] [thread 16140] Set default default entry for table 'tbl_update_table_0': MyIngress.update_table - 
[19:54:32.850] [bmv2] [D] [thread 16140] Set default default entry for table 'tbl_change_promise': MyIngress.change_promise - 
[19:54:32.850] [bmv2] [D] [thread 16140] Set default default entry for table 'tbl_elect_attribute_2': MyIngress.elect_attribute - 
[19:54:32.850] [bmv2] [D] [thread 16140] Set default default entry for table 'tbl_update_table_1': MyIngress.update_table - 
[19:54:32.850] [bmv2] [D] [thread 16140] Set default default entry for table 'tbl_change_promise_0': MyIngress.change_promise - 
[19:54:32.850] [bmv2] [D] [thread 16140] Set default default entry for table 'tbl_elect_attribute_3': MyIngress.elect_attribute - 
[19:54:32.850] [bmv2] [D] [thread 16140] Set default default entry for table 'tbl_update_table_2': MyIngress.update_table - 
[19:54:32.850] [bmv2] [D] [thread 16140] Set default default entry for table 'tbl_change_promise_1': MyIngress.change_promise - 
[19:54:32.852] [bmv2] [D] [thread 16140] Set default default entry for table 'tbl_main253': main253 - 
[19:54:32.852] [bmv2] [D] [thread 16140] Set default default entry for table 'tbl_main258': main258 - 
[19:54:32.852] [bmv2] [D] [thread 16140] Set default default entry for table 'tbl_main261': main261 - 
[19:54:32.852] [bmv2] [D] [thread 16140] Set default default entry for table 'tbl_main263': main263 - 
[19:54:32.859] [bmv2] [D] [thread 16140] simple_switch target has been notified of a config swap
[19:54:32.867] [bmv2] [T] [thread 16162] bm_get_config
[19:54:32.870] [bmv2] [T] [thread 16162] bm_mt_get_entries
[19:54:32.870] [bmv2] [T] [thread 16162] bm_mt_get_entries
[19:54:32.870] [bmv2] [T] [thread 16162] bm_mt_get_entries
[19:54:32.871] [bmv2] [T] [thread 16162] bm_reset_state
[19:54:32.881] [bmv2] [D] [thread 16162] Resetting simple_switch target-specific state
[19:54:32.881] [bmv2] [D] [thread 16162] resetting PRE state
[19:54:32.885] [bmv2] [D] [thread 16140] mgrp node created for mgid 2
[19:54:32.885] [bmv2] [D] [thread 16140] node created for rid 0
[19:54:32.885] [bmv2] [D] [thread 16140] node associated with mgid 2
[19:54:32.889] [bmv2] [D] [thread 16160] Entry 0 added to table 'MyIngress.broadcast_elected_attr'
[19:54:32.889] [bmv2] [D] [thread 16160] Dumping entry 0
Match key:
* meta.E_NH           : EXACT     0002
Action entry: MyIngress.set_mcast_grp - 2,

[19:54:32.891] [bmv2] [D] [thread 16140] mgrp node created for mgid 3
[19:54:32.891] [bmv2] [D] [thread 16140] node created for rid 0
[19:54:32.891] [bmv2] [D] [thread 16140] node associated with mgid 3
[19:54:32.893] [bmv2] [D] [thread 16160] Entry 1 added to table 'MyIngress.broadcast_elected_attr'
[19:54:32.893] [bmv2] [D] [thread 16160] Dumping entry 1
Match key:
* meta.E_NH           : EXACT     0003
Action entry: MyIngress.set_mcast_grp - 3,

[19:54:32.897] [bmv2] [D] [thread 16140] mgrp node created for mgid 4
[19:54:32.897] [bmv2] [D] [thread 16140] node created for rid 0
[19:54:32.897] [bmv2] [D] [thread 16140] node associated with mgid 4
[19:54:32.901] [bmv2] [D] [thread 16160] Entry 2 added to table 'MyIngress.broadcast_elected_attr'
[19:54:32.901] [bmv2] [D] [thread 16160] Dumping entry 2
Match key:
* meta.E_NH           : EXACT     0004
Action entry: MyIngress.set_mcast_grp - 4,

[19:54:32.905] [bmv2] [D] [thread 16140] Entry 0 added to table 'MyIngress.ipv4_lpm'
[19:54:32.905] [bmv2] [D] [thread 16140] Dumping entry 0
Match key:
* hdr.ipv4.dstAddr    : LPM       0a000202/32
Action entry: MyIngress.ipv4_forward - a000202,1,

[19:54:32.908] [bmv2] [D] [thread 16160] Entry 0 added to table 'MyIngress.check_destination_known'
[19:54:32.908] [bmv2] [D] [thread 16160] Dumping entry 0
Match key:
* hdr.probe.destination: LPM       0a000202/32
Action entry: MyIngress.get_registers_info - 

[19:54:32.911] [bmv2] [D] [thread 16140] mgrp node created for mgid 32868
[19:54:32.911] [bmv2] [D] [thread 16140] node created for rid 0
[19:54:32.911] [bmv2] [D] [thread 16140] node associated with mgid 32868
open: No such file or directory
open: No such file or directory
open: No such file or directory
open: No such file or directory
open: No such file or directory
open: No such file or directory
open: No such file or directory
open: No such file or directory
open: No such file or directory
