Warning: you requested the nanomsg event logger, but bmv2 was compiled without -DBMELOG, and the event logger cannot be activated
Calling target program-options parser
[19:54:24.407] [bmv2] [D] [thread 15821] Set default default entry for table 'MyIngress.ipv4_lpm': MyIngress.drop - 
[19:54:24.407] [bmv2] [D] [thread 15821] Set default default entry for table 'tbl_get_registers_index': MyIngress.get_registers_index - 
[19:54:24.407] [bmv2] [D] [thread 15821] Set default default entry for table 'MyIngress.check_destination_known': MyIngress.elect_attribute - 
[19:54:24.407] [bmv2] [D] [thread 15821] Set default default entry for table 'tbl_main168': main168 - 
[19:54:24.407] [bmv2] [D] [thread 15821] Set default default entry for table 'tbl_update_table': MyIngress.update_table - 
[19:54:24.408] [bmv2] [D] [thread 15821] Set default default entry for table 'tbl_elect_attribute': MyIngress.elect_attribute - 
[19:54:24.408] [bmv2] [D] [thread 15821] Set default default entry for table 'MyIngress.broadcast_elected_attr': MyIngress.drop - 
[19:54:24.408] [bmv2] [D] [thread 15821] Set default default entry for table 'tbl_elect_attribute_0': MyIngress.elect_attribute - 
[19:54:24.409] [bmv2] [D] [thread 15821] Set default default entry for table 'tbl_elect_promise': MyIngress.elect_promise - 
[19:54:24.409] [bmv2] [D] [thread 15821] Set default default entry for table 'tbl_elect_attribute_1': MyIngress.elect_attribute - 
[19:54:24.409] [bmv2] [D] [thread 15821] Set default default entry for table 'tbl_update_table_0': MyIngress.update_table - 
[19:54:24.409] [bmv2] [D] [thread 15821] Set default default entry for table 'tbl_change_promise': MyIngress.change_promise - 
[19:54:24.410] [bmv2] [D] [thread 15821] Set default default entry for table 'tbl_elect_attribute_2': MyIngress.elect_attribute - 
[19:54:24.411] [bmv2] [D] [thread 15821] Set default default entry for table 'tbl_update_table_1': MyIngress.update_table - 
[19:54:24.411] [bmv2] [D] [thread 15821] Set default default entry for table 'tbl_change_promise_0': MyIngress.change_promise - 
[19:54:24.411] [bmv2] [D] [thread 15821] Set default default entry for table 'tbl_elect_attribute_3': MyIngress.elect_attribute - 
[19:54:24.411] [bmv2] [D] [thread 15821] Set default default entry for table 'tbl_update_table_2': MyIngress.update_table - 
[19:54:24.411] [bmv2] [D] [thread 15821] Set default default entry for table 'tbl_change_promise_1': MyIngress.change_promise - 
[19:54:24.413] [bmv2] [D] [thread 15821] Set default default entry for table 'tbl_main253': main253 - 
[19:54:24.413] [bmv2] [D] [thread 15821] Set default default entry for table 'tbl_main258': main258 - 
[19:54:24.413] [bmv2] [D] [thread 15821] Set default default entry for table 'tbl_main261': main261 - 
[19:54:24.413] [bmv2] [D] [thread 15821] Set default default entry for table 'tbl_main263': main263 - 
Adding interface s4-eth1 as port 1
[19:54:24.429] [bmv2] [D] [thread 15821] Adding interface s4-eth1 as port 1
Adding interface s4-eth2 as port 2
[19:54:24.445] [bmv2] [D] [thread 15821] Adding interface s4-eth2 as port 2
Adding interface s4-eth3 as port 3
[19:54:24.479] [bmv2] [D] [thread 15821] Adding interface s4-eth3 as port 3
Adding interface s4-eth4 as port 4
[19:54:24.511] [bmv2] [D] [thread 15821] Adding interface s4-eth4 as port 4
Adding interface s4-cpu-eth0 as port 5
[19:54:24.551] [bmv2] [D] [thread 15821] Adding interface s4-cpu-eth0 as port 5
Server listening on 0.0.0.0:9562
[19:54:24.586] [bmv2] [I] [thread 15821] Starting Thrift server on port 9093
[19:54:24.587] [bmv2] [I] [thread 15821] Thrift server was started
[19:54:24.589] [bmv2] [D] [thread 15832] [0.0] [cxt 0] Processing packet received on port 2
[19:54:24.589] [bmv2] [D] [thread 15832] [0.0] [cxt 0] Parser 'parser': start
[19:54:24.589] [bmv2] [D] [thread 15832] [0.0] [cxt 0] Parser 'parser' entering state 'start'
[19:54:24.589] [bmv2] [D] [thread 15832] [0.0] [cxt 0] Extracting header 'ethernet'
[19:54:24.589] [bmv2] [D] [thread 15832] [0.0] [cxt 0] Parser state 'start': key is 86dd
[19:54:24.589] [bmv2] [T] [thread 15832] [0.0] [cxt 0] Bytes parsed: 14
[19:54:24.589] [bmv2] [D] [thread 15832] [0.0] [cxt 0] Parser 'parser': end
[19:54:24.589] [bmv2] [D] [thread 15832] [0.0] [cxt 0] Pipeline 'ingress': start
[19:54:24.589] [bmv2] [T] [thread 15832] [0.0] [cxt 0] /home/p4/Desktop/DDV_protocol/proto_versions/one_attribute/Data_Plane_Impl/p4src/main.p4(157) Condition "hdr.ipv4.isValid()" (node_2) is false
[19:54:24.589] [bmv2] [D] [thread 15832] [0.0] [cxt 0] Pipeline 'ingress': end
[19:54:24.589] [bmv2] [D] [thread 15832] [0.0] [cxt 0] Egress port is 0
[19:54:24.589] [bmv2] [D] [thread 15832] [1.0] [cxt 0] Processing packet received on port 3
[19:54:24.589] [bmv2] [D] [thread 15832] [1.0] [cxt 0] Parser 'parser': start
[19:54:24.589] [bmv2] [D] [thread 15832] [1.0] [cxt 0] Parser 'parser' entering state 'start'
[19:54:24.589] [bmv2] [D] [thread 15832] [1.0] [cxt 0] Extracting header 'ethernet'
[19:54:24.589] [bmv2] [D] [thread 15832] [1.0] [cxt 0] Parser state 'start': key is 86dd
[19:54:24.589] [bmv2] [T] [thread 15832] [1.0] [cxt 0] Bytes parsed: 14
[19:54:24.589] [bmv2] [D] [thread 15832] [1.0] [cxt 0] Parser 'parser': end
[19:54:24.589] [bmv2] [D] [thread 15832] [1.0] [cxt 0] Pipeline 'ingress': start
[19:54:24.589] [bmv2] [T] [thread 15832] [1.0] [cxt 0] /home/p4/Desktop/DDV_protocol/proto_versions/one_attribute/Data_Plane_Impl/p4src/main.p4(157) Condition "hdr.ipv4.isValid()" (node_2) is false
[19:54:24.589] [bmv2] [D] [thread 15832] [1.0] [cxt 0] Pipeline 'ingress': end
[19:54:24.589] [bmv2] [D] [thread 15832] [1.0] [cxt 0] Egress port is 0
[19:54:24.589] [bmv2] [D] [thread 15832] [2.0] [cxt 0] Processing packet received on port 2
[19:54:24.589] [bmv2] [D] [thread 15832] [2.0] [cxt 0] Parser 'parser': start
[19:54:24.589] [bmv2] [D] [thread 15832] [2.0] [cxt 0] Parser 'parser' entering state 'start'
[19:54:24.589] [bmv2] [D] [thread 15832] [2.0] [cxt 0] Extracting header 'ethernet'
[19:54:24.589] [bmv2] [D] [thread 15832] [2.0] [cxt 0] Parser state 'start': key is 86dd
[19:54:24.589] [bmv2] [T] [thread 15832] [2.0] [cxt 0] Bytes parsed: 14
[19:54:24.589] [bmv2] [D] [thread 15832] [2.0] [cxt 0] Parser 'parser': end
[19:54:24.589] [bmv2] [D] [thread 15832] [2.0] [cxt 0] Pipeline 'ingress': start
[19:54:24.589] [bmv2] [T] [thread 15832] [2.0] [cxt 0] /home/p4/Desktop/DDV_protocol/proto_versions/one_attribute/Data_Plane_Impl/p4src/main.p4(157) Condition "hdr.ipv4.isValid()" (node_2) is false
[19:54:24.589] [bmv2] [D] [thread 15832] [2.0] [cxt 0] Pipeline 'ingress': end
[19:54:24.589] [bmv2] [D] [thread 15832] [2.0] [cxt 0] Egress port is 0
[19:54:24.589] [bmv2] [D] [thread 15832] [3.0] [cxt 0] Processing packet received on port 3
[19:54:24.589] [bmv2] [D] [thread 15832] [3.0] [cxt 0] Parser 'parser': start
[19:54:24.589] [bmv2] [D] [thread 15832] [3.0] [cxt 0] Parser 'parser' entering state 'start'
[19:54:24.589] [bmv2] [D] [thread 15832] [3.0] [cxt 0] Extracting header 'ethernet'
[19:54:24.589] [bmv2] [D] [thread 15832] [3.0] [cxt 0] Parser state 'start': key is 86dd
[19:54:24.589] [bmv2] [T] [thread 15832] [3.0] [cxt 0] Bytes parsed: 14
[19:54:24.589] [bmv2] [D] [thread 15832] [3.0] [cxt 0] Parser 'parser': end
[19:54:24.589] [bmv2] [D] [thread 15832] [3.0] [cxt 0] Pipeline 'ingress': start
[19:54:24.589] [bmv2] [T] [thread 15832] [3.0] [cxt 0] /home/p4/Desktop/DDV_protocol/proto_versions/one_attribute/Data_Plane_Impl/p4src/main.p4(157) Condition "hdr.ipv4.isValid()" (node_2) is false
[19:54:24.589] [bmv2] [D] [thread 15832] [3.0] [cxt 0] Pipeline 'ingress': end
[19:54:24.589] [bmv2] [D] [thread 15833] [0.0] [cxt 0] Pipeline 'egress': start
[19:54:24.589] [bmv2] [D] [thread 15832] [3.0] [cxt 0] Egress port is 0
[19:54:24.590] [bmv2] [T] [thread 15833] [0.0] [cxt 0] /home/p4/Desktop/DDV_protocol/proto_versions/one_attribute/Data_Plane_Impl/p4src/main.p4(252) Condition "standard_metadata.instance_type == 1" (node_41) is false
[19:54:24.590] [bmv2] [D] [thread 15833] [0.0] [cxt 0] Pipeline 'egress': end
[19:54:24.590] [bmv2] [D] [thread 15833] [0.0] [cxt 0] Deparser 'deparser': start
[19:54:24.590] [bmv2] [T] [thread 15833] [0.0] [cxt 0] Skipping checksum 'cksum' update because condition not met
[19:54:24.590] [bmv2] [D] [thread 15833] [0.0] [cxt 0] Deparsing header 'ethernet'
[19:54:24.590] [bmv2] [D] [thread 15833] [0.0] [cxt 0] Deparser 'deparser': end
[19:54:24.590] [bmv2] [D] [thread 15833] [1.0] [cxt 0] Pipeline 'egress': start
[19:54:24.590] [bmv2] [T] [thread 15833] [1.0] [cxt 0] /home/p4/Desktop/DDV_protocol/proto_versions/one_attribute/Data_Plane_Impl/p4src/main.p4(252) Condition "standard_metadata.instance_type == 1" (node_41) is false
[19:54:24.590] [bmv2] [D] [thread 15833] [1.0] [cxt 0] Pipeline 'egress': end
[19:54:24.590] [bmv2] [D] [thread 15833] [1.0] [cxt 0] Deparser 'deparser': start
[19:54:24.590] [bmv2] [T] [thread 15833] [1.0] [cxt 0] Skipping checksum 'cksum' update because condition not met
[19:54:24.590] [bmv2] [D] [thread 15833] [1.0] [cxt 0] Deparsing header 'ethernet'
[19:54:24.590] [bmv2] [D] [thread 15833] [1.0] [cxt 0] Deparser 'deparser': end
[19:54:24.590] [bmv2] [D] [thread 15833] [2.0] [cxt 0] Pipeline 'egress': start
[19:54:24.590] [bmv2] [T] [thread 15833] [2.0] [cxt 0] /home/p4/Desktop/DDV_protocol/proto_versions/one_attribute/Data_Plane_Impl/p4src/main.p4(252) Condition "standard_metadata.instance_type == 1" (node_41) is false
[19:54:24.590] [bmv2] [D] [thread 15833] [2.0] [cxt 0] Pipeline 'egress': end
[19:54:24.590] [bmv2] [D] [thread 15833] [2.0] [cxt 0] Deparser 'deparser': start
[19:54:24.590] [bmv2] [T] [thread 15833] [2.0] [cxt 0] Skipping checksum 'cksum' update because condition not met
[19:54:24.590] [bmv2] [D] [thread 15833] [2.0] [cxt 0] Deparsing header 'ethernet'
[19:54:24.590] [bmv2] [D] [thread 15833] [2.0] [cxt 0] Deparser 'deparser': end
[19:54:24.590] [bmv2] [D] [thread 15833] [3.0] [cxt 0] Pipeline 'egress': start
[19:54:24.590] [bmv2] [T] [thread 15833] [3.0] [cxt 0] /home/p4/Desktop/DDV_protocol/proto_versions/one_attribute/Data_Plane_Impl/p4src/main.p4(252) Condition "standard_metadata.instance_type == 1" (node_41) is false
[19:54:24.590] [bmv2] [D] [thread 15833] [3.0] [cxt 0] Pipeline 'egress': end
[19:54:24.590] [bmv2] [D] [thread 15833] [3.0] [cxt 0] Deparser 'deparser': start
[19:54:24.590] [bmv2] [T] [thread 15833] [3.0] [cxt 0] Skipping checksum 'cksum' update because condition not met
[19:54:24.590] [bmv2] [D] [thread 15833] [3.0] [cxt 0] Deparsing header 'ethernet'
[19:54:24.590] [bmv2] [D] [thread 15833] [3.0] [cxt 0] Deparser 'deparser': end
[19:54:24.590] [bmv2] [D] [thread 15837] [0.0] [cxt 0] Transmitting packet of size 107 out of port 0
[19:54:24.590] [bmv2] [D] [thread 15837] [1.0] [cxt 0] Transmitting packet of size 110 out of port 0
[19:54:24.590] [bmv2] [D] [thread 15837] [2.0] [cxt 0] Transmitting packet of size 110 out of port 0
[19:54:24.590] [bmv2] [D] [thread 15837] [3.0] [cxt 0] Transmitting packet of size 208 out of port 0
[19:54:24.687] [bmv2] [D] [thread 15832] [4.0] [cxt 0] Processing packet received on port 2
[19:54:24.687] [bmv2] [D] [thread 15832] [4.0] [cxt 0] Parser 'parser': start
[19:54:24.687] [bmv2] [D] [thread 15832] [4.0] [cxt 0] Parser 'parser' entering state 'start'
[19:54:24.687] [bmv2] [D] [thread 15832] [4.0] [cxt 0] Extracting header 'ethernet'
[19:54:24.687] [bmv2] [D] [thread 15832] [4.0] [cxt 0] Parser state 'start': key is 86dd
[19:54:24.687] [bmv2] [T] [thread 15832] [4.0] [cxt 0] Bytes parsed: 14
[19:54:24.687] [bmv2] [D] [thread 15832] [4.0] [cxt 0] Parser 'parser': end
[19:54:24.687] [bmv2] [D] [thread 15832] [4.0] [cxt 0] Pipeline 'ingress': start
[19:54:24.687] [bmv2] [T] [thread 15832] [4.0] [cxt 0] /home/p4/Desktop/DDV_protocol/proto_versions/one_attribute/Data_Plane_Impl/p4src/main.p4(157) Condition "hdr.ipv4.isValid()" (node_2) is false
[19:54:24.687] [bmv2] [D] [thread 15832] [4.0] [cxt 0] Pipeline 'ingress': end
[19:54:24.687] [bmv2] [D] [thread 15832] [4.0] [cxt 0] Egress port is 0
[19:54:24.688] [bmv2] [D] [thread 15833] [4.0] [cxt 0] Pipeline 'egress': start
[19:54:24.688] [bmv2] [T] [thread 15833] [4.0] [cxt 0] /home/p4/Desktop/DDV_protocol/proto_versions/one_attribute/Data_Plane_Impl/p4src/main.p4(252) Condition "standard_metadata.instance_type == 1" (node_41) is false
[19:54:24.688] [bmv2] [D] [thread 15833] [4.0] [cxt 0] Pipeline 'egress': end
[19:54:24.688] [bmv2] [D] [thread 15833] [4.0] [cxt 0] Deparser 'deparser': start
[19:54:24.688] [bmv2] [T] [thread 15833] [4.0] [cxt 0] Skipping checksum 'cksum' update because condition not met
[19:54:24.688] [bmv2] [D] [thread 15833] [4.0] [cxt 0] Deparsing header 'ethernet'
[19:54:24.688] [bmv2] [D] [thread 15833] [4.0] [cxt 0] Deparser 'deparser': end
[19:54:24.688] [bmv2] [D] [thread 15837] [4.0] [cxt 0] Transmitting packet of size 208 out of port 0
[19:54:24.724] [bmv2] [D] [thread 15832] [5.0] [cxt 0] Processing packet received on port 3
[19:54:24.725] [bmv2] [D] [thread 15832] [5.0] [cxt 0] Parser 'parser': start
[19:54:24.725] [bmv2] [D] [thread 15832] [5.0] [cxt 0] Parser 'parser' entering state 'start'
[19:54:24.725] [bmv2] [D] [thread 15832] [5.0] [cxt 0] Extracting header 'ethernet'
[19:54:24.725] [bmv2] [D] [thread 15832] [5.0] [cxt 0] Parser state 'start': key is 86dd
[19:54:24.725] [bmv2] [T] [thread 15832] [5.0] [cxt 0] Bytes parsed: 14
[19:54:24.725] [bmv2] [D] [thread 15832] [5.0] [cxt 0] Parser 'parser': end
[19:54:24.725] [bmv2] [D] [thread 15832] [5.0] [cxt 0] Pipeline 'ingress': start
[19:54:24.725] [bmv2] [T] [thread 15832] [5.0] [cxt 0] /home/p4/Desktop/DDV_protocol/proto_versions/one_attribute/Data_Plane_Impl/p4src/main.p4(157) Condition "hdr.ipv4.isValid()" (node_2) is false
[19:54:24.725] [bmv2] [D] [thread 15832] [5.0] [cxt 0] Pipeline 'ingress': end
[19:54:24.725] [bmv2] [D] [thread 15832] [5.0] [cxt 0] Egress port is 0
[19:54:24.726] [bmv2] [D] [thread 15833] [5.0] [cxt 0] Pipeline 'egress': start
[19:54:24.726] [bmv2] [T] [thread 15833] [5.0] [cxt 0] /home/p4/Desktop/DDV_protocol/proto_versions/one_attribute/Data_Plane_Impl/p4src/main.p4(252) Condition "standard_metadata.instance_type == 1" (node_41) is false
[19:54:24.726] [bmv2] [D] [thread 15833] [5.0] [cxt 0] Pipeline 'egress': end
[19:54:24.726] [bmv2] [D] [thread 15833] [5.0] [cxt 0] Deparser 'deparser': start
[19:54:24.726] [bmv2] [T] [thread 15833] [5.0] [cxt 0] Skipping checksum 'cksum' update because condition not met
[19:54:24.726] [bmv2] [D] [thread 15833] [5.0] [cxt 0] Deparsing header 'ethernet'
[19:54:24.726] [bmv2] [D] [thread 15833] [5.0] [cxt 0] Deparser 'deparser': end
[19:54:24.728] [bmv2] [D] [thread 15837] [5.0] [cxt 0] Transmitting packet of size 90 out of port 0
[19:54:24.828] [bmv2] [D] [thread 15832] [6.0] [cxt 0] Processing packet received on port 2
[19:54:24.828] [bmv2] [D] [thread 15832] [6.0] [cxt 0] Parser 'parser': start
[19:54:24.828] [bmv2] [D] [thread 15832] [6.0] [cxt 0] Parser 'parser' entering state 'start'
[19:54:24.828] [bmv2] [D] [thread 15832] [6.0] [cxt 0] Extracting header 'ethernet'
[19:54:24.828] [bmv2] [D] [thread 15832] [6.0] [cxt 0] Parser state 'start': key is 86dd
[19:54:24.828] [bmv2] [T] [thread 15832] [6.0] [cxt 0] Bytes parsed: 14
[19:54:24.828] [bmv2] [D] [thread 15832] [6.0] [cxt 0] Parser 'parser': end
[19:54:24.828] [bmv2] [D] [thread 15832] [6.0] [cxt 0] Pipeline 'ingress': start
[19:54:24.828] [bmv2] [T] [thread 15832] [6.0] [cxt 0] /home/p4/Desktop/DDV_protocol/proto_versions/one_attribute/Data_Plane_Impl/p4src/main.p4(157) Condition "hdr.ipv4.isValid()" (node_2) is false
[19:54:24.828] [bmv2] [D] [thread 15832] [6.0] [cxt 0] Pipeline 'ingress': end
[19:54:24.828] [bmv2] [D] [thread 15832] [6.0] [cxt 0] Egress port is 0
[19:54:24.828] [bmv2] [D] [thread 15832] [7.0] [cxt 0] Processing packet received on port 2
[19:54:24.828] [bmv2] [D] [thread 15832] [7.0] [cxt 0] Parser 'parser': start
[19:54:24.828] [bmv2] [D] [thread 15832] [7.0] [cxt 0] Parser 'parser' entering state 'start'
[19:54:24.828] [bmv2] [D] [thread 15832] [7.0] [cxt 0] Extracting header 'ethernet'
[19:54:24.828] [bmv2] [D] [thread 15832] [7.0] [cxt 0] Parser state 'start': key is 86dd
[19:54:24.828] [bmv2] [T] [thread 15832] [7.0] [cxt 0] Bytes parsed: 14
[19:54:24.828] [bmv2] [D] [thread 15832] [7.0] [cxt 0] Parser 'parser': end
[19:54:24.828] [bmv2] [D] [thread 15832] [7.0] [cxt 0] Pipeline 'ingress': start
[19:54:24.828] [bmv2] [T] [thread 15832] [7.0] [cxt 0] /home/p4/Desktop/DDV_protocol/proto_versions/one_attribute/Data_Plane_Impl/p4src/main.p4(157) Condition "hdr.ipv4.isValid()" (node_2) is false
[19:54:24.828] [bmv2] [D] [thread 15832] [7.0] [cxt 0] Pipeline 'ingress': end
[19:54:24.828] [bmv2] [D] [thread 15832] [7.0] [cxt 0] Egress port is 0
[19:54:24.828] [bmv2] [D] [thread 15833] [6.0] [cxt 0] Pipeline 'egress': start
[19:54:24.828] [bmv2] [T] [thread 15833] [6.0] [cxt 0] /home/p4/Desktop/DDV_protocol/proto_versions/one_attribute/Data_Plane_Impl/p4src/main.p4(252) Condition "standard_metadata.instance_type == 1" (node_41) is false
[19:54:24.829] [bmv2] [D] [thread 15833] [6.0] [cxt 0] Pipeline 'egress': end
[19:54:24.829] [bmv2] [D] [thread 15833] [6.0] [cxt 0] Deparser 'deparser': start
[19:54:24.829] [bmv2] [T] [thread 15833] [6.0] [cxt 0] Skipping checksum 'cksum' update because condition not met
[19:54:24.829] [bmv2] [D] [thread 15833] [6.0] [cxt 0] Deparsing header 'ethernet'
[19:54:24.829] [bmv2] [D] [thread 15833] [6.0] [cxt 0] Deparser 'deparser': end
[19:54:24.829] [bmv2] [D] [thread 15833] [7.0] [cxt 0] Pipeline 'egress': start
[19:54:24.829] [bmv2] [T] [thread 15833] [7.0] [cxt 0] /home/p4/Desktop/DDV_protocol/proto_versions/one_attribute/Data_Plane_Impl/p4src/main.p4(252) Condition "standard_metadata.instance_type == 1" (node_41) is false
[19:54:24.829] [bmv2] [D] [thread 15833] [7.0] [cxt 0] Pipeline 'egress': end
[19:54:24.829] [bmv2] [D] [thread 15833] [7.0] [cxt 0] Deparser 'deparser': start
[19:54:24.829] [bmv2] [T] [thread 15833] [7.0] [cxt 0] Skipping checksum 'cksum' update because condition not met
[19:54:24.829] [bmv2] [D] [thread 15833] [7.0] [cxt 0] Deparsing header 'ethernet'
[19:54:24.829] [bmv2] [D] [thread 15833] [7.0] [cxt 0] Deparser 'deparser': end
[19:54:24.829] [bmv2] [D] [thread 15837] [6.0] [cxt 0] Transmitting packet of size 90 out of port 0
[19:54:24.830] [bmv2] [D] [thread 15837] [7.0] [cxt 0] Transmitting packet of size 70 out of port 0
[19:54:24.835] [bmv2] [D] [thread 15832] [8.0] [cxt 0] Processing packet received on port 2
[19:54:24.836] [bmv2] [D] [thread 15832] [8.0] [cxt 0] Parser 'parser': start
[19:54:24.836] [bmv2] [D] [thread 15832] [8.0] [cxt 0] Parser 'parser' entering state 'start'
[19:54:24.836] [bmv2] [D] [thread 15832] [8.0] [cxt 0] Extracting header 'ethernet'
[19:54:24.836] [bmv2] [D] [thread 15832] [8.0] [cxt 0] Parser state 'start': key is 86dd
[19:54:24.836] [bmv2] [T] [thread 15832] [8.0] [cxt 0] Bytes parsed: 14
[19:54:24.836] [bmv2] [D] [thread 15832] [8.0] [cxt 0] Parser 'parser': end
[19:54:24.836] [bmv2] [D] [thread 15832] [8.0] [cxt 0] Pipeline 'ingress': start
[19:54:24.836] [bmv2] [T] [thread 15832] [8.0] [cxt 0] /home/p4/Desktop/DDV_protocol/proto_versions/one_attribute/Data_Plane_Impl/p4src/main.p4(157) Condition "hdr.ipv4.isValid()" (node_2) is false
[19:54:24.836] [bmv2] [D] [thread 15832] [8.0] [cxt 0] Pipeline 'ingress': end
[19:54:24.836] [bmv2] [D] [thread 15832] [8.0] [cxt 0] Egress port is 0
[19:54:24.838] [bmv2] [D] [thread 15833] [8.0] [cxt 0] Pipeline 'egress': start
[19:54:24.838] [bmv2] [T] [thread 15833] [8.0] [cxt 0] /home/p4/Desktop/DDV_protocol/proto_versions/one_attribute/Data_Plane_Impl/p4src/main.p4(252) Condition "standard_metadata.instance_type == 1" (node_41) is false
[19:54:24.838] [bmv2] [D] [thread 15833] [8.0] [cxt 0] Pipeline 'egress': end
[19:54:24.838] [bmv2] [D] [thread 15833] [8.0] [cxt 0] Deparser 'deparser': start
[19:54:24.838] [bmv2] [T] [thread 15833] [8.0] [cxt 0] Skipping checksum 'cksum' update because condition not met
[19:54:24.838] [bmv2] [D] [thread 15833] [8.0] [cxt 0] Deparsing header 'ethernet'
[19:54:24.841] [bmv2] [D] [thread 15833] [8.0] [cxt 0] Deparser 'deparser': end
[19:54:24.842] [bmv2] [D] [thread 15832] [9.0] [cxt 0] Processing packet received on port 3
[19:54:24.842] [bmv2] [D] [thread 15832] [9.0] [cxt 0] Parser 'parser': start
[19:54:24.842] [bmv2] [D] [thread 15832] [9.0] [cxt 0] Parser 'parser' entering state 'start'
[19:54:24.842] [bmv2] [D] [thread 15832] [9.0] [cxt 0] Extracting header 'ethernet'
[19:54:24.842] [bmv2] [D] [thread 15832] [9.0] [cxt 0] Parser state 'start': key is 86dd
[19:54:24.842] [bmv2] [T] [thread 15832] [9.0] [cxt 0] Bytes parsed: 14
[19:54:24.842] [bmv2] [D] [thread 15832] [9.0] [cxt 0] Parser 'parser': end
[19:54:24.842] [bmv2] [D] [thread 15832] [9.0] [cxt 0] Pipeline 'ingress': start
[19:54:24.842] [bmv2] [T] [thread 15832] [9.0] [cxt 0] /home/p4/Desktop/DDV_protocol/proto_versions/one_attribute/Data_Plane_Impl/p4src/main.p4(157) Condition "hdr.ipv4.isValid()" (node_2) is false
[19:54:24.842] [bmv2] [D] [thread 15832] [9.0] [cxt 0] Pipeline 'ingress': end
[19:54:24.842] [bmv2] [D] [thread 15832] [9.0] [cxt 0] Egress port is 0
[19:54:24.842] [bmv2] [D] [thread 15837] [8.0] [cxt 0] Transmitting packet of size 90 out of port 0
[19:54:24.843] [bmv2] [D] [thread 15833] [9.0] [cxt 0] Pipeline 'egress': start
[19:54:24.843] [bmv2] [T] [thread 15833] [9.0] [cxt 0] /home/p4/Desktop/DDV_protocol/proto_versions/one_attribute/Data_Plane_Impl/p4src/main.p4(252) Condition "standard_metadata.instance_type == 1" (node_41) is false
[19:54:24.843] [bmv2] [D] [thread 15833] [9.0] [cxt 0] Pipeline 'egress': end
[19:54:24.843] [bmv2] [D] [thread 15833] [9.0] [cxt 0] Deparser 'deparser': start
[19:54:24.843] [bmv2] [T] [thread 15833] [9.0] [cxt 0] Skipping checksum 'cksum' update because condition not met
[19:54:24.843] [bmv2] [D] [thread 15833] [9.0] [cxt 0] Deparsing header 'ethernet'
[19:54:24.843] [bmv2] [D] [thread 15833] [9.0] [cxt 0] Deparser 'deparser': end
[19:54:24.843] [bmv2] [D] [thread 15837] [9.0] [cxt 0] Transmitting packet of size 208 out of port 0
[19:54:24.886] [bmv2] [D] [thread 15832] [10.0] [cxt 0] Processing packet received on port 3
[19:54:24.886] [bmv2] [D] [thread 15832] [10.0] [cxt 0] Parser 'parser': start
[19:54:24.886] [bmv2] [D] [thread 15832] [10.0] [cxt 0] Parser 'parser' entering state 'start'
[19:54:24.886] [bmv2] [D] [thread 15832] [10.0] [cxt 0] Extracting header 'ethernet'
[19:54:24.886] [bmv2] [D] [thread 15832] [10.0] [cxt 0] Parser state 'start': key is 86dd
[19:54:24.886] [bmv2] [T] [thread 15832] [10.0] [cxt 0] Bytes parsed: 14
[19:54:24.886] [bmv2] [D] [thread 15832] [10.0] [cxt 0] Parser 'parser': end
[19:54:24.886] [bmv2] [D] [thread 15832] [10.0] [cxt 0] Pipeline 'ingress': start
[19:54:24.886] [bmv2] [T] [thread 15832] [10.0] [cxt 0] /home/p4/Desktop/DDV_protocol/proto_versions/one_attribute/Data_Plane_Impl/p4src/main.p4(157) Condition "hdr.ipv4.isValid()" (node_2) is false
[19:54:24.886] [bmv2] [D] [thread 15832] [10.0] [cxt 0] Pipeline 'ingress': end
[19:54:24.886] [bmv2] [D] [thread 15832] [10.0] [cxt 0] Egress port is 0
[19:54:24.886] [bmv2] [D] [thread 15832] [11.0] [cxt 0] Processing packet received on port 3
[19:54:24.886] [bmv2] [D] [thread 15832] [11.0] [cxt 0] Parser 'parser': start
[19:54:24.886] [bmv2] [D] [thread 15832] [11.0] [cxt 0] Parser 'parser' entering state 'start'
[19:54:24.886] [bmv2] [D] [thread 15832] [11.0] [cxt 0] Extracting header 'ethernet'
[19:54:24.886] [bmv2] [D] [thread 15832] [11.0] [cxt 0] Parser state 'start': key is 86dd
[19:54:24.886] [bmv2] [T] [thread 15832] [11.0] [cxt 0] Bytes parsed: 14
[19:54:24.886] [bmv2] [D] [thread 15832] [11.0] [cxt 0] Parser 'parser': end
[19:54:24.886] [bmv2] [D] [thread 15832] [11.0] [cxt 0] Pipeline 'ingress': start
[19:54:24.886] [bmv2] [T] [thread 15832] [11.0] [cxt 0] /home/p4/Desktop/DDV_protocol/proto_versions/one_attribute/Data_Plane_Impl/p4src/main.p4(157) Condition "hdr.ipv4.isValid()" (node_2) is false
[19:54:24.886] [bmv2] [D] [thread 15832] [11.0] [cxt 0] Pipeline 'ingress': end
[19:54:24.886] [bmv2] [D] [thread 15832] [11.0] [cxt 0] Egress port is 0
[19:54:24.887] [bmv2] [D] [thread 15833] [10.0] [cxt 0] Pipeline 'egress': start
[19:54:24.887] [bmv2] [T] [thread 15833] [10.0] [cxt 0] /home/p4/Desktop/DDV_protocol/proto_versions/one_attribute/Data_Plane_Impl/p4src/main.p4(252) Condition "standard_metadata.instance_type == 1" (node_41) is false
[19:54:24.887] [bmv2] [D] [thread 15833] [10.0] [cxt 0] Pipeline 'egress': end
[19:54:24.887] [bmv2] [D] [thread 15833] [10.0] [cxt 0] Deparser 'deparser': start
[19:54:24.887] [bmv2] [T] [thread 15833] [10.0] [cxt 0] Skipping checksum 'cksum' update because condition not met
[19:54:24.887] [bmv2] [D] [thread 15833] [10.0] [cxt 0] Deparsing header 'ethernet'
[19:54:24.887] [bmv2] [D] [thread 15833] [10.0] [cxt 0] Deparser 'deparser': end
[19:54:24.887] [bmv2] [D] [thread 15833] [11.0] [cxt 0] Pipeline 'egress': start
[19:54:24.887] [bmv2] [T] [thread 15833] [11.0] [cxt 0] /home/p4/Desktop/DDV_protocol/proto_versions/one_attribute/Data_Plane_Impl/p4src/main.p4(252) Condition "standard_metadata.instance_type == 1" (node_41) is false
[19:54:24.887] [bmv2] [D] [thread 15833] [11.0] [cxt 0] Pipeline 'egress': end
[19:54:24.887] [bmv2] [D] [thread 15833] [11.0] [cxt 0] Deparser 'deparser': start
[19:54:24.887] [bmv2] [T] [thread 15833] [11.0] [cxt 0] Skipping checksum 'cksum' update because condition not met
[19:54:24.887] [bmv2] [D] [thread 15833] [11.0] [cxt 0] Deparsing header 'ethernet'
[19:54:24.887] [bmv2] [D] [thread 15833] [11.0] [cxt 0] Deparser 'deparser': end
[19:54:24.889] [bmv2] [D] [thread 15837] [10.0] [cxt 0] Transmitting packet of size 90 out of port 0
[19:54:24.889] [bmv2] [D] [thread 15837] [11.0] [cxt 0] Transmitting packet of size 70 out of port 0
[19:54:24.899] [bmv2] [D] [thread 15832] [12.0] [cxt 0] Processing packet received on port 3
[19:54:24.899] [bmv2] [D] [thread 15832] [12.0] [cxt 0] Parser 'parser': start
[19:54:24.899] [bmv2] [D] [thread 15832] [12.0] [cxt 0] Parser 'parser' entering state 'start'
[19:54:24.899] [bmv2] [D] [thread 15832] [12.0] [cxt 0] Extracting header 'ethernet'
[19:54:24.899] [bmv2] [D] [thread 15832] [12.0] [cxt 0] Parser state 'start': key is 86dd
[19:54:24.899] [bmv2] [T] [thread 15832] [12.0] [cxt 0] Bytes parsed: 14
[19:54:24.899] [bmv2] [D] [thread 15832] [12.0] [cxt 0] Parser 'parser': end
[19:54:24.899] [bmv2] [D] [thread 15832] [12.0] [cxt 0] Pipeline 'ingress': start
[19:54:24.899] [bmv2] [T] [thread 15832] [12.0] [cxt 0] /home/p4/Desktop/DDV_protocol/proto_versions/one_attribute/Data_Plane_Impl/p4src/main.p4(157) Condition "hdr.ipv4.isValid()" (node_2) is false
[19:54:24.899] [bmv2] [D] [thread 15832] [12.0] [cxt 0] Pipeline 'ingress': end
[19:54:24.899] [bmv2] [D] [thread 15832] [12.0] [cxt 0] Egress port is 0
[19:54:24.900] [bmv2] [D] [thread 15833] [12.0] [cxt 0] Pipeline 'egress': start
[19:54:24.900] [bmv2] [T] [thread 15833] [12.0] [cxt 0] /home/p4/Desktop/DDV_protocol/proto_versions/one_attribute/Data_Plane_Impl/p4src/main.p4(252) Condition "standard_metadata.instance_type == 1" (node_41) is false
[19:54:24.900] [bmv2] [D] [thread 15833] [12.0] [cxt 0] Pipeline 'egress': end
[19:54:24.900] [bmv2] [D] [thread 15833] [12.0] [cxt 0] Deparser 'deparser': start
[19:54:24.900] [bmv2] [T] [thread 15833] [12.0] [cxt 0] Skipping checksum 'cksum' update because condition not met
[19:54:24.900] [bmv2] [D] [thread 15833] [12.0] [cxt 0] Deparsing header 'ethernet'
[19:54:24.900] [bmv2] [D] [thread 15833] [12.0] [cxt 0] Deparser 'deparser': end
[19:54:24.900] [bmv2] [D] [thread 15837] [12.0] [cxt 0] Transmitting packet of size 90 out of port 0
[19:54:24.947] [bmv2] [D] [thread 15832] [13.0] [cxt 0] Processing packet received on port 3
[19:54:24.947] [bmv2] [D] [thread 15832] [13.0] [cxt 0] Parser 'parser': start
[19:54:24.947] [bmv2] [D] [thread 15832] [13.0] [cxt 0] Parser 'parser' entering state 'start'
[19:54:24.947] [bmv2] [D] [thread 15832] [13.0] [cxt 0] Extracting header 'ethernet'
[19:54:24.947] [bmv2] [D] [thread 15832] [13.0] [cxt 0] Parser state 'start': key is 86dd
[19:54:24.948] [bmv2] [T] [thread 15832] [13.0] [cxt 0] Bytes parsed: 14
[19:54:24.948] [bmv2] [D] [thread 15832] [13.0] [cxt 0] Parser 'parser': end
[19:54:24.948] [bmv2] [D] [thread 15832] [13.0] [cxt 0] Pipeline 'ingress': start
[19:54:24.948] [bmv2] [T] [thread 15832] [13.0] [cxt 0] /home/p4/Desktop/DDV_protocol/proto_versions/one_attribute/Data_Plane_Impl/p4src/main.p4(157) Condition "hdr.ipv4.isValid()" (node_2) is false
[19:54:24.948] [bmv2] [D] [thread 15832] [13.0] [cxt 0] Pipeline 'ingress': end
[19:54:24.948] [bmv2] [D] [thread 15832] [13.0] [cxt 0] Egress port is 0
[19:54:24.948] [bmv2] [D] [thread 15833] [13.0] [cxt 0] Pipeline 'egress': start
[19:54:24.948] [bmv2] [T] [thread 15833] [13.0] [cxt 0] /home/p4/Desktop/DDV_protocol/proto_versions/one_attribute/Data_Plane_Impl/p4src/main.p4(252) Condition "standard_metadata.instance_type == 1" (node_41) is false
[19:54:24.948] [bmv2] [D] [thread 15833] [13.0] [cxt 0] Pipeline 'egress': end
[19:54:24.948] [bmv2] [D] [thread 15833] [13.0] [cxt 0] Deparser 'deparser': start
[19:54:24.948] [bmv2] [T] [thread 15833] [13.0] [cxt 0] Skipping checksum 'cksum' update because condition not met
[19:54:24.948] [bmv2] [D] [thread 15833] [13.0] [cxt 0] Deparsing header 'ethernet'
[19:54:24.948] [bmv2] [D] [thread 15833] [13.0] [cxt 0] Deparser 'deparser': end
[19:54:24.948] [bmv2] [D] [thread 15837] [13.0] [cxt 0] Transmitting packet of size 110 out of port 0
[19:54:24.983] [bmv2] [D] [thread 15832] [14.0] [cxt 0] Processing packet received on port 5
[19:54:24.983] [bmv2] [D] [thread 15832] [14.0] [cxt 0] Parser 'parser': start
[19:54:24.983] [bmv2] [D] [thread 15832] [14.0] [cxt 0] Parser 'parser' entering state 'start'
[19:54:24.983] [bmv2] [D] [thread 15832] [14.0] [cxt 0] Extracting header 'ethernet'
[19:54:24.983] [bmv2] [D] [thread 15832] [14.0] [cxt 0] Parser state 'start': key is 86dd
[19:54:24.983] [bmv2] [T] [thread 15832] [14.0] [cxt 0] Bytes parsed: 14
[19:54:24.983] [bmv2] [D] [thread 15832] [14.0] [cxt 0] Parser 'parser': end
[19:54:24.983] [bmv2] [D] [thread 15832] [14.0] [cxt 0] Pipeline 'ingress': start
[19:54:24.983] [bmv2] [T] [thread 15832] [14.0] [cxt 0] /home/p4/Desktop/DDV_protocol/proto_versions/one_attribute/Data_Plane_Impl/p4src/main.p4(157) Condition "hdr.ipv4.isValid()" (node_2) is false
[19:54:24.983] [bmv2] [D] [thread 15832] [14.0] [cxt 0] Pipeline 'ingress': end
[19:54:24.983] [bmv2] [D] [thread 15832] [14.0] [cxt 0] Egress port is 0
[19:54:24.984] [bmv2] [D] [thread 15832] [15.0] [cxt 0] Processing packet received on port 5
[19:54:24.984] [bmv2] [D] [thread 15832] [15.0] [cxt 0] Parser 'parser': start
[19:54:24.984] [bmv2] [D] [thread 15832] [15.0] [cxt 0] Parser 'parser' entering state 'start'
[19:54:24.984] [bmv2] [D] [thread 15832] [15.0] [cxt 0] Extracting header 'ethernet'
[19:54:24.984] [bmv2] [D] [thread 15832] [15.0] [cxt 0] Parser state 'start': key is 86dd
[19:54:24.984] [bmv2] [T] [thread 15832] [15.0] [cxt 0] Bytes parsed: 14
[19:54:24.984] [bmv2] [D] [thread 15832] [15.0] [cxt 0] Parser 'parser': end
[19:54:24.984] [bmv2] [D] [thread 15832] [15.0] [cxt 0] Pipeline 'ingress': start
[19:54:24.984] [bmv2] [T] [thread 15832] [15.0] [cxt 0] /home/p4/Desktop/DDV_protocol/proto_versions/one_attribute/Data_Plane_Impl/p4src/main.p4(157) Condition "hdr.ipv4.isValid()" (node_2) is false
[19:54:24.984] [bmv2] [D] [thread 15832] [15.0] [cxt 0] Pipeline 'ingress': end
[19:54:24.984] [bmv2] [D] [thread 15832] [15.0] [cxt 0] Egress port is 0
[19:54:24.984] [bmv2] [D] [thread 15833] [14.0] [cxt 0] Pipeline 'egress': start
[19:54:24.984] [bmv2] [T] [thread 15833] [14.0] [cxt 0] /home/p4/Desktop/DDV_protocol/proto_versions/one_attribute/Data_Plane_Impl/p4src/main.p4(252) Condition "standard_metadata.instance_type == 1" (node_41) is false
[19:54:24.984] [bmv2] [D] [thread 15833] [14.0] [cxt 0] Pipeline 'egress': end
[19:54:24.984] [bmv2] [D] [thread 15833] [14.0] [cxt 0] Deparser 'deparser': start
[19:54:24.985] [bmv2] [T] [thread 15833] [14.0] [cxt 0] Skipping checksum 'cksum' update because condition not met
[19:54:24.985] [bmv2] [D] [thread 15833] [14.0] [cxt 0] Deparsing header 'ethernet'
[19:54:24.985] [bmv2] [D] [thread 15833] [14.0] [cxt 0] Deparser 'deparser': end
[19:54:24.985] [bmv2] [D] [thread 15833] [15.0] [cxt 0] Pipeline 'egress': start
[19:54:24.985] [bmv2] [T] [thread 15833] [15.0] [cxt 0] /home/p4/Desktop/DDV_protocol/proto_versions/one_attribute/Data_Plane_Impl/p4src/main.p4(252) Condition "standard_metadata.instance_type == 1" (node_41) is false
[19:54:24.985] [bmv2] [D] [thread 15833] [15.0] [cxt 0] Pipeline 'egress': end
[19:54:24.985] [bmv2] [D] [thread 15833] [15.0] [cxt 0] Deparser 'deparser': start
[19:54:24.985] [bmv2] [T] [thread 15833] [15.0] [cxt 0] Skipping checksum 'cksum' update because condition not met
[19:54:24.985] [bmv2] [D] [thread 15833] [15.0] [cxt 0] Deparsing header 'ethernet'
[19:54:24.985] [bmv2] [D] [thread 15833] [15.0] [cxt 0] Deparser 'deparser': end
[19:54:24.992] [bmv2] [D] [thread 15837] [14.0] [cxt 0] Transmitting packet of size 90 out of port 0
[19:54:24.992] [bmv2] [D] [thread 15837] [15.0] [cxt 0] Transmitting packet of size 70 out of port 0
[19:54:24.996] [bmv2] [D] [thread 15832] [16.0] [cxt 0] Processing packet received on port 5
[19:54:24.996] [bmv2] [D] [thread 15832] [16.0] [cxt 0] Parser 'parser': start
[19:54:24.996] [bmv2] [D] [thread 15832] [16.0] [cxt 0] Parser 'parser' entering state 'start'
[19:54:24.996] [bmv2] [D] [thread 15832] [16.0] [cxt 0] Extracting header 'ethernet'
[19:54:24.996] [bmv2] [D] [thread 15832] [16.0] [cxt 0] Parser state 'start': key is 86dd
[19:54:24.996] [bmv2] [T] [thread 15832] [16.0] [cxt 0] Bytes parsed: 14
[19:54:24.996] [bmv2] [D] [thread 15832] [16.0] [cxt 0] Parser 'parser': end
[19:54:24.996] [bmv2] [D] [thread 15832] [16.0] [cxt 0] Pipeline 'ingress': start
[19:54:24.996] [bmv2] [T] [thread 15832] [16.0] [cxt 0] /home/p4/Desktop/DDV_protocol/proto_versions/one_attribute/Data_Plane_Impl/p4src/main.p4(157) Condition "hdr.ipv4.isValid()" (node_2) is false
[19:54:24.996] [bmv2] [D] [thread 15832] [16.0] [cxt 0] Pipeline 'ingress': end
[19:54:24.996] [bmv2] [D] [thread 15832] [16.0] [cxt 0] Egress port is 0
[19:54:24.996] [bmv2] [D] [thread 15833] [16.0] [cxt 0] Pipeline 'egress': start
[19:54:24.996] [bmv2] [T] [thread 15833] [16.0] [cxt 0] /home/p4/Desktop/DDV_protocol/proto_versions/one_attribute/Data_Plane_Impl/p4src/main.p4(252) Condition "standard_metadata.instance_type == 1" (node_41) is false
[19:54:24.996] [bmv2] [D] [thread 15833] [16.0] [cxt 0] Pipeline 'egress': end
[19:54:24.996] [bmv2] [D] [thread 15833] [16.0] [cxt 0] Deparser 'deparser': start
[19:54:24.996] [bmv2] [T] [thread 15833] [16.0] [cxt 0] Skipping checksum 'cksum' update because condition not met
[19:54:24.996] [bmv2] [D] [thread 15833] [16.0] [cxt 0] Deparsing header 'ethernet'
[19:54:24.996] [bmv2] [D] [thread 15833] [16.0] [cxt 0] Deparser 'deparser': end
[19:54:24.996] [bmv2] [D] [thread 15837] [16.0] [cxt 0] Transmitting packet of size 90 out of port 0
[19:54:25.021] [bmv2] [D] [thread 15832] [17.0] [cxt 0] Processing packet received on port 4
[19:54:25.021] [bmv2] [D] [thread 15832] [17.0] [cxt 0] Parser 'parser': start
[19:54:25.021] [bmv2] [D] [thread 15832] [17.0] [cxt 0] Parser 'parser' entering state 'start'
[19:54:25.021] [bmv2] [D] [thread 15832] [17.0] [cxt 0] Extracting header 'ethernet'
[19:54:25.021] [bmv2] [D] [thread 15832] [17.0] [cxt 0] Parser state 'start': key is 86dd
[19:54:25.021] [bmv2] [T] [thread 15832] [17.0] [cxt 0] Bytes parsed: 14
[19:54:25.021] [bmv2] [D] [thread 15832] [17.0] [cxt 0] Parser 'parser': end
[19:54:25.021] [bmv2] [D] [thread 15832] [17.0] [cxt 0] Pipeline 'ingress': start
[19:54:25.021] [bmv2] [T] [thread 15832] [17.0] [cxt 0] /home/p4/Desktop/DDV_protocol/proto_versions/one_attribute/Data_Plane_Impl/p4src/main.p4(157) Condition "hdr.ipv4.isValid()" (node_2) is false
[19:54:25.021] [bmv2] [D] [thread 15832] [17.0] [cxt 0] Pipeline 'ingress': end
[19:54:25.021] [bmv2] [D] [thread 15832] [17.0] [cxt 0] Egress port is 0
[19:54:25.021] [bmv2] [D] [thread 15832] [18.0] [cxt 0] Processing packet received on port 4
[19:54:25.021] [bmv2] [D] [thread 15832] [18.0] [cxt 0] Parser 'parser': start
[19:54:25.021] [bmv2] [D] [thread 15832] [18.0] [cxt 0] Parser 'parser' entering state 'start'
[19:54:25.021] [bmv2] [D] [thread 15832] [18.0] [cxt 0] Extracting header 'ethernet'
[19:54:25.021] [bmv2] [D] [thread 15832] [18.0] [cxt 0] Parser state 'start': key is 86dd
[19:54:25.021] [bmv2] [T] [thread 15832] [18.0] [cxt 0] Bytes parsed: 14
[19:54:25.021] [bmv2] [D] [thread 15832] [18.0] [cxt 0] Parser 'parser': end
[19:54:25.021] [bmv2] [D] [thread 15832] [18.0] [cxt 0] Pipeline 'ingress': start
[19:54:25.022] [bmv2] [T] [thread 15832] [18.0] [cxt 0] /home/p4/Desktop/DDV_protocol/proto_versions/one_attribute/Data_Plane_Impl/p4src/main.p4(157) Condition "hdr.ipv4.isValid()" (node_2) is false
[19:54:25.022] [bmv2] [D] [thread 15832] [18.0] [cxt 0] Pipeline 'ingress': end
[19:54:25.022] [bmv2] [D] [thread 15832] [18.0] [cxt 0] Egress port is 0
[19:54:25.022] [bmv2] [D] [thread 15833] [17.0] [cxt 0] Pipeline 'egress': start
[19:54:25.023] [bmv2] [T] [thread 15833] [17.0] [cxt 0] /home/p4/Desktop/DDV_protocol/proto_versions/one_attribute/Data_Plane_Impl/p4src/main.p4(252) Condition "standard_metadata.instance_type == 1" (node_41) is false
[19:54:25.023] [bmv2] [D] [thread 15833] [17.0] [cxt 0] Pipeline 'egress': end
[19:54:25.023] [bmv2] [D] [thread 15833] [17.0] [cxt 0] Deparser 'deparser': start
[19:54:25.023] [bmv2] [T] [thread 15833] [17.0] [cxt 0] Skipping checksum 'cksum' update because condition not met
[19:54:25.023] [bmv2] [D] [thread 15833] [17.0] [cxt 0] Deparsing header 'ethernet'
[19:54:25.023] [bmv2] [D] [thread 15833] [17.0] [cxt 0] Deparser 'deparser': end
[19:54:25.023] [bmv2] [D] [thread 15833] [18.0] [cxt 0] Pipeline 'egress': start
[19:54:25.023] [bmv2] [T] [thread 15833] [18.0] [cxt 0] /home/p4/Desktop/DDV_protocol/proto_versions/one_attribute/Data_Plane_Impl/p4src/main.p4(252) Condition "standard_metadata.instance_type == 1" (node_41) is false
[19:54:25.023] [bmv2] [D] [thread 15833] [18.0] [cxt 0] Pipeline 'egress': end
[19:54:25.023] [bmv2] [D] [thread 15833] [18.0] [cxt 0] Deparser 'deparser': start
[19:54:25.023] [bmv2] [T] [thread 15833] [18.0] [cxt 0] Skipping checksum 'cksum' update because condition not met
[19:54:25.023] [bmv2] [D] [thread 15833] [18.0] [cxt 0] Deparsing header 'ethernet'
[19:54:25.023] [bmv2] [D] [thread 15833] [18.0] [cxt 0] Deparser 'deparser': end
[19:54:25.023] [bmv2] [D] [thread 15837] [17.0] [cxt 0] Transmitting packet of size 90 out of port 0
[19:54:25.023] [bmv2] [D] [thread 15837] [18.0] [cxt 0] Transmitting packet of size 70 out of port 0
[19:54:25.032] [bmv2] [D] [thread 15832] [19.0] [cxt 0] Processing packet received on port 4
[19:54:25.032] [bmv2] [D] [thread 15832] [19.0] [cxt 0] Parser 'parser': start
[19:54:25.032] [bmv2] [D] [thread 15832] [19.0] [cxt 0] Parser 'parser' entering state 'start'
[19:54:25.032] [bmv2] [D] [thread 15832] [19.0] [cxt 0] Extracting header 'ethernet'
[19:54:25.032] [bmv2] [D] [thread 15832] [19.0] [cxt 0] Parser state 'start': key is 86dd
[19:54:25.032] [bmv2] [T] [thread 15832] [19.0] [cxt 0] Bytes parsed: 14
[19:54:25.032] [bmv2] [D] [thread 15832] [19.0] [cxt 0] Parser 'parser': end
[19:54:25.032] [bmv2] [D] [thread 15832] [19.0] [cxt 0] Pipeline 'ingress': start
[19:54:25.032] [bmv2] [T] [thread 15832] [19.0] [cxt 0] /home/p4/Desktop/DDV_protocol/proto_versions/one_attribute/Data_Plane_Impl/p4src/main.p4(157) Condition "hdr.ipv4.isValid()" (node_2) is false
[19:54:25.032] [bmv2] [D] [thread 15832] [19.0] [cxt 0] Pipeline 'ingress': end
[19:54:25.032] [bmv2] [D] [thread 15832] [19.0] [cxt 0] Egress port is 0
[19:54:25.033] [bmv2] [D] [thread 15833] [19.0] [cxt 0] Pipeline 'egress': start
[19:54:25.033] [bmv2] [T] [thread 15833] [19.0] [cxt 0] /home/p4/Desktop/DDV_protocol/proto_versions/one_attribute/Data_Plane_Impl/p4src/main.p4(252) Condition "standard_metadata.instance_type == 1" (node_41) is false
[19:54:25.033] [bmv2] [D] [thread 15833] [19.0] [cxt 0] Pipeline 'egress': end
[19:54:25.033] [bmv2] [D] [thread 15833] [19.0] [cxt 0] Deparser 'deparser': start
[19:54:25.033] [bmv2] [T] [thread 15833] [19.0] [cxt 0] Skipping checksum 'cksum' update because condition not met
[19:54:25.033] [bmv2] [D] [thread 15833] [19.0] [cxt 0] Deparsing header 'ethernet'
[19:54:25.033] [bmv2] [D] [thread 15833] [19.0] [cxt 0] Deparser 'deparser': end
[19:54:25.033] [bmv2] [D] [thread 15837] [19.0] [cxt 0] Transmitting packet of size 90 out of port 0
[19:54:25.082] [bmv2] [D] [thread 15832] [20.0] [cxt 0] Processing packet received on port 5
[19:54:25.082] [bmv2] [D] [thread 15832] [20.0] [cxt 0] Parser 'parser': start
[19:54:25.082] [bmv2] [D] [thread 15832] [20.0] [cxt 0] Parser 'parser' entering state 'start'
[19:54:25.082] [bmv2] [D] [thread 15832] [20.0] [cxt 0] Extracting header 'ethernet'
[19:54:25.082] [bmv2] [D] [thread 15832] [20.0] [cxt 0] Parser state 'start': key is 86dd
[19:54:25.082] [bmv2] [T] [thread 15832] [20.0] [cxt 0] Bytes parsed: 14
[19:54:25.082] [bmv2] [D] [thread 15832] [20.0] [cxt 0] Parser 'parser': end
[19:54:25.082] [bmv2] [D] [thread 15832] [20.0] [cxt 0] Pipeline 'ingress': start
[19:54:25.082] [bmv2] [T] [thread 15832] [20.0] [cxt 0] /home/p4/Desktop/DDV_protocol/proto_versions/one_attribute/Data_Plane_Impl/p4src/main.p4(157) Condition "hdr.ipv4.isValid()" (node_2) is false
[19:54:25.082] [bmv2] [D] [thread 15832] [20.0] [cxt 0] Pipeline 'ingress': end
[19:54:25.082] [bmv2] [D] [thread 15832] [20.0] [cxt 0] Egress port is 0
[19:54:25.083] [bmv2] [D] [thread 15833] [20.0] [cxt 0] Pipeline 'egress': start
[19:54:25.083] [bmv2] [T] [thread 15833] [20.0] [cxt 0] /home/p4/Desktop/DDV_protocol/proto_versions/one_attribute/Data_Plane_Impl/p4src/main.p4(252) Condition "standard_metadata.instance_type == 1" (node_41) is false
[19:54:25.084] [bmv2] [D] [thread 15833] [20.0] [cxt 0] Pipeline 'egress': end
[19:54:25.084] [bmv2] [D] [thread 15833] [20.0] [cxt 0] Deparser 'deparser': start
[19:54:25.084] [bmv2] [T] [thread 15833] [20.0] [cxt 0] Skipping checksum 'cksum' update because condition not met
[19:54:25.084] [bmv2] [D] [thread 15833] [20.0] [cxt 0] Deparsing header 'ethernet'
[19:54:25.084] [bmv2] [D] [thread 15833] [20.0] [cxt 0] Deparser 'deparser': end
[19:54:25.084] [bmv2] [D] [thread 15837] [20.0] [cxt 0] Transmitting packet of size 107 out of port 0
[19:54:30.290] [bmv2] [D] [thread 16053] Set default default entry for table 'MyIngress.ipv4_lpm': MyIngress.drop - 
[19:54:30.290] [bmv2] [D] [thread 16053] Set default default entry for table 'tbl_get_registers_index': MyIngress.get_registers_index - 
[19:54:30.290] [bmv2] [D] [thread 16053] Set default default entry for table 'MyIngress.check_destination_known': MyIngress.elect_attribute - 
[19:54:30.291] [bmv2] [D] [thread 16053] Set default default entry for table 'tbl_main168': main168 - 
[19:54:30.291] [bmv2] [D] [thread 16053] Set default default entry for table 'tbl_update_table': MyIngress.update_table - 
[19:54:30.291] [bmv2] [D] [thread 16053] Set default default entry for table 'tbl_elect_attribute': MyIngress.elect_attribute - 
[19:54:30.291] [bmv2] [D] [thread 16053] Set default default entry for table 'MyIngress.broadcast_elected_attr': MyIngress.drop - 
[19:54:30.291] [bmv2] [D] [thread 16053] Set default default entry for table 'tbl_elect_attribute_0': MyIngress.elect_attribute - 
[19:54:30.291] [bmv2] [D] [thread 16053] Set default default entry for table 'tbl_elect_promise': MyIngress.elect_promise - 
[19:54:30.291] [bmv2] [D] [thread 16053] Set default default entry for table 'tbl_elect_attribute_1': MyIngress.elect_attribute - 
[19:54:30.291] [bmv2] [D] [thread 16053] Set default default entry for table 'tbl_update_table_0': MyIngress.update_table - 
[19:54:30.291] [bmv2] [D] [thread 16053] Set default default entry for table 'tbl_change_promise': MyIngress.change_promise - 
[19:54:30.291] [bmv2] [D] [thread 16053] Set default default entry for table 'tbl_elect_attribute_2': MyIngress.elect_attribute - 
[19:54:30.291] [bmv2] [D] [thread 16053] Set default default entry for table 'tbl_update_table_1': MyIngress.update_table - 
[19:54:30.291] [bmv2] [D] [thread 16053] Set default default entry for table 'tbl_change_promise_0': MyIngress.change_promise - 
[19:54:30.291] [bmv2] [D] [thread 16053] Set default default entry for table 'tbl_elect_attribute_3': MyIngress.elect_attribute - 
[19:54:30.291] [bmv2] [D] [thread 16053] Set default default entry for table 'tbl_update_table_2': MyIngress.update_table - 
[19:54:30.291] [bmv2] [D] [thread 16053] Set default default entry for table 'tbl_change_promise_1': MyIngress.change_promise - 
[19:54:30.292] [bmv2] [D] [thread 16053] Set default default entry for table 'tbl_main253': main253 - 
[19:54:30.292] [bmv2] [D] [thread 16053] Set default default entry for table 'tbl_main258': main258 - 
[19:54:30.292] [bmv2] [D] [thread 16053] Set default default entry for table 'tbl_main261': main261 - 
[19:54:30.292] [bmv2] [D] [thread 16053] Set default default entry for table 'tbl_main263': main263 - 
[19:54:30.350] [bmv2] [D] [thread 16053] simple_switch target has been notified of a config swap
[19:54:30.404] [bmv2] [D] [thread 16053] Set default default entry for table 'MyIngress.ipv4_lpm': MyIngress.drop - 
[19:54:30.405] [bmv2] [D] [thread 16053] Set default default entry for table 'tbl_get_registers_index': MyIngress.get_registers_index - 
[19:54:30.405] [bmv2] [D] [thread 16053] Set default default entry for table 'MyIngress.check_destination_known': MyIngress.elect_attribute - 
[19:54:30.406] [bmv2] [D] [thread 16053] Set default default entry for table 'tbl_main168': main168 - 
[19:54:30.407] [bmv2] [D] [thread 16053] Set default default entry for table 'tbl_update_table': MyIngress.update_table - 
[19:54:30.407] [bmv2] [D] [thread 16053] Set default default entry for table 'tbl_elect_attribute': MyIngress.elect_attribute - 
[19:54:30.407] [bmv2] [D] [thread 16053] Set default default entry for table 'MyIngress.broadcast_elected_attr': MyIngress.drop - 
[19:54:30.407] [bmv2] [D] [thread 16053] Set default default entry for table 'tbl_elect_attribute_0': MyIngress.elect_attribute - 
[19:54:30.407] [bmv2] [D] [thread 16053] Set default default entry for table 'tbl_elect_promise': MyIngress.elect_promise - 
[19:54:30.407] [bmv2] [D] [thread 16053] Set default default entry for table 'tbl_elect_attribute_1': MyIngress.elect_attribute - 
[19:54:30.407] [bmv2] [D] [thread 16053] Set default default entry for table 'tbl_update_table_0': MyIngress.update_table - 
[19:54:30.407] [bmv2] [D] [thread 16053] Set default default entry for table 'tbl_change_promise': MyIngress.change_promise - 
[19:54:30.407] [bmv2] [D] [thread 16053] Set default default entry for table 'tbl_elect_attribute_2': MyIngress.elect_attribute - 
[19:54:30.407] [bmv2] [D] [thread 16053] Set default default entry for table 'tbl_update_table_1': MyIngress.update_table - 
[19:54:30.407] [bmv2] [D] [thread 16053] Set default default entry for table 'tbl_change_promise_0': MyIngress.change_promise - 
[19:54:30.407] [bmv2] [D] [thread 16053] Set default default entry for table 'tbl_elect_attribute_3': MyIngress.elect_attribute - 
[19:54:30.408] [bmv2] [D] [thread 16053] Set default default entry for table 'tbl_update_table_2': MyIngress.update_table - 
[19:54:30.408] [bmv2] [D] [thread 16053] Set default default entry for table 'tbl_change_promise_1': MyIngress.change_promise - 
[19:54:30.409] [bmv2] [D] [thread 16053] Set default default entry for table 'tbl_main253': main253 - 
[19:54:30.409] [bmv2] [D] [thread 16053] Set default default entry for table 'tbl_main258': main258 - 
[19:54:30.409] [bmv2] [D] [thread 16053] Set default default entry for table 'tbl_main261': main261 - 
[19:54:30.409] [bmv2] [D] [thread 16053] Set default default entry for table 'tbl_main263': main263 - 
[19:54:30.418] [bmv2] [D] [thread 16053] simple_switch target has been notified of a config swap
[19:54:30.427] [bmv2] [T] [thread 16081] bm_get_config
[19:54:30.430] [bmv2] [T] [thread 16081] bm_mt_get_entries
[19:54:30.431] [bmv2] [T] [thread 16081] bm_mt_get_entries
[19:54:30.431] [bmv2] [T] [thread 16081] bm_mt_get_entries
[19:54:30.432] [bmv2] [T] [thread 16081] bm_reset_state
[19:54:30.442] [bmv2] [D] [thread 16081] Resetting simple_switch target-specific state
[19:54:30.443] [bmv2] [D] [thread 16081] resetting PRE state
[19:54:30.447] [bmv2] [D] [thread 16053] mgrp node created for mgid 2
[19:54:30.447] [bmv2] [D] [thread 16053] node created for rid 0
[19:54:30.448] [bmv2] [D] [thread 16053] node associated with mgid 2
[19:54:30.451] [bmv2] [D] [thread 16078] Entry 0 added to table 'MyIngress.broadcast_elected_attr'
[19:54:30.451] [bmv2] [D] [thread 16078] Dumping entry 0
Match key:
* meta.E_NH           : EXACT     0002
Action entry: MyIngress.set_mcast_grp - 2,

[19:54:30.453] [bmv2] [D] [thread 16053] mgrp node created for mgid 3
[19:54:30.453] [bmv2] [D] [thread 16053] node created for rid 0
[19:54:30.453] [bmv2] [D] [thread 16053] node associated with mgid 3
[19:54:30.462] [bmv2] [D] [thread 16078] Entry 1 added to table 'MyIngress.broadcast_elected_attr'
[19:54:30.463] [bmv2] [D] [thread 16078] Dumping entry 1
Match key:
* meta.E_NH           : EXACT     0003
Action entry: MyIngress.set_mcast_grp - 3,

[19:54:30.465] [bmv2] [D] [thread 16053] mgrp node created for mgid 4
[19:54:30.465] [bmv2] [D] [thread 16053] node created for rid 0
[19:54:30.465] [bmv2] [D] [thread 16053] node associated with mgid 4
[19:54:30.469] [bmv2] [D] [thread 16078] Entry 2 added to table 'MyIngress.broadcast_elected_attr'
[19:54:30.469] [bmv2] [D] [thread 16078] Dumping entry 2
Match key:
* meta.E_NH           : EXACT     0004
Action entry: MyIngress.set_mcast_grp - 4,

[19:54:30.472] [bmv2] [D] [thread 16053] mgrp node created for mgid 5
[19:54:30.472] [bmv2] [D] [thread 16053] node created for rid 0
[19:54:30.472] [bmv2] [D] [thread 16053] node associated with mgid 5
[19:54:30.477] [bmv2] [D] [thread 16053] Entry 3 added to table 'MyIngress.broadcast_elected_attr'
[19:54:30.477] [bmv2] [D] [thread 16053] Dumping entry 3
Match key:
* meta.E_NH           : EXACT     0005
Action entry: MyIngress.set_mcast_grp - 5,

[19:54:30.482] [bmv2] [D] [thread 16053] Entry 0 added to table 'MyIngress.ipv4_lpm'
[19:54:30.482] [bmv2] [D] [thread 16053] Dumping entry 0
Match key:
* hdr.ipv4.dstAddr    : LPM       0a000404/32
Action entry: MyIngress.ipv4_forward - a000404,1,

[19:54:30.486] [bmv2] [D] [thread 16078] Entry 0 added to table 'MyIngress.check_destination_known'
[19:54:30.486] [bmv2] [D] [thread 16078] Dumping entry 0
Match key:
* hdr.probe.destination: LPM       0a000404/32
Action entry: MyIngress.get_registers_info - 

[19:54:30.488] [bmv2] [D] [thread 16053] mgrp node created for mgid 32868
[19:54:30.488] [bmv2] [D] [thread 16053] node created for rid 0
[19:54:30.488] [bmv2] [D] [thread 16053] node associated with mgid 32868
open: No such file or directory
open: No such file or directory
open: No such file or directory
open: No such file or directory
open: No such file or directory
open: No such file or directory
