Warning: you requested the nanomsg event logger, but bmv2 was compiled without -DBMELOG, and the event logger cannot be activated
Calling target program-options parser
[19:54:24.130] [bmv2] [D] [thread 15802] Set default default entry for table 'MyIngress.ipv4_lpm': MyIngress.drop - 
[19:54:24.130] [bmv2] [D] [thread 15802] Set default default entry for table 'tbl_get_registers_index': MyIngress.get_registers_index - 
[19:54:24.131] [bmv2] [D] [thread 15802] Set default default entry for table 'MyIngress.check_destination_known': MyIngress.elect_attribute - 
[19:54:24.131] [bmv2] [D] [thread 15802] Set default default entry for table 'tbl_main168': main168 - 
[19:54:24.131] [bmv2] [D] [thread 15802] Set default default entry for table 'tbl_update_table': MyIngress.update_table - 
[19:54:24.131] [bmv2] [D] [thread 15802] Set default default entry for table 'tbl_elect_attribute': MyIngress.elect_attribute - 
[19:54:24.131] [bmv2] [D] [thread 15802] Set default default entry for table 'MyIngress.broadcast_elected_attr': MyIngress.drop - 
[19:54:24.131] [bmv2] [D] [thread 15802] Set default default entry for table 'tbl_elect_attribute_0': MyIngress.elect_attribute - 
[19:54:24.131] [bmv2] [D] [thread 15802] Set default default entry for table 'tbl_elect_promise': MyIngress.elect_promise - 
[19:54:24.131] [bmv2] [D] [thread 15802] Set default default entry for table 'tbl_elect_attribute_1': MyIngress.elect_attribute - 
[19:54:24.131] [bmv2] [D] [thread 15802] Set default default entry for table 'tbl_update_table_0': MyIngress.update_table - 
[19:54:24.131] [bmv2] [D] [thread 15802] Set default default entry for table 'tbl_change_promise': MyIngress.change_promise - 
[19:54:24.131] [bmv2] [D] [thread 15802] Set default default entry for table 'tbl_elect_attribute_2': MyIngress.elect_attribute - 
[19:54:24.131] [bmv2] [D] [thread 15802] Set default default entry for table 'tbl_update_table_1': MyIngress.update_table - 
[19:54:24.132] [bmv2] [D] [thread 15802] Set default default entry for table 'tbl_change_promise_0': MyIngress.change_promise - 
[19:54:24.132] [bmv2] [D] [thread 15802] Set default default entry for table 'tbl_elect_attribute_3': MyIngress.elect_attribute - 
[19:54:24.132] [bmv2] [D] [thread 15802] Set default default entry for table 'tbl_update_table_2': MyIngress.update_table - 
[19:54:24.132] [bmv2] [D] [thread 15802] Set default default entry for table 'tbl_change_promise_1': MyIngress.change_promise - 
[19:54:24.133] [bmv2] [D] [thread 15802] Set default default entry for table 'tbl_main253': main253 - 
[19:54:24.134] [bmv2] [D] [thread 15802] Set default default entry for table 'tbl_main258': main258 - 
[19:54:24.134] [bmv2] [D] [thread 15802] Set default default entry for table 'tbl_main261': main261 - 
[19:54:24.134] [bmv2] [D] [thread 15802] Set default default entry for table 'tbl_main263': main263 - 
Adding interface s3-eth1 as port 1
[19:54:24.143] [bmv2] [D] [thread 15802] Adding interface s3-eth1 as port 1
Adding interface s3-eth2 as port 2
[19:54:24.184] [bmv2] [D] [thread 15802] Adding interface s3-eth2 as port 2
Adding interface s3-eth3 as port 3
[19:54:24.207] [bmv2] [D] [thread 15802] Adding interface s3-eth3 as port 3
Adding interface s3-cpu-eth0 as port 4
[19:54:24.235] [bmv2] [D] [thread 15802] Adding interface s3-cpu-eth0 as port 4
Server listening on 0.0.0.0:9561
[19:54:24.299] [bmv2] [I] [thread 15802] Starting Thrift server on port 9092
[19:54:24.300] [bmv2] [I] [thread 15802] Thrift server was started
[19:54:24.301] [bmv2] [D] [thread 15813] [0.0] [cxt 0] Processing packet received on port 2
[19:54:24.301] [bmv2] [D] [thread 15813] [0.0] [cxt 0] Parser 'parser': start
[19:54:24.301] [bmv2] [D] [thread 15813] [0.0] [cxt 0] Parser 'parser' entering state 'start'
[19:54:24.301] [bmv2] [D] [thread 15813] [0.0] [cxt 0] Extracting header 'ethernet'
[19:54:24.301] [bmv2] [D] [thread 15813] [0.0] [cxt 0] Parser state 'start': key is 86dd
[19:54:24.301] [bmv2] [T] [thread 15813] [0.0] [cxt 0] Bytes parsed: 14
[19:54:24.301] [bmv2] [D] [thread 15813] [0.0] [cxt 0] Parser 'parser': end
[19:54:24.301] [bmv2] [D] [thread 15813] [0.0] [cxt 0] Pipeline 'ingress': start
[19:54:24.301] [bmv2] [T] [thread 15813] [0.0] [cxt 0] /home/p4/Desktop/DDV_protocol/proto_versions/one_attribute/Data_Plane_Impl/p4src/main.p4(157) Condition "hdr.ipv4.isValid()" (node_2) is false
[19:54:24.301] [bmv2] [D] [thread 15813] [0.0] [cxt 0] Pipeline 'ingress': end
[19:54:24.301] [bmv2] [D] [thread 15813] [0.0] [cxt 0] Egress port is 0
[19:54:24.301] [bmv2] [D] [thread 15813] [1.0] [cxt 0] Processing packet received on port 3
[19:54:24.302] [bmv2] [D] [thread 15813] [1.0] [cxt 0] Parser 'parser': start
[19:54:24.302] [bmv2] [D] [thread 15813] [1.0] [cxt 0] Parser 'parser' entering state 'start'
[19:54:24.302] [bmv2] [D] [thread 15813] [1.0] [cxt 0] Extracting header 'ethernet'
[19:54:24.302] [bmv2] [D] [thread 15813] [1.0] [cxt 0] Parser state 'start': key is 86dd
[19:54:24.302] [bmv2] [T] [thread 15813] [1.0] [cxt 0] Bytes parsed: 14
[19:54:24.302] [bmv2] [D] [thread 15813] [1.0] [cxt 0] Parser 'parser': end
[19:54:24.302] [bmv2] [D] [thread 15813] [1.0] [cxt 0] Pipeline 'ingress': start
[19:54:24.302] [bmv2] [T] [thread 15813] [1.0] [cxt 0] /home/p4/Desktop/DDV_protocol/proto_versions/one_attribute/Data_Plane_Impl/p4src/main.p4(157) Condition "hdr.ipv4.isValid()" (node_2) is false
[19:54:24.302] [bmv2] [D] [thread 15813] [1.0] [cxt 0] Pipeline 'ingress': end
[19:54:24.302] [bmv2] [D] [thread 15813] [1.0] [cxt 0] Egress port is 0
[19:54:24.302] [bmv2] [D] [thread 15814] [0.0] [cxt 0] Pipeline 'egress': start
[19:54:24.302] [bmv2] [T] [thread 15814] [0.0] [cxt 0] /home/p4/Desktop/DDV_protocol/proto_versions/one_attribute/Data_Plane_Impl/p4src/main.p4(252) Condition "standard_metadata.instance_type == 1" (node_41) is false
[19:54:24.302] [bmv2] [D] [thread 15814] [0.0] [cxt 0] Pipeline 'egress': end
[19:54:24.302] [bmv2] [D] [thread 15814] [0.0] [cxt 0] Deparser 'deparser': start
[19:54:24.302] [bmv2] [T] [thread 15814] [0.0] [cxt 0] Skipping checksum 'cksum' update because condition not met
[19:54:24.302] [bmv2] [D] [thread 15814] [0.0] [cxt 0] Deparsing header 'ethernet'
[19:54:24.302] [bmv2] [D] [thread 15814] [0.0] [cxt 0] Deparser 'deparser': end
[19:54:24.302] [bmv2] [D] [thread 15814] [1.0] [cxt 0] Pipeline 'egress': start
[19:54:24.302] [bmv2] [T] [thread 15814] [1.0] [cxt 0] /home/p4/Desktop/DDV_protocol/proto_versions/one_attribute/Data_Plane_Impl/p4src/main.p4(252) Condition "standard_metadata.instance_type == 1" (node_41) is false
[19:54:24.302] [bmv2] [D] [thread 15814] [1.0] [cxt 0] Pipeline 'egress': end
[19:54:24.302] [bmv2] [D] [thread 15814] [1.0] [cxt 0] Deparser 'deparser': start
[19:54:24.302] [bmv2] [T] [thread 15814] [1.0] [cxt 0] Skipping checksum 'cksum' update because condition not met
[19:54:24.302] [bmv2] [D] [thread 15814] [1.0] [cxt 0] Deparsing header 'ethernet'
[19:54:24.302] [bmv2] [D] [thread 15814] [1.0] [cxt 0] Deparser 'deparser': end
[19:54:24.303] [bmv2] [D] [thread 15818] [0.0] [cxt 0] Transmitting packet of size 208 out of port 0
[19:54:24.303] [bmv2] [D] [thread 15818] [1.0] [cxt 0] Transmitting packet of size 86 out of port 0
[19:54:24.468] [bmv2] [D] [thread 15813] [2.0] [cxt 0] Processing packet received on port 1
[19:54:24.468] [bmv2] [D] [thread 15813] [2.0] [cxt 0] Parser 'parser': start
[19:54:24.468] [bmv2] [D] [thread 15813] [2.0] [cxt 0] Parser 'parser' entering state 'start'
[19:54:24.468] [bmv2] [D] [thread 15813] [2.0] [cxt 0] Extracting header 'ethernet'
[19:54:24.468] [bmv2] [D] [thread 15813] [2.0] [cxt 0] Parser state 'start': key is 86dd
[19:54:24.468] [bmv2] [T] [thread 15813] [2.0] [cxt 0] Bytes parsed: 14
[19:54:24.468] [bmv2] [D] [thread 15813] [2.0] [cxt 0] Parser 'parser': end
[19:54:24.468] [bmv2] [D] [thread 15813] [2.0] [cxt 0] Pipeline 'ingress': start
[19:54:24.468] [bmv2] [T] [thread 15813] [2.0] [cxt 0] /home/p4/Desktop/DDV_protocol/proto_versions/one_attribute/Data_Plane_Impl/p4src/main.p4(157) Condition "hdr.ipv4.isValid()" (node_2) is false
[19:54:24.468] [bmv2] [D] [thread 15813] [2.0] [cxt 0] Pipeline 'ingress': end
[19:54:24.468] [bmv2] [D] [thread 15813] [2.0] [cxt 0] Egress port is 0
[19:54:24.471] [bmv2] [D] [thread 15814] [2.0] [cxt 0] Pipeline 'egress': start
[19:54:24.471] [bmv2] [T] [thread 15814] [2.0] [cxt 0] /home/p4/Desktop/DDV_protocol/proto_versions/one_attribute/Data_Plane_Impl/p4src/main.p4(252) Condition "standard_metadata.instance_type == 1" (node_41) is false
[19:54:24.471] [bmv2] [D] [thread 15814] [2.0] [cxt 0] Pipeline 'egress': end
[19:54:24.471] [bmv2] [D] [thread 15814] [2.0] [cxt 0] Deparser 'deparser': start
[19:54:24.471] [bmv2] [T] [thread 15814] [2.0] [cxt 0] Skipping checksum 'cksum' update because condition not met
[19:54:24.471] [bmv2] [D] [thread 15814] [2.0] [cxt 0] Deparsing header 'ethernet'
[19:54:24.471] [bmv2] [D] [thread 15814] [2.0] [cxt 0] Deparser 'deparser': end
[19:54:24.472] [bmv2] [D] [thread 15818] [2.0] [cxt 0] Transmitting packet of size 90 out of port 0
[19:54:24.488] [bmv2] [D] [thread 15813] [3.0] [cxt 0] Processing packet received on port 2
[19:54:24.488] [bmv2] [D] [thread 15813] [3.0] [cxt 0] Parser 'parser': start
[19:54:24.488] [bmv2] [D] [thread 15813] [3.0] [cxt 0] Parser 'parser' entering state 'start'
[19:54:24.488] [bmv2] [D] [thread 15813] [3.0] [cxt 0] Extracting header 'ethernet'
[19:54:24.488] [bmv2] [D] [thread 15813] [3.0] [cxt 0] Parser state 'start': key is 86dd
[19:54:24.488] [bmv2] [T] [thread 15813] [3.0] [cxt 0] Bytes parsed: 14
[19:54:24.488] [bmv2] [D] [thread 15813] [3.0] [cxt 0] Parser 'parser': end
[19:54:24.488] [bmv2] [D] [thread 15813] [3.0] [cxt 0] Pipeline 'ingress': start
[19:54:24.488] [bmv2] [T] [thread 15813] [3.0] [cxt 0] /home/p4/Desktop/DDV_protocol/proto_versions/one_attribute/Data_Plane_Impl/p4src/main.p4(157) Condition "hdr.ipv4.isValid()" (node_2) is false
[19:54:24.488] [bmv2] [D] [thread 15813] [3.0] [cxt 0] Pipeline 'ingress': end
[19:54:24.488] [bmv2] [D] [thread 15813] [3.0] [cxt 0] Egress port is 0
[19:54:24.488] [bmv2] [D] [thread 15814] [3.0] [cxt 0] Pipeline 'egress': start
[19:54:24.488] [bmv2] [T] [thread 15814] [3.0] [cxt 0] /home/p4/Desktop/DDV_protocol/proto_versions/one_attribute/Data_Plane_Impl/p4src/main.p4(252) Condition "standard_metadata.instance_type == 1" (node_41) is false
[19:54:24.488] [bmv2] [D] [thread 15814] [3.0] [cxt 0] Pipeline 'egress': end
[19:54:24.488] [bmv2] [D] [thread 15814] [3.0] [cxt 0] Deparser 'deparser': start
[19:54:24.488] [bmv2] [T] [thread 15814] [3.0] [cxt 0] Skipping checksum 'cksum' update because condition not met
[19:54:24.488] [bmv2] [D] [thread 15814] [3.0] [cxt 0] Deparsing header 'ethernet'
[19:54:24.488] [bmv2] [D] [thread 15814] [3.0] [cxt 0] Deparser 'deparser': end
[19:54:24.489] [bmv2] [D] [thread 15818] [3.0] [cxt 0] Transmitting packet of size 208 out of port 0
[19:54:24.566] [bmv2] [D] [thread 15813] [4.0] [cxt 0] Processing packet received on port 1
[19:54:24.567] [bmv2] [D] [thread 15813] [4.0] [cxt 0] Parser 'parser': start
[19:54:24.567] [bmv2] [D] [thread 15813] [4.0] [cxt 0] Parser 'parser' entering state 'start'
[19:54:24.567] [bmv2] [D] [thread 15813] [4.0] [cxt 0] Extracting header 'ethernet'
[19:54:24.567] [bmv2] [D] [thread 15813] [4.0] [cxt 0] Parser state 'start': key is 86dd
[19:54:24.567] [bmv2] [T] [thread 15813] [4.0] [cxt 0] Bytes parsed: 14
[19:54:24.567] [bmv2] [D] [thread 15813] [4.0] [cxt 0] Parser 'parser': end
[19:54:24.567] [bmv2] [D] [thread 15813] [4.0] [cxt 0] Pipeline 'ingress': start
[19:54:24.567] [bmv2] [T] [thread 15813] [4.0] [cxt 0] /home/p4/Desktop/DDV_protocol/proto_versions/one_attribute/Data_Plane_Impl/p4src/main.p4(157) Condition "hdr.ipv4.isValid()" (node_2) is false
[19:54:24.567] [bmv2] [D] [thread 15813] [4.0] [cxt 0] Pipeline 'ingress': end
[19:54:24.567] [bmv2] [D] [thread 15813] [4.0] [cxt 0] Egress port is 0
[19:54:24.567] [bmv2] [D] [thread 15813] [5.0] [cxt 0] Processing packet received on port 1
[19:54:24.567] [bmv2] [D] [thread 15813] [5.0] [cxt 0] Parser 'parser': start
[19:54:24.567] [bmv2] [D] [thread 15813] [5.0] [cxt 0] Parser 'parser' entering state 'start'
[19:54:24.567] [bmv2] [D] [thread 15813] [5.0] [cxt 0] Extracting header 'ethernet'
[19:54:24.567] [bmv2] [D] [thread 15813] [5.0] [cxt 0] Parser state 'start': key is 86dd
[19:54:24.567] [bmv2] [T] [thread 15813] [5.0] [cxt 0] Bytes parsed: 14
[19:54:24.567] [bmv2] [D] [thread 15813] [5.0] [cxt 0] Parser 'parser': end
[19:54:24.567] [bmv2] [D] [thread 15813] [5.0] [cxt 0] Pipeline 'ingress': start
[19:54:24.567] [bmv2] [T] [thread 15813] [5.0] [cxt 0] /home/p4/Desktop/DDV_protocol/proto_versions/one_attribute/Data_Plane_Impl/p4src/main.p4(157) Condition "hdr.ipv4.isValid()" (node_2) is false
[19:54:24.567] [bmv2] [D] [thread 15813] [5.0] [cxt 0] Pipeline 'ingress': end
[19:54:24.567] [bmv2] [D] [thread 15813] [5.0] [cxt 0] Egress port is 0
[19:54:24.567] [bmv2] [D] [thread 15814] [4.0] [cxt 0] Pipeline 'egress': start
[19:54:24.567] [bmv2] [T] [thread 15814] [4.0] [cxt 0] /home/p4/Desktop/DDV_protocol/proto_versions/one_attribute/Data_Plane_Impl/p4src/main.p4(252) Condition "standard_metadata.instance_type == 1" (node_41) is false
[19:54:24.568] [bmv2] [D] [thread 15814] [4.0] [cxt 0] Pipeline 'egress': end
[19:54:24.568] [bmv2] [D] [thread 15814] [4.0] [cxt 0] Deparser 'deparser': start
[19:54:24.568] [bmv2] [T] [thread 15814] [4.0] [cxt 0] Skipping checksum 'cksum' update because condition not met
[19:54:24.568] [bmv2] [D] [thread 15814] [4.0] [cxt 0] Deparsing header 'ethernet'
[19:54:24.568] [bmv2] [D] [thread 15814] [4.0] [cxt 0] Deparser 'deparser': end
[19:54:24.568] [bmv2] [D] [thread 15814] [5.0] [cxt 0] Pipeline 'egress': start
[19:54:24.568] [bmv2] [T] [thread 15814] [5.0] [cxt 0] /home/p4/Desktop/DDV_protocol/proto_versions/one_attribute/Data_Plane_Impl/p4src/main.p4(252) Condition "standard_metadata.instance_type == 1" (node_41) is false
[19:54:24.568] [bmv2] [D] [thread 15814] [5.0] [cxt 0] Pipeline 'egress': end
[19:54:24.568] [bmv2] [D] [thread 15814] [5.0] [cxt 0] Deparser 'deparser': start
[19:54:24.568] [bmv2] [T] [thread 15814] [5.0] [cxt 0] Skipping checksum 'cksum' update because condition not met
[19:54:24.568] [bmv2] [D] [thread 15814] [5.0] [cxt 0] Deparsing header 'ethernet'
[19:54:24.568] [bmv2] [D] [thread 15814] [5.0] [cxt 0] Deparser 'deparser': end
[19:54:24.571] [bmv2] [D] [thread 15818] [4.0] [cxt 0] Transmitting packet of size 90 out of port 0
[19:54:24.571] [bmv2] [D] [thread 15818] [5.0] [cxt 0] Transmitting packet of size 70 out of port 0
[19:54:24.576] [bmv2] [D] [thread 15813] [6.0] [cxt 0] Processing packet received on port 1
[19:54:24.576] [bmv2] [D] [thread 15813] [6.0] [cxt 0] Parser 'parser': start
[19:54:24.576] [bmv2] [D] [thread 15813] [6.0] [cxt 0] Parser 'parser' entering state 'start'
[19:54:24.576] [bmv2] [D] [thread 15813] [6.0] [cxt 0] Extracting header 'ethernet'
[19:54:24.576] [bmv2] [D] [thread 15813] [6.0] [cxt 0] Parser state 'start': key is 86dd
[19:54:24.576] [bmv2] [T] [thread 15813] [6.0] [cxt 0] Bytes parsed: 14
[19:54:24.576] [bmv2] [D] [thread 15813] [6.0] [cxt 0] Parser 'parser': end
[19:54:24.576] [bmv2] [D] [thread 15813] [6.0] [cxt 0] Pipeline 'ingress': start
[19:54:24.576] [bmv2] [T] [thread 15813] [6.0] [cxt 0] /home/p4/Desktop/DDV_protocol/proto_versions/one_attribute/Data_Plane_Impl/p4src/main.p4(157) Condition "hdr.ipv4.isValid()" (node_2) is false
[19:54:24.576] [bmv2] [D] [thread 15813] [6.0] [cxt 0] Pipeline 'ingress': end
[19:54:24.576] [bmv2] [D] [thread 15813] [6.0] [cxt 0] Egress port is 0
[19:54:24.578] [bmv2] [D] [thread 15814] [6.0] [cxt 0] Pipeline 'egress': start
[19:54:24.578] [bmv2] [T] [thread 15814] [6.0] [cxt 0] /home/p4/Desktop/DDV_protocol/proto_versions/one_attribute/Data_Plane_Impl/p4src/main.p4(252) Condition "standard_metadata.instance_type == 1" (node_41) is false
[19:54:24.578] [bmv2] [D] [thread 15814] [6.0] [cxt 0] Pipeline 'egress': end
[19:54:24.578] [bmv2] [D] [thread 15814] [6.0] [cxt 0] Deparser 'deparser': start
[19:54:24.578] [bmv2] [T] [thread 15814] [6.0] [cxt 0] Skipping checksum 'cksum' update because condition not met
[19:54:24.578] [bmv2] [D] [thread 15814] [6.0] [cxt 0] Deparsing header 'ethernet'
[19:54:24.578] [bmv2] [D] [thread 15814] [6.0] [cxt 0] Deparser 'deparser': end
[19:54:24.579] [bmv2] [D] [thread 15818] [6.0] [cxt 0] Transmitting packet of size 90 out of port 0
[19:54:24.634] [bmv2] [D] [thread 15813] [7.0] [cxt 0] Processing packet received on port 2
[19:54:24.634] [bmv2] [D] [thread 15813] [7.0] [cxt 0] Parser 'parser': start
[19:54:24.634] [bmv2] [D] [thread 15813] [7.0] [cxt 0] Parser 'parser' entering state 'start'
[19:54:24.634] [bmv2] [D] [thread 15813] [7.0] [cxt 0] Extracting header 'ethernet'
[19:54:24.634] [bmv2] [D] [thread 15813] [7.0] [cxt 0] Parser state 'start': key is 86dd
[19:54:24.634] [bmv2] [T] [thread 15813] [7.0] [cxt 0] Bytes parsed: 14
[19:54:24.634] [bmv2] [D] [thread 15813] [7.0] [cxt 0] Parser 'parser': end
[19:54:24.634] [bmv2] [D] [thread 15813] [7.0] [cxt 0] Pipeline 'ingress': start
[19:54:24.634] [bmv2] [T] [thread 15813] [7.0] [cxt 0] /home/p4/Desktop/DDV_protocol/proto_versions/one_attribute/Data_Plane_Impl/p4src/main.p4(157) Condition "hdr.ipv4.isValid()" (node_2) is false
[19:54:24.634] [bmv2] [D] [thread 15813] [7.0] [cxt 0] Pipeline 'ingress': end
[19:54:24.635] [bmv2] [D] [thread 15813] [7.0] [cxt 0] Egress port is 0
[19:54:24.635] [bmv2] [D] [thread 15813] [8.0] [cxt 0] Processing packet received on port 2
[19:54:24.635] [bmv2] [D] [thread 15813] [8.0] [cxt 0] Parser 'parser': start
[19:54:24.635] [bmv2] [D] [thread 15813] [8.0] [cxt 0] Parser 'parser' entering state 'start'
[19:54:24.635] [bmv2] [D] [thread 15813] [8.0] [cxt 0] Extracting header 'ethernet'
[19:54:24.635] [bmv2] [D] [thread 15813] [8.0] [cxt 0] Parser state 'start': key is 86dd
[19:54:24.635] [bmv2] [T] [thread 15813] [8.0] [cxt 0] Bytes parsed: 14
[19:54:24.635] [bmv2] [D] [thread 15813] [8.0] [cxt 0] Parser 'parser': end
[19:54:24.635] [bmv2] [D] [thread 15813] [8.0] [cxt 0] Pipeline 'ingress': start
[19:54:24.635] [bmv2] [T] [thread 15813] [8.0] [cxt 0] /home/p4/Desktop/DDV_protocol/proto_versions/one_attribute/Data_Plane_Impl/p4src/main.p4(157) Condition "hdr.ipv4.isValid()" (node_2) is false
[19:54:24.635] [bmv2] [D] [thread 15813] [8.0] [cxt 0] Pipeline 'ingress': end
[19:54:24.635] [bmv2] [D] [thread 15813] [8.0] [cxt 0] Egress port is 0
[19:54:24.636] [bmv2] [D] [thread 15814] [7.0] [cxt 0] Pipeline 'egress': start
[19:54:24.636] [bmv2] [T] [thread 15814] [7.0] [cxt 0] /home/p4/Desktop/DDV_protocol/proto_versions/one_attribute/Data_Plane_Impl/p4src/main.p4(252) Condition "standard_metadata.instance_type == 1" (node_41) is false
[19:54:24.636] [bmv2] [D] [thread 15814] [7.0] [cxt 0] Pipeline 'egress': end
[19:54:24.636] [bmv2] [D] [thread 15814] [7.0] [cxt 0] Deparser 'deparser': start
[19:54:24.636] [bmv2] [T] [thread 15814] [7.0] [cxt 0] Skipping checksum 'cksum' update because condition not met
[19:54:24.636] [bmv2] [D] [thread 15814] [7.0] [cxt 0] Deparsing header 'ethernet'
[19:54:24.636] [bmv2] [D] [thread 15814] [7.0] [cxt 0] Deparser 'deparser': end
[19:54:24.636] [bmv2] [D] [thread 15814] [8.0] [cxt 0] Pipeline 'egress': start
[19:54:24.636] [bmv2] [T] [thread 15814] [8.0] [cxt 0] /home/p4/Desktop/DDV_protocol/proto_versions/one_attribute/Data_Plane_Impl/p4src/main.p4(252) Condition "standard_metadata.instance_type == 1" (node_41) is false
[19:54:24.636] [bmv2] [D] [thread 15814] [8.0] [cxt 0] Pipeline 'egress': end
[19:54:24.636] [bmv2] [D] [thread 15814] [8.0] [cxt 0] Deparser 'deparser': start
[19:54:24.636] [bmv2] [T] [thread 15814] [8.0] [cxt 0] Skipping checksum 'cksum' update because condition not met
[19:54:24.636] [bmv2] [D] [thread 15814] [8.0] [cxt 0] Deparsing header 'ethernet'
[19:54:24.636] [bmv2] [D] [thread 15814] [8.0] [cxt 0] Deparser 'deparser': end
[19:54:24.637] [bmv2] [D] [thread 15818] [7.0] [cxt 0] Transmitting packet of size 90 out of port 0
[19:54:24.637] [bmv2] [D] [thread 15818] [8.0] [cxt 0] Transmitting packet of size 70 out of port 0
[19:54:24.639] [bmv2] [D] [thread 15813] [9.0] [cxt 0] Processing packet received on port 2
[19:54:24.640] [bmv2] [D] [thread 15813] [9.0] [cxt 0] Parser 'parser': start
[19:54:24.640] [bmv2] [D] [thread 15813] [9.0] [cxt 0] Parser 'parser' entering state 'start'
[19:54:24.640] [bmv2] [D] [thread 15813] [9.0] [cxt 0] Extracting header 'ethernet'
[19:54:24.640] [bmv2] [D] [thread 15813] [9.0] [cxt 0] Parser state 'start': key is 86dd
[19:54:24.640] [bmv2] [T] [thread 15813] [9.0] [cxt 0] Bytes parsed: 14
[19:54:24.640] [bmv2] [D] [thread 15813] [9.0] [cxt 0] Parser 'parser': end
[19:54:24.640] [bmv2] [D] [thread 15813] [9.0] [cxt 0] Pipeline 'ingress': start
[19:54:24.640] [bmv2] [T] [thread 15813] [9.0] [cxt 0] /home/p4/Desktop/DDV_protocol/proto_versions/one_attribute/Data_Plane_Impl/p4src/main.p4(157) Condition "hdr.ipv4.isValid()" (node_2) is false
[19:54:24.640] [bmv2] [D] [thread 15813] [9.0] [cxt 0] Pipeline 'ingress': end
[19:54:24.640] [bmv2] [D] [thread 15813] [9.0] [cxt 0] Egress port is 0
[19:54:24.640] [bmv2] [D] [thread 15814] [9.0] [cxt 0] Pipeline 'egress': start
[19:54:24.640] [bmv2] [T] [thread 15814] [9.0] [cxt 0] /home/p4/Desktop/DDV_protocol/proto_versions/one_attribute/Data_Plane_Impl/p4src/main.p4(252) Condition "standard_metadata.instance_type == 1" (node_41) is false
[19:54:24.640] [bmv2] [D] [thread 15814] [9.0] [cxt 0] Pipeline 'egress': end
[19:54:24.640] [bmv2] [D] [thread 15814] [9.0] [cxt 0] Deparser 'deparser': start
[19:54:24.640] [bmv2] [T] [thread 15814] [9.0] [cxt 0] Skipping checksum 'cksum' update because condition not met
[19:54:24.640] [bmv2] [D] [thread 15814] [9.0] [cxt 0] Deparsing header 'ethernet'
[19:54:24.640] [bmv2] [D] [thread 15814] [9.0] [cxt 0] Deparser 'deparser': end
[19:54:24.640] [bmv2] [D] [thread 15818] [9.0] [cxt 0] Transmitting packet of size 90 out of port 0
[19:54:24.674] [bmv2] [D] [thread 15813] [10.0] [cxt 0] Processing packet received on port 2
[19:54:24.674] [bmv2] [D] [thread 15813] [10.0] [cxt 0] Parser 'parser': start
[19:54:24.674] [bmv2] [D] [thread 15813] [10.0] [cxt 0] Parser 'parser' entering state 'start'
[19:54:24.674] [bmv2] [D] [thread 15813] [10.0] [cxt 0] Extracting header 'ethernet'
[19:54:24.674] [bmv2] [D] [thread 15813] [10.0] [cxt 0] Parser state 'start': key is 86dd
[19:54:24.674] [bmv2] [T] [thread 15813] [10.0] [cxt 0] Bytes parsed: 14
[19:54:24.674] [bmv2] [D] [thread 15813] [10.0] [cxt 0] Parser 'parser': end
[19:54:24.674] [bmv2] [D] [thread 15813] [10.0] [cxt 0] Pipeline 'ingress': start
[19:54:24.674] [bmv2] [T] [thread 15813] [10.0] [cxt 0] /home/p4/Desktop/DDV_protocol/proto_versions/one_attribute/Data_Plane_Impl/p4src/main.p4(157) Condition "hdr.ipv4.isValid()" (node_2) is false
[19:54:24.674] [bmv2] [D] [thread 15813] [10.0] [cxt 0] Pipeline 'ingress': end
[19:54:24.674] [bmv2] [D] [thread 15813] [10.0] [cxt 0] Egress port is 0
[19:54:24.687] [bmv2] [D] [thread 15813] [11.0] [cxt 0] Processing packet received on port 1
[19:54:24.687] [bmv2] [D] [thread 15813] [11.0] [cxt 0] Parser 'parser': start
[19:54:24.688] [bmv2] [D] [thread 15813] [11.0] [cxt 0] Parser 'parser' entering state 'start'
[19:54:24.688] [bmv2] [D] [thread 15813] [11.0] [cxt 0] Extracting header 'ethernet'
[19:54:24.688] [bmv2] [D] [thread 15813] [11.0] [cxt 0] Parser state 'start': key is 86dd
[19:54:24.688] [bmv2] [T] [thread 15813] [11.0] [cxt 0] Bytes parsed: 14
[19:54:24.688] [bmv2] [D] [thread 15813] [11.0] [cxt 0] Parser 'parser': end
[19:54:24.688] [bmv2] [D] [thread 15814] [10.0] [cxt 0] Pipeline 'egress': start
[19:54:24.688] [bmv2] [T] [thread 15814] [10.0] [cxt 0] /home/p4/Desktop/DDV_protocol/proto_versions/one_attribute/Data_Plane_Impl/p4src/main.p4(252) Condition "standard_metadata.instance_type == 1" (node_41) is false
[19:54:24.688] [bmv2] [D] [thread 15814] [10.0] [cxt 0] Pipeline 'egress': end
[19:54:24.688] [bmv2] [D] [thread 15814] [10.0] [cxt 0] Deparser 'deparser': start
[19:54:24.688] [bmv2] [T] [thread 15814] [10.0] [cxt 0] Skipping checksum 'cksum' update because condition not met
[19:54:24.688] [bmv2] [D] [thread 15814] [10.0] [cxt 0] Deparsing header 'ethernet'
[19:54:24.688] [bmv2] [D] [thread 15814] [10.0] [cxt 0] Deparser 'deparser': end
[19:54:24.688] [bmv2] [D] [thread 15818] [10.0] [cxt 0] Transmitting packet of size 90 out of port 0
[19:54:24.688] [bmv2] [D] [thread 15813] [11.0] [cxt 0] Pipeline 'ingress': start
[19:54:24.688] [bmv2] [T] [thread 15813] [11.0] [cxt 0] /home/p4/Desktop/DDV_protocol/proto_versions/one_attribute/Data_Plane_Impl/p4src/main.p4(157) Condition "hdr.ipv4.isValid()" (node_2) is false
[19:54:24.689] [bmv2] [D] [thread 15813] [11.0] [cxt 0] Pipeline 'ingress': end
[19:54:24.689] [bmv2] [D] [thread 15813] [11.0] [cxt 0] Egress port is 0
[19:54:24.689] [bmv2] [D] [thread 15814] [11.0] [cxt 0] Pipeline 'egress': start
[19:54:24.689] [bmv2] [T] [thread 15814] [11.0] [cxt 0] /home/p4/Desktop/DDV_protocol/proto_versions/one_attribute/Data_Plane_Impl/p4src/main.p4(252) Condition "standard_metadata.instance_type == 1" (node_41) is false
[19:54:24.689] [bmv2] [D] [thread 15814] [11.0] [cxt 0] Pipeline 'egress': end
[19:54:24.689] [bmv2] [D] [thread 15814] [11.0] [cxt 0] Deparser 'deparser': start
[19:54:24.689] [bmv2] [T] [thread 15814] [11.0] [cxt 0] Skipping checksum 'cksum' update because condition not met
[19:54:24.689] [bmv2] [D] [thread 15814] [11.0] [cxt 0] Deparsing header 'ethernet'
[19:54:24.689] [bmv2] [D] [thread 15814] [11.0] [cxt 0] Deparser 'deparser': end
[19:54:24.689] [bmv2] [D] [thread 15818] [11.0] [cxt 0] Transmitting packet of size 107 out of port 0
[19:54:24.691] [bmv2] [D] [thread 15813] [12.0] [cxt 0] Processing packet received on port 2
[19:54:24.691] [bmv2] [D] [thread 15813] [12.0] [cxt 0] Parser 'parser': start
[19:54:24.717] [bmv2] [D] [thread 15813] [12.0] [cxt 0] Parser 'parser' entering state 'start'
[19:54:24.717] [bmv2] [D] [thread 15813] [12.0] [cxt 0] Extracting header 'ethernet'
[19:54:24.717] [bmv2] [D] [thread 15813] [12.0] [cxt 0] Parser state 'start': key is 86dd
[19:54:24.717] [bmv2] [T] [thread 15813] [12.0] [cxt 0] Bytes parsed: 14
[19:54:24.717] [bmv2] [D] [thread 15813] [12.0] [cxt 0] Parser 'parser': end
[19:54:24.717] [bmv2] [D] [thread 15813] [12.0] [cxt 0] Pipeline 'ingress': start
[19:54:24.718] [bmv2] [T] [thread 15813] [12.0] [cxt 0] /home/p4/Desktop/DDV_protocol/proto_versions/one_attribute/Data_Plane_Impl/p4src/main.p4(157) Condition "hdr.ipv4.isValid()" (node_2) is false
[19:54:24.718] [bmv2] [D] [thread 15813] [12.0] [cxt 0] Pipeline 'ingress': end
[19:54:24.718] [bmv2] [D] [thread 15813] [12.0] [cxt 0] Egress port is 0
[19:54:24.718] [bmv2] [D] [thread 15814] [12.0] [cxt 0] Pipeline 'egress': start
[19:54:24.718] [bmv2] [T] [thread 15814] [12.0] [cxt 0] /home/p4/Desktop/DDV_protocol/proto_versions/one_attribute/Data_Plane_Impl/p4src/main.p4(252) Condition "standard_metadata.instance_type == 1" (node_41) is false
[19:54:24.718] [bmv2] [D] [thread 15814] [12.0] [cxt 0] Pipeline 'egress': end
[19:54:24.718] [bmv2] [D] [thread 15814] [12.0] [cxt 0] Deparser 'deparser': start
[19:54:24.718] [bmv2] [T] [thread 15814] [12.0] [cxt 0] Skipping checksum 'cksum' update because condition not met
[19:54:24.718] [bmv2] [D] [thread 15814] [12.0] [cxt 0] Deparsing header 'ethernet'
[19:54:24.718] [bmv2] [D] [thread 15814] [12.0] [cxt 0] Deparser 'deparser': end
[19:54:24.718] [bmv2] [D] [thread 15818] [12.0] [cxt 0] Transmitting packet of size 110 out of port 0
[19:54:24.718] [bmv2] [D] [thread 15813] [13.0] [cxt 0] Processing packet received on port 4
[19:54:24.718] [bmv2] [D] [thread 15813] [13.0] [cxt 0] Parser 'parser': start
[19:54:24.718] [bmv2] [D] [thread 15813] [13.0] [cxt 0] Parser 'parser' entering state 'start'
[19:54:24.720] [bmv2] [D] [thread 15813] [13.0] [cxt 0] Extracting header 'ethernet'
[19:54:24.720] [bmv2] [D] [thread 15813] [13.0] [cxt 0] Parser state 'start': key is 86dd
[19:54:24.720] [bmv2] [T] [thread 15813] [13.0] [cxt 0] Bytes parsed: 14
[19:54:24.720] [bmv2] [D] [thread 15813] [13.0] [cxt 0] Parser 'parser': end
[19:54:24.720] [bmv2] [D] [thread 15813] [13.0] [cxt 0] Pipeline 'ingress': start
[19:54:24.720] [bmv2] [T] [thread 15813] [13.0] [cxt 0] /home/p4/Desktop/DDV_protocol/proto_versions/one_attribute/Data_Plane_Impl/p4src/main.p4(157) Condition "hdr.ipv4.isValid()" (node_2) is false
[19:54:24.721] [bmv2] [D] [thread 15813] [13.0] [cxt 0] Pipeline 'ingress': end
[19:54:24.722] [bmv2] [D] [thread 15813] [13.0] [cxt 0] Egress port is 0
[19:54:24.722] [bmv2] [D] [thread 15814] [13.0] [cxt 0] Pipeline 'egress': start
[19:54:24.723] [bmv2] [T] [thread 15814] [13.0] [cxt 0] /home/p4/Desktop/DDV_protocol/proto_versions/one_attribute/Data_Plane_Impl/p4src/main.p4(252) Condition "standard_metadata.instance_type == 1" (node_41) is false
[19:54:24.724] [bmv2] [D] [thread 15814] [13.0] [cxt 0] Pipeline 'egress': end
[19:54:24.724] [bmv2] [D] [thread 15814] [13.0] [cxt 0] Deparser 'deparser': start
[19:54:24.724] [bmv2] [T] [thread 15814] [13.0] [cxt 0] Skipping checksum 'cksum' update because condition not met
[19:54:24.724] [bmv2] [D] [thread 15814] [13.0] [cxt 0] Deparsing header 'ethernet'
[19:54:24.724] [bmv2] [D] [thread 15814] [13.0] [cxt 0] Deparser 'deparser': end
[19:54:24.724] [bmv2] [D] [thread 15818] [13.0] [cxt 0] Transmitting packet of size 90 out of port 0
[19:54:24.724] [bmv2] [D] [thread 15813] [14.0] [cxt 0] Processing packet received on port 4
[19:54:24.724] [bmv2] [D] [thread 15813] [14.0] [cxt 0] Parser 'parser': start
[19:54:24.724] [bmv2] [D] [thread 15813] [14.0] [cxt 0] Parser 'parser' entering state 'start'
[19:54:24.725] [bmv2] [D] [thread 15813] [14.0] [cxt 0] Extracting header 'ethernet'
[19:54:24.725] [bmv2] [D] [thread 15813] [14.0] [cxt 0] Parser state 'start': key is 86dd
[19:54:24.725] [bmv2] [T] [thread 15813] [14.0] [cxt 0] Bytes parsed: 14
[19:54:24.725] [bmv2] [D] [thread 15813] [14.0] [cxt 0] Parser 'parser': end
[19:54:24.725] [bmv2] [D] [thread 15813] [14.0] [cxt 0] Pipeline 'ingress': start
[19:54:24.726] [bmv2] [T] [thread 15813] [14.0] [cxt 0] /home/p4/Desktop/DDV_protocol/proto_versions/one_attribute/Data_Plane_Impl/p4src/main.p4(157) Condition "hdr.ipv4.isValid()" (node_2) is false
[19:54:24.726] [bmv2] [D] [thread 15813] [14.0] [cxt 0] Pipeline 'ingress': end
[19:54:24.726] [bmv2] [D] [thread 15813] [14.0] [cxt 0] Egress port is 0
[19:54:24.726] [bmv2] [D] [thread 15814] [14.0] [cxt 0] Pipeline 'egress': start
[19:54:24.726] [bmv2] [T] [thread 15814] [14.0] [cxt 0] /home/p4/Desktop/DDV_protocol/proto_versions/one_attribute/Data_Plane_Impl/p4src/main.p4(252) Condition "standard_metadata.instance_type == 1" (node_41) is false
[19:54:24.726] [bmv2] [D] [thread 15814] [14.0] [cxt 0] Pipeline 'egress': end
[19:54:24.726] [bmv2] [D] [thread 15814] [14.0] [cxt 0] Deparser 'deparser': start
[19:54:24.726] [bmv2] [T] [thread 15814] [14.0] [cxt 0] Skipping checksum 'cksum' update because condition not met
[19:54:24.726] [bmv2] [D] [thread 15814] [14.0] [cxt 0] Deparsing header 'ethernet'
[19:54:24.726] [bmv2] [D] [thread 15814] [14.0] [cxt 0] Deparser 'deparser': end
[19:54:24.726] [bmv2] [D] [thread 15818] [14.0] [cxt 0] Transmitting packet of size 70 out of port 0
[19:54:24.726] [bmv2] [D] [thread 15813] [15.0] [cxt 0] Processing packet received on port 4
[19:54:24.726] [bmv2] [D] [thread 15813] [15.0] [cxt 0] Parser 'parser': start
[19:54:24.726] [bmv2] [D] [thread 15813] [15.0] [cxt 0] Parser 'parser' entering state 'start'
[19:54:24.726] [bmv2] [D] [thread 15813] [15.0] [cxt 0] Extracting header 'ethernet'
[19:54:24.726] [bmv2] [D] [thread 15813] [15.0] [cxt 0] Parser state 'start': key is 86dd
[19:54:24.726] [bmv2] [T] [thread 15813] [15.0] [cxt 0] Bytes parsed: 14
[19:54:24.726] [bmv2] [D] [thread 15813] [15.0] [cxt 0] Parser 'parser': end
[19:54:24.726] [bmv2] [D] [thread 15813] [15.0] [cxt 0] Pipeline 'ingress': start
[19:54:24.726] [bmv2] [T] [thread 15813] [15.0] [cxt 0] /home/p4/Desktop/DDV_protocol/proto_versions/one_attribute/Data_Plane_Impl/p4src/main.p4(157) Condition "hdr.ipv4.isValid()" (node_2) is false
[19:54:24.726] [bmv2] [D] [thread 15813] [15.0] [cxt 0] Pipeline 'ingress': end
[19:54:24.726] [bmv2] [D] [thread 15813] [15.0] [cxt 0] Egress port is 0
[19:54:24.726] [bmv2] [D] [thread 15814] [15.0] [cxt 0] Pipeline 'egress': start
[19:54:24.727] [bmv2] [T] [thread 15814] [15.0] [cxt 0] /home/p4/Desktop/DDV_protocol/proto_versions/one_attribute/Data_Plane_Impl/p4src/main.p4(252) Condition "standard_metadata.instance_type == 1" (node_41) is false
[19:54:24.727] [bmv2] [D] [thread 15814] [15.0] [cxt 0] Pipeline 'egress': end
[19:54:24.727] [bmv2] [D] [thread 15814] [15.0] [cxt 0] Deparser 'deparser': start
[19:54:24.727] [bmv2] [T] [thread 15814] [15.0] [cxt 0] Skipping checksum 'cksum' update because condition not met
[19:54:24.727] [bmv2] [D] [thread 15814] [15.0] [cxt 0] Deparsing header 'ethernet'
[19:54:24.727] [bmv2] [D] [thread 15814] [15.0] [cxt 0] Deparser 'deparser': end
[19:54:24.727] [bmv2] [D] [thread 15818] [15.0] [cxt 0] Transmitting packet of size 90 out of port 0
[19:54:24.732] [bmv2] [D] [thread 15813] [16.0] [cxt 0] Processing packet received on port 2
[19:54:24.732] [bmv2] [D] [thread 15813] [16.0] [cxt 0] Parser 'parser': start
[19:54:24.732] [bmv2] [D] [thread 15813] [16.0] [cxt 0] Parser 'parser' entering state 'start'
[19:54:24.732] [bmv2] [D] [thread 15813] [16.0] [cxt 0] Extracting header 'ethernet'
[19:54:24.737] [bmv2] [D] [thread 15813] [16.0] [cxt 0] Parser state 'start': key is 86dd
[19:54:24.737] [bmv2] [T] [thread 15813] [16.0] [cxt 0] Bytes parsed: 14
[19:54:24.737] [bmv2] [D] [thread 15813] [16.0] [cxt 0] Parser 'parser': end
[19:54:24.737] [bmv2] [D] [thread 15813] [16.0] [cxt 0] Pipeline 'ingress': start
[19:54:24.737] [bmv2] [T] [thread 15813] [16.0] [cxt 0] /home/p4/Desktop/DDV_protocol/proto_versions/one_attribute/Data_Plane_Impl/p4src/main.p4(157) Condition "hdr.ipv4.isValid()" (node_2) is false
[19:54:24.737] [bmv2] [D] [thread 15813] [16.0] [cxt 0] Pipeline 'ingress': end
[19:54:24.737] [bmv2] [D] [thread 15813] [16.0] [cxt 0] Egress port is 0
[19:54:24.737] [bmv2] [D] [thread 15814] [16.0] [cxt 0] Pipeline 'egress': start
[19:54:24.737] [bmv2] [T] [thread 15814] [16.0] [cxt 0] /home/p4/Desktop/DDV_protocol/proto_versions/one_attribute/Data_Plane_Impl/p4src/main.p4(252) Condition "standard_metadata.instance_type == 1" (node_41) is false
[19:54:24.738] [bmv2] [D] [thread 15814] [16.0] [cxt 0] Pipeline 'egress': end
[19:54:24.738] [bmv2] [D] [thread 15814] [16.0] [cxt 0] Deparser 'deparser': start
[19:54:24.738] [bmv2] [T] [thread 15814] [16.0] [cxt 0] Skipping checksum 'cksum' update because condition not met
[19:54:24.738] [bmv2] [D] [thread 15814] [16.0] [cxt 0] Deparsing header 'ethernet'
[19:54:24.738] [bmv2] [D] [thread 15814] [16.0] [cxt 0] Deparser 'deparser': end
[19:54:24.738] [bmv2] [D] [thread 15818] [16.0] [cxt 0] Transmitting packet of size 107 out of port 0
[19:54:24.741] [bmv2] [D] [thread 15813] [17.0] [cxt 0] Processing packet received on port 2
[19:54:24.741] [bmv2] [D] [thread 15813] [17.0] [cxt 0] Parser 'parser': start
[19:54:24.741] [bmv2] [D] [thread 15813] [17.0] [cxt 0] Parser 'parser' entering state 'start'
[19:54:24.741] [bmv2] [D] [thread 15813] [17.0] [cxt 0] Extracting header 'ethernet'
[19:54:24.741] [bmv2] [D] [thread 15813] [17.0] [cxt 0] Parser state 'start': key is 86dd
[19:54:24.741] [bmv2] [T] [thread 15813] [17.0] [cxt 0] Bytes parsed: 14
[19:54:24.741] [bmv2] [D] [thread 15813] [17.0] [cxt 0] Parser 'parser': end
[19:54:24.741] [bmv2] [D] [thread 15813] [17.0] [cxt 0] Pipeline 'ingress': start
[19:54:24.741] [bmv2] [T] [thread 15813] [17.0] [cxt 0] /home/p4/Desktop/DDV_protocol/proto_versions/one_attribute/Data_Plane_Impl/p4src/main.p4(157) Condition "hdr.ipv4.isValid()" (node_2) is false
[19:54:24.741] [bmv2] [D] [thread 15813] [17.0] [cxt 0] Pipeline 'ingress': end
[19:54:24.741] [bmv2] [D] [thread 15813] [17.0] [cxt 0] Egress port is 0
[19:54:24.741] [bmv2] [D] [thread 15814] [17.0] [cxt 0] Pipeline 'egress': start
[19:54:24.741] [bmv2] [T] [thread 15814] [17.0] [cxt 0] /home/p4/Desktop/DDV_protocol/proto_versions/one_attribute/Data_Plane_Impl/p4src/main.p4(252) Condition "standard_metadata.instance_type == 1" (node_41) is false
[19:54:24.741] [bmv2] [D] [thread 15814] [17.0] [cxt 0] Pipeline 'egress': end
[19:54:24.741] [bmv2] [D] [thread 15814] [17.0] [cxt 0] Deparser 'deparser': start
[19:54:24.741] [bmv2] [T] [thread 15814] [17.0] [cxt 0] Skipping checksum 'cksum' update because condition not met
[19:54:24.741] [bmv2] [D] [thread 15814] [17.0] [cxt 0] Deparsing header 'ethernet'
[19:54:24.741] [bmv2] [D] [thread 15814] [17.0] [cxt 0] Deparser 'deparser': end
[19:54:24.741] [bmv2] [D] [thread 15818] [17.0] [cxt 0] Transmitting packet of size 208 out of port 0
[19:54:24.760] [bmv2] [D] [thread 15813] [18.0] [cxt 0] Processing packet received on port 1
[19:54:24.760] [bmv2] [D] [thread 15813] [18.0] [cxt 0] Parser 'parser': start
[19:54:24.760] [bmv2] [D] [thread 15813] [18.0] [cxt 0] Parser 'parser' entering state 'start'
[19:54:24.760] [bmv2] [D] [thread 15813] [18.0] [cxt 0] Extracting header 'ethernet'
[19:54:24.760] [bmv2] [D] [thread 15813] [18.0] [cxt 0] Parser state 'start': key is 86dd
[19:54:24.760] [bmv2] [T] [thread 15813] [18.0] [cxt 0] Bytes parsed: 14
[19:54:24.760] [bmv2] [D] [thread 15813] [18.0] [cxt 0] Parser 'parser': end
[19:54:24.760] [bmv2] [D] [thread 15813] [18.0] [cxt 0] Pipeline 'ingress': start
[19:54:24.760] [bmv2] [T] [thread 15813] [18.0] [cxt 0] /home/p4/Desktop/DDV_protocol/proto_versions/one_attribute/Data_Plane_Impl/p4src/main.p4(157) Condition "hdr.ipv4.isValid()" (node_2) is false
[19:54:24.760] [bmv2] [D] [thread 15813] [18.0] [cxt 0] Pipeline 'ingress': end
[19:54:24.760] [bmv2] [D] [thread 15813] [18.0] [cxt 0] Egress port is 0
[19:54:24.760] [bmv2] [D] [thread 15814] [18.0] [cxt 0] Pipeline 'egress': start
[19:54:24.760] [bmv2] [T] [thread 15814] [18.0] [cxt 0] /home/p4/Desktop/DDV_protocol/proto_versions/one_attribute/Data_Plane_Impl/p4src/main.p4(252) Condition "standard_metadata.instance_type == 1" (node_41) is false
[19:54:24.760] [bmv2] [D] [thread 15814] [18.0] [cxt 0] Pipeline 'egress': end
[19:54:24.760] [bmv2] [D] [thread 15814] [18.0] [cxt 0] Deparser 'deparser': start
[19:54:24.760] [bmv2] [T] [thread 15814] [18.0] [cxt 0] Skipping checksum 'cksum' update because condition not met
[19:54:24.760] [bmv2] [D] [thread 15814] [18.0] [cxt 0] Deparsing header 'ethernet'
[19:54:24.760] [bmv2] [D] [thread 15814] [18.0] [cxt 0] Deparser 'deparser': end
[19:54:24.760] [bmv2] [D] [thread 15818] [18.0] [cxt 0] Transmitting packet of size 90 out of port 0
[19:54:24.794] [bmv2] [D] [thread 15813] [19.0] [cxt 0] Processing packet received on port 4
[19:54:24.794] [bmv2] [D] [thread 15813] [19.0] [cxt 0] Parser 'parser': start
[19:54:24.794] [bmv2] [D] [thread 15813] [19.0] [cxt 0] Parser 'parser' entering state 'start'
[19:54:24.794] [bmv2] [D] [thread 15813] [19.0] [cxt 0] Extracting header 'ethernet'
[19:54:24.794] [bmv2] [D] [thread 15813] [19.0] [cxt 0] Parser state 'start': key is 86dd
[19:54:24.794] [bmv2] [T] [thread 15813] [19.0] [cxt 0] Bytes parsed: 14
[19:54:24.794] [bmv2] [D] [thread 15813] [19.0] [cxt 0] Parser 'parser': end
[19:54:24.794] [bmv2] [D] [thread 15813] [19.0] [cxt 0] Pipeline 'ingress': start
[19:54:24.794] [bmv2] [T] [thread 15813] [19.0] [cxt 0] /home/p4/Desktop/DDV_protocol/proto_versions/one_attribute/Data_Plane_Impl/p4src/main.p4(157) Condition "hdr.ipv4.isValid()" (node_2) is false
[19:54:24.794] [bmv2] [D] [thread 15813] [19.0] [cxt 0] Pipeline 'ingress': end
[19:54:24.794] [bmv2] [D] [thread 15813] [19.0] [cxt 0] Egress port is 0
[19:54:24.794] [bmv2] [D] [thread 15813] [20.0] [cxt 0] Processing packet received on port 4
[19:54:24.794] [bmv2] [D] [thread 15813] [20.0] [cxt 0] Parser 'parser': start
[19:54:24.794] [bmv2] [D] [thread 15813] [20.0] [cxt 0] Parser 'parser' entering state 'start'
[19:54:24.794] [bmv2] [D] [thread 15813] [20.0] [cxt 0] Extracting header 'ethernet'
[19:54:24.794] [bmv2] [D] [thread 15813] [20.0] [cxt 0] Parser state 'start': key is 86dd
[19:54:24.794] [bmv2] [T] [thread 15813] [20.0] [cxt 0] Bytes parsed: 14
[19:54:24.794] [bmv2] [D] [thread 15813] [20.0] [cxt 0] Parser 'parser': end
[19:54:24.794] [bmv2] [D] [thread 15813] [20.0] [cxt 0] Pipeline 'ingress': start
[19:54:24.794] [bmv2] [T] [thread 15813] [20.0] [cxt 0] /home/p4/Desktop/DDV_protocol/proto_versions/one_attribute/Data_Plane_Impl/p4src/main.p4(157) Condition "hdr.ipv4.isValid()" (node_2) is false
[19:54:24.794] [bmv2] [D] [thread 15813] [20.0] [cxt 0] Pipeline 'ingress': end
[19:54:24.794] [bmv2] [D] [thread 15813] [20.0] [cxt 0] Egress port is 0
[19:54:24.794] [bmv2] [D] [thread 15814] [19.0] [cxt 0] Pipeline 'egress': start
[19:54:24.794] [bmv2] [T] [thread 15814] [19.0] [cxt 0] /home/p4/Desktop/DDV_protocol/proto_versions/one_attribute/Data_Plane_Impl/p4src/main.p4(252) Condition "standard_metadata.instance_type == 1" (node_41) is false
[19:54:24.794] [bmv2] [D] [thread 15814] [19.0] [cxt 0] Pipeline 'egress': end
[19:54:24.794] [bmv2] [D] [thread 15814] [19.0] [cxt 0] Deparser 'deparser': start
[19:54:24.794] [bmv2] [T] [thread 15814] [19.0] [cxt 0] Skipping checksum 'cksum' update because condition not met
[19:54:24.794] [bmv2] [D] [thread 15814] [19.0] [cxt 0] Deparsing header 'ethernet'
[19:54:24.794] [bmv2] [D] [thread 15814] [19.0] [cxt 0] Deparser 'deparser': end
[19:54:24.794] [bmv2] [D] [thread 15814] [20.0] [cxt 0] Pipeline 'egress': start
[19:54:24.794] [bmv2] [T] [thread 15814] [20.0] [cxt 0] /home/p4/Desktop/DDV_protocol/proto_versions/one_attribute/Data_Plane_Impl/p4src/main.p4(252) Condition "standard_metadata.instance_type == 1" (node_41) is false
[19:54:24.794] [bmv2] [D] [thread 15814] [20.0] [cxt 0] Pipeline 'egress': end
[19:54:24.794] [bmv2] [D] [thread 15814] [20.0] [cxt 0] Deparser 'deparser': start
[19:54:24.794] [bmv2] [T] [thread 15814] [20.0] [cxt 0] Skipping checksum 'cksum' update because condition not met
[19:54:24.794] [bmv2] [D] [thread 15814] [20.0] [cxt 0] Deparsing header 'ethernet'
[19:54:24.794] [bmv2] [D] [thread 15814] [20.0] [cxt 0] Deparser 'deparser': end
[19:54:24.794] [bmv2] [D] [thread 15818] [19.0] [cxt 0] Transmitting packet of size 90 out of port 0
[19:54:24.794] [bmv2] [D] [thread 15818] [20.0] [cxt 0] Transmitting packet of size 70 out of port 0
[19:54:24.795] [bmv2] [D] [thread 15813] [21.0] [cxt 0] Processing packet received on port 4
[19:54:24.795] [bmv2] [D] [thread 15813] [21.0] [cxt 0] Parser 'parser': start
[19:54:24.795] [bmv2] [D] [thread 15813] [21.0] [cxt 0] Parser 'parser' entering state 'start'
[19:54:24.795] [bmv2] [D] [thread 15813] [21.0] [cxt 0] Extracting header 'ethernet'
[19:54:24.795] [bmv2] [D] [thread 15813] [21.0] [cxt 0] Parser state 'start': key is 86dd
[19:54:24.796] [bmv2] [T] [thread 15813] [21.0] [cxt 0] Bytes parsed: 14
[19:54:24.796] [bmv2] [D] [thread 15813] [21.0] [cxt 0] Parser 'parser': end
[19:54:24.796] [bmv2] [D] [thread 15813] [21.0] [cxt 0] Pipeline 'ingress': start
[19:54:24.796] [bmv2] [T] [thread 15813] [21.0] [cxt 0] /home/p4/Desktop/DDV_protocol/proto_versions/one_attribute/Data_Plane_Impl/p4src/main.p4(157) Condition "hdr.ipv4.isValid()" (node_2) is false
[19:54:24.796] [bmv2] [D] [thread 15813] [21.0] [cxt 0] Pipeline 'ingress': end
[19:54:24.796] [bmv2] [D] [thread 15813] [21.0] [cxt 0] Egress port is 0
[19:54:24.796] [bmv2] [D] [thread 15814] [21.0] [cxt 0] Pipeline 'egress': start
[19:54:24.796] [bmv2] [T] [thread 15814] [21.0] [cxt 0] /home/p4/Desktop/DDV_protocol/proto_versions/one_attribute/Data_Plane_Impl/p4src/main.p4(252) Condition "standard_metadata.instance_type == 1" (node_41) is false
[19:54:24.796] [bmv2] [D] [thread 15814] [21.0] [cxt 0] Pipeline 'egress': end
[19:54:24.796] [bmv2] [D] [thread 15814] [21.0] [cxt 0] Deparser 'deparser': start
[19:54:24.796] [bmv2] [T] [thread 15814] [21.0] [cxt 0] Skipping checksum 'cksum' update because condition not met
[19:54:24.796] [bmv2] [D] [thread 15814] [21.0] [cxt 0] Deparsing header 'ethernet'
[19:54:24.796] [bmv2] [D] [thread 15814] [21.0] [cxt 0] Deparser 'deparser': end
[19:54:24.796] [bmv2] [D] [thread 15818] [21.0] [cxt 0] Transmitting packet of size 107 out of port 0
[19:54:24.804] [bmv2] [D] [thread 15813] [22.0] [cxt 0] Processing packet received on port 4
[19:54:24.804] [bmv2] [D] [thread 15813] [22.0] [cxt 0] Parser 'parser': start
[19:54:24.804] [bmv2] [D] [thread 15813] [22.0] [cxt 0] Parser 'parser' entering state 'start'
[19:54:24.804] [bmv2] [D] [thread 15813] [22.0] [cxt 0] Extracting header 'ethernet'
[19:54:24.804] [bmv2] [D] [thread 15813] [22.0] [cxt 0] Parser state 'start': key is 86dd
[19:54:24.804] [bmv2] [T] [thread 15813] [22.0] [cxt 0] Bytes parsed: 14
[19:54:24.804] [bmv2] [D] [thread 15813] [22.0] [cxt 0] Parser 'parser': end
[19:54:24.804] [bmv2] [D] [thread 15813] [22.0] [cxt 0] Pipeline 'ingress': start
[19:54:24.804] [bmv2] [T] [thread 15813] [22.0] [cxt 0] /home/p4/Desktop/DDV_protocol/proto_versions/one_attribute/Data_Plane_Impl/p4src/main.p4(157) Condition "hdr.ipv4.isValid()" (node_2) is false
[19:54:24.804] [bmv2] [D] [thread 15813] [22.0] [cxt 0] Pipeline 'ingress': end
[19:54:24.804] [bmv2] [D] [thread 15813] [22.0] [cxt 0] Egress port is 0
[19:54:24.804] [bmv2] [D] [thread 15814] [22.0] [cxt 0] Pipeline 'egress': start
[19:54:24.804] [bmv2] [T] [thread 15814] [22.0] [cxt 0] /home/p4/Desktop/DDV_protocol/proto_versions/one_attribute/Data_Plane_Impl/p4src/main.p4(252) Condition "standard_metadata.instance_type == 1" (node_41) is false
[19:54:24.804] [bmv2] [D] [thread 15814] [22.0] [cxt 0] Pipeline 'egress': end
[19:54:24.804] [bmv2] [D] [thread 15814] [22.0] [cxt 0] Deparser 'deparser': start
[19:54:24.804] [bmv2] [T] [thread 15814] [22.0] [cxt 0] Skipping checksum 'cksum' update because condition not met
[19:54:24.804] [bmv2] [D] [thread 15814] [22.0] [cxt 0] Deparsing header 'ethernet'
[19:54:24.804] [bmv2] [D] [thread 15814] [22.0] [cxt 0] Deparser 'deparser': end
[19:54:24.804] [bmv2] [D] [thread 15818] [22.0] [cxt 0] Transmitting packet of size 90 out of port 0
[19:54:24.811] [bmv2] [D] [thread 15813] [23.0] [cxt 0] Processing packet received on port 1
[19:54:24.811] [bmv2] [D] [thread 15813] [23.0] [cxt 0] Parser 'parser': start
[19:54:24.811] [bmv2] [D] [thread 15813] [23.0] [cxt 0] Parser 'parser' entering state 'start'
[19:54:24.811] [bmv2] [D] [thread 15813] [23.0] [cxt 0] Extracting header 'ethernet'
[19:54:24.811] [bmv2] [D] [thread 15813] [23.0] [cxt 0] Parser state 'start': key is 86dd
[19:54:24.811] [bmv2] [T] [thread 15813] [23.0] [cxt 0] Bytes parsed: 14
[19:54:24.811] [bmv2] [D] [thread 15813] [23.0] [cxt 0] Parser 'parser': end
[19:54:24.811] [bmv2] [D] [thread 15813] [23.0] [cxt 0] Pipeline 'ingress': start
[19:54:24.811] [bmv2] [T] [thread 15813] [23.0] [cxt 0] /home/p4/Desktop/DDV_protocol/proto_versions/one_attribute/Data_Plane_Impl/p4src/main.p4(157) Condition "hdr.ipv4.isValid()" (node_2) is false
[19:54:24.811] [bmv2] [D] [thread 15813] [23.0] [cxt 0] Pipeline 'ingress': end
[19:54:24.811] [bmv2] [D] [thread 15813] [23.0] [cxt 0] Egress port is 0
[19:54:24.811] [bmv2] [D] [thread 15814] [23.0] [cxt 0] Pipeline 'egress': start
[19:54:24.811] [bmv2] [T] [thread 15814] [23.0] [cxt 0] /home/p4/Desktop/DDV_protocol/proto_versions/one_attribute/Data_Plane_Impl/p4src/main.p4(252) Condition "standard_metadata.instance_type == 1" (node_41) is false
[19:54:24.811] [bmv2] [D] [thread 15814] [23.0] [cxt 0] Pipeline 'egress': end
[19:54:24.811] [bmv2] [D] [thread 15814] [23.0] [cxt 0] Deparser 'deparser': start
[19:54:24.811] [bmv2] [T] [thread 15814] [23.0] [cxt 0] Skipping checksum 'cksum' update because condition not met
[19:54:24.811] [bmv2] [D] [thread 15814] [23.0] [cxt 0] Deparsing header 'ethernet'
[19:54:24.811] [bmv2] [D] [thread 15814] [23.0] [cxt 0] Deparser 'deparser': end
[19:54:24.811] [bmv2] [D] [thread 15818] [23.0] [cxt 0] Transmitting packet of size 208 out of port 0
[19:54:24.940] [bmv2] [D] [thread 15813] [24.0] [cxt 0] Processing packet received on port 4
[19:54:24.940] [bmv2] [D] [thread 15813] [24.0] [cxt 0] Parser 'parser': start
[19:54:24.940] [bmv2] [D] [thread 15813] [24.0] [cxt 0] Parser 'parser' entering state 'start'
[19:54:24.940] [bmv2] [D] [thread 15813] [24.0] [cxt 0] Extracting header 'ethernet'
[19:54:24.940] [bmv2] [D] [thread 15813] [24.0] [cxt 0] Parser state 'start': key is 86dd
[19:54:24.940] [bmv2] [T] [thread 15813] [24.0] [cxt 0] Bytes parsed: 14
[19:54:24.940] [bmv2] [D] [thread 15813] [24.0] [cxt 0] Parser 'parser': end
[19:54:24.940] [bmv2] [D] [thread 15813] [24.0] [cxt 0] Pipeline 'ingress': start
[19:54:24.940] [bmv2] [T] [thread 15813] [24.0] [cxt 0] /home/p4/Desktop/DDV_protocol/proto_versions/one_attribute/Data_Plane_Impl/p4src/main.p4(157) Condition "hdr.ipv4.isValid()" (node_2) is false
[19:54:24.940] [bmv2] [D] [thread 15813] [24.0] [cxt 0] Pipeline 'ingress': end
[19:54:24.940] [bmv2] [D] [thread 15813] [24.0] [cxt 0] Egress port is 0
[19:54:24.940] [bmv2] [D] [thread 15814] [24.0] [cxt 0] Pipeline 'egress': start
[19:54:24.941] [bmv2] [T] [thread 15814] [24.0] [cxt 0] /home/p4/Desktop/DDV_protocol/proto_versions/one_attribute/Data_Plane_Impl/p4src/main.p4(252) Condition "standard_metadata.instance_type == 1" (node_41) is false
[19:54:24.941] [bmv2] [D] [thread 15814] [24.0] [cxt 0] Pipeline 'egress': end
[19:54:24.941] [bmv2] [D] [thread 15814] [24.0] [cxt 0] Deparser 'deparser': start
[19:54:24.941] [bmv2] [T] [thread 15814] [24.0] [cxt 0] Skipping checksum 'cksum' update because condition not met
[19:54:24.941] [bmv2] [D] [thread 15814] [24.0] [cxt 0] Deparsing header 'ethernet'
[19:54:24.941] [bmv2] [D] [thread 15814] [24.0] [cxt 0] Deparser 'deparser': end
[19:54:24.941] [bmv2] [D] [thread 15818] [24.0] [cxt 0] Transmitting packet of size 208 out of port 0
[19:54:24.970] [bmv2] [D] [thread 15813] [25.0] [cxt 0] Processing packet received on port 4
[19:54:24.970] [bmv2] [D] [thread 15813] [25.0] [cxt 0] Parser 'parser': start
[19:54:24.970] [bmv2] [D] [thread 15813] [25.0] [cxt 0] Parser 'parser' entering state 'start'
[19:54:24.970] [bmv2] [D] [thread 15813] [25.0] [cxt 0] Extracting header 'ethernet'
[19:54:24.970] [bmv2] [D] [thread 15813] [25.0] [cxt 0] Parser state 'start': key is 86dd
[19:54:24.970] [bmv2] [T] [thread 15813] [25.0] [cxt 0] Bytes parsed: 14
[19:54:24.970] [bmv2] [D] [thread 15813] [25.0] [cxt 0] Parser 'parser': end
[19:54:24.970] [bmv2] [D] [thread 15813] [25.0] [cxt 0] Pipeline 'ingress': start
[19:54:24.970] [bmv2] [T] [thread 15813] [25.0] [cxt 0] /home/p4/Desktop/DDV_protocol/proto_versions/one_attribute/Data_Plane_Impl/p4src/main.p4(157) Condition "hdr.ipv4.isValid()" (node_2) is false
[19:54:24.970] [bmv2] [D] [thread 15813] [25.0] [cxt 0] Pipeline 'ingress': end
[19:54:24.970] [bmv2] [D] [thread 15813] [25.0] [cxt 0] Egress port is 0
[19:54:24.970] [bmv2] [D] [thread 15814] [25.0] [cxt 0] Pipeline 'egress': start
[19:54:24.970] [bmv2] [T] [thread 15814] [25.0] [cxt 0] /home/p4/Desktop/DDV_protocol/proto_versions/one_attribute/Data_Plane_Impl/p4src/main.p4(252) Condition "standard_metadata.instance_type == 1" (node_41) is false
[19:54:24.970] [bmv2] [D] [thread 15814] [25.0] [cxt 0] Pipeline 'egress': end
[19:54:24.970] [bmv2] [D] [thread 15814] [25.0] [cxt 0] Deparser 'deparser': start
[19:54:24.970] [bmv2] [T] [thread 15814] [25.0] [cxt 0] Skipping checksum 'cksum' update because condition not met
[19:54:24.970] [bmv2] [D] [thread 15814] [25.0] [cxt 0] Deparsing header 'ethernet'
[19:54:24.970] [bmv2] [D] [thread 15814] [25.0] [cxt 0] Deparser 'deparser': end
[19:54:24.970] [bmv2] [D] [thread 15818] [25.0] [cxt 0] Transmitting packet of size 90 out of port 0
[19:54:25.022] [bmv2] [D] [thread 15813] [26.0] [cxt 0] Processing packet received on port 3
[19:54:25.022] [bmv2] [D] [thread 15813] [26.0] [cxt 0] Parser 'parser': start
[19:54:25.022] [bmv2] [D] [thread 15813] [26.0] [cxt 0] Parser 'parser' entering state 'start'
[19:54:25.022] [bmv2] [D] [thread 15813] [26.0] [cxt 0] Extracting header 'ethernet'
[19:54:25.022] [bmv2] [D] [thread 15813] [26.0] [cxt 0] Parser state 'start': key is 86dd
[19:54:25.022] [bmv2] [T] [thread 15813] [26.0] [cxt 0] Bytes parsed: 14
[19:54:25.022] [bmv2] [D] [thread 15813] [26.0] [cxt 0] Parser 'parser': end
[19:54:25.022] [bmv2] [D] [thread 15813] [26.0] [cxt 0] Pipeline 'ingress': start
[19:54:25.022] [bmv2] [T] [thread 15813] [26.0] [cxt 0] /home/p4/Desktop/DDV_protocol/proto_versions/one_attribute/Data_Plane_Impl/p4src/main.p4(157) Condition "hdr.ipv4.isValid()" (node_2) is false
[19:54:25.022] [bmv2] [D] [thread 15813] [26.0] [cxt 0] Pipeline 'ingress': end
[19:54:25.022] [bmv2] [D] [thread 15813] [26.0] [cxt 0] Egress port is 0
[19:54:25.022] [bmv2] [D] [thread 15813] [27.0] [cxt 0] Processing packet received on port 3
[19:54:25.022] [bmv2] [D] [thread 15813] [27.0] [cxt 0] Parser 'parser': start
[19:54:25.022] [bmv2] [D] [thread 15813] [27.0] [cxt 0] Parser 'parser' entering state 'start'
[19:54:25.022] [bmv2] [D] [thread 15813] [27.0] [cxt 0] Extracting header 'ethernet'
[19:54:25.022] [bmv2] [D] [thread 15813] [27.0] [cxt 0] Parser state 'start': key is 86dd
[19:54:25.022] [bmv2] [T] [thread 15813] [27.0] [cxt 0] Bytes parsed: 14
[19:54:25.022] [bmv2] [D] [thread 15813] [27.0] [cxt 0] Parser 'parser': end
[19:54:25.022] [bmv2] [D] [thread 15813] [27.0] [cxt 0] Pipeline 'ingress': start
[19:54:25.022] [bmv2] [T] [thread 15813] [27.0] [cxt 0] /home/p4/Desktop/DDV_protocol/proto_versions/one_attribute/Data_Plane_Impl/p4src/main.p4(157) Condition "hdr.ipv4.isValid()" (node_2) is false
[19:54:25.022] [bmv2] [D] [thread 15813] [27.0] [cxt 0] Pipeline 'ingress': end
[19:54:25.022] [bmv2] [D] [thread 15813] [27.0] [cxt 0] Egress port is 0
[19:54:25.023] [bmv2] [D] [thread 15814] [26.0] [cxt 0] Pipeline 'egress': start
[19:54:25.023] [bmv2] [T] [thread 15814] [26.0] [cxt 0] /home/p4/Desktop/DDV_protocol/proto_versions/one_attribute/Data_Plane_Impl/p4src/main.p4(252) Condition "standard_metadata.instance_type == 1" (node_41) is false
[19:54:25.023] [bmv2] [D] [thread 15814] [26.0] [cxt 0] Pipeline 'egress': end
[19:54:25.023] [bmv2] [D] [thread 15814] [26.0] [cxt 0] Deparser 'deparser': start
[19:54:25.023] [bmv2] [T] [thread 15814] [26.0] [cxt 0] Skipping checksum 'cksum' update because condition not met
[19:54:25.023] [bmv2] [D] [thread 15814] [26.0] [cxt 0] Deparsing header 'ethernet'
[19:54:25.023] [bmv2] [D] [thread 15814] [26.0] [cxt 0] Deparser 'deparser': end
[19:54:25.023] [bmv2] [D] [thread 15814] [27.0] [cxt 0] Pipeline 'egress': start
[19:54:25.023] [bmv2] [T] [thread 15814] [27.0] [cxt 0] /home/p4/Desktop/DDV_protocol/proto_versions/one_attribute/Data_Plane_Impl/p4src/main.p4(252) Condition "standard_metadata.instance_type == 1" (node_41) is false
[19:54:25.023] [bmv2] [D] [thread 15814] [27.0] [cxt 0] Pipeline 'egress': end
[19:54:25.023] [bmv2] [D] [thread 15814] [27.0] [cxt 0] Deparser 'deparser': start
[19:54:25.023] [bmv2] [T] [thread 15814] [27.0] [cxt 0] Skipping checksum 'cksum' update because condition not met
[19:54:25.023] [bmv2] [D] [thread 15814] [27.0] [cxt 0] Deparsing header 'ethernet'
[19:54:25.023] [bmv2] [D] [thread 15814] [27.0] [cxt 0] Deparser 'deparser': end
[19:54:25.023] [bmv2] [D] [thread 15818] [26.0] [cxt 0] Transmitting packet of size 90 out of port 0
[19:54:25.023] [bmv2] [D] [thread 15818] [27.0] [cxt 0] Transmitting packet of size 70 out of port 0
[19:54:25.032] [bmv2] [D] [thread 15813] [28.0] [cxt 0] Processing packet received on port 3
[19:54:25.033] [bmv2] [D] [thread 15813] [28.0] [cxt 0] Parser 'parser': start
[19:54:25.033] [bmv2] [D] [thread 15813] [28.0] [cxt 0] Parser 'parser' entering state 'start'
[19:54:25.033] [bmv2] [D] [thread 15813] [28.0] [cxt 0] Extracting header 'ethernet'
[19:54:25.033] [bmv2] [D] [thread 15813] [28.0] [cxt 0] Parser state 'start': key is 86dd
[19:54:25.033] [bmv2] [T] [thread 15813] [28.0] [cxt 0] Bytes parsed: 14
[19:54:25.033] [bmv2] [D] [thread 15813] [28.0] [cxt 0] Parser 'parser': end
[19:54:25.033] [bmv2] [D] [thread 15813] [28.0] [cxt 0] Pipeline 'ingress': start
[19:54:25.033] [bmv2] [T] [thread 15813] [28.0] [cxt 0] /home/p4/Desktop/DDV_protocol/proto_versions/one_attribute/Data_Plane_Impl/p4src/main.p4(157) Condition "hdr.ipv4.isValid()" (node_2) is false
[19:54:25.033] [bmv2] [D] [thread 15813] [28.0] [cxt 0] Pipeline 'ingress': end
[19:54:25.033] [bmv2] [D] [thread 15813] [28.0] [cxt 0] Egress port is 0
[19:54:25.033] [bmv2] [D] [thread 15814] [28.0] [cxt 0] Pipeline 'egress': start
[19:54:25.033] [bmv2] [T] [thread 15814] [28.0] [cxt 0] /home/p4/Desktop/DDV_protocol/proto_versions/one_attribute/Data_Plane_Impl/p4src/main.p4(252) Condition "standard_metadata.instance_type == 1" (node_41) is false
[19:54:25.033] [bmv2] [D] [thread 15814] [28.0] [cxt 0] Pipeline 'egress': end
[19:54:25.033] [bmv2] [D] [thread 15814] [28.0] [cxt 0] Deparser 'deparser': start
[19:54:25.033] [bmv2] [T] [thread 15814] [28.0] [cxt 0] Skipping checksum 'cksum' update because condition not met
[19:54:25.033] [bmv2] [D] [thread 15814] [28.0] [cxt 0] Deparsing header 'ethernet'
[19:54:25.033] [bmv2] [D] [thread 15814] [28.0] [cxt 0] Deparser 'deparser': end
[19:54:25.033] [bmv2] [D] [thread 15818] [28.0] [cxt 0] Transmitting packet of size 90 out of port 0
[19:54:25.037] [bmv2] [D] [thread 15813] [29.0] [cxt 0] Processing packet received on port 4
[19:54:25.037] [bmv2] [D] [thread 15813] [29.0] [cxt 0] Parser 'parser': start
[19:54:25.037] [bmv2] [D] [thread 15813] [29.0] [cxt 0] Parser 'parser' entering state 'start'
[19:54:25.037] [bmv2] [D] [thread 15813] [29.0] [cxt 0] Extracting header 'ethernet'
[19:54:25.037] [bmv2] [D] [thread 15813] [29.0] [cxt 0] Parser state 'start': key is 86dd
[19:54:25.037] [bmv2] [T] [thread 15813] [29.0] [cxt 0] Bytes parsed: 14
[19:54:25.037] [bmv2] [D] [thread 15813] [29.0] [cxt 0] Parser 'parser': end
[19:54:25.037] [bmv2] [D] [thread 15813] [29.0] [cxt 0] Pipeline 'ingress': start
[19:54:25.037] [bmv2] [T] [thread 15813] [29.0] [cxt 0] /home/p4/Desktop/DDV_protocol/proto_versions/one_attribute/Data_Plane_Impl/p4src/main.p4(157) Condition "hdr.ipv4.isValid()" (node_2) is false
[19:54:25.037] [bmv2] [D] [thread 15813] [29.0] [cxt 0] Pipeline 'ingress': end
[19:54:25.037] [bmv2] [D] [thread 15813] [29.0] [cxt 0] Egress port is 0
[19:54:25.037] [bmv2] [D] [thread 15814] [29.0] [cxt 0] Pipeline 'egress': start
[19:54:25.037] [bmv2] [T] [thread 15814] [29.0] [cxt 0] /home/p4/Desktop/DDV_protocol/proto_versions/one_attribute/Data_Plane_Impl/p4src/main.p4(252) Condition "standard_metadata.instance_type == 1" (node_41) is false
[19:54:25.037] [bmv2] [D] [thread 15814] [29.0] [cxt 0] Pipeline 'egress': end
[19:54:25.037] [bmv2] [D] [thread 15814] [29.0] [cxt 0] Deparser 'deparser': start
[19:54:25.037] [bmv2] [T] [thread 15814] [29.0] [cxt 0] Skipping checksum 'cksum' update because condition not met
[19:54:25.037] [bmv2] [D] [thread 15814] [29.0] [cxt 0] Deparsing header 'ethernet'
[19:54:25.037] [bmv2] [D] [thread 15814] [29.0] [cxt 0] Deparser 'deparser': end
[19:54:25.037] [bmv2] [D] [thread 15818] [29.0] [cxt 0] Transmitting packet of size 208 out of port 0
[19:54:27.758] [bmv2] [D] [thread 16002] Set default default entry for table 'MyIngress.ipv4_lpm': MyIngress.drop - 
[19:54:27.758] [bmv2] [D] [thread 16002] Set default default entry for table 'tbl_get_registers_index': MyIngress.get_registers_index - 
[19:54:27.758] [bmv2] [D] [thread 16002] Set default default entry for table 'MyIngress.check_destination_known': MyIngress.elect_attribute - 
[19:54:27.758] [bmv2] [D] [thread 16002] Set default default entry for table 'tbl_main168': main168 - 
[19:54:27.758] [bmv2] [D] [thread 16002] Set default default entry for table 'tbl_update_table': MyIngress.update_table - 
[19:54:27.758] [bmv2] [D] [thread 16002] Set default default entry for table 'tbl_elect_attribute': MyIngress.elect_attribute - 
[19:54:27.758] [bmv2] [D] [thread 16002] Set default default entry for table 'MyIngress.broadcast_elected_attr': MyIngress.drop - 
[19:54:27.758] [bmv2] [D] [thread 16002] Set default default entry for table 'tbl_elect_attribute_0': MyIngress.elect_attribute - 
[19:54:27.758] [bmv2] [D] [thread 16002] Set default default entry for table 'tbl_elect_promise': MyIngress.elect_promise - 
[19:54:27.758] [bmv2] [D] [thread 16002] Set default default entry for table 'tbl_elect_attribute_1': MyIngress.elect_attribute - 
[19:54:27.758] [bmv2] [D] [thread 16002] Set default default entry for table 'tbl_update_table_0': MyIngress.update_table - 
[19:54:27.758] [bmv2] [D] [thread 16002] Set default default entry for table 'tbl_change_promise': MyIngress.change_promise - 
[19:54:27.758] [bmv2] [D] [thread 16002] Set default default entry for table 'tbl_elect_attribute_2': MyIngress.elect_attribute - 
[19:54:27.759] [bmv2] [D] [thread 16002] Set default default entry for table 'tbl_update_table_1': MyIngress.update_table - 
[19:54:27.759] [bmv2] [D] [thread 16002] Set default default entry for table 'tbl_change_promise_0': MyIngress.change_promise - 
[19:54:27.759] [bmv2] [D] [thread 16002] Set default default entry for table 'tbl_elect_attribute_3': MyIngress.elect_attribute - 
[19:54:27.759] [bmv2] [D] [thread 16002] Set default default entry for table 'tbl_update_table_2': MyIngress.update_table - 
[19:54:27.759] [bmv2] [D] [thread 16002] Set default default entry for table 'tbl_change_promise_1': MyIngress.change_promise - 
[19:54:27.760] [bmv2] [D] [thread 16002] Set default default entry for table 'tbl_main253': main253 - 
[19:54:27.760] [bmv2] [D] [thread 16002] Set default default entry for table 'tbl_main258': main258 - 
[19:54:27.760] [bmv2] [D] [thread 16002] Set default default entry for table 'tbl_main261': main261 - 
[19:54:27.760] [bmv2] [D] [thread 16002] Set default default entry for table 'tbl_main263': main263 - 
[19:54:27.772] [bmv2] [D] [thread 16002] simple_switch target has been notified of a config swap
[19:54:27.851] [bmv2] [D] [thread 16002] Set default default entry for table 'MyIngress.ipv4_lpm': MyIngress.drop - 
[19:54:27.852] [bmv2] [D] [thread 16002] Set default default entry for table 'tbl_get_registers_index': MyIngress.get_registers_index - 
[19:54:27.852] [bmv2] [D] [thread 16002] Set default default entry for table 'MyIngress.check_destination_known': MyIngress.elect_attribute - 
[19:54:27.852] [bmv2] [D] [thread 16002] Set default default entry for table 'tbl_main168': main168 - 
[19:54:27.852] [bmv2] [D] [thread 16002] Set default default entry for table 'tbl_update_table': MyIngress.update_table - 
[19:54:27.852] [bmv2] [D] [thread 16002] Set default default entry for table 'tbl_elect_attribute': MyIngress.elect_attribute - 
[19:54:27.852] [bmv2] [D] [thread 16002] Set default default entry for table 'MyIngress.broadcast_elected_attr': MyIngress.drop - 
[19:54:27.853] [bmv2] [D] [thread 16002] Set default default entry for table 'tbl_elect_attribute_0': MyIngress.elect_attribute - 
[19:54:27.853] [bmv2] [D] [thread 16002] Set default default entry for table 'tbl_elect_promise': MyIngress.elect_promise - 
[19:54:27.853] [bmv2] [D] [thread 16002] Set default default entry for table 'tbl_elect_attribute_1': MyIngress.elect_attribute - 
[19:54:27.853] [bmv2] [D] [thread 16002] Set default default entry for table 'tbl_update_table_0': MyIngress.update_table - 
[19:54:27.853] [bmv2] [D] [thread 16002] Set default default entry for table 'tbl_change_promise': MyIngress.change_promise - 
[19:54:27.853] [bmv2] [D] [thread 16002] Set default default entry for table 'tbl_elect_attribute_2': MyIngress.elect_attribute - 
[19:54:27.853] [bmv2] [D] [thread 16002] Set default default entry for table 'tbl_update_table_1': MyIngress.update_table - 
[19:54:27.854] [bmv2] [D] [thread 16002] Set default default entry for table 'tbl_change_promise_0': MyIngress.change_promise - 
[19:54:27.854] [bmv2] [D] [thread 16002] Set default default entry for table 'tbl_elect_attribute_3': MyIngress.elect_attribute - 
[19:54:27.854] [bmv2] [D] [thread 16002] Set default default entry for table 'tbl_update_table_2': MyIngress.update_table - 
[19:54:27.854] [bmv2] [D] [thread 16002] Set default default entry for table 'tbl_change_promise_1': MyIngress.change_promise - 
[19:54:27.857] [bmv2] [D] [thread 16002] Set default default entry for table 'tbl_main253': main253 - 
[19:54:27.857] [bmv2] [D] [thread 16002] Set default default entry for table 'tbl_main258': main258 - 
[19:54:27.857] [bmv2] [D] [thread 16002] Set default default entry for table 'tbl_main261': main261 - 
[19:54:27.857] [bmv2] [D] [thread 16002] Set default default entry for table 'tbl_main263': main263 - 
[19:54:27.868] [bmv2] [D] [thread 16002] simple_switch target has been notified of a config swap
[19:54:27.874] [bmv2] [T] [thread 16025] bm_get_config
[19:54:27.878] [bmv2] [T] [thread 16025] bm_mt_get_entries
[19:54:27.879] [bmv2] [T] [thread 16025] bm_mt_get_entries
[19:54:27.881] [bmv2] [T] [thread 16025] bm_mt_get_entries
[19:54:27.883] [bmv2] [T] [thread 16025] bm_reset_state
[19:54:27.901] [bmv2] [D] [thread 16025] Resetting simple_switch target-specific state
[19:54:27.901] [bmv2] [D] [thread 16025] resetting PRE state
[19:54:27.907] [bmv2] [D] [thread 16002] mgrp node created for mgid 2
[19:54:27.908] [bmv2] [D] [thread 16002] node created for rid 0
[19:54:27.908] [bmv2] [D] [thread 16002] node associated with mgid 2
[19:54:27.912] [bmv2] [D] [thread 16022] Entry 0 added to table 'MyIngress.broadcast_elected_attr'
[19:54:27.912] [bmv2] [D] [thread 16022] Dumping entry 0
Match key:
* meta.E_NH           : EXACT     0002
Action entry: MyIngress.set_mcast_grp - 2,

[19:54:27.914] [bmv2] [D] [thread 16002] mgrp node created for mgid 3
[19:54:27.914] [bmv2] [D] [thread 16002] node created for rid 0
[19:54:27.915] [bmv2] [D] [thread 16002] node associated with mgid 3
[19:54:27.918] [bmv2] [D] [thread 16022] Entry 1 added to table 'MyIngress.broadcast_elected_attr'
[19:54:27.918] [bmv2] [D] [thread 16022] Dumping entry 1
Match key:
* meta.E_NH           : EXACT     0003
Action entry: MyIngress.set_mcast_grp - 3,

[19:54:27.921] [bmv2] [D] [thread 16002] mgrp node created for mgid 4
[19:54:27.922] [bmv2] [D] [thread 16002] node created for rid 0
[19:54:27.922] [bmv2] [D] [thread 16002] node associated with mgid 4
[19:54:27.924] [bmv2] [D] [thread 16022] Entry 2 added to table 'MyIngress.broadcast_elected_attr'
[19:54:27.924] [bmv2] [D] [thread 16022] Dumping entry 2
Match key:
* meta.E_NH           : EXACT     0004
Action entry: MyIngress.set_mcast_grp - 4,

[19:54:27.927] [bmv2] [D] [thread 16002] Entry 0 added to table 'MyIngress.ipv4_lpm'
[19:54:27.927] [bmv2] [D] [thread 16002] Dumping entry 0
Match key:
* hdr.ipv4.dstAddr    : LPM       0a000303/32
Action entry: MyIngress.ipv4_forward - a000303,1,

[19:54:27.929] [bmv2] [D] [thread 16022] Entry 0 added to table 'MyIngress.check_destination_known'
[19:54:27.929] [bmv2] [D] [thread 16022] Dumping entry 0
Match key:
* hdr.probe.destination: LPM       0a000303/32
Action entry: MyIngress.get_registers_info - 

[19:54:27.931] [bmv2] [D] [thread 16002] mgrp node created for mgid 32868
[19:54:27.931] [bmv2] [D] [thread 16002] node created for rid 0
[19:54:27.931] [bmv2] [D] [thread 16002] node associated with mgid 32868
open: No such file or directory
open: No such file or directory
open: No such file or directory
open: No such file or directory
open: No such file or directory
open: No such file or directory
